<?xml version="1.0" encoding="UTF-8"?>
<!-- Generated by org.testng.reporters.JUnitXMLReporter -->
<testsuite hostname="LD-4V2P3G2" name="pulseRegressionTest" tests="109" failures="63" timestamp="1 Mar 2018 02:15:48 GMT" time="7423.691" errors="0">
  <testcase name="@BeforeClass beforeClass" time="0.0" classname="com.rf.test.website.LSD.LSDOrdersTests">
    <failure type="org.springframework.jdbc.CannotGetJdbcConnectionException" message="Could not get JDBC Connection; nested exception is com.microsoft.sqlserver.jdbc.SQLServerException: The TCP/IP connection to the host 10.3.0.218, port 1433 has failed. Error: &amp;quot;connect timed out. Verify the connection properties, check that an instance of SQL Server is running on the host and accepting TCP/IP connections at the port, and that no firewall is blocking TCP connections to the port.&amp;quot;.">
      <![CDATA[org.springframework.jdbc.CannotGetJdbcConnectionException: Could not get JDBC Connection; nested exception is com.microsoft.sqlserver.jdbc.SQLServerException: The TCP/IP connection to the host 10.3.0.218, port 1433 has failed. Error: "connect timed out. Verify the connection properties, check that an instance of SQL Server is running on the host and accepting TCP/IP connections at the port, and that no firewall is blocking TCP connections to the port.".
Caused by: com.microsoft.sqlserver.jdbc.SQLServerException: The TCP/IP connection to the host 10.3.0.218, port 1433 has failed. Error: "connect timed out. Verify the connection properties, check that an instance of SQL Server is running on the host and accepting TCP/IP connections at the port, and that no firewall is blocking TCP connections to the port.".
	at com.microsoft.sqlserver.jdbc.SQLServerException.makeFromDriverError(SQLServerException.java:170)
	at com.microsoft.sqlserver.jdbc.SQLServerConnection.connectHelper(SQLServerConnection.java:1049)
	at com.microsoft.sqlserver.jdbc.SQLServerConnection.login(SQLServerConnection.java:833)
	at com.microsoft.sqlserver.jdbc.SQLServerConnection.connect(SQLServerConnection.java:716)
	at com.microsoft.sqlserver.jdbc.SQLServerDriver.connect(SQLServerDriver.java:841)
	at java.sql.DriverManager.getConnection(Unknown Source)
	at java.sql.DriverManager.getConnection(Unknown Source)
	at org.springframework.jdbc.datasource.DriverManagerDataSource.getConnectionFromDriverManager(DriverManagerDataSource.java:291)
	at org.springframework.jdbc.datasource.DriverManagerDataSource.getConnectionFromDriverManager(DriverManagerDataSource.java:277)
	at org.springframework.jdbc.datasource.DriverManagerDataSource.getConnectionFromDriverManager(DriverManagerDataSource.java:259)
	at org.springframework.jdbc.datasource.DriverManagerDataSource.getConnection(DriverManagerDataSource.java:240)
	at org.springframework.jdbc.datasource.DataSourceUtils.doGetConnection(DataSourceUtils.java:113)
	at org.springframework.jdbc.datasource.DataSourceUtils.getConnection(DataSourceUtils.java:79)
	at org.springframework.jdbc.core.JdbcTemplate.execute(JdbcTemplate.java:328)
	at org.springframework.jdbc.core.JdbcTemplate.query(JdbcTemplate.java:404)
	at org.springframework.jdbc.core.JdbcTemplate.query(JdbcTemplate.java:412)
	at com.rf.core.utils.DBUtil.performDatabaseQuery(DBUtil.java:80)
	at com.rf.test.website.RFLSDWebsiteBaseTest.beforeClass(RFLSDWebsiteBaseTest.java:103)
... Removed 24 stack frames]]>
    </failure>
  </testcase> <!-- @BeforeClass beforeClass -->
  <testcase name="@BeforeMethod initiateSoftAssertObject" time="0.0" classname="com.rf.test.website.LSD.LSDOrdersTests">
    <skipped/>
  </testcase> <!-- @BeforeMethod initiateSoftAssertObject -->
  <testcase name="@AfterMethod tearDownAfterMethod" time="0.0" classname="com.rf.test.website.LSD.LSDOrdersTests">
    <skipped/>
  </testcase> <!-- @AfterMethod tearDownAfterMethod -->
  <testcase name="@BeforeMethod initiateSoftAssertObject" time="0.0" classname="com.rf.test.website.LSD.LSDOrdersTests">
    <skipped/>
  </testcase> <!-- @BeforeMethod initiateSoftAssertObject -->
  <testcase name="@AfterMethod tearDownAfterMethod" time="0.0" classname="com.rf.test.website.LSD.LSDOrdersTests">
    <skipped/>
  </testcase> <!-- @AfterMethod tearDownAfterMethod -->
  <testcase name="@BeforeMethod initiateSoftAssertObject" time="0.0" classname="com.rf.test.website.LSD.LSDOrdersTests">
    <skipped/>
  </testcase> <!-- @BeforeMethod initiateSoftAssertObject -->
  <testcase name="@AfterMethod tearDownAfterMethod" time="0.0" classname="com.rf.test.website.LSD.LSDOrdersTests">
    <skipped/>
  </testcase> <!-- @AfterMethod tearDownAfterMethod -->
  <testcase name="@BeforeMethod initiateSoftAssertObject" time="0.0" classname="com.rf.test.website.LSD.LSDOrdersTests">
    <skipped/>
  </testcase> <!-- @BeforeMethod initiateSoftAssertObject -->
  <testcase name="@AfterMethod tearDownAfterMethod" time="0.0" classname="com.rf.test.website.LSD.LSDOrdersTests">
    <skipped/>
  </testcase> <!-- @AfterMethod tearDownAfterMethod -->
  <testcase name="@BeforeMethod initiateSoftAssertObject" time="0.0" classname="com.rf.test.website.LSD.LSDOrdersTests">
    <skipped/>
  </testcase> <!-- @BeforeMethod initiateSoftAssertObject -->
  <testcase name="@AfterMethod tearDownAfterMethod" time="0.0" classname="com.rf.test.website.LSD.LSDOrdersTests">
    <skipped/>
  </testcase> <!-- @AfterMethod tearDownAfterMethod -->
  <testcase name="@BeforeMethod initiateSoftAssertObject" time="0.0" classname="com.rf.test.website.LSD.LSDOrdersTests">
    <skipped/>
  </testcase> <!-- @BeforeMethod initiateSoftAssertObject -->
  <testcase name="@AfterMethod tearDownAfterMethod" time="0.0" classname="com.rf.test.website.LSD.LSDOrdersTests">
    <skipped/>
  </testcase> <!-- @AfterMethod tearDownAfterMethod -->
  <testcase name="@BeforeMethod initiateSoftAssertObject" time="0.0" classname="com.rf.test.website.LSD.LSDOrdersTests">
    <skipped/>
  </testcase> <!-- @BeforeMethod initiateSoftAssertObject -->
  <testcase name="@AfterMethod tearDownAfterMethod" time="0.0" classname="com.rf.test.website.LSD.LSDOrdersTests">
    <skipped/>
  </testcase> <!-- @AfterMethod tearDownAfterMethod -->
  <testcase name="@BeforeMethod initiateSoftAssertObject" time="0.0" classname="com.rf.test.website.LSD.LSDOrdersTests">
    <skipped/>
  </testcase> <!-- @BeforeMethod initiateSoftAssertObject -->
  <testcase name="@AfterMethod tearDownAfterMethod" time="0.0" classname="com.rf.test.website.LSD.LSDOrdersTests">
    <skipped/>
  </testcase> <!-- @AfterMethod tearDownAfterMethod -->
  <testcase name="@BeforeMethod initiateSoftAssertObject" time="0.0" classname="com.rf.test.website.LSD.LSDOrdersTests">
    <skipped/>
  </testcase> <!-- @BeforeMethod initiateSoftAssertObject -->
  <testcase name="@AfterMethod tearDownAfterMethod" time="0.0" classname="com.rf.test.website.LSD.LSDOrdersTests">
    <skipped/>
  </testcase> <!-- @AfterMethod tearDownAfterMethod -->
  <testcase name="@BeforeMethod initiateSoftAssertObject" time="0.0" classname="com.rf.test.website.LSD.LSDOrdersTests">
    <skipped/>
  </testcase> <!-- @BeforeMethod initiateSoftAssertObject -->
  <testcase name="@AfterMethod tearDownAfterMethod" time="0.0" classname="com.rf.test.website.LSD.LSDOrdersTests">
    <skipped/>
  </testcase> <!-- @AfterMethod tearDownAfterMethod -->
  <testcase name="@BeforeMethod initiateSoftAssertObject" time="0.0" classname="com.rf.test.website.LSD.LSDOrdersTests">
    <skipped/>
  </testcase> <!-- @BeforeMethod initiateSoftAssertObject -->
  <testcase name="@AfterMethod tearDownAfterMethod" time="0.0" classname="com.rf.test.website.LSD.LSDOrdersTests">
    <skipped/>
  </testcase> <!-- @AfterMethod tearDownAfterMethod -->
  <testcase name="@AfterClass afterLSDOrderLogout" time="0.0" classname="com.rf.test.website.LSD.LSDOrdersTests">
    <skipped/>
  </testcase> <!-- @AfterClass afterLSDOrderLogout -->
  <testcase name="@AfterClass afterClass" time="0.0" classname="com.rf.test.website.LSD.LSDOrdersTests">
    <skipped/>
  </testcase> <!-- @AfterClass afterClass -->
  <testcase name="@BeforeClass beforeClass" time="0.0" classname="com.rf.test.website.LSD.LSDTeamTests">
    <skipped/>
  </testcase> <!-- @BeforeClass beforeClass -->
  <testcase name="@BeforeMethod initiateSoftAssertObject" time="0.0" classname="com.rf.test.website.LSD.LSDTeamTests">
    <skipped/>
  </testcase> <!-- @BeforeMethod initiateSoftAssertObject -->
  <testcase name="@AfterMethod tearDownAfterMethod" time="0.0" classname="com.rf.test.website.LSD.LSDTeamTests">
    <skipped/>
  </testcase> <!-- @AfterMethod tearDownAfterMethod -->
  <testcase name="@AfterClass afterLSDTeamLogout" time="0.0" classname="com.rf.test.website.LSD.LSDTeamTests">
    <skipped/>
  </testcase> <!-- @AfterClass afterLSDTeamLogout -->
  <testcase name="@AfterClass afterClass" time="0.0" classname="com.rf.test.website.LSD.LSDTeamTests">
    <skipped/>
  </testcase> <!-- @AfterClass afterClass -->
  <testcase name="testConsultantCardComponents_2876q" time="64.669" classname="com.rf.test.website.LSD.LSDLinkTests">
    <failure type="org.openqa.selenium.NoSuchElementException" message="no such element: Unable to locate element: {&amp;quot;method&amp;quot;:&amp;quot;xpath&amp;quot;,&amp;quot;selector&amp;quot;:&amp;quot;//div[@class=&amp;apos;consultants row&amp;apos;]/descendant::section[contains(@id,&amp;apos;team-card&amp;apos;)][1]//a//div[1]//span[1]&amp;quot;}
  (Session info: chrome=64.0.3282.186)
  (Driver info: chromedriver=2.33.506120 (e3e53437346286c0bc2d2dc9aa4915ba81d9023f),platform=Windows NT 10.0.10586 x86_64) (WARNING: The server did not provide any stacktrace information)
Command duration or timeout: 0 milliseconds
For documentation on this error, please visit: http://seleniumhq.org/exceptions/no_such_element.html
Build info: version: &amp;apos;3.7.1&amp;apos;, revision: &amp;apos;8a0099a&amp;apos;, time: &amp;apos;2017-11-06T21:01:39.354Z&amp;apos;
System info: host: &amp;apos;LD-4V2P3G2&amp;apos;, ip: &amp;apos;10.6.64.235&amp;apos;, os.name: &amp;apos;Windows 10&amp;apos;, os.arch: &amp;apos;amd64&amp;apos;, os.version: &amp;apos;10.0&amp;apos;, java.version: &amp;apos;1.8.0_161&amp;apos;
Driver info: org.openqa.selenium.chrome.ChromeDriver
Capabilities {acceptSslCerts: true, applicationCacheEnabled: false, browserConnectionEnabled: false, browserName: chrome, chrome: {chromedriverVersion: 2.33.506120 (e3e53437346286..., userDataDir: C:\Users\BPKOTA~1\AppData\L...}, cssSelectorsEnabled: true, databaseEnabled: false, handlesAlerts: true, hasTouchScreen: false, javascriptEnabled: true, locationContextEnabled: true, mobileEmulationEnabled: false, nativeEvents: true, networkConnectionEnabled: false, pageLoadStrategy: normal, platform: XP, platformName: XP, rotatable: false, setWindowRect: true, takesHeapSnapshot: true, takesScreenshot: true, unexpectedAlertBehaviour: , unhandledPromptBehavior: , version: 64.0.3282.186, webStorageEnabled: true}
Session ID: 230a6ed8622f5ae4d1efbd3535b0d915
*** Element info: {Using=xpath, value=//div[@class=&amp;apos;consultants row&amp;apos;]/descendant::section[contains(@id,&amp;apos;team-card&amp;apos;)][1]//a//div[1]//span[1]}">
      <![CDATA[org.openqa.selenium.NoSuchElementException: no such element: Unable to locate element: {"method":"xpath","selector":"//div[@class='consultants row']/descendant::section[contains(@id,'team-card')][1]//a//div[1]//span[1]"}
  (Session info: chrome=64.0.3282.186)
  (Driver info: chromedriver=2.33.506120 (e3e53437346286c0bc2d2dc9aa4915ba81d9023f),platform=Windows NT 10.0.10586 x86_64) (WARNING: The server did not provide any stacktrace information)
Command duration or timeout: 0 milliseconds
For documentation on this error, please visit: http://seleniumhq.org/exceptions/no_such_element.html
Build info: version: '3.7.1', revision: '8a0099a', time: '2017-11-06T21:01:39.354Z'
System info: host: 'LD-4V2P3G2', ip: '10.6.64.235', os.name: 'Windows 10', os.arch: 'amd64', os.version: '10.0', java.version: '1.8.0_161'
Driver info: org.openqa.selenium.chrome.ChromeDriver
Capabilities {acceptSslCerts: true, applicationCacheEnabled: false, browserConnectionEnabled: false, browserName: chrome, chrome: {chromedriverVersion: 2.33.506120 (e3e53437346286..., userDataDir: C:\Users\BPKOTA~1\AppData\L...}, cssSelectorsEnabled: true, databaseEnabled: false, handlesAlerts: true, hasTouchScreen: false, javascriptEnabled: true, locationContextEnabled: true, mobileEmulationEnabled: false, nativeEvents: true, networkConnectionEnabled: false, pageLoadStrategy: normal, platform: XP, platformName: XP, rotatable: false, setWindowRect: true, takesHeapSnapshot: true, takesScreenshot: true, unexpectedAlertBehaviour: , unhandledPromptBehavior: , version: 64.0.3282.186, webStorageEnabled: true}
Session ID: 230a6ed8622f5ae4d1efbd3535b0d915
*** Element info: {Using=xpath, value=//div[@class='consultants row']/descendant::section[contains(@id,'team-card')][1]//a//div[1]//span[1]}
	at org.openqa.selenium.remote.ErrorHandler.createThrowable(ErrorHandler.java:214)
	at org.openqa.selenium.remote.ErrorHandler.throwIfResponseFailed(ErrorHandler.java:166)
	at org.openqa.selenium.remote.http.JsonHttpResponseCodec.reconstructValue(JsonHttpResponseCodec.java:40)
	at org.openqa.selenium.remote.http.AbstractHttpResponseCodec.decode(AbstractHttpResponseCodec.java:80)
	at org.openqa.selenium.remote.http.AbstractHttpResponseCodec.decode(AbstractHttpResponseCodec.java:44)
	at org.openqa.selenium.remote.HttpCommandExecutor.execute(HttpCommandExecutor.java:164)
	at org.openqa.selenium.remote.service.DriverCommandExecutor.execute(DriverCommandExecutor.java:83)
	at org.openqa.selenium.remote.RemoteWebDriver.execute(RemoteWebDriver.java:600)
	at org.openqa.selenium.remote.RemoteWebDriver.findElement(RemoteWebDriver.java:370)
	at org.openqa.selenium.remote.RemoteWebDriver.findElementByXPath(RemoteWebDriver.java:472)
	at org.openqa.selenium.By$ByXPath.findElement(By.java:361)
	at org.openqa.selenium.remote.RemoteWebDriver.findElement(RemoteWebDriver.java:362)
	at com.rf.core.driver.website.RFWebsiteDriver.findElement(RFWebsiteDriver.java:885)
	at com.rf.core.driver.website.RFWebsiteDriver.getText(RFWebsiteDriver.java:959)
	at com.rf.pages.website.LSD.LSDHomePage.isFirstAndLastNamePresentAtConsultantCardUnderTeam(LSDHomePage.java:721)
	at com.rf.test.website.LSD.LSDLinkTests.testConsultantCardComponents_2876q(LSDLinkTests.java:223)
... Removed 28 stack frames]]>
    </failure>
  </testcase> <!-- testConsultantCardComponents_2876q -->
  <testcase name="testConsultantCardComponents_2876q" time="65.027" classname="com.rf.test.website.LSD.LSDLinkTests">
    <failure type="org.openqa.selenium.NoSuchElementException" message="no such element: Unable to locate element: {&amp;quot;method&amp;quot;:&amp;quot;xpath&amp;quot;,&amp;quot;selector&amp;quot;:&amp;quot;//div[@class=&amp;apos;consultants row&amp;apos;]/descendant::section[contains(@id,&amp;apos;team-card&amp;apos;)][1]//a//div[1]//span[1]&amp;quot;}
  (Session info: chrome=64.0.3282.186)
  (Driver info: chromedriver=2.33.506120 (e3e53437346286c0bc2d2dc9aa4915ba81d9023f),platform=Windows NT 10.0.10586 x86_64) (WARNING: The server did not provide any stacktrace information)
Command duration or timeout: 0 milliseconds
For documentation on this error, please visit: http://seleniumhq.org/exceptions/no_such_element.html
Build info: version: &amp;apos;3.7.1&amp;apos;, revision: &amp;apos;8a0099a&amp;apos;, time: &amp;apos;2017-11-06T21:01:39.354Z&amp;apos;
System info: host: &amp;apos;LD-4V2P3G2&amp;apos;, ip: &amp;apos;10.6.64.235&amp;apos;, os.name: &amp;apos;Windows 10&amp;apos;, os.arch: &amp;apos;amd64&amp;apos;, os.version: &amp;apos;10.0&amp;apos;, java.version: &amp;apos;1.8.0_161&amp;apos;
Driver info: org.openqa.selenium.chrome.ChromeDriver
Capabilities {acceptSslCerts: true, applicationCacheEnabled: false, browserConnectionEnabled: false, browserName: chrome, chrome: {chromedriverVersion: 2.33.506120 (e3e53437346286..., userDataDir: C:\Users\BPKOTA~1\AppData\L...}, cssSelectorsEnabled: true, databaseEnabled: false, handlesAlerts: true, hasTouchScreen: false, javascriptEnabled: true, locationContextEnabled: true, mobileEmulationEnabled: false, nativeEvents: true, networkConnectionEnabled: false, pageLoadStrategy: normal, platform: XP, platformName: XP, rotatable: false, setWindowRect: true, takesHeapSnapshot: true, takesScreenshot: true, unexpectedAlertBehaviour: , unhandledPromptBehavior: , version: 64.0.3282.186, webStorageEnabled: true}
Session ID: 230a6ed8622f5ae4d1efbd3535b0d915
*** Element info: {Using=xpath, value=//div[@class=&amp;apos;consultants row&amp;apos;]/descendant::section[contains(@id,&amp;apos;team-card&amp;apos;)][1]//a//div[1]//span[1]}">
      <![CDATA[org.openqa.selenium.NoSuchElementException: no such element: Unable to locate element: {"method":"xpath","selector":"//div[@class='consultants row']/descendant::section[contains(@id,'team-card')][1]//a//div[1]//span[1]"}
  (Session info: chrome=64.0.3282.186)
  (Driver info: chromedriver=2.33.506120 (e3e53437346286c0bc2d2dc9aa4915ba81d9023f),platform=Windows NT 10.0.10586 x86_64) (WARNING: The server did not provide any stacktrace information)
Command duration or timeout: 0 milliseconds
For documentation on this error, please visit: http://seleniumhq.org/exceptions/no_such_element.html
Build info: version: '3.7.1', revision: '8a0099a', time: '2017-11-06T21:01:39.354Z'
System info: host: 'LD-4V2P3G2', ip: '10.6.64.235', os.name: 'Windows 10', os.arch: 'amd64', os.version: '10.0', java.version: '1.8.0_161'
Driver info: org.openqa.selenium.chrome.ChromeDriver
Capabilities {acceptSslCerts: true, applicationCacheEnabled: false, browserConnectionEnabled: false, browserName: chrome, chrome: {chromedriverVersion: 2.33.506120 (e3e53437346286..., userDataDir: C:\Users\BPKOTA~1\AppData\L...}, cssSelectorsEnabled: true, databaseEnabled: false, handlesAlerts: true, hasTouchScreen: false, javascriptEnabled: true, locationContextEnabled: true, mobileEmulationEnabled: false, nativeEvents: true, networkConnectionEnabled: false, pageLoadStrategy: normal, platform: XP, platformName: XP, rotatable: false, setWindowRect: true, takesHeapSnapshot: true, takesScreenshot: true, unexpectedAlertBehaviour: , unhandledPromptBehavior: , version: 64.0.3282.186, webStorageEnabled: true}
Session ID: 230a6ed8622f5ae4d1efbd3535b0d915
*** Element info: {Using=xpath, value=//div[@class='consultants row']/descendant::section[contains(@id,'team-card')][1]//a//div[1]//span[1]}
	at org.openqa.selenium.remote.ErrorHandler.createThrowable(ErrorHandler.java:214)
	at org.openqa.selenium.remote.ErrorHandler.throwIfResponseFailed(ErrorHandler.java:166)
	at org.openqa.selenium.remote.http.JsonHttpResponseCodec.reconstructValue(JsonHttpResponseCodec.java:40)
	at org.openqa.selenium.remote.http.AbstractHttpResponseCodec.decode(AbstractHttpResponseCodec.java:80)
	at org.openqa.selenium.remote.http.AbstractHttpResponseCodec.decode(AbstractHttpResponseCodec.java:44)
	at org.openqa.selenium.remote.HttpCommandExecutor.execute(HttpCommandExecutor.java:164)
	at org.openqa.selenium.remote.service.DriverCommandExecutor.execute(DriverCommandExecutor.java:83)
	at org.openqa.selenium.remote.RemoteWebDriver.execute(RemoteWebDriver.java:600)
	at org.openqa.selenium.remote.RemoteWebDriver.findElement(RemoteWebDriver.java:370)
	at org.openqa.selenium.remote.RemoteWebDriver.findElementByXPath(RemoteWebDriver.java:472)
	at org.openqa.selenium.By$ByXPath.findElement(By.java:361)
	at org.openqa.selenium.remote.RemoteWebDriver.findElement(RemoteWebDriver.java:362)
	at com.rf.core.driver.website.RFWebsiteDriver.findElement(RFWebsiteDriver.java:885)
	at com.rf.core.driver.website.RFWebsiteDriver.getText(RFWebsiteDriver.java:959)
	at com.rf.pages.website.LSD.LSDHomePage.isFirstAndLastNamePresentAtConsultantCardUnderTeam(LSDHomePage.java:721)
	at com.rf.test.website.LSD.LSDLinkTests.testConsultantCardComponents_2876q(LSDLinkTests.java:223)
... Removed 28 stack frames]]>
    </failure>
  </testcase> <!-- testConsultantCardComponents_2876q -->
  <testcase name="testFAQNavigation_2953q" time="5.405" classname="com.rf.test.website.LSD.LSDLinkTests"/>
  <testcase name="testMainMenuLinks_2631q" time="86.055" classname="com.rf.test.website.LSD.LSDLinkTests"/>
  <testcase name="testSortingMenuForViewAllConsultants_3328q" time="301.97" classname="com.rf.test.website.LSD.LSDLinkTests">
    <failure type="java.lang.AssertionError" message="1.Estimated PSQV: Low to High is not visible at filters page

 1.PSQV: High to Low is not visible at filters page

 1.PSQV: Low to High is not visible at filters page

 1.Estimated PSQV: High to Low is not visible at filters page

 1.Qualification title: High to Low is not visible at filters page

 1.First name: A to Z is not visible at filters page

 1.Last name: Z to A is not visible at filters page

 1.Last name: A to Z is not visible at filters page

 1.Country: Z to A is not visible at filters page

 1.Country: A to Z is not visible at filters page

 1.Physical level: Low to High is not visible at filters page

 1.Physical level: High to Low is not visible at filters page

 1.First name: Z to A is not visible at filters page

 1.SV: Low to High is not visible at filters page

 1.Current URL : https://skywalker.rodanandfields.com/#/team does not contain level/1

 1.Qualification title: Low to High is not visible at filters page

 1.SV: High to Low is not visible at filters page
">
      <![CDATA[java.lang.AssertionError: 1.Estimated PSQV: Low to High is not visible at filters page

 1.PSQV: High to Low is not visible at filters page

 1.PSQV: Low to High is not visible at filters page

 1.Estimated PSQV: High to Low is not visible at filters page

 1.Qualification title: High to Low is not visible at filters page

 1.First name: A to Z is not visible at filters page

 1.Last name: Z to A is not visible at filters page

 1.Last name: A to Z is not visible at filters page

 1.Country: Z to A is not visible at filters page

 1.Country: A to Z is not visible at filters page

 1.Physical level: Low to High is not visible at filters page

 1.Physical level: High to Low is not visible at filters page

 1.First name: Z to A is not visible at filters page

 1.SV: Low to High is not visible at filters page

 1.Current URL : https://skywalker.rodanandfields.com/#/team does not contain level/1

 1.Qualification title: Low to High is not visible at filters page

 1.SV: High to Low is not visible at filters page

	at com.rf.core.utils.SoftAssert.assertAll(SoftAssert.java:56)
	at com.rf.test.website.LSD.LSDLinkTests.testSortingMenuForViewAllConsultants_3328q(LSDLinkTests.java:478)
... Removed 24 stack frames]]>
    </failure>
  </testcase> <!-- testSortingMenuForViewAllConsultants_3328q -->
  <testcase name="testSortingMenuForViewAllConsultants_3328q" time="301.716" classname="com.rf.test.website.LSD.LSDLinkTests">
    <failure type="java.lang.AssertionError" message="1.First name: A to Z is not visible at filters page

 1.Physical level: Low to High is not visible at filters page

 1.SV: Low to High is not visible at filters page

 1.SV: High to Low is not visible at filters page

 1.Estimated PSQV: High to Low is not visible at filters page

 1.PSQV: Low to High is not visible at filters page

 1.Country: Z to A is not visible at filters page

 1.Last name: A to Z is not visible at filters page

 1.Country: A to Z is not visible at filters page

 1.Current URL : https://skywalker.rodanandfields.com/#/team does not contain level/1

 1.Physical level: High to Low is not visible at filters page

 1.First name: Z to A is not visible at filters page

 1.Estimated PSQV: Low to High is not visible at filters page

 1.Qualification title: Low to High is not visible at filters page

 1.PSQV: High to Low is not visible at filters page

 1.Last name: Z to A is not visible at filters page

 1.Qualification title: High to Low is not visible at filters page
">
      <![CDATA[java.lang.AssertionError: 1.First name: A to Z is not visible at filters page

 1.Physical level: Low to High is not visible at filters page

 1.SV: Low to High is not visible at filters page

 1.SV: High to Low is not visible at filters page

 1.Estimated PSQV: High to Low is not visible at filters page

 1.PSQV: Low to High is not visible at filters page

 1.Country: Z to A is not visible at filters page

 1.Last name: A to Z is not visible at filters page

 1.Country: A to Z is not visible at filters page

 1.Current URL : https://skywalker.rodanandfields.com/#/team does not contain level/1

 1.Physical level: High to Low is not visible at filters page

 1.First name: Z to A is not visible at filters page

 1.Estimated PSQV: Low to High is not visible at filters page

 1.Qualification title: Low to High is not visible at filters page

 1.PSQV: High to Low is not visible at filters page

 1.Last name: Z to A is not visible at filters page

 1.Qualification title: High to Low is not visible at filters page

	at com.rf.core.utils.SoftAssert.assertAll(SoftAssert.java:56)
	at com.rf.test.website.LSD.LSDLinkTests.testSortingMenuForViewAllConsultants_3328q(LSDLinkTests.java:478)
... Removed 24 stack frames]]>
    </failure>
  </testcase> <!-- testSortingMenuForViewAllConsultants_3328q -->
  <testcase name="testVerifyTabsWith6Level_3238q" time="66.21" classname="com.rf.test.website.LSD.LSDLinkTests">
    <failure type="java.lang.AssertionError" message="1.Current URL : https://skywalker.rodanandfields.com/#/team does not contains level/1
">
      <![CDATA[java.lang.AssertionError: 1.Current URL : https://skywalker.rodanandfields.com/#/team does not contains level/1

	at com.rf.core.utils.SoftAssert.assertAll(SoftAssert.java:56)
	at com.rf.test.website.LSD.LSDLinkTests.testVerifyTabsWith6Level_3238q(LSDLinkTests.java:298)
... Removed 24 stack frames]]>
    </failure>
  </testcase> <!-- testVerifyTabsWith6Level_3238q -->
  <testcase name="testVerifyTabsWith6Level_3238q" time="66.524" classname="com.rf.test.website.LSD.LSDLinkTests">
    <failure type="java.lang.AssertionError" message="1.Current URL : https://skywalker.rodanandfields.com/#/team does not contains level/1
">
      <![CDATA[java.lang.AssertionError: 1.Current URL : https://skywalker.rodanandfields.com/#/team does not contains level/1

	at com.rf.core.utils.SoftAssert.assertAll(SoftAssert.java:56)
	at com.rf.test.website.LSD.LSDLinkTests.testVerifyTabsWith6Level_3238q(LSDLinkTests.java:298)
... Removed 24 stack frames]]>
    </failure>
  </testcase> <!-- testVerifyTabsWith6Level_3238q -->
  <testcase name="testVerifyLeadTheWayLink_1455q" time="24.85" classname="com.rf.test.website.LSD.LSDLinkTests">
    <failure type="org.openqa.selenium.NoSuchElementException" message="no such element: Unable to locate element: {&amp;quot;method&amp;quot;:&amp;quot;xpath&amp;quot;,&amp;quot;selector&amp;quot;:&amp;quot;//header[@id=&amp;apos;rf-primary-header&amp;apos;]&amp;quot;}
  (Session info: chrome=64.0.3282.186)
  (Driver info: chromedriver=2.33.506120 (e3e53437346286c0bc2d2dc9aa4915ba81d9023f),platform=Windows NT 10.0.10586 x86_64) (WARNING: The server did not provide any stacktrace information)
Command duration or timeout: 0 milliseconds
For documentation on this error, please visit: http://seleniumhq.org/exceptions/no_such_element.html
Build info: version: &amp;apos;3.7.1&amp;apos;, revision: &amp;apos;8a0099a&amp;apos;, time: &amp;apos;2017-11-06T21:01:39.354Z&amp;apos;
System info: host: &amp;apos;LD-4V2P3G2&amp;apos;, ip: &amp;apos;10.6.64.235&amp;apos;, os.name: &amp;apos;Windows 10&amp;apos;, os.arch: &amp;apos;amd64&amp;apos;, os.version: &amp;apos;10.0&amp;apos;, java.version: &amp;apos;1.8.0_161&amp;apos;
Driver info: org.openqa.selenium.chrome.ChromeDriver
Capabilities {acceptSslCerts: true, applicationCacheEnabled: false, browserConnectionEnabled: false, browserName: chrome, chrome: {chromedriverVersion: 2.33.506120 (e3e53437346286..., userDataDir: C:\Users\BPKOTA~1\AppData\L...}, cssSelectorsEnabled: true, databaseEnabled: false, handlesAlerts: true, hasTouchScreen: false, javascriptEnabled: true, locationContextEnabled: true, mobileEmulationEnabled: false, nativeEvents: true, networkConnectionEnabled: false, pageLoadStrategy: normal, platform: XP, platformName: XP, rotatable: false, setWindowRect: true, takesHeapSnapshot: true, takesScreenshot: true, unexpectedAlertBehaviour: , unhandledPromptBehavior: , version: 64.0.3282.186, webStorageEnabled: true}
Session ID: 230a6ed8622f5ae4d1efbd3535b0d915
*** Element info: {Using=xpath, value=//header[@id=&amp;apos;rf-primary-header&amp;apos;]}">
      <![CDATA[org.openqa.selenium.NoSuchElementException: no such element: Unable to locate element: {"method":"xpath","selector":"//header[@id='rf-primary-header']"}
  (Session info: chrome=64.0.3282.186)
  (Driver info: chromedriver=2.33.506120 (e3e53437346286c0bc2d2dc9aa4915ba81d9023f),platform=Windows NT 10.0.10586 x86_64) (WARNING: The server did not provide any stacktrace information)
Command duration or timeout: 0 milliseconds
For documentation on this error, please visit: http://seleniumhq.org/exceptions/no_such_element.html
Build info: version: '3.7.1', revision: '8a0099a', time: '2017-11-06T21:01:39.354Z'
System info: host: 'LD-4V2P3G2', ip: '10.6.64.235', os.name: 'Windows 10', os.arch: 'amd64', os.version: '10.0', java.version: '1.8.0_161'
Driver info: org.openqa.selenium.chrome.ChromeDriver
Capabilities {acceptSslCerts: true, applicationCacheEnabled: false, browserConnectionEnabled: false, browserName: chrome, chrome: {chromedriverVersion: 2.33.506120 (e3e53437346286..., userDataDir: C:\Users\BPKOTA~1\AppData\L...}, cssSelectorsEnabled: true, databaseEnabled: false, handlesAlerts: true, hasTouchScreen: false, javascriptEnabled: true, locationContextEnabled: true, mobileEmulationEnabled: false, nativeEvents: true, networkConnectionEnabled: false, pageLoadStrategy: normal, platform: XP, platformName: XP, rotatable: false, setWindowRect: true, takesHeapSnapshot: true, takesScreenshot: true, unexpectedAlertBehaviour: , unhandledPromptBehavior: , version: 64.0.3282.186, webStorageEnabled: true}
Session ID: 230a6ed8622f5ae4d1efbd3535b0d915
*** Element info: {Using=xpath, value=//header[@id='rf-primary-header']}
	at org.openqa.selenium.remote.ErrorHandler.createThrowable(ErrorHandler.java:214)
	at org.openqa.selenium.remote.ErrorHandler.throwIfResponseFailed(ErrorHandler.java:166)
	at org.openqa.selenium.remote.http.JsonHttpResponseCodec.reconstructValue(JsonHttpResponseCodec.java:40)
	at org.openqa.selenium.remote.http.AbstractHttpResponseCodec.decode(AbstractHttpResponseCodec.java:80)
	at org.openqa.selenium.remote.http.AbstractHttpResponseCodec.decode(AbstractHttpResponseCodec.java:44)
	at org.openqa.selenium.remote.HttpCommandExecutor.execute(HttpCommandExecutor.java:164)
	at org.openqa.selenium.remote.service.DriverCommandExecutor.execute(DriverCommandExecutor.java:83)
	at org.openqa.selenium.remote.RemoteWebDriver.execute(RemoteWebDriver.java:600)
	at org.openqa.selenium.remote.RemoteWebDriver.findElement(RemoteWebDriver.java:370)
	at org.openqa.selenium.remote.RemoteWebDriver.findElementByXPath(RemoteWebDriver.java:472)
	at org.openqa.selenium.By$ByXPath.findElement(By.java:361)
	at org.openqa.selenium.remote.RemoteWebDriver.findElement(RemoteWebDriver.java:362)
	at com.rf.core.driver.website.RFWebsiteDriver.findElement(RFWebsiteDriver.java:885)
	at com.rf.pages.website.LSD.LSDHomePage.isLeadTheWayLinkPresentInTopNav(LSDHomePage.java:452)
	at com.rf.test.website.LSD.LSDLinkTests.testVerifyLeadTheWayLink_1455q(LSDLinkTests.java:26)
... Removed 27 stack frames]]>
    </failure>
  </testcase> <!-- testVerifyLeadTheWayLink_1455q -->
  <testcase name="testVerifyLeadTheWayLink_1455q" time="24.788" classname="com.rf.test.website.LSD.LSDLinkTests">
    <failure type="org.openqa.selenium.NoSuchElementException" message="no such element: Unable to locate element: {&amp;quot;method&amp;quot;:&amp;quot;xpath&amp;quot;,&amp;quot;selector&amp;quot;:&amp;quot;//header[@id=&amp;apos;rf-primary-header&amp;apos;]&amp;quot;}
  (Session info: chrome=64.0.3282.186)
  (Driver info: chromedriver=2.33.506120 (e3e53437346286c0bc2d2dc9aa4915ba81d9023f),platform=Windows NT 10.0.10586 x86_64) (WARNING: The server did not provide any stacktrace information)
Command duration or timeout: 0 milliseconds
For documentation on this error, please visit: http://seleniumhq.org/exceptions/no_such_element.html
Build info: version: &amp;apos;3.7.1&amp;apos;, revision: &amp;apos;8a0099a&amp;apos;, time: &amp;apos;2017-11-06T21:01:39.354Z&amp;apos;
System info: host: &amp;apos;LD-4V2P3G2&amp;apos;, ip: &amp;apos;10.6.64.235&amp;apos;, os.name: &amp;apos;Windows 10&amp;apos;, os.arch: &amp;apos;amd64&amp;apos;, os.version: &amp;apos;10.0&amp;apos;, java.version: &amp;apos;1.8.0_161&amp;apos;
Driver info: org.openqa.selenium.chrome.ChromeDriver
Capabilities {acceptSslCerts: true, applicationCacheEnabled: false, browserConnectionEnabled: false, browserName: chrome, chrome: {chromedriverVersion: 2.33.506120 (e3e53437346286..., userDataDir: C:\Users\BPKOTA~1\AppData\L...}, cssSelectorsEnabled: true, databaseEnabled: false, handlesAlerts: true, hasTouchScreen: false, javascriptEnabled: true, locationContextEnabled: true, mobileEmulationEnabled: false, nativeEvents: true, networkConnectionEnabled: false, pageLoadStrategy: normal, platform: XP, platformName: XP, rotatable: false, setWindowRect: true, takesHeapSnapshot: true, takesScreenshot: true, unexpectedAlertBehaviour: , unhandledPromptBehavior: , version: 64.0.3282.186, webStorageEnabled: true}
Session ID: 230a6ed8622f5ae4d1efbd3535b0d915
*** Element info: {Using=xpath, value=//header[@id=&amp;apos;rf-primary-header&amp;apos;]}">
      <![CDATA[org.openqa.selenium.NoSuchElementException: no such element: Unable to locate element: {"method":"xpath","selector":"//header[@id='rf-primary-header']"}
  (Session info: chrome=64.0.3282.186)
  (Driver info: chromedriver=2.33.506120 (e3e53437346286c0bc2d2dc9aa4915ba81d9023f),platform=Windows NT 10.0.10586 x86_64) (WARNING: The server did not provide any stacktrace information)
Command duration or timeout: 0 milliseconds
For documentation on this error, please visit: http://seleniumhq.org/exceptions/no_such_element.html
Build info: version: '3.7.1', revision: '8a0099a', time: '2017-11-06T21:01:39.354Z'
System info: host: 'LD-4V2P3G2', ip: '10.6.64.235', os.name: 'Windows 10', os.arch: 'amd64', os.version: '10.0', java.version: '1.8.0_161'
Driver info: org.openqa.selenium.chrome.ChromeDriver
Capabilities {acceptSslCerts: true, applicationCacheEnabled: false, browserConnectionEnabled: false, browserName: chrome, chrome: {chromedriverVersion: 2.33.506120 (e3e53437346286..., userDataDir: C:\Users\BPKOTA~1\AppData\L...}, cssSelectorsEnabled: true, databaseEnabled: false, handlesAlerts: true, hasTouchScreen: false, javascriptEnabled: true, locationContextEnabled: true, mobileEmulationEnabled: false, nativeEvents: true, networkConnectionEnabled: false, pageLoadStrategy: normal, platform: XP, platformName: XP, rotatable: false, setWindowRect: true, takesHeapSnapshot: true, takesScreenshot: true, unexpectedAlertBehaviour: , unhandledPromptBehavior: , version: 64.0.3282.186, webStorageEnabled: true}
Session ID: 230a6ed8622f5ae4d1efbd3535b0d915
*** Element info: {Using=xpath, value=//header[@id='rf-primary-header']}
	at org.openqa.selenium.remote.ErrorHandler.createThrowable(ErrorHandler.java:214)
	at org.openqa.selenium.remote.ErrorHandler.throwIfResponseFailed(ErrorHandler.java:166)
	at org.openqa.selenium.remote.http.JsonHttpResponseCodec.reconstructValue(JsonHttpResponseCodec.java:40)
	at org.openqa.selenium.remote.http.AbstractHttpResponseCodec.decode(AbstractHttpResponseCodec.java:80)
	at org.openqa.selenium.remote.http.AbstractHttpResponseCodec.decode(AbstractHttpResponseCodec.java:44)
	at org.openqa.selenium.remote.HttpCommandExecutor.execute(HttpCommandExecutor.java:164)
	at org.openqa.selenium.remote.service.DriverCommandExecutor.execute(DriverCommandExecutor.java:83)
	at org.openqa.selenium.remote.RemoteWebDriver.execute(RemoteWebDriver.java:600)
	at org.openqa.selenium.remote.RemoteWebDriver.findElement(RemoteWebDriver.java:370)
	at org.openqa.selenium.remote.RemoteWebDriver.findElementByXPath(RemoteWebDriver.java:472)
	at org.openqa.selenium.By$ByXPath.findElement(By.java:361)
	at org.openqa.selenium.remote.RemoteWebDriver.findElement(RemoteWebDriver.java:362)
	at com.rf.core.driver.website.RFWebsiteDriver.findElement(RFWebsiteDriver.java:885)
	at com.rf.pages.website.LSD.LSDHomePage.isLeadTheWayLinkPresentInTopNav(LSDHomePage.java:452)
	at com.rf.test.website.LSD.LSDLinkTests.testVerifyLeadTheWayLink_1455q(LSDLinkTests.java:26)
... Removed 27 stack frames]]>
    </failure>
  </testcase> <!-- testVerifyLeadTheWayLink_1455q -->
  <testcase name="testVerifyRFConnectionLink_1456q" time="6.953" classname="com.rf.test.website.LSD.LSDLinkTests"/>
  <testcase name="testVerifyRFJourneyLink_1457q" time="24.893" classname="com.rf.test.website.LSD.LSDLinkTests">
    <failure type="org.openqa.selenium.NoSuchElementException" message="no such element: Unable to locate element: {&amp;quot;method&amp;quot;:&amp;quot;xpath&amp;quot;,&amp;quot;selector&amp;quot;:&amp;quot;//span[contains(text(),&amp;apos;Welcome to R+F Journey&amp;apos;)]&amp;quot;}
  (Session info: chrome=64.0.3282.186)
  (Driver info: chromedriver=2.33.506120 (e3e53437346286c0bc2d2dc9aa4915ba81d9023f),platform=Windows NT 10.0.10586 x86_64) (WARNING: The server did not provide any stacktrace information)
Command duration or timeout: 0 milliseconds
For documentation on this error, please visit: http://seleniumhq.org/exceptions/no_such_element.html
Build info: version: &amp;apos;3.7.1&amp;apos;, revision: &amp;apos;8a0099a&amp;apos;, time: &amp;apos;2017-11-06T21:01:39.354Z&amp;apos;
System info: host: &amp;apos;LD-4V2P3G2&amp;apos;, ip: &amp;apos;10.6.64.235&amp;apos;, os.name: &amp;apos;Windows 10&amp;apos;, os.arch: &amp;apos;amd64&amp;apos;, os.version: &amp;apos;10.0&amp;apos;, java.version: &amp;apos;1.8.0_161&amp;apos;
Driver info: org.openqa.selenium.chrome.ChromeDriver
Capabilities {acceptSslCerts: true, applicationCacheEnabled: false, browserConnectionEnabled: false, browserName: chrome, chrome: {chromedriverVersion: 2.33.506120 (e3e53437346286..., userDataDir: C:\Users\BPKOTA~1\AppData\L...}, cssSelectorsEnabled: true, databaseEnabled: false, handlesAlerts: true, hasTouchScreen: false, javascriptEnabled: true, locationContextEnabled: true, mobileEmulationEnabled: false, nativeEvents: true, networkConnectionEnabled: false, pageLoadStrategy: normal, platform: XP, platformName: XP, rotatable: false, setWindowRect: true, takesHeapSnapshot: true, takesScreenshot: true, unexpectedAlertBehaviour: , unhandledPromptBehavior: , version: 64.0.3282.186, webStorageEnabled: true}
Session ID: 230a6ed8622f5ae4d1efbd3535b0d915
*** Element info: {Using=xpath, value=//span[contains(text(),&amp;apos;Welcome to R+F Journey&amp;apos;)]}">
      <![CDATA[org.openqa.selenium.NoSuchElementException: no such element: Unable to locate element: {"method":"xpath","selector":"//span[contains(text(),'Welcome to R+F Journey')]"}
  (Session info: chrome=64.0.3282.186)
  (Driver info: chromedriver=2.33.506120 (e3e53437346286c0bc2d2dc9aa4915ba81d9023f),platform=Windows NT 10.0.10586 x86_64) (WARNING: The server did not provide any stacktrace information)
Command duration or timeout: 0 milliseconds
For documentation on this error, please visit: http://seleniumhq.org/exceptions/no_such_element.html
Build info: version: '3.7.1', revision: '8a0099a', time: '2017-11-06T21:01:39.354Z'
System info: host: 'LD-4V2P3G2', ip: '10.6.64.235', os.name: 'Windows 10', os.arch: 'amd64', os.version: '10.0', java.version: '1.8.0_161'
Driver info: org.openqa.selenium.chrome.ChromeDriver
Capabilities {acceptSslCerts: true, applicationCacheEnabled: false, browserConnectionEnabled: false, browserName: chrome, chrome: {chromedriverVersion: 2.33.506120 (e3e53437346286..., userDataDir: C:\Users\BPKOTA~1\AppData\L...}, cssSelectorsEnabled: true, databaseEnabled: false, handlesAlerts: true, hasTouchScreen: false, javascriptEnabled: true, locationContextEnabled: true, mobileEmulationEnabled: false, nativeEvents: true, networkConnectionEnabled: false, pageLoadStrategy: normal, platform: XP, platformName: XP, rotatable: false, setWindowRect: true, takesHeapSnapshot: true, takesScreenshot: true, unexpectedAlertBehaviour: , unhandledPromptBehavior: , version: 64.0.3282.186, webStorageEnabled: true}
Session ID: 230a6ed8622f5ae4d1efbd3535b0d915
*** Element info: {Using=xpath, value=//span[contains(text(),'Welcome to R+F Journey')]}
	at org.openqa.selenium.remote.ErrorHandler.createThrowable(ErrorHandler.java:214)
	at org.openqa.selenium.remote.ErrorHandler.throwIfResponseFailed(ErrorHandler.java:166)
	at org.openqa.selenium.remote.http.JsonHttpResponseCodec.reconstructValue(JsonHttpResponseCodec.java:40)
	at org.openqa.selenium.remote.http.AbstractHttpResponseCodec.decode(AbstractHttpResponseCodec.java:80)
	at org.openqa.selenium.remote.http.AbstractHttpResponseCodec.decode(AbstractHttpResponseCodec.java:44)
	at org.openqa.selenium.remote.HttpCommandExecutor.execute(HttpCommandExecutor.java:164)
	at org.openqa.selenium.remote.service.DriverCommandExecutor.execute(DriverCommandExecutor.java:83)
	at org.openqa.selenium.remote.RemoteWebDriver.execute(RemoteWebDriver.java:600)
	at org.openqa.selenium.remote.RemoteWebDriver.findElement(RemoteWebDriver.java:370)
	at org.openqa.selenium.remote.RemoteWebDriver.findElementByXPath(RemoteWebDriver.java:472)
	at org.openqa.selenium.By$ByXPath.findElement(By.java:361)
	at org.openqa.selenium.remote.RemoteWebDriver.findElement(RemoteWebDriver.java:362)
	at com.rf.core.driver.website.RFWebsiteDriver.findElement(RFWebsiteDriver.java:885)
	at com.rf.pages.website.LSD.LSDHomePage.isRFJourneyPageHeaderPresent(LSDHomePage.java:427)
	at com.rf.test.website.LSD.LSDLinkTests.testVerifyRFJourneyLink_1457q(LSDLinkTests.java:59)
... Removed 27 stack frames]]>
    </failure>
  </testcase> <!-- testVerifyRFJourneyLink_1457q -->
  <testcase name="testVerifyRFJourneyLink_1457q" time="24.781" classname="com.rf.test.website.LSD.LSDLinkTests">
    <failure type="org.openqa.selenium.NoSuchElementException" message="no such element: Unable to locate element: {&amp;quot;method&amp;quot;:&amp;quot;xpath&amp;quot;,&amp;quot;selector&amp;quot;:&amp;quot;//span[contains(text(),&amp;apos;Welcome to R+F Journey&amp;apos;)]&amp;quot;}
  (Session info: chrome=64.0.3282.186)
  (Driver info: chromedriver=2.33.506120 (e3e53437346286c0bc2d2dc9aa4915ba81d9023f),platform=Windows NT 10.0.10586 x86_64) (WARNING: The server did not provide any stacktrace information)
Command duration or timeout: 0 milliseconds
For documentation on this error, please visit: http://seleniumhq.org/exceptions/no_such_element.html
Build info: version: &amp;apos;3.7.1&amp;apos;, revision: &amp;apos;8a0099a&amp;apos;, time: &amp;apos;2017-11-06T21:01:39.354Z&amp;apos;
System info: host: &amp;apos;LD-4V2P3G2&amp;apos;, ip: &amp;apos;10.6.64.235&amp;apos;, os.name: &amp;apos;Windows 10&amp;apos;, os.arch: &amp;apos;amd64&amp;apos;, os.version: &amp;apos;10.0&amp;apos;, java.version: &amp;apos;1.8.0_161&amp;apos;
Driver info: org.openqa.selenium.chrome.ChromeDriver
Capabilities {acceptSslCerts: true, applicationCacheEnabled: false, browserConnectionEnabled: false, browserName: chrome, chrome: {chromedriverVersion: 2.33.506120 (e3e53437346286..., userDataDir: C:\Users\BPKOTA~1\AppData\L...}, cssSelectorsEnabled: true, databaseEnabled: false, handlesAlerts: true, hasTouchScreen: false, javascriptEnabled: true, locationContextEnabled: true, mobileEmulationEnabled: false, nativeEvents: true, networkConnectionEnabled: false, pageLoadStrategy: normal, platform: XP, platformName: XP, rotatable: false, setWindowRect: true, takesHeapSnapshot: true, takesScreenshot: true, unexpectedAlertBehaviour: , unhandledPromptBehavior: , version: 64.0.3282.186, webStorageEnabled: true}
Session ID: 230a6ed8622f5ae4d1efbd3535b0d915
*** Element info: {Using=xpath, value=//span[contains(text(),&amp;apos;Welcome to R+F Journey&amp;apos;)]}">
      <![CDATA[org.openqa.selenium.NoSuchElementException: no such element: Unable to locate element: {"method":"xpath","selector":"//span[contains(text(),'Welcome to R+F Journey')]"}
  (Session info: chrome=64.0.3282.186)
  (Driver info: chromedriver=2.33.506120 (e3e53437346286c0bc2d2dc9aa4915ba81d9023f),platform=Windows NT 10.0.10586 x86_64) (WARNING: The server did not provide any stacktrace information)
Command duration or timeout: 0 milliseconds
For documentation on this error, please visit: http://seleniumhq.org/exceptions/no_such_element.html
Build info: version: '3.7.1', revision: '8a0099a', time: '2017-11-06T21:01:39.354Z'
System info: host: 'LD-4V2P3G2', ip: '10.6.64.235', os.name: 'Windows 10', os.arch: 'amd64', os.version: '10.0', java.version: '1.8.0_161'
Driver info: org.openqa.selenium.chrome.ChromeDriver
Capabilities {acceptSslCerts: true, applicationCacheEnabled: false, browserConnectionEnabled: false, browserName: chrome, chrome: {chromedriverVersion: 2.33.506120 (e3e53437346286..., userDataDir: C:\Users\BPKOTA~1\AppData\L...}, cssSelectorsEnabled: true, databaseEnabled: false, handlesAlerts: true, hasTouchScreen: false, javascriptEnabled: true, locationContextEnabled: true, mobileEmulationEnabled: false, nativeEvents: true, networkConnectionEnabled: false, pageLoadStrategy: normal, platform: XP, platformName: XP, rotatable: false, setWindowRect: true, takesHeapSnapshot: true, takesScreenshot: true, unexpectedAlertBehaviour: , unhandledPromptBehavior: , version: 64.0.3282.186, webStorageEnabled: true}
Session ID: 230a6ed8622f5ae4d1efbd3535b0d915
*** Element info: {Using=xpath, value=//span[contains(text(),'Welcome to R+F Journey')]}
	at org.openqa.selenium.remote.ErrorHandler.createThrowable(ErrorHandler.java:214)
	at org.openqa.selenium.remote.ErrorHandler.throwIfResponseFailed(ErrorHandler.java:166)
	at org.openqa.selenium.remote.http.JsonHttpResponseCodec.reconstructValue(JsonHttpResponseCodec.java:40)
	at org.openqa.selenium.remote.http.AbstractHttpResponseCodec.decode(AbstractHttpResponseCodec.java:80)
	at org.openqa.selenium.remote.http.AbstractHttpResponseCodec.decode(AbstractHttpResponseCodec.java:44)
	at org.openqa.selenium.remote.HttpCommandExecutor.execute(HttpCommandExecutor.java:164)
	at org.openqa.selenium.remote.service.DriverCommandExecutor.execute(DriverCommandExecutor.java:83)
	at org.openqa.selenium.remote.RemoteWebDriver.execute(RemoteWebDriver.java:600)
	at org.openqa.selenium.remote.RemoteWebDriver.findElement(RemoteWebDriver.java:370)
	at org.openqa.selenium.remote.RemoteWebDriver.findElementByXPath(RemoteWebDriver.java:472)
	at org.openqa.selenium.By$ByXPath.findElement(By.java:361)
	at org.openqa.selenium.remote.RemoteWebDriver.findElement(RemoteWebDriver.java:362)
	at com.rf.core.driver.website.RFWebsiteDriver.findElement(RFWebsiteDriver.java:885)
	at com.rf.pages.website.LSD.LSDHomePage.isRFJourneyPageHeaderPresent(LSDHomePage.java:427)
	at com.rf.test.website.LSD.LSDLinkTests.testVerifyRFJourneyLink_1457q(LSDLinkTests.java:59)
... Removed 27 stack frames]]>
    </failure>
  </testcase> <!-- testVerifyRFJourneyLink_1457q -->
  <testcase name="testVerifyRFMallLink_1458q" time="6.634" classname="com.rf.test.website.LSD.LSDLinkTests">
    <failure type="java.lang.AssertionError" message="1.Current URL : https://safe.menlosecurity.com/safeview-auth-server/proxy_auth?url=aHR0cDovL3JvZGFuZmllbGRzLmRzYS1kaXJlY3QuY29tL2xhbmRpbmdwYWdlLmFzcHg&amp;amp;ip=MnwxOjB8MTA6MTUxOTg2NDM4OXwyOmlwfDIwOk5UQXVNakkxTGpJd015NDJNZz09fGNkZDllMTlhNTU1OTAzYzI3NTY0ZTUwYzUxNGEwZGNkZmQyOGJlNzM1YWRjYWYyODBlZmVjNWM1MjJkYzg4OTU&amp;amp;pnr=2&amp;amp;saml=true does not contains dsa-direct
">
      <![CDATA[java.lang.AssertionError: 1.Current URL : https://safe.menlosecurity.com/safeview-auth-server/proxy_auth?url=aHR0cDovL3JvZGFuZmllbGRzLmRzYS1kaXJlY3QuY29tL2xhbmRpbmdwYWdlLmFzcHg&ip=MnwxOjB8MTA6MTUxOTg2NDM4OXwyOmlwfDIwOk5UQXVNakkxTGpJd015NDJNZz09fGNkZDllMTlhNTU1OTAzYzI3NTY0ZTUwYzUxNGEwZGNkZmQyOGJlNzM1YWRjYWYyODBlZmVjNWM1MjJkYzg4OTU&pnr=2&saml=true does not contains dsa-direct

	at com.rf.core.utils.SoftAssert.assertAll(SoftAssert.java:56)
	at com.rf.test.website.LSD.LSDLinkTests.testVerifyRFMallLink_1458q(LSDLinkTests.java:76)
... Removed 24 stack frames]]>
    </failure>
  </testcase> <!-- testVerifyRFMallLink_1458q -->
  <testcase name="testVerifyRFMallLink_1458q" time="6.947" classname="com.rf.test.website.LSD.LSDLinkTests">
    <failure type="java.lang.AssertionError" message="1.Current URL : https://safe.menlosecurity.com/safeview-auth-server/proxy_auth?url=aHR0cDovL3JvZGFuZmllbGRzLmRzYS1kaXJlY3QuY29tL2xhbmRpbmdwYWdlLmFzcHg&amp;amp;ip=MnwxOjB8MTA6MTUxOTg2NDQ3NHwyOmlwfDIwOk5UQXVNakkxTGpJd015NDJNZz09fDNkYWVkNzc0M2RiZjhkZjFkYmRiOTJiODU3M2RjZDM4ODg4Y2MzZmU0OGE3MjdhZDE0OTY0NjYwYjIzMTFjMDk&amp;amp;pnr=2&amp;amp;saml=true does not contains dsa-direct
">
      <![CDATA[java.lang.AssertionError: 1.Current URL : https://safe.menlosecurity.com/safeview-auth-server/proxy_auth?url=aHR0cDovL3JvZGFuZmllbGRzLmRzYS1kaXJlY3QuY29tL2xhbmRpbmdwYWdlLmFzcHg&ip=MnwxOjB8MTA6MTUxOTg2NDQ3NHwyOmlwfDIwOk5UQXVNakkxTGpJd015NDJNZz09fDNkYWVkNzc0M2RiZjhkZjFkYmRiOTJiODU3M2RjZDM4ODg4Y2MzZmU0OGE3MjdhZDE0OTY0NjYwYjIzMTFjMDk&pnr=2&saml=true does not contains dsa-direct

	at com.rf.core.utils.SoftAssert.assertAll(SoftAssert.java:56)
	at com.rf.test.website.LSD.LSDLinkTests.testVerifyRFMallLink_1458q(LSDLinkTests.java:76)
... Removed 24 stack frames]]>
    </failure>
  </testcase> <!-- testVerifyRFMallLink_1458q -->
  <testcase name="testVerifyRFPaydayLink_1459q" time="6.597" classname="com.rf.test.website.LSD.LSDLinkTests">
    <failure type="java.lang.AssertionError" message="1.Current URL : https://safe.menlosecurity.com/safeview-auth-server/proxy_auth?url=aHR0cHM6Ly9wYXlkYXkubXlyYW5kZi5jb20vaHcyd2ViL2xhbmRpbmcueGh0bWw_ZmFjZXMtcmVkaXJlY3Q9dHJ1ZSZyZWZyZXNobWU9dHJ1ZQ&amp;amp;ip=MnwxOjB8MTA6MTUxOTg2NDQ4OHwyOmlwfDIwOk5UQXVNakkxTGpJd015NDJNZz09fGFjZGY1MGJhOGVmMGUxOTM5YjRkNjA4ZjRhOWMwMWRhMTg4ZmM5YmVhYTJjZWUxZDNkNGM0YzExMmJmMDlmMWI&amp;amp;pnr=2&amp;amp;saml=true does not contains payday
">
      <![CDATA[java.lang.AssertionError: 1.Current URL : https://safe.menlosecurity.com/safeview-auth-server/proxy_auth?url=aHR0cHM6Ly9wYXlkYXkubXlyYW5kZi5jb20vaHcyd2ViL2xhbmRpbmcueGh0bWw_ZmFjZXMtcmVkaXJlY3Q9dHJ1ZSZyZWZyZXNobWU9dHJ1ZQ&ip=MnwxOjB8MTA6MTUxOTg2NDQ4OHwyOmlwfDIwOk5UQXVNakkxTGpJd015NDJNZz09fGFjZGY1MGJhOGVmMGUxOTM5YjRkNjA4ZjRhOWMwMWRhMTg4ZmM5YmVhYTJjZWUxZDNkNGM0YzExMmJmMDlmMWI&pnr=2&saml=true does not contains payday

	at com.rf.core.utils.SoftAssert.assertAll(SoftAssert.java:56)
	at com.rf.test.website.LSD.LSDLinkTests.testVerifyRFPaydayLink_1459q(LSDLinkTests.java:91)
... Removed 24 stack frames]]>
    </failure>
  </testcase> <!-- testVerifyRFPaydayLink_1459q -->
  <testcase name="testVerifyRFPaydayLink_1459q" time="6.648" classname="com.rf.test.website.LSD.LSDLinkTests">
    <failure type="java.lang.AssertionError" message="1.Current URL : https://safe.menlosecurity.com/safeview-auth-server/proxy_auth?url=aHR0cHM6Ly9wYXlkYXkubXlyYW5kZi5jb20vaHcyd2ViL2xhbmRpbmcueGh0bWw_ZmFjZXMtcmVkaXJlY3Q9dHJ1ZSZyZWZyZXNobWU9dHJ1ZQ&amp;amp;ip=MnwxOjB8MTA6MTUxOTg2NDUwMHwyOmlwfDIwOk5UQXVNakkxTGpJd015NDJNZz09fDgzYjFkNzU1MTdmMWJhYjgwMzk0ZWM4YzQzMjQ4YTVjZTMxODRjNDQzOTM5NTQxOGZkNTliNWVjMzY1MTk5NTA&amp;amp;pnr=2&amp;amp;saml=true does not contains payday
">
      <![CDATA[java.lang.AssertionError: 1.Current URL : https://safe.menlosecurity.com/safeview-auth-server/proxy_auth?url=aHR0cHM6Ly9wYXlkYXkubXlyYW5kZi5jb20vaHcyd2ViL2xhbmRpbmcueGh0bWw_ZmFjZXMtcmVkaXJlY3Q9dHJ1ZSZyZWZyZXNobWU9dHJ1ZQ&ip=MnwxOjB8MTA6MTUxOTg2NDUwMHwyOmlwfDIwOk5UQXVNakkxTGpJd015NDJNZz09fDgzYjFkNzU1MTdmMWJhYjgwMzk0ZWM4YzQzMjQ4YTVjZTMxODRjNDQzOTM5NTQxOGZkNTliNWVjMzY1MTk5NTA&pnr=2&saml=true does not contains payday

	at com.rf.core.utils.SoftAssert.assertAll(SoftAssert.java:56)
	at com.rf.test.website.LSD.LSDLinkTests.testVerifyRFPaydayLink_1459q(LSDLinkTests.java:91)
... Removed 24 stack frames]]>
    </failure>
  </testcase> <!-- testVerifyRFPaydayLink_1459q -->
  <testcase name="testVerifyLinkCommsCorner_1447q" time="7.243" classname="com.rf.test.website.LSD.LSDLinkTests">
    <failure type="java.lang.AssertionError" message="1.Current URL : https://www.myrfpulse.com/Account/LogOn?returnUrl=%2FBizDev%2FNav does not contains communications.rodanandfields.com
">
      <![CDATA[java.lang.AssertionError: 1.Current URL : https://www.myrfpulse.com/Account/LogOn?returnUrl=%2FBizDev%2FNav does not contains communications.rodanandfields.com

	at com.rf.core.utils.SoftAssert.assertAll(SoftAssert.java:56)
	at com.rf.test.website.LSD.LSDLinkTests.testVerifyLinkCommsCorner_1447q(LSDLinkTests.java:106)
... Removed 24 stack frames]]>
    </failure>
  </testcase> <!-- testVerifyLinkCommsCorner_1447q -->
  <testcase name="testVerifyLinkCommsCorner_1447q" time="6.695" classname="com.rf.test.website.LSD.LSDLinkTests">
    <failure type="java.lang.AssertionError" message="1.Current URL : https://www.myrfpulse.com/Account/LogOn?returnUrl=%2FBizDev%2FNav does not contains communications.rodanandfields.com
">
      <![CDATA[java.lang.AssertionError: 1.Current URL : https://www.myrfpulse.com/Account/LogOn?returnUrl=%2FBizDev%2FNav does not contains communications.rodanandfields.com

	at com.rf.core.utils.SoftAssert.assertAll(SoftAssert.java:56)
	at com.rf.test.website.LSD.LSDLinkTests.testVerifyLinkCommsCorner_1447q(LSDLinkTests.java:106)
... Removed 24 stack frames]]>
    </failure>
  </testcase> <!-- testVerifyLinkCommsCorner_1447q -->
  <testcase name="testVerifyLinkConsultantLEDEvents_1448" time="6.617" classname="com.rf.test.website.LSD.LSDLinkTests">
    <failure type="java.lang.AssertionError" message="1.Current URL : https://safe.menlosecurity.com/safeview-auth-server/proxy_auth?url=aHR0cHM6Ly9udml0ZS5jb20vY29tbXVuaXR5L3JmY29uc3VsdGFudGV2ZW50cw&amp;amp;ip=MnwxOjB8MTA6MTUxOTg2NDU5OHwyOmlwfDIwOk5UQXVNakkxTGpJd015NDJNZz09fGE3NGFiNDEwNmYyNTc3OWFjMjc1YjFjZTJkOWQ3ODAyYWZjODBjODIyY2FjNGYzNDI5NzlmMmNjZDQyMzI1Yzk&amp;amp;pnr=2&amp;amp;saml=true does not contains rfconsultantevents
">
      <![CDATA[java.lang.AssertionError: 1.Current URL : https://safe.menlosecurity.com/safeview-auth-server/proxy_auth?url=aHR0cHM6Ly9udml0ZS5jb20vY29tbXVuaXR5L3JmY29uc3VsdGFudGV2ZW50cw&ip=MnwxOjB8MTA6MTUxOTg2NDU5OHwyOmlwfDIwOk5UQXVNakkxTGpJd015NDJNZz09fGE3NGFiNDEwNmYyNTc3OWFjMjc1YjFjZTJkOWQ3ODAyYWZjODBjODIyY2FjNGYzNDI5NzlmMmNjZDQyMzI1Yzk&pnr=2&saml=true does not contains rfconsultantevents

	at com.rf.core.utils.SoftAssert.assertAll(SoftAssert.java:56)
	at com.rf.test.website.LSD.LSDLinkTests.testVerifyLinkConsultantLEDEvents_1448(LSDLinkTests.java:121)
... Removed 24 stack frames]]>
    </failure>
  </testcase> <!-- testVerifyLinkConsultantLEDEvents_1448 -->
  <testcase name="testVerifyLinkConsultantLEDEvents_1448" time="6.713" classname="com.rf.test.website.LSD.LSDLinkTests">
    <failure type="java.lang.AssertionError" message="1.Current URL : https://safe.menlosecurity.com/safeview-auth-server/proxy_auth?url=aHR0cHM6Ly9udml0ZS5jb20vY29tbXVuaXR5L3JmY29uc3VsdGFudGV2ZW50cw&amp;amp;ip=MnwxOjB8MTA6MTUxOTg2NDYxOXwyOmlwfDIwOk5UQXVNakkxTGpJd015NDJNZz09fGYyMWI3MDMzODRmNWMwOGIyZjE5MzBhMmYzZTYwMDNhZjFmYmFkMDE4YWIyNDc5YzI2MDUwZTQ3ZmIxMDI0NzM&amp;amp;pnr=2&amp;amp;saml=true does not contains rfconsultantevents
">
      <![CDATA[java.lang.AssertionError: 1.Current URL : https://safe.menlosecurity.com/safeview-auth-server/proxy_auth?url=aHR0cHM6Ly9udml0ZS5jb20vY29tbXVuaXR5L3JmY29uc3VsdGFudGV2ZW50cw&ip=MnwxOjB8MTA6MTUxOTg2NDYxOXwyOmlwfDIwOk5UQXVNakkxTGpJd015NDJNZz09fGYyMWI3MDMzODRmNWMwOGIyZjE5MzBhMmYzZTYwMDNhZjFmYmFkMDE4YWIyNDc5YzI2MDUwZTQ3ZmIxMDI0NzM&pnr=2&saml=true does not contains rfconsultantevents

	at com.rf.core.utils.SoftAssert.assertAll(SoftAssert.java:56)
	at com.rf.test.website.LSD.LSDLinkTests.testVerifyLinkConsultantLEDEvents_1448(LSDLinkTests.java:121)
... Removed 24 stack frames]]>
    </failure>
  </testcase> <!-- testVerifyLinkConsultantLEDEvents_1448 -->
  <testcase name="testVerifyLinkCorporateEvents_1449q" time="6.596" classname="com.rf.test.website.LSD.LSDLinkTests">
    <failure type="java.lang.AssertionError" message="1.Current URL : https://safe.menlosecurity.com/safeview-auth-server/proxy_auth?url=aHR0cHM6Ly93d3cucmVnLnJvZGFuYW5kZmllbGRzZXZlbnRzLmNvbS9laG9tZS9pbmRleC5waHA_ZXZlbnRpZD0yMjEwMTI&amp;amp;ip=MnwxOjB8MTA6MTUxOTg2NDY4MXwyOmlwfDIwOk5UQXVNakkxTGpJd015NDJNZz09fGQ5NmYyZmQ1YWU5NWEzOWU0NmY5MzRiMWFmNjU2NjI3NTVhNWRiZjc5MWVkMzU4MzBmZWJiNTQyZGZkMjAyNjM&amp;amp;pnr=2&amp;amp;saml=true does not contains rodanandfieldsevents
">
      <![CDATA[java.lang.AssertionError: 1.Current URL : https://safe.menlosecurity.com/safeview-auth-server/proxy_auth?url=aHR0cHM6Ly93d3cucmVnLnJvZGFuYW5kZmllbGRzZXZlbnRzLmNvbS9laG9tZS9pbmRleC5waHA_ZXZlbnRpZD0yMjEwMTI&ip=MnwxOjB8MTA6MTUxOTg2NDY4MXwyOmlwfDIwOk5UQXVNakkxTGpJd015NDJNZz09fGQ5NmYyZmQ1YWU5NWEzOWU0NmY5MzRiMWFmNjU2NjI3NTVhNWRiZjc5MWVkMzU4MzBmZWJiNTQyZGZkMjAyNjM&pnr=2&saml=true does not contains rodanandfieldsevents

	at com.rf.core.utils.SoftAssert.assertAll(SoftAssert.java:56)
	at com.rf.test.website.LSD.LSDLinkTests.testVerifyLinkCorporateEvents_1449q(LSDLinkTests.java:136)
... Removed 24 stack frames]]>
    </failure>
  </testcase> <!-- testVerifyLinkCorporateEvents_1449q -->
  <testcase name="testVerifyLinkCorporateEvents_1449q" time="6.589" classname="com.rf.test.website.LSD.LSDLinkTests">
    <failure type="java.lang.AssertionError" message="1.Current URL : https://safe.menlosecurity.com/safeview-auth-server/proxy_auth?url=aHR0cHM6Ly93d3cucmVnLnJvZGFuYW5kZmllbGRzZXZlbnRzLmNvbS9laG9tZS9pbmRleC5waHA_ZXZlbnRpZD0yMjEwMTI&amp;amp;ip=MnwxOjB8MTA6MTUxOTg2NDcwMnwyOmlwfDIwOk5UQXVNakkxTGpJd015NDJNZz09fDRlNDMzZjZlODU2MjYzMTdhOGFkN2NhYTM2MjBjOTY5NWNmMjZiNjZlN2YzYzE0ODU5YzJiYmQzYWNkYmM2M2M&amp;amp;pnr=2&amp;amp;saml=true does not contains rodanandfieldsevents
">
      <![CDATA[java.lang.AssertionError: 1.Current URL : https://safe.menlosecurity.com/safeview-auth-server/proxy_auth?url=aHR0cHM6Ly93d3cucmVnLnJvZGFuYW5kZmllbGRzZXZlbnRzLmNvbS9laG9tZS9pbmRleC5waHA_ZXZlbnRpZD0yMjEwMTI&ip=MnwxOjB8MTA6MTUxOTg2NDcwMnwyOmlwfDIwOk5UQXVNakkxTGpJd015NDJNZz09fDRlNDMzZjZlODU2MjYzMTdhOGFkN2NhYTM2MjBjOTY5NWNmMjZiNjZlN2YzYzE0ODU5YzJiYmQzYWNkYmM2M2M&pnr=2&saml=true does not contains rodanandfieldsevents

	at com.rf.core.utils.SoftAssert.assertAll(SoftAssert.java:56)
	at com.rf.test.website.LSD.LSDLinkTests.testVerifyLinkCorporateEvents_1449q(LSDLinkTests.java:136)
... Removed 24 stack frames]]>
    </failure>
  </testcase> <!-- testVerifyLinkCorporateEvents_1449q -->
  <testcase name="testVerifyLinkGettingStarted_1450q" time="7.259" classname="com.rf.test.website.LSD.LSDLinkTests"/>
  <testcase name="test2InitialIcon_2547q" time="0.116" classname="com.rf.test.website.LSD.LSDTests"/>
  <testcase name="testCRPAutoshipProcessedInPastForThismonth_2522q" time="8.321" classname="com.rf.test.website.LSD.LSDTests">
    <failure type="java.lang.AssertionError" message="1.User is enrolled in CRP
">
      <![CDATA[java.lang.AssertionError: 1.User is enrolled in CRP

	at com.rf.core.utils.SoftAssert.assertAll(SoftAssert.java:56)
	at com.rf.test.website.LSD.LSDTests.testCRPAutoshipProcessedInPastForThismonth_2522q(LSDTests.java:1614)
... Removed 24 stack frames]]>
    </failure>
  </testcase> <!-- testCRPAutoshipProcessedInPastForThismonth_2522q -->
  <testcase name="testCRPAutoshipProcessedInPastForThismonth_2522q" time="10.224" classname="com.rf.test.website.LSD.LSDTests">
    <failure type="java.lang.AssertionError" message="1.User is enrolled in CRP
">
      <![CDATA[java.lang.AssertionError: 1.User is enrolled in CRP

	at com.rf.core.utils.SoftAssert.assertAll(SoftAssert.java:56)
	at com.rf.test.website.LSD.LSDTests.testCRPAutoshipProcessedInPastForThismonth_2522q(LSDTests.java:1614)
... Removed 24 stack frames]]>
    </failure>
  </testcase> <!-- testCRPAutoshipProcessedInPastForThismonth_2522q -->
  <testcase name="testColorOfPSQVValueAndPSQVRingEqualsTo0_2470q" time="88.773" classname="com.rf.test.website.LSD.LSDTests">
    <failure type="java.lang.AssertionError" message="1.Expected color of for PSQV ring is not red

 1.Expected color of number for PSQV is rgb(242, 102, 49) but actual on UI iscolor: rgb(84, 185, 72);
">
      <![CDATA[java.lang.AssertionError: 1.Expected color of for PSQV ring is not red

 1.Expected color of number for PSQV is rgb(242, 102, 49) but actual on UI iscolor: rgb(84, 185, 72);

	at com.rf.core.utils.SoftAssert.assertAll(SoftAssert.java:56)
	at com.rf.test.website.LSD.LSDTests.testColorOfPSQVValueAndPSQVRingEqualsTo0_2470q(LSDTests.java:1356)
... Removed 24 stack frames]]>
    </failure>
  </testcase> <!-- testColorOfPSQVValueAndPSQVRingEqualsTo0_2470q -->
  <testcase name="testColorOfPSQVValueAndPSQVRingEqualsTo0_2470q" time="9.487" classname="com.rf.test.website.LSD.LSDTests"/>
  <testcase name="testColorOfPSQVValueAndPSQVRingGreaterThan600_3128q" time="8.211" classname="com.rf.test.website.LSD.LSDTests"/>
  <testcase name="testColorOfPSQVValueAndPSQVRingLessThan600_3127q" time="11.474" classname="com.rf.test.website.LSD.LSDTests"/>
  <testcase name="testColorOfSVValueAndSVRingForEqualsTo0_2469q" time="9.246" classname="com.rf.test.website.LSD.LSDTests"/>
  <testcase name="testColorOfSVValueAndSVRingGreaterThan100_3125q" time="10.012" classname="com.rf.test.website.LSD.LSDTests"/>
  <testcase name="testColorOfSVValueAndSVRingLessThan100_3126q" time="8.609" classname="com.rf.test.website.LSD.LSDTests"/>
  <testcase name="testConsultantOverviewDetails_2420q" time="0.486" classname="com.rf.test.website.LSD.LSDTests"/>
  <testcase name="testConsultantsOnMyLevel1Value_2539q" time="11.708" classname="com.rf.test.website.LSD.LSDTests">
    <failure type="java.lang.AssertionError" message="1.Expected count of consultant at team page is 7 but actual on UI is 
">
      <![CDATA[java.lang.AssertionError: 1.Expected count of consultant at team page is 7 but actual on UI is 

	at com.rf.core.utils.SoftAssert.assertAll(SoftAssert.java:56)
	at com.rf.test.website.LSD.LSDTests.testConsultantsOnMyLevel1Value_2539q(LSDTests.java:1000)
... Removed 24 stack frames]]>
    </failure>
  </testcase> <!-- testConsultantsOnMyLevel1Value_2539q -->
  <testcase name="testConsultantsOnMyLevel1Value_2539q" time="9.615" classname="com.rf.test.website.LSD.LSDTests">
    <failure type="java.lang.AssertionError" message="1.Expected count of consultant at team page is 7 but actual on UI is 
">
      <![CDATA[java.lang.AssertionError: 1.Expected count of consultant at team page is 7 but actual on UI is 

	at com.rf.core.utils.SoftAssert.assertAll(SoftAssert.java:56)
	at com.rf.test.website.LSD.LSDTests.testConsultantsOnMyLevel1Value_2539q(LSDTests.java:1000)
... Removed 24 stack frames]]>
    </failure>
  </testcase> <!-- testConsultantsOnMyLevel1Value_2539q -->
  <testcase name="testCurrentProgressEstSVValue_2467q" time="3.535" classname="com.rf.test.website.LSD.LSDTests">
    <failure type="java.lang.AssertionError" message="1.Expected SV is 48527.0000 but actual on UI is 47204
">
      <![CDATA[java.lang.AssertionError: 1.Expected SV is 48527.0000 but actual on UI is 47204

	at com.rf.core.utils.SoftAssert.assertAll(SoftAssert.java:56)
	at com.rf.test.website.LSD.LSDTests.testCurrentProgressEstSVValue_2467q(LSDTests.java:1221)
... Removed 24 stack frames]]>
    </failure>
  </testcase> <!-- testCurrentProgressEstSVValue_2467q -->
  <testcase name="testCurrentProgressEstSVValue_2467q" time="1.633" classname="com.rf.test.website.LSD.LSDTests">
    <failure type="java.lang.AssertionError" message="1.Expected SV is 48527.0000 but actual on UI is 47204
">
      <![CDATA[java.lang.AssertionError: 1.Expected SV is 48527.0000 but actual on UI is 47204

	at com.rf.core.utils.SoftAssert.assertAll(SoftAssert.java:56)
	at com.rf.test.website.LSD.LSDTests.testCurrentProgressEstSVValue_2467q(LSDTests.java:1221)
... Removed 24 stack frames]]>
    </failure>
  </testcase> <!-- testCurrentProgressEstSVValue_2467q -->
  <testcase name="testDeactivatedPCCardDetails_2988q" time="42.967" classname="com.rf.test.website.LSD.LSDTests">
    <failure type="java.lang.AssertionError" message="1.Expected last name is Henderson but actual on UI is 

 1.Expected first name is Jeanette but actual on UI is 
">
      <![CDATA[java.lang.AssertionError: 1.Expected last name is Henderson but actual on UI is 

 1.Expected first name is Jeanette but actual on UI is 

	at com.rf.core.utils.SoftAssert.assertAll(SoftAssert.java:56)
	at com.rf.test.website.LSD.LSDTests.testDeactivatedPCCardDetails_2988q(LSDTests.java:1524)
... Removed 24 stack frames]]>
    </failure>
  </testcase> <!-- testDeactivatedPCCardDetails_2988q -->
  <testcase name="testDeactivatedPCCardDetails_2988q" time="37.339" classname="com.rf.test.website.LSD.LSDTests">
    <failure type="java.lang.AssertionError" message="1.Expected first name is Jennifer but actual on UI is 

 1.Expected last name is Newman but actual on UI is 
">
      <![CDATA[java.lang.AssertionError: 1.Expected first name is Jennifer but actual on UI is 

 1.Expected last name is Newman but actual on UI is 

	at com.rf.core.utils.SoftAssert.assertAll(SoftAssert.java:56)
	at com.rf.test.website.LSD.LSDTests.testDeactivatedPCCardDetails_2988q(LSDTests.java:1524)
... Removed 24 stack frames]]>
    </failure>
  </testcase> <!-- testDeactivatedPCCardDetails_2988q -->
  <testcase name="testDownlineReportLink_2561q" time="49.334" classname="com.rf.test.website.LSD.LSDTests"/>
  <testcase name="testECLegsValue_2476q" time="5.127" classname="com.rf.test.website.LSD.LSDTests"/>
  <testcase name="testEarningsStatementsReportLink_2562q" time="2.111" classname="com.rf.test.website.LSD.LSDTests"/>
  <testcase name="testEnrollmentDate_2545q_2626q" time="0.249" classname="com.rf.test.website.LSD.LSDTests"/>
  <testcase name="testEnrollmentSponsor_2535q" time="42.302" classname="com.rf.test.website.LSD.LSDTests"/>
  <testcase name="testEstPSQVValue_2468q" time="2.605" classname="com.rf.test.website.LSD.LSDTests">
    <failure type="java.lang.AssertionError" message="1.Expected PSQV is 254806.0000 but actual on UI is 255672
">
      <![CDATA[java.lang.AssertionError: 1.Expected PSQV is 254806.0000 but actual on UI is 255672

	at com.rf.core.utils.SoftAssert.assertAll(SoftAssert.java:56)
	at com.rf.test.website.LSD.LSDTests.testEstPSQVValue_2468q(LSDTests.java:1208)
... Removed 24 stack frames]]>
    </failure>
  </testcase> <!-- testEstPSQVValue_2468q -->
  <testcase name="testEstPSQVValue_2468q" time="3.013" classname="com.rf.test.website.LSD.LSDTests">
    <failure type="java.lang.AssertionError" message="1.Expected PSQV is 254806.0000 but actual on UI is 255672
">
      <![CDATA[java.lang.AssertionError: 1.Expected PSQV is 254806.0000 but actual on UI is 255672

	at com.rf.core.utils.SoftAssert.assertAll(SoftAssert.java:56)
	at com.rf.test.website.LSD.LSDTests.testEstPSQVValue_2468q(LSDTests.java:1208)
... Removed 24 stack frames]]>
    </failure>
  </testcase> <!-- testEstPSQVValue_2468q -->
  <testcase name="testFullNameFromCard_2634q" time="0.181" classname="com.rf.test.website.LSD.LSDTests"/>
  <testcase name="testGreetingAndFirstName_2546q" time="0.194" classname="com.rf.test.website.LSD.LSDTests"/>
  <testcase name="testL1L2QualifyingVolumeValue_2418q" time="0.064" classname="com.rf.test.website.LSD.LSDTests"/>
  <testcase name="testL1L2QualifyingVolumeValue_2541q" time="0.057" classname="com.rf.test.website.LSD.LSDTests"/>
  <testcase name="testL1L6QualifyingVolumeValue_2419q" time="0.059" classname="com.rf.test.website.LSD.LSDTests"/>
  <testcase name="testL1L6QualifyingVolumeValue_2542q" time="0.485" classname="com.rf.test.website.LSD.LSDTests">
    <failure type="java.lang.AssertionError" message="1.Expected L1-L6 qualifying volume is713863.0000 actual on UI is 717314
">
      <![CDATA[java.lang.AssertionError: 1.Expected L1-L6 qualifying volume is713863.0000 actual on UI is 717314

	at com.rf.core.utils.SoftAssert.assertAll(SoftAssert.java:56)
	at com.rf.test.website.LSD.LSDTests.testL1L6QualifyingVolumeValue_2542q(LSDTests.java:1069)
... Removed 24 stack frames]]>
    </failure>
  </testcase> <!-- testL1L6QualifyingVolumeValue_2542q -->
  <testcase name="testL1L6QualifyingVolumeValue_2542q" time="0.446" classname="com.rf.test.website.LSD.LSDTests">
    <failure type="java.lang.AssertionError" message="1.Expected L1-L6 qualifying volume is713863.0000 actual on UI is 717314
">
      <![CDATA[java.lang.AssertionError: 1.Expected L1-L6 qualifying volume is713863.0000 actual on UI is 717314

	at com.rf.core.utils.SoftAssert.assertAll(SoftAssert.java:56)
	at com.rf.test.website.LSD.LSDTests.testL1L6QualifyingVolumeValue_2542q(LSDTests.java:1069)
... Removed 24 stack frames]]>
    </failure>
  </testcase> <!-- testL1L6QualifyingVolumeValue_2542q -->
  <testcase name="testPCAutoshipsThisMonthValue_2537q" time="23.947" classname="com.rf.test.website.LSD.LSDTests">
    <failure type="java.lang.AssertionError" message="1.Expected count of PC is 6500 but actual on UI is 

 1.Expected count of consultant at team page is 6500 but actual on UI is 0
">
      <![CDATA[java.lang.AssertionError: 1.Expected count of PC is 6500 but actual on UI is 

 1.Expected count of consultant at team page is 6500 but actual on UI is 0

	at com.rf.core.utils.SoftAssert.assertAll(SoftAssert.java:56)
	at com.rf.test.website.LSD.LSDTests.testPCAutoshipsThisMonthValue_2537q(LSDTests.java:1019)
... Removed 24 stack frames]]>
    </failure>
  </testcase> <!-- testPCAutoshipsThisMonthValue_2537q -->
  <testcase name="testPCAutoshipsThisMonthValue_2537q" time="2.609" classname="com.rf.test.website.LSD.LSDTests">
    <failure type="java.lang.AssertionError" message="1.Expected count of PC is 6500 but actual on UI is 

 1.Expected count of consultant at team page is 6500 but actual on UI is 0
">
      <![CDATA[java.lang.AssertionError: 1.Expected count of PC is 6500 but actual on UI is 

 1.Expected count of consultant at team page is 6500 but actual on UI is 0

	at com.rf.core.utils.SoftAssert.assertAll(SoftAssert.java:56)
	at com.rf.test.website.LSD.LSDTests.testPCAutoshipsThisMonthValue_2537q(LSDTests.java:1019)
... Removed 24 stack frames]]>
    </failure>
  </testcase> <!-- testPCAutoshipsThisMonthValue_2537q -->
  <testcase name="testPCWithOrdersValue_2536q" time="21.44" classname="com.rf.test.website.LSD.LSDTests">
    <failure type="java.lang.AssertionError" message="1.Expected count of PC with orders 1742 but actual on UI is 
">
      <![CDATA[java.lang.AssertionError: 1.Expected count of PC with orders 1742 but actual on UI is 

	at com.rf.core.utils.SoftAssert.assertAll(SoftAssert.java:56)
	at com.rf.test.website.LSD.LSDTests.testPCWithOrdersValue_2536q(LSDTests.java:1594)
... Removed 24 stack frames]]>
    </failure>
  </testcase> <!-- testPCWithOrdersValue_2536q -->
  <testcase name="testPCWithOrdersValue_2536q" time="24.419" classname="com.rf.test.website.LSD.LSDTests">
    <failure type="java.lang.AssertionError" message="1.Expected count of PC with orders 1742 but actual on UI is 
">
      <![CDATA[java.lang.AssertionError: 1.Expected count of PC with orders 1742 but actual on UI is 

	at com.rf.core.utils.SoftAssert.assertAll(SoftAssert.java:56)
	at com.rf.test.website.LSD.LSDTests.testPCWithOrdersValue_2536q(LSDTests.java:1594)
... Removed 24 stack frames]]>
    </failure>
  </testcase> <!-- testPCWithOrdersValue_2536q -->
  <testcase name="testPSQVValueFromCard_2635q" time="0.124" classname="com.rf.test.website.LSD.LSDTests"/>
  <testcase name="testPSQVValue_2395q" time="0.052" classname="com.rf.test.website.LSD.LSDTests"/>
  <testcase name="testPendingPCAutoships_3017q" time="56.272" classname="com.rf.test.website.LSD.LSDTests">
    <failure type="java.lang.AssertionError" message="1.Expected count of orders pcs are1142but actual on UI is 0
">
      <![CDATA[java.lang.AssertionError: 1.Expected count of orders pcs are1142but actual on UI is 0

	at com.rf.core.utils.SoftAssert.assertAll(SoftAssert.java:56)
	at com.rf.test.website.LSD.LSDTests.testPendingPCAutoships_3017q(LSDTests.java:1478)
... Removed 24 stack frames]]>
    </failure>
  </testcase> <!-- testPendingPCAutoships_3017q -->
  <testcase name="testPendingPCAutoships_3017q" time="86.875" classname="com.rf.test.website.LSD.LSDTests">
    <failure type="org.openqa.selenium.NoSuchElementException" message="no such element: Unable to locate element: {&amp;quot;method&amp;quot;:&amp;quot;xpath&amp;quot;,&amp;quot;selector&amp;quot;:&amp;quot;//h1[contains(text(),&amp;apos;orders next month&amp;apos;)]/preceding::span[1]&amp;quot;}
  (Session info: chrome=64.0.3282.186)
  (Driver info: chromedriver=2.33.506120 (e3e53437346286c0bc2d2dc9aa4915ba81d9023f),platform=Windows NT 10.0.10586 x86_64) (WARNING: The server did not provide any stacktrace information)
Command duration or timeout: 0 milliseconds
For documentation on this error, please visit: http://seleniumhq.org/exceptions/no_such_element.html
Build info: version: &amp;apos;3.7.1&amp;apos;, revision: &amp;apos;8a0099a&amp;apos;, time: &amp;apos;2017-11-06T21:01:39.354Z&amp;apos;
System info: host: &amp;apos;LD-4V2P3G2&amp;apos;, ip: &amp;apos;10.6.64.235&amp;apos;, os.name: &amp;apos;Windows 10&amp;apos;, os.arch: &amp;apos;amd64&amp;apos;, os.version: &amp;apos;10.0&amp;apos;, java.version: &amp;apos;1.8.0_161&amp;apos;
Driver info: org.openqa.selenium.chrome.ChromeDriver
Capabilities {acceptSslCerts: true, applicationCacheEnabled: false, browserConnectionEnabled: false, browserName: chrome, chrome: {chromedriverVersion: 2.33.506120 (e3e53437346286..., userDataDir: C:\Users\BPKOTA~1\AppData\L...}, cssSelectorsEnabled: true, databaseEnabled: false, handlesAlerts: true, hasTouchScreen: false, javascriptEnabled: true, locationContextEnabled: true, mobileEmulationEnabled: false, nativeEvents: true, networkConnectionEnabled: false, pageLoadStrategy: normal, platform: XP, platformName: XP, rotatable: false, setWindowRect: true, takesHeapSnapshot: true, takesScreenshot: true, unexpectedAlertBehaviour: , unhandledPromptBehavior: , version: 64.0.3282.186, webStorageEnabled: true}
Session ID: 230a6ed8622f5ae4d1efbd3535b0d915
*** Element info: {Using=xpath, value=//h1[contains(text(),&amp;apos;orders next month&amp;apos;)]/preceding::span[1]}">
      <![CDATA[org.openqa.selenium.NoSuchElementException: no such element: Unable to locate element: {"method":"xpath","selector":"//h1[contains(text(),'orders next month')]/preceding::span[1]"}
  (Session info: chrome=64.0.3282.186)
  (Driver info: chromedriver=2.33.506120 (e3e53437346286c0bc2d2dc9aa4915ba81d9023f),platform=Windows NT 10.0.10586 x86_64) (WARNING: The server did not provide any stacktrace information)
Command duration or timeout: 0 milliseconds
For documentation on this error, please visit: http://seleniumhq.org/exceptions/no_such_element.html
Build info: version: '3.7.1', revision: '8a0099a', time: '2017-11-06T21:01:39.354Z'
System info: host: 'LD-4V2P3G2', ip: '10.6.64.235', os.name: 'Windows 10', os.arch: 'amd64', os.version: '10.0', java.version: '1.8.0_161'
Driver info: org.openqa.selenium.chrome.ChromeDriver
Capabilities {acceptSslCerts: true, applicationCacheEnabled: false, browserConnectionEnabled: false, browserName: chrome, chrome: {chromedriverVersion: 2.33.506120 (e3e53437346286..., userDataDir: C:\Users\BPKOTA~1\AppData\L...}, cssSelectorsEnabled: true, databaseEnabled: false, handlesAlerts: true, hasTouchScreen: false, javascriptEnabled: true, locationContextEnabled: true, mobileEmulationEnabled: false, nativeEvents: true, networkConnectionEnabled: false, pageLoadStrategy: normal, platform: XP, platformName: XP, rotatable: false, setWindowRect: true, takesHeapSnapshot: true, takesScreenshot: true, unexpectedAlertBehaviour: , unhandledPromptBehavior: , version: 64.0.3282.186, webStorageEnabled: true}
Session ID: 230a6ed8622f5ae4d1efbd3535b0d915
*** Element info: {Using=xpath, value=//h1[contains(text(),'orders next month')]/preceding::span[1]}
	at org.openqa.selenium.remote.ErrorHandler.createThrowable(ErrorHandler.java:214)
	at org.openqa.selenium.remote.ErrorHandler.throwIfResponseFailed(ErrorHandler.java:166)
	at org.openqa.selenium.remote.http.JsonHttpResponseCodec.reconstructValue(JsonHttpResponseCodec.java:40)
	at org.openqa.selenium.remote.http.AbstractHttpResponseCodec.decode(AbstractHttpResponseCodec.java:80)
	at org.openqa.selenium.remote.http.AbstractHttpResponseCodec.decode(AbstractHttpResponseCodec.java:44)
	at org.openqa.selenium.remote.HttpCommandExecutor.execute(HttpCommandExecutor.java:164)
	at org.openqa.selenium.remote.service.DriverCommandExecutor.execute(DriverCommandExecutor.java:83)
	at org.openqa.selenium.remote.RemoteWebDriver.execute(RemoteWebDriver.java:600)
	at org.openqa.selenium.remote.RemoteWebDriver.findElement(RemoteWebDriver.java:370)
	at org.openqa.selenium.remote.RemoteWebDriver.findElementByXPath(RemoteWebDriver.java:472)
	at org.openqa.selenium.By$ByXPath.findElement(By.java:361)
	at org.openqa.selenium.remote.RemoteWebDriver.findElement(RemoteWebDriver.java:362)
	at com.rf.core.driver.website.RFWebsiteDriver.findElement(RFWebsiteDriver.java:885)
	at com.rf.core.driver.website.RFWebsiteDriver.getText(RFWebsiteDriver.java:974)
	at com.rf.pages.website.LSD.LSDCustomerPage.getCountOfPCOrdersForNextMonthFromHeader(LSDCustomerPage.java:285)
	at com.rf.test.website.LSD.LSDTests.testPendingPCAutoships_3017q(LSDTests.java:1476)
... Removed 27 stack frames]]>
    </failure>
  </testcase> <!-- testPendingPCAutoships_3017q -->
  <testcase name="testPendingPCAutoships_3017q_3353q" time="56.165" classname="com.rf.test.website.LSD.LSDTests">
    <failure type="java.lang.AssertionError" message="1.Expected count of orders pcs are1142but actual on UI is 0
">
      <![CDATA[java.lang.AssertionError: 1.Expected count of orders pcs are1142but actual on UI is 0

	at com.rf.core.utils.SoftAssert.assertAll(SoftAssert.java:56)
	at com.rf.test.website.LSD.LSDTests.testPendingPCAutoships_3017q_3353q(LSDTests.java:1546)
... Removed 24 stack frames]]>
    </failure>
  </testcase> <!-- testPendingPCAutoships_3017q_3353q -->
  <testcase name="testPendingPCAutoships_3017q_3353q" time="86.163" classname="com.rf.test.website.LSD.LSDTests">
    <failure type="org.openqa.selenium.NoSuchElementException" message="no such element: Unable to locate element: {&amp;quot;method&amp;quot;:&amp;quot;xpath&amp;quot;,&amp;quot;selector&amp;quot;:&amp;quot;//h1[contains(text(),&amp;apos;orders next month&amp;apos;)]/preceding::span[1]&amp;quot;}
  (Session info: chrome=64.0.3282.186)
  (Driver info: chromedriver=2.33.506120 (e3e53437346286c0bc2d2dc9aa4915ba81d9023f),platform=Windows NT 10.0.10586 x86_64) (WARNING: The server did not provide any stacktrace information)
Command duration or timeout: 0 milliseconds
For documentation on this error, please visit: http://seleniumhq.org/exceptions/no_such_element.html
Build info: version: &amp;apos;3.7.1&amp;apos;, revision: &amp;apos;8a0099a&amp;apos;, time: &amp;apos;2017-11-06T21:01:39.354Z&amp;apos;
System info: host: &amp;apos;LD-4V2P3G2&amp;apos;, ip: &amp;apos;10.6.64.235&amp;apos;, os.name: &amp;apos;Windows 10&amp;apos;, os.arch: &amp;apos;amd64&amp;apos;, os.version: &amp;apos;10.0&amp;apos;, java.version: &amp;apos;1.8.0_161&amp;apos;
Driver info: org.openqa.selenium.chrome.ChromeDriver
Capabilities {acceptSslCerts: true, applicationCacheEnabled: false, browserConnectionEnabled: false, browserName: chrome, chrome: {chromedriverVersion: 2.33.506120 (e3e53437346286..., userDataDir: C:\Users\BPKOTA~1\AppData\L...}, cssSelectorsEnabled: true, databaseEnabled: false, handlesAlerts: true, hasTouchScreen: false, javascriptEnabled: true, locationContextEnabled: true, mobileEmulationEnabled: false, nativeEvents: true, networkConnectionEnabled: false, pageLoadStrategy: normal, platform: XP, platformName: XP, rotatable: false, setWindowRect: true, takesHeapSnapshot: true, takesScreenshot: true, unexpectedAlertBehaviour: , unhandledPromptBehavior: , version: 64.0.3282.186, webStorageEnabled: true}
Session ID: 230a6ed8622f5ae4d1efbd3535b0d915
*** Element info: {Using=xpath, value=//h1[contains(text(),&amp;apos;orders next month&amp;apos;)]/preceding::span[1]}">
      <![CDATA[org.openqa.selenium.NoSuchElementException: no such element: Unable to locate element: {"method":"xpath","selector":"//h1[contains(text(),'orders next month')]/preceding::span[1]"}
  (Session info: chrome=64.0.3282.186)
  (Driver info: chromedriver=2.33.506120 (e3e53437346286c0bc2d2dc9aa4915ba81d9023f),platform=Windows NT 10.0.10586 x86_64) (WARNING: The server did not provide any stacktrace information)
Command duration or timeout: 0 milliseconds
For documentation on this error, please visit: http://seleniumhq.org/exceptions/no_such_element.html
Build info: version: '3.7.1', revision: '8a0099a', time: '2017-11-06T21:01:39.354Z'
System info: host: 'LD-4V2P3G2', ip: '10.6.64.235', os.name: 'Windows 10', os.arch: 'amd64', os.version: '10.0', java.version: '1.8.0_161'
Driver info: org.openqa.selenium.chrome.ChromeDriver
Capabilities {acceptSslCerts: true, applicationCacheEnabled: false, browserConnectionEnabled: false, browserName: chrome, chrome: {chromedriverVersion: 2.33.506120 (e3e53437346286..., userDataDir: C:\Users\BPKOTA~1\AppData\L...}, cssSelectorsEnabled: true, databaseEnabled: false, handlesAlerts: true, hasTouchScreen: false, javascriptEnabled: true, locationContextEnabled: true, mobileEmulationEnabled: false, nativeEvents: true, networkConnectionEnabled: false, pageLoadStrategy: normal, platform: XP, platformName: XP, rotatable: false, setWindowRect: true, takesHeapSnapshot: true, takesScreenshot: true, unexpectedAlertBehaviour: , unhandledPromptBehavior: , version: 64.0.3282.186, webStorageEnabled: true}
Session ID: 230a6ed8622f5ae4d1efbd3535b0d915
*** Element info: {Using=xpath, value=//h1[contains(text(),'orders next month')]/preceding::span[1]}
	at org.openqa.selenium.remote.ErrorHandler.createThrowable(ErrorHandler.java:214)
	at org.openqa.selenium.remote.ErrorHandler.throwIfResponseFailed(ErrorHandler.java:166)
	at org.openqa.selenium.remote.http.JsonHttpResponseCodec.reconstructValue(JsonHttpResponseCodec.java:40)
	at org.openqa.selenium.remote.http.AbstractHttpResponseCodec.decode(AbstractHttpResponseCodec.java:80)
	at org.openqa.selenium.remote.http.AbstractHttpResponseCodec.decode(AbstractHttpResponseCodec.java:44)
	at org.openqa.selenium.remote.HttpCommandExecutor.execute(HttpCommandExecutor.java:164)
	at org.openqa.selenium.remote.service.DriverCommandExecutor.execute(DriverCommandExecutor.java:83)
	at org.openqa.selenium.remote.RemoteWebDriver.execute(RemoteWebDriver.java:600)
	at org.openqa.selenium.remote.RemoteWebDriver.findElement(RemoteWebDriver.java:370)
	at org.openqa.selenium.remote.RemoteWebDriver.findElementByXPath(RemoteWebDriver.java:472)
	at org.openqa.selenium.By$ByXPath.findElement(By.java:361)
	at org.openqa.selenium.remote.RemoteWebDriver.findElement(RemoteWebDriver.java:362)
	at com.rf.core.driver.website.RFWebsiteDriver.findElement(RFWebsiteDriver.java:885)
	at com.rf.core.driver.website.RFWebsiteDriver.getText(RFWebsiteDriver.java:974)
	at com.rf.pages.website.LSD.LSDCustomerPage.getCountOfPCOrdersForNextMonthFromHeader(LSDCustomerPage.java:285)
	at com.rf.test.website.LSD.LSDTests.testPendingPCAutoships_3017q_3353q(LSDTests.java:1541)
... Removed 27 stack frames]]>
    </failure>
  </testcase> <!-- testPendingPCAutoships_3017q_3353q -->
  <testcase name="testPerformanceSponsorDetails_2534q" time="0.265" classname="com.rf.test.website.LSD.LSDTests"/>
  <testcase name="testProcessedPCAutoships_3015q_3351q" time="79.995" classname="com.rf.test.website.LSD.LSDTests"/>
  <testcase name="testPulseProAutoshipProcessedInPastForThisMonth_2530q_2529q" time="11.082" classname="com.rf.test.website.LSD.LSDTests"/>
  <testcase name="testQualificationTitleC_3217q" time="18.708" classname="com.rf.test.website.LSD.LSDTests"/>
  <testcase name="testQualificationTitleEC_3218q" time="16.816" classname="com.rf.test.website.LSD.LSDTests"/>
  <testcase name="testSVValueFromCard_2634q" time="0.482" classname="com.rf.test.website.LSD.LSDTests">
    <failure type="java.lang.AssertionError" message="1.Expected SV value is47204.0000 actual on UI is 47,204
">
      <![CDATA[java.lang.AssertionError: 1.Expected SV value is47204.0000 actual on UI is 47,204

	at com.rf.core.utils.SoftAssert.assertAll(SoftAssert.java:56)
	at com.rf.test.website.LSD.LSDTests.testSVValueFromCard_2634q(LSDTests.java:1422)
... Removed 24 stack frames]]>
    </failure>
  </testcase> <!-- testSVValueFromCard_2634q -->
  <testcase name="testSVValueFromCard_2634q" time="0.487" classname="com.rf.test.website.LSD.LSDTests">
    <failure type="java.lang.AssertionError" message="1.Expected SV value is47204.0000 actual on UI is 47,204
">
      <![CDATA[java.lang.AssertionError: 1.Expected SV value is47204.0000 actual on UI is 47,204

	at com.rf.core.utils.SoftAssert.assertAll(SoftAssert.java:56)
	at com.rf.test.website.LSD.LSDTests.testSVValueFromCard_2634q(LSDTests.java:1422)
... Removed 24 stack frames]]>
    </failure>
  </testcase> <!-- testSVValueFromCard_2634q -->
  <testcase name="testSVValue_2394q" time="0.054" classname="com.rf.test.website.LSD.LSDTests"/>
  <testcase name="testSolutionToolReportLink_2563q" time="8.212" classname="com.rf.test.website.LSD.LSDTests"/>
  <testcase name="testTitleHistoryPage_2479q" time="7.578" classname="com.rf.test.website.LSD.LSDTests"/>
  <testcase name="testUpcomingOrdersPendingAutoships_2531q" time="5.593" classname="com.rf.test.website.LSD.LSDTests">
    <failure type="java.lang.AssertionError" message="1.No upcoming order text is present
">
      <![CDATA[java.lang.AssertionError: 1.No upcoming order text is present

	at com.rf.core.utils.SoftAssert.assertAll(SoftAssert.java:56)
	at com.rf.test.website.LSD.LSDTests.testUpcomingOrdersPendingAutoships_2531q(LSDTests.java:1039)
... Removed 24 stack frames]]>
    </failure>
  </testcase> <!-- testUpcomingOrdersPendingAutoships_2531q -->
  <testcase name="testUpcomingOrdersPendingAutoships_2531q" time="5.627" classname="com.rf.test.website.LSD.LSDTests">
    <failure type="java.lang.AssertionError" message="1.No upcoming order text is present
">
      <![CDATA[java.lang.AssertionError: 1.No upcoming order text is present

	at com.rf.core.utils.SoftAssert.assertAll(SoftAssert.java:56)
	at com.rf.test.website.LSD.LSDTests.testUpcomingOrdersPendingAutoships_2531q(LSDTests.java:1039)
... Removed 24 stack frames]]>
    </failure>
  </testcase> <!-- testUpcomingOrdersPendingAutoships_2531q -->
  <testcase name="testVerifyRFLinkForLevelECIVOrMore_2956q" time="153.192" classname="com.rf.test.website.LSD.LSDTests">
    <failure type="org.springframework.dao.DataIntegrityViolationException" message="StatementCallback; SQL [select EmailAddress from RFO_Accounts.AccountContacts acTB INNER JOIN RFO_Accounts.AccountEmails aeTB  on acTB.AccountContactId=aeTB.AccountContactId INNER JOIN RFO_Accounts.EmailAddresses aEMTB on aeTB.EmailAddressID=aEMTB.EmailAddressID WHERE acTB.AccountID=&amp;apos;null&amp;apos; and aEMTB.EmailAddressTypeID=1 ]; Error converting data type varchar to bigint.; nested exception is com.microsoft.sqlserver.jdbc.SQLServerException: Error converting data type varchar to bigint.">
      <![CDATA[org.springframework.dao.DataIntegrityViolationException: StatementCallback; SQL [select EmailAddress from RFO_Accounts.AccountContacts acTB INNER JOIN RFO_Accounts.AccountEmails aeTB  on acTB.AccountContactId=aeTB.AccountContactId INNER JOIN RFO_Accounts.EmailAddresses aEMTB on aeTB.EmailAddressID=aEMTB.EmailAddressID WHERE acTB.AccountID='null' and aEMTB.EmailAddressTypeID=1 ]; Error converting data type varchar to bigint.; nested exception is com.microsoft.sqlserver.jdbc.SQLServerException: Error converting data type varchar to bigint.
Caused by: com.microsoft.sqlserver.jdbc.SQLServerException: Error converting data type varchar to bigint.
	at com.microsoft.sqlserver.jdbc.SQLServerException.makeFromDatabaseError(SQLServerException.java:196)
	at com.microsoft.sqlserver.jdbc.SQLServerResultSet$FetchBuffer.nextRow(SQLServerResultSet.java:4700)
	at com.microsoft.sqlserver.jdbc.SQLServerResultSet.fetchBufferNext(SQLServerResultSet.java:1683)
	at com.microsoft.sqlserver.jdbc.SQLServerResultSet.next(SQLServerResultSet.java:956)
	at org.springframework.jdbc.core.RowMapperResultSetExtractor.extractData(RowMapperResultSetExtractor.java:91)
	at org.springframework.jdbc.core.JdbcTemplate$1QueryStatementCallback.doInStatement(JdbcTemplate.java:394)
	at org.springframework.jdbc.core.JdbcTemplate.execute(JdbcTemplate.java:342)
	at org.springframework.jdbc.core.JdbcTemplate.query(JdbcTemplate.java:404)
	at org.springframework.jdbc.core.JdbcTemplate.query(JdbcTemplate.java:412)
	at com.rf.core.utils.DBUtil.performDatabaseQuery(DBUtil.java:80)
	at com.rf.test.website.LSD.LSDTests.testVerifyRFLinkForLevelECIVOrMore_2956q(LSDTests.java:1181)
... Removed 24 stack frames]]>
    </failure>
  </testcase> <!-- testVerifyRFLinkForLevelECIVOrMore_2956q -->
  <testcase name="testVerifyRFLinkForLevelECIVOrMore_2956q" time="50.706" classname="com.rf.test.website.LSD.LSDTests">
    <failure type="org.springframework.dao.DataIntegrityViolationException" message="StatementCallback; SQL [select EmailAddress from RFO_Accounts.AccountContacts acTB INNER JOIN RFO_Accounts.AccountEmails aeTB  on acTB.AccountContactId=aeTB.AccountContactId INNER JOIN RFO_Accounts.EmailAddresses aEMTB on aeTB.EmailAddressID=aEMTB.EmailAddressID WHERE acTB.AccountID=&amp;apos;null&amp;apos; and aEMTB.EmailAddressTypeID=1 ]; Error converting data type varchar to bigint.; nested exception is com.microsoft.sqlserver.jdbc.SQLServerException: Error converting data type varchar to bigint.">
      <![CDATA[org.springframework.dao.DataIntegrityViolationException: StatementCallback; SQL [select EmailAddress from RFO_Accounts.AccountContacts acTB INNER JOIN RFO_Accounts.AccountEmails aeTB  on acTB.AccountContactId=aeTB.AccountContactId INNER JOIN RFO_Accounts.EmailAddresses aEMTB on aeTB.EmailAddressID=aEMTB.EmailAddressID WHERE acTB.AccountID='null' and aEMTB.EmailAddressTypeID=1 ]; Error converting data type varchar to bigint.; nested exception is com.microsoft.sqlserver.jdbc.SQLServerException: Error converting data type varchar to bigint.
Caused by: com.microsoft.sqlserver.jdbc.SQLServerException: Error converting data type varchar to bigint.
	at com.microsoft.sqlserver.jdbc.SQLServerException.makeFromDatabaseError(SQLServerException.java:196)
	at com.microsoft.sqlserver.jdbc.SQLServerResultSet$FetchBuffer.nextRow(SQLServerResultSet.java:4700)
	at com.microsoft.sqlserver.jdbc.SQLServerResultSet.fetchBufferNext(SQLServerResultSet.java:1683)
	at com.microsoft.sqlserver.jdbc.SQLServerResultSet.next(SQLServerResultSet.java:956)
	at org.springframework.jdbc.core.RowMapperResultSetExtractor.extractData(RowMapperResultSetExtractor.java:91)
	at org.springframework.jdbc.core.JdbcTemplate$1QueryStatementCallback.doInStatement(JdbcTemplate.java:394)
	at org.springframework.jdbc.core.JdbcTemplate.execute(JdbcTemplate.java:342)
	at org.springframework.jdbc.core.JdbcTemplate.query(JdbcTemplate.java:404)
	at org.springframework.jdbc.core.JdbcTemplate.query(JdbcTemplate.java:412)
	at com.rf.core.utils.DBUtil.performDatabaseQuery(DBUtil.java:80)
	at com.rf.test.website.LSD.LSDTests.testVerifyRFLinkForLevelECIVOrMore_2956q(LSDTests.java:1181)
... Removed 24 stack frames]]>
    </failure>
  </testcase> <!-- testVerifyRFLinkForLevelECIVOrMore_2956q -->
  <testcase name="testVerifyRFLinkForPaidAsTitleLevelECIIIOrLess_3103q" time="78.976" classname="com.rf.test.website.LSD.LSDTests">
    <failure type="java.lang.AssertionError" message="1.Track my progress link is present for title type LIII EC
">
      <![CDATA[java.lang.AssertionError: 1.Track my progress link is present for title type LIII EC

	at com.rf.core.utils.SoftAssert.assertAll(SoftAssert.java:56)
	at com.rf.test.website.LSD.LSDTests.testVerifyRFLinkForPaidAsTitleLevelECIIIOrLess_3103q(LSDTests.java:1137)
... Removed 24 stack frames]]>
    </failure>
  </testcase> <!-- testVerifyRFLinkForPaidAsTitleLevelECIIIOrLess_3103q -->
  <testcase name="testVerifyRFLinkForPaidAsTitleLevelECIIIOrLess_3103q" time="67.042" classname="com.rf.test.website.LSD.LSDTests">
    <failure type="java.lang.AssertionError" message="1.Track my progress link is present for title type LIII EC
">
      <![CDATA[java.lang.AssertionError: 1.Track my progress link is present for title type LIII EC

	at com.rf.core.utils.SoftAssert.assertAll(SoftAssert.java:56)
	at com.rf.test.website.LSD.LSDTests.testVerifyRFLinkForPaidAsTitleLevelECIIIOrLess_3103q(LSDTests.java:1137)
... Removed 24 stack frames]]>
    </failure>
  </testcase> <!-- testVerifyRFLinkForPaidAsTitleLevelECIIIOrLess_3103q -->
  <testcase name="testViewPastOrderDetails_2895q" time="19.603" classname="com.rf.test.website.LSD.LSDTests"/>
  <testcase name="testVitalSignsPageNavigation_2560q" time="9.006" classname="com.rf.test.website.LSD.LSDTests"/>
  <testcase name="TotalNumberOfAllPCs_3349q" time="58.285" classname="com.rf.test.website.LSD.LSDCustomerTests">
    <failure type="java.lang.AssertionError" message="1.Expected count of PC users are 1161 actual on UI are 0
">
      <![CDATA[java.lang.AssertionError: 1.Expected count of PC users are 1161 actual on UI are 0

	at com.rf.core.utils.SoftAssert.assertAll(SoftAssert.java:56)
	at com.rf.test.website.LSD.LSDCustomerTests.TotalNumberOfAllPCs_3349q(LSDCustomerTests.java:180)
... Removed 24 stack frames]]>
    </failure>
  </testcase> <!-- TotalNumberOfAllPCs_3349q -->
  <testcase name="TotalNumberOfAllPCs_3349q" time="59.286" classname="com.rf.test.website.LSD.LSDCustomerTests">
    <failure type="java.lang.AssertionError" message="1.Expected count of PC users are 1161 actual on UI are 0
">
      <![CDATA[java.lang.AssertionError: 1.Expected count of PC users are 1161 actual on UI are 0

	at com.rf.core.utils.SoftAssert.assertAll(SoftAssert.java:56)
	at com.rf.test.website.LSD.LSDCustomerTests.TotalNumberOfAllPCs_3349q(LSDCustomerTests.java:180)
... Removed 24 stack frames]]>
    </failure>
  </testcase> <!-- TotalNumberOfAllPCs_3349q -->
  <testcase name="testPCCardComponents_3240q" time="42.415" classname="com.rf.test.website.LSD.LSDCustomerTests">
    <failure type="org.openqa.selenium.NoSuchElementException" message="no such element: Unable to locate element: {&amp;quot;method&amp;quot;:&amp;quot;xpath&amp;quot;,&amp;quot;selector&amp;quot;:&amp;quot;//div[@id=&amp;apos;sub-stage&amp;apos;]/descendant::a[1]/descendant::span[2]&amp;quot;}
  (Session info: chrome=64.0.3282.186)
  (Driver info: chromedriver=2.33.506120 (e3e53437346286c0bc2d2dc9aa4915ba81d9023f),platform=Windows NT 10.0.10586 x86_64) (WARNING: The server did not provide any stacktrace information)
Command duration or timeout: 0 milliseconds
For documentation on this error, please visit: http://seleniumhq.org/exceptions/no_such_element.html
Build info: version: &amp;apos;3.7.1&amp;apos;, revision: &amp;apos;8a0099a&amp;apos;, time: &amp;apos;2017-11-06T21:01:39.354Z&amp;apos;
System info: host: &amp;apos;LD-4V2P3G2&amp;apos;, ip: &amp;apos;10.6.64.235&amp;apos;, os.name: &amp;apos;Windows 10&amp;apos;, os.arch: &amp;apos;amd64&amp;apos;, os.version: &amp;apos;10.0&amp;apos;, java.version: &amp;apos;1.8.0_161&amp;apos;
Driver info: org.openqa.selenium.chrome.ChromeDriver
Capabilities {acceptSslCerts: true, applicationCacheEnabled: false, browserConnectionEnabled: false, browserName: chrome, chrome: {chromedriverVersion: 2.33.506120 (e3e53437346286..., userDataDir: C:\Users\BPKOTA~1\AppData\L...}, cssSelectorsEnabled: true, databaseEnabled: false, handlesAlerts: true, hasTouchScreen: false, javascriptEnabled: true, locationContextEnabled: true, mobileEmulationEnabled: false, nativeEvents: true, networkConnectionEnabled: false, pageLoadStrategy: normal, platform: XP, platformName: XP, rotatable: false, setWindowRect: true, takesHeapSnapshot: true, takesScreenshot: true, unexpectedAlertBehaviour: , unhandledPromptBehavior: , version: 64.0.3282.186, webStorageEnabled: true}
Session ID: 230a6ed8622f5ae4d1efbd3535b0d915
*** Element info: {Using=xpath, value=//div[@id=&amp;apos;sub-stage&amp;apos;]/descendant::a[1]/descendant::span[2]}">
      <![CDATA[org.openqa.selenium.NoSuchElementException: no such element: Unable to locate element: {"method":"xpath","selector":"//div[@id='sub-stage']/descendant::a[1]/descendant::span[2]"}
  (Session info: chrome=64.0.3282.186)
  (Driver info: chromedriver=2.33.506120 (e3e53437346286c0bc2d2dc9aa4915ba81d9023f),platform=Windows NT 10.0.10586 x86_64) (WARNING: The server did not provide any stacktrace information)
Command duration or timeout: 0 milliseconds
For documentation on this error, please visit: http://seleniumhq.org/exceptions/no_such_element.html
Build info: version: '3.7.1', revision: '8a0099a', time: '2017-11-06T21:01:39.354Z'
System info: host: 'LD-4V2P3G2', ip: '10.6.64.235', os.name: 'Windows 10', os.arch: 'amd64', os.version: '10.0', java.version: '1.8.0_161'
Driver info: org.openqa.selenium.chrome.ChromeDriver
Capabilities {acceptSslCerts: true, applicationCacheEnabled: false, browserConnectionEnabled: false, browserName: chrome, chrome: {chromedriverVersion: 2.33.506120 (e3e53437346286..., userDataDir: C:\Users\BPKOTA~1\AppData\L...}, cssSelectorsEnabled: true, databaseEnabled: false, handlesAlerts: true, hasTouchScreen: false, javascriptEnabled: true, locationContextEnabled: true, mobileEmulationEnabled: false, nativeEvents: true, networkConnectionEnabled: false, pageLoadStrategy: normal, platform: XP, platformName: XP, rotatable: false, setWindowRect: true, takesHeapSnapshot: true, takesScreenshot: true, unexpectedAlertBehaviour: , unhandledPromptBehavior: , version: 64.0.3282.186, webStorageEnabled: true}
Session ID: 230a6ed8622f5ae4d1efbd3535b0d915
*** Element info: {Using=xpath, value=//div[@id='sub-stage']/descendant::a[1]/descendant::span[2]}
	at org.openqa.selenium.remote.ErrorHandler.createThrowable(ErrorHandler.java:214)
	at org.openqa.selenium.remote.ErrorHandler.throwIfResponseFailed(ErrorHandler.java:166)
	at org.openqa.selenium.remote.http.JsonHttpResponseCodec.reconstructValue(JsonHttpResponseCodec.java:40)
	at org.openqa.selenium.remote.http.AbstractHttpResponseCodec.decode(AbstractHttpResponseCodec.java:80)
	at org.openqa.selenium.remote.http.AbstractHttpResponseCodec.decode(AbstractHttpResponseCodec.java:44)
	at org.openqa.selenium.remote.HttpCommandExecutor.execute(HttpCommandExecutor.java:164)
	at org.openqa.selenium.remote.service.DriverCommandExecutor.execute(DriverCommandExecutor.java:83)
	at org.openqa.selenium.remote.RemoteWebDriver.execute(RemoteWebDriver.java:600)
	at org.openqa.selenium.remote.RemoteWebDriver.findElement(RemoteWebDriver.java:370)
	at org.openqa.selenium.remote.RemoteWebDriver.findElementByXPath(RemoteWebDriver.java:472)
	at org.openqa.selenium.By$ByXPath.findElement(By.java:361)
	at org.openqa.selenium.remote.RemoteWebDriver.findElement(RemoteWebDriver.java:362)
	at com.rf.core.driver.website.RFWebsiteDriver.findElement(RFWebsiteDriver.java:885)
	at com.rf.core.driver.website.RFWebsiteDriver.getText(RFWebsiteDriver.java:959)
	at com.rf.pages.website.LSD.LSDCustomerPage.isFirstOrderDetailsPresent(LSDCustomerPage.java:393)
	at com.rf.test.website.LSD.LSDCustomerTests.testPCCardComponents_3240q(LSDCustomerTests.java:228)
... Removed 27 stack frames]]>
    </failure>
  </testcase> <!-- testPCCardComponents_3240q -->
  <testcase name="testPCCardComponents_3240q" time="32.017" classname="com.rf.test.website.LSD.LSDCustomerTests">
    <failure type="org.openqa.selenium.NoSuchElementException" message="no such element: Unable to locate element: {&amp;quot;method&amp;quot;:&amp;quot;xpath&amp;quot;,&amp;quot;selector&amp;quot;:&amp;quot;//div[@id=&amp;apos;sub-stage&amp;apos;]/descendant::a[1]/descendant::span[2]&amp;quot;}
  (Session info: chrome=64.0.3282.186)
  (Driver info: chromedriver=2.33.506120 (e3e53437346286c0bc2d2dc9aa4915ba81d9023f),platform=Windows NT 10.0.10586 x86_64) (WARNING: The server did not provide any stacktrace information)
Command duration or timeout: 0 milliseconds
For documentation on this error, please visit: http://seleniumhq.org/exceptions/no_such_element.html
Build info: version: &amp;apos;3.7.1&amp;apos;, revision: &amp;apos;8a0099a&amp;apos;, time: &amp;apos;2017-11-06T21:01:39.354Z&amp;apos;
System info: host: &amp;apos;LD-4V2P3G2&amp;apos;, ip: &amp;apos;10.6.64.235&amp;apos;, os.name: &amp;apos;Windows 10&amp;apos;, os.arch: &amp;apos;amd64&amp;apos;, os.version: &amp;apos;10.0&amp;apos;, java.version: &amp;apos;1.8.0_161&amp;apos;
Driver info: org.openqa.selenium.chrome.ChromeDriver
Capabilities {acceptSslCerts: true, applicationCacheEnabled: false, browserConnectionEnabled: false, browserName: chrome, chrome: {chromedriverVersion: 2.33.506120 (e3e53437346286..., userDataDir: C:\Users\BPKOTA~1\AppData\L...}, cssSelectorsEnabled: true, databaseEnabled: false, handlesAlerts: true, hasTouchScreen: false, javascriptEnabled: true, locationContextEnabled: true, mobileEmulationEnabled: false, nativeEvents: true, networkConnectionEnabled: false, pageLoadStrategy: normal, platform: XP, platformName: XP, rotatable: false, setWindowRect: true, takesHeapSnapshot: true, takesScreenshot: true, unexpectedAlertBehaviour: , unhandledPromptBehavior: , version: 64.0.3282.186, webStorageEnabled: true}
Session ID: 230a6ed8622f5ae4d1efbd3535b0d915
*** Element info: {Using=xpath, value=//div[@id=&amp;apos;sub-stage&amp;apos;]/descendant::a[1]/descendant::span[2]}">
      <![CDATA[org.openqa.selenium.NoSuchElementException: no such element: Unable to locate element: {"method":"xpath","selector":"//div[@id='sub-stage']/descendant::a[1]/descendant::span[2]"}
  (Session info: chrome=64.0.3282.186)
  (Driver info: chromedriver=2.33.506120 (e3e53437346286c0bc2d2dc9aa4915ba81d9023f),platform=Windows NT 10.0.10586 x86_64) (WARNING: The server did not provide any stacktrace information)
Command duration or timeout: 0 milliseconds
For documentation on this error, please visit: http://seleniumhq.org/exceptions/no_such_element.html
Build info: version: '3.7.1', revision: '8a0099a', time: '2017-11-06T21:01:39.354Z'
System info: host: 'LD-4V2P3G2', ip: '10.6.64.235', os.name: 'Windows 10', os.arch: 'amd64', os.version: '10.0', java.version: '1.8.0_161'
Driver info: org.openqa.selenium.chrome.ChromeDriver
Capabilities {acceptSslCerts: true, applicationCacheEnabled: false, browserConnectionEnabled: false, browserName: chrome, chrome: {chromedriverVersion: 2.33.506120 (e3e53437346286..., userDataDir: C:\Users\BPKOTA~1\AppData\L...}, cssSelectorsEnabled: true, databaseEnabled: false, handlesAlerts: true, hasTouchScreen: false, javascriptEnabled: true, locationContextEnabled: true, mobileEmulationEnabled: false, nativeEvents: true, networkConnectionEnabled: false, pageLoadStrategy: normal, platform: XP, platformName: XP, rotatable: false, setWindowRect: true, takesHeapSnapshot: true, takesScreenshot: true, unexpectedAlertBehaviour: , unhandledPromptBehavior: , version: 64.0.3282.186, webStorageEnabled: true}
Session ID: 230a6ed8622f5ae4d1efbd3535b0d915
*** Element info: {Using=xpath, value=//div[@id='sub-stage']/descendant::a[1]/descendant::span[2]}
	at org.openqa.selenium.remote.ErrorHandler.createThrowable(ErrorHandler.java:214)
	at org.openqa.selenium.remote.ErrorHandler.throwIfResponseFailed(ErrorHandler.java:166)
	at org.openqa.selenium.remote.http.JsonHttpResponseCodec.reconstructValue(JsonHttpResponseCodec.java:40)
	at org.openqa.selenium.remote.http.AbstractHttpResponseCodec.decode(AbstractHttpResponseCodec.java:80)
	at org.openqa.selenium.remote.http.AbstractHttpResponseCodec.decode(AbstractHttpResponseCodec.java:44)
	at org.openqa.selenium.remote.HttpCommandExecutor.execute(HttpCommandExecutor.java:164)
	at org.openqa.selenium.remote.service.DriverCommandExecutor.execute(DriverCommandExecutor.java:83)
	at org.openqa.selenium.remote.RemoteWebDriver.execute(RemoteWebDriver.java:600)
	at org.openqa.selenium.remote.RemoteWebDriver.findElement(RemoteWebDriver.java:370)
	at org.openqa.selenium.remote.RemoteWebDriver.findElementByXPath(RemoteWebDriver.java:472)
	at org.openqa.selenium.By$ByXPath.findElement(By.java:361)
	at org.openqa.selenium.remote.RemoteWebDriver.findElement(RemoteWebDriver.java:362)
	at com.rf.core.driver.website.RFWebsiteDriver.findElement(RFWebsiteDriver.java:885)
	at com.rf.core.driver.website.RFWebsiteDriver.getText(RFWebsiteDriver.java:959)
	at com.rf.pages.website.LSD.LSDCustomerPage.isFirstOrderDetailsPresent(LSDCustomerPage.java:393)
	at com.rf.test.website.LSD.LSDCustomerTests.testPCCardComponents_3240q(LSDCustomerTests.java:228)
... Removed 27 stack frames]]>
    </failure>
  </testcase> <!-- testPCCardComponents_3240q -->
  <testcase name="testSortingByQVLowTohigh_3011q" time="35.178" classname="com.rf.test.website.LSD.LSDCustomerTests">
    <failure type="java.lang.NumberFormatException" message="For input string: &amp;quot;1,620&amp;quot;">
      <![CDATA[java.lang.NumberFormatException: For input string: "1,620"
	at java.lang.NumberFormatException.forInputString(Unknown Source)
	at java.lang.Integer.parseInt(Unknown Source)
	at java.lang.Integer.parseInt(Unknown Source)
	at com.rf.pages.website.LSD.LSDCustomerPage.isCountGreaterThanTwo(LSDCustomerPage.java:383)
	at com.rf.test.website.LSD.LSDCustomerTests.testSortingByQVLowTohigh_3011q(LSDCustomerTests.java:195)
... Removed 24 stack frames]]>
    </failure>
  </testcase> <!-- testSortingByQVLowTohigh_3011q -->
  <testcase name="testSortingByQVLowTohigh_3011q" time="76.007" classname="com.rf.test.website.LSD.LSDCustomerTests">
    <failure type="java.lang.NumberFormatException" message="For input string: &amp;quot;&amp;quot;">
      <![CDATA[java.lang.NumberFormatException: For input string: ""
	at java.lang.NumberFormatException.forInputString(Unknown Source)
	at java.lang.Integer.parseInt(Unknown Source)
	at java.lang.Integer.parseInt(Unknown Source)
	at com.rf.pages.website.LSD.LSDCustomerPage.isCountGreaterThanTwo(LSDCustomerPage.java:383)
	at com.rf.test.website.LSD.LSDCustomerTests.testSortingByQVLowTohigh_3011q(LSDCustomerTests.java:195)
... Removed 24 stack frames]]>
    </failure>
  </testcase> <!-- testSortingByQVLowTohigh_3011q -->
  <testcase name="testSortingMenuForNextMonth_2999q" time="235.008" classname="com.rf.test.website.LSD.LSDCustomerTests">
    <failure type="java.lang.AssertionError" message="1.Last name: A to Z is not visible at filters page

 1.Country: A to Z is not visible at filters page

 1.QV: Low to High is not visible at filters page

 1.Country: Z to A is not visible at filters page

 1.Last name: Z to A is not visible at filters page

 1.First name: A to Z is not visible at filters page

 1.QV: High to Low is not visible at filters page

 1.First name: Z to A is not visible at filters page
">
      <![CDATA[java.lang.AssertionError: 1.Last name: A to Z is not visible at filters page

 1.Country: A to Z is not visible at filters page

 1.QV: Low to High is not visible at filters page

 1.Country: Z to A is not visible at filters page

 1.Last name: Z to A is not visible at filters page

 1.First name: A to Z is not visible at filters page

 1.QV: High to Low is not visible at filters page

 1.First name: Z to A is not visible at filters page

	at com.rf.core.utils.SoftAssert.assertAll(SoftAssert.java:56)
	at com.rf.test.website.LSD.LSDCustomerTests.testSortingMenuForNextMonth_2999q(LSDCustomerTests.java:164)
... Removed 24 stack frames]]>
    </failure>
  </testcase> <!-- testSortingMenuForNextMonth_2999q -->
  <testcase name="testSortingMenuForNextMonth_2999q" time="234.275" classname="com.rf.test.website.LSD.LSDCustomerTests">
    <failure type="java.lang.AssertionError" message="1.First name: A to Z is not visible at filters page

 1.Country: Z to A is not visible at filters page

 1.Last name: Z to A is not visible at filters page

 1.QV: High to Low is not visible at filters page

 1.Last name: A to Z is not visible at filters page

 1.Current URL : https://skywalker.rodanandfields.com/#/pcs does not contain will

 1.Country: A to Z is not visible at filters page

 1.First name: Z to A is not visible at filters page

 1.QV: Low to High is not visible at filters page
">
      <![CDATA[java.lang.AssertionError: 1.First name: A to Z is not visible at filters page

 1.Country: Z to A is not visible at filters page

 1.Last name: Z to A is not visible at filters page

 1.QV: High to Low is not visible at filters page

 1.Last name: A to Z is not visible at filters page

 1.Current URL : https://skywalker.rodanandfields.com/#/pcs does not contain will

 1.Country: A to Z is not visible at filters page

 1.First name: Z to A is not visible at filters page

 1.QV: Low to High is not visible at filters page

	at com.rf.core.utils.SoftAssert.assertAll(SoftAssert.java:56)
	at com.rf.test.website.LSD.LSDCustomerTests.testSortingMenuForNextMonth_2999q(LSDCustomerTests.java:164)
... Removed 24 stack frames]]>
    </failure>
  </testcase> <!-- testSortingMenuForNextMonth_2999q -->
  <testcase name="testSortingMenuForThisMonth_3000q" time="516.602" classname="com.rf.test.website.LSD.LSDCustomerTests">
    <failure type="java.lang.AssertionError" message="1.First name: A to Z is not visible at filters page

 1.Country: Z to A is not visible at filters page

 1.Date: Newest to Oldest is not visible at filters page

 1.Date: Oldest to Newest is not visible at filters page

 1.Country: A to Z is not visible at filters page

 1.Last name: A to Z is not visible at filters page

 1.QV: High to Low is not visible at filters page

 1.Current URL : https://skywalker.rodanandfields.com/ does not contain orders

 1.QV: Low to High is not visible at filters page

 1.First name: Z to A is not visible at filters page

 1.Last name: Z to A is not visible at filters page
">
      <![CDATA[java.lang.AssertionError: 1.First name: A to Z is not visible at filters page

 1.Country: Z to A is not visible at filters page

 1.Date: Newest to Oldest is not visible at filters page

 1.Date: Oldest to Newest is not visible at filters page

 1.Country: A to Z is not visible at filters page

 1.Last name: A to Z is not visible at filters page

 1.QV: High to Low is not visible at filters page

 1.Current URL : https://skywalker.rodanandfields.com/ does not contain orders

 1.QV: Low to High is not visible at filters page

 1.First name: Z to A is not visible at filters page

 1.Last name: Z to A is not visible at filters page

	at com.rf.core.utils.SoftAssert.assertAll(SoftAssert.java:56)
	at com.rf.test.website.LSD.LSDCustomerTests.testSortingMenuForThisMonth_3000q(LSDCustomerTests.java:135)
... Removed 24 stack frames]]>
    </failure>
  </testcase> <!-- testSortingMenuForThisMonth_3000q -->
  <testcase name="testSortingMenuForThisMonth_3000q" time="511.919" classname="com.rf.test.website.LSD.LSDCustomerTests">
    <failure type="java.lang.AssertionError" message="1.First name: A to Z is not visible at filters page

 1.Date: Newest to Oldest is not visible at filters page

 1.Last name: Z to A is not visible at filters page

 1.QV: Low to High is not visible at filters page

 1.First name: Z to A is not visible at filters page

 1.QV: High to Low is not visible at filters page

 1.Current URL : https://skywalker.rodanandfields.com/ does not contain orders

 1.Last name: A to Z is not visible at filters page

 1.Country: A to Z is not visible at filters page

 1.Country: Z to A is not visible at filters page

 1.Date: Oldest to Newest is not visible at filters page
">
      <![CDATA[java.lang.AssertionError: 1.First name: A to Z is not visible at filters page

 1.Date: Newest to Oldest is not visible at filters page

 1.Last name: Z to A is not visible at filters page

 1.QV: Low to High is not visible at filters page

 1.First name: Z to A is not visible at filters page

 1.QV: High to Low is not visible at filters page

 1.Current URL : https://skywalker.rodanandfields.com/ does not contain orders

 1.Last name: A to Z is not visible at filters page

 1.Country: A to Z is not visible at filters page

 1.Country: Z to A is not visible at filters page

 1.Date: Oldest to Newest is not visible at filters page

	at com.rf.core.utils.SoftAssert.assertAll(SoftAssert.java:56)
	at com.rf.test.website.LSD.LSDCustomerTests.testSortingMenuForThisMonth_3000q(LSDCustomerTests.java:135)
... Removed 24 stack frames]]>
    </failure>
  </testcase> <!-- testSortingMenuForThisMonth_3000q -->
  <testcase name="testTotalNumberOfDeactivatedPCs_2985q" time="108.638" classname="com.rf.test.website.LSD.LSDCustomerTests">
    <failure type="org.openqa.selenium.NoSuchElementException" message="no such element: Unable to locate element: {&amp;quot;method&amp;quot;:&amp;quot;id&amp;quot;,&amp;quot;selector&amp;quot;:&amp;quot;nav-logout&amp;quot;}
  (Session info: chrome=64.0.3282.186)
  (Driver info: chromedriver=2.33.506120 (e3e53437346286c0bc2d2dc9aa4915ba81d9023f),platform=Windows NT 10.0.10586 x86_64) (WARNING: The server did not provide any stacktrace information)
Command duration or timeout: 0 milliseconds
For documentation on this error, please visit: http://seleniumhq.org/exceptions/no_such_element.html
Build info: version: &amp;apos;3.7.1&amp;apos;, revision: &amp;apos;8a0099a&amp;apos;, time: &amp;apos;2017-11-06T21:01:39.354Z&amp;apos;
System info: host: &amp;apos;LD-4V2P3G2&amp;apos;, ip: &amp;apos;10.6.64.235&amp;apos;, os.name: &amp;apos;Windows 10&amp;apos;, os.arch: &amp;apos;amd64&amp;apos;, os.version: &amp;apos;10.0&amp;apos;, java.version: &amp;apos;1.8.0_161&amp;apos;
Driver info: org.openqa.selenium.chrome.ChromeDriver
Capabilities {acceptSslCerts: true, applicationCacheEnabled: false, browserConnectionEnabled: false, browserName: chrome, chrome: {chromedriverVersion: 2.33.506120 (e3e53437346286..., userDataDir: C:\Users\BPKOTA~1\AppData\L...}, cssSelectorsEnabled: true, databaseEnabled: false, handlesAlerts: true, hasTouchScreen: false, javascriptEnabled: true, locationContextEnabled: true, mobileEmulationEnabled: false, nativeEvents: true, networkConnectionEnabled: false, pageLoadStrategy: normal, platform: XP, platformName: XP, rotatable: false, setWindowRect: true, takesHeapSnapshot: true, takesScreenshot: true, unexpectedAlertBehaviour: , unhandledPromptBehavior: , version: 64.0.3282.186, webStorageEnabled: true}
Session ID: 230a6ed8622f5ae4d1efbd3535b0d915
*** Element info: {Using=id, value=nav-logout}">
      <![CDATA[org.openqa.selenium.NoSuchElementException: no such element: Unable to locate element: {"method":"id","selector":"nav-logout"}
  (Session info: chrome=64.0.3282.186)
  (Driver info: chromedriver=2.33.506120 (e3e53437346286c0bc2d2dc9aa4915ba81d9023f),platform=Windows NT 10.0.10586 x86_64) (WARNING: The server did not provide any stacktrace information)
Command duration or timeout: 0 milliseconds
For documentation on this error, please visit: http://seleniumhq.org/exceptions/no_such_element.html
Build info: version: '3.7.1', revision: '8a0099a', time: '2017-11-06T21:01:39.354Z'
System info: host: 'LD-4V2P3G2', ip: '10.6.64.235', os.name: 'Windows 10', os.arch: 'amd64', os.version: '10.0', java.version: '1.8.0_161'
Driver info: org.openqa.selenium.chrome.ChromeDriver
Capabilities {acceptSslCerts: true, applicationCacheEnabled: false, browserConnectionEnabled: false, browserName: chrome, chrome: {chromedriverVersion: 2.33.506120 (e3e53437346286..., userDataDir: C:\Users\BPKOTA~1\AppData\L...}, cssSelectorsEnabled: true, databaseEnabled: false, handlesAlerts: true, hasTouchScreen: false, javascriptEnabled: true, locationContextEnabled: true, mobileEmulationEnabled: false, nativeEvents: true, networkConnectionEnabled: false, pageLoadStrategy: normal, platform: XP, platformName: XP, rotatable: false, setWindowRect: true, takesHeapSnapshot: true, takesScreenshot: true, unexpectedAlertBehaviour: , unhandledPromptBehavior: , version: 64.0.3282.186, webStorageEnabled: true}
Session ID: 230a6ed8622f5ae4d1efbd3535b0d915
*** Element info: {Using=id, value=nav-logout}
	at org.openqa.selenium.remote.ErrorHandler.createThrowable(ErrorHandler.java:214)
	at org.openqa.selenium.remote.ErrorHandler.throwIfResponseFailed(ErrorHandler.java:166)
	at org.openqa.selenium.remote.http.JsonHttpResponseCodec.reconstructValue(JsonHttpResponseCodec.java:40)
	at org.openqa.selenium.remote.http.AbstractHttpResponseCodec.decode(AbstractHttpResponseCodec.java:80)
	at org.openqa.selenium.remote.http.AbstractHttpResponseCodec.decode(AbstractHttpResponseCodec.java:44)
	at org.openqa.selenium.remote.HttpCommandExecutor.execute(HttpCommandExecutor.java:164)
	at org.openqa.selenium.remote.service.DriverCommandExecutor.execute(DriverCommandExecutor.java:83)
	at org.openqa.selenium.remote.RemoteWebDriver.execute(RemoteWebDriver.java:600)
	at org.openqa.selenium.remote.RemoteWebDriver.findElement(RemoteWebDriver.java:370)
	at org.openqa.selenium.remote.RemoteWebDriver.findElementById(RemoteWebDriver.java:416)
	at org.openqa.selenium.By$ById.findElement(By.java:218)
	at org.openqa.selenium.remote.RemoteWebDriver.findElement(RemoteWebDriver.java:362)
	at com.rf.core.driver.website.RFWebsiteDriver.clickByJS(RFWebsiteDriver.java:1244)
	at com.rf.pages.website.LSD.LSDRFWebsiteBasePage.clickLogout(LSDRFWebsiteBasePage.java:165)
	at com.rf.test.website.LSD.LSDCustomerTests.testTotalNumberOfDeactivatedPCs_2985q(LSDCustomerTests.java:246)
... Removed 27 stack frames]]>
    </failure>
  </testcase> <!-- testTotalNumberOfDeactivatedPCs_2985q -->
  <testcase name="testTotalNumberOfDeactivatedPCs_2985q" time="14.935" classname="com.rf.test.website.LSD.LSDCustomerTests">
    <failure type="org.springframework.jdbc.CannotGetJdbcConnectionException" message="Could not get JDBC Connection; nested exception is com.microsoft.sqlserver.jdbc.SQLServerException: The TCP/IP connection to the host 10.3.0.218, port 1433 has failed. Error: &amp;quot;connect timed out. Verify the connection properties, check that an instance of SQL Server is running on the host and accepting TCP/IP connections at the port, and that no firewall is blocking TCP connections to the port.&amp;quot;.">
      <![CDATA[org.springframework.jdbc.CannotGetJdbcConnectionException: Could not get JDBC Connection; nested exception is com.microsoft.sqlserver.jdbc.SQLServerException: The TCP/IP connection to the host 10.3.0.218, port 1433 has failed. Error: "connect timed out. Verify the connection properties, check that an instance of SQL Server is running on the host and accepting TCP/IP connections at the port, and that no firewall is blocking TCP connections to the port.".
Caused by: com.microsoft.sqlserver.jdbc.SQLServerException: The TCP/IP connection to the host 10.3.0.218, port 1433 has failed. Error: "connect timed out. Verify the connection properties, check that an instance of SQL Server is running on the host and accepting TCP/IP connections at the port, and that no firewall is blocking TCP connections to the port.".
	at com.microsoft.sqlserver.jdbc.SQLServerException.makeFromDriverError(SQLServerException.java:170)
	at com.microsoft.sqlserver.jdbc.SQLServerConnection.connectHelper(SQLServerConnection.java:1049)
	at com.microsoft.sqlserver.jdbc.SQLServerConnection.login(SQLServerConnection.java:833)
	at com.microsoft.sqlserver.jdbc.SQLServerConnection.connect(SQLServerConnection.java:716)
	at com.microsoft.sqlserver.jdbc.SQLServerDriver.connect(SQLServerDriver.java:841)
	at java.sql.DriverManager.getConnection(Unknown Source)
	at java.sql.DriverManager.getConnection(Unknown Source)
	at org.springframework.jdbc.datasource.DriverManagerDataSource.getConnectionFromDriverManager(DriverManagerDataSource.java:291)
	at org.springframework.jdbc.datasource.DriverManagerDataSource.getConnectionFromDriverManager(DriverManagerDataSource.java:277)
	at org.springframework.jdbc.datasource.DriverManagerDataSource.getConnectionFromDriverManager(DriverManagerDataSource.java:259)
	at org.springframework.jdbc.datasource.DriverManagerDataSource.getConnection(DriverManagerDataSource.java:240)
	at org.springframework.jdbc.datasource.DataSourceUtils.doGetConnection(DataSourceUtils.java:113)
	at org.springframework.jdbc.datasource.DataSourceUtils.getConnection(DataSourceUtils.java:79)
	at org.springframework.jdbc.core.JdbcTemplate.execute(JdbcTemplate.java:328)
	at org.springframework.jdbc.core.JdbcTemplate.query(JdbcTemplate.java:404)
	at org.springframework.jdbc.core.JdbcTemplate.query(JdbcTemplate.java:412)
	at com.rf.core.utils.DBUtil.performDatabaseQuery(DBUtil.java:80)
	at com.rf.test.website.LSD.LSDCustomerTests.testTotalNumberOfDeactivatedPCs_2985q(LSDCustomerTests.java:247)
... Removed 24 stack frames]]>
    </failure>
  </testcase> <!-- testTotalNumberOfDeactivatedPCs_2985q -->
  <testcase name="testTotalNumberOfPCsThisMonth_3013q" time="29.212" classname="com.rf.test.website.LSD.LSDCustomerTests">
    <failure type="org.springframework.jdbc.CannotGetJdbcConnectionException" message="Could not get JDBC Connection; nested exception is com.microsoft.sqlserver.jdbc.SQLServerException: The TCP/IP connection to the host 10.3.0.218, port 1433 has failed. Error: &amp;quot;connect timed out. Verify the connection properties, check that an instance of SQL Server is running on the host and accepting TCP/IP connections at the port, and that no firewall is blocking TCP connections to the port.&amp;quot;.">
      <![CDATA[org.springframework.jdbc.CannotGetJdbcConnectionException: Could not get JDBC Connection; nested exception is com.microsoft.sqlserver.jdbc.SQLServerException: The TCP/IP connection to the host 10.3.0.218, port 1433 has failed. Error: "connect timed out. Verify the connection properties, check that an instance of SQL Server is running on the host and accepting TCP/IP connections at the port, and that no firewall is blocking TCP connections to the port.".
Caused by: com.microsoft.sqlserver.jdbc.SQLServerException: The TCP/IP connection to the host 10.3.0.218, port 1433 has failed. Error: "connect timed out. Verify the connection properties, check that an instance of SQL Server is running on the host and accepting TCP/IP connections at the port, and that no firewall is blocking TCP connections to the port.".
	at com.microsoft.sqlserver.jdbc.SQLServerException.makeFromDriverError(SQLServerException.java:170)
	at com.microsoft.sqlserver.jdbc.SQLServerConnection.connectHelper(SQLServerConnection.java:1049)
	at com.microsoft.sqlserver.jdbc.SQLServerConnection.login(SQLServerConnection.java:833)
	at com.microsoft.sqlserver.jdbc.SQLServerConnection.connect(SQLServerConnection.java:716)
	at com.microsoft.sqlserver.jdbc.SQLServerDriver.connect(SQLServerDriver.java:841)
	at java.sql.DriverManager.getConnection(Unknown Source)
	at java.sql.DriverManager.getConnection(Unknown Source)
	at org.springframework.jdbc.datasource.DriverManagerDataSource.getConnectionFromDriverManager(DriverManagerDataSource.java:291)
	at org.springframework.jdbc.datasource.DriverManagerDataSource.getConnectionFromDriverManager(DriverManagerDataSource.java:277)
	at org.springframework.jdbc.datasource.DriverManagerDataSource.getConnectionFromDriverManager(DriverManagerDataSource.java:259)
	at org.springframework.jdbc.datasource.DriverManagerDataSource.getConnection(DriverManagerDataSource.java:240)
	at org.springframework.jdbc.datasource.DataSourceUtils.doGetConnection(DataSourceUtils.java:113)
	at org.springframework.jdbc.datasource.DataSourceUtils.getConnection(DataSourceUtils.java:79)
	at org.springframework.jdbc.core.JdbcTemplate.execute(JdbcTemplate.java:328)
	at org.springframework.jdbc.core.JdbcTemplate.query(JdbcTemplate.java:404)
	at org.springframework.jdbc.core.JdbcTemplate.query(JdbcTemplate.java:412)
	at com.rf.core.utils.DBUtil.performDatabaseQuery(DBUtil.java:80)
	at com.rf.test.website.LSD.LSDCustomerTests.testTotalNumberOfPCsThisMonth_3013q(LSDCustomerTests.java:25)
... Removed 24 stack frames]]>
    </failure>
  </testcase> <!-- testTotalNumberOfPCsThisMonth_3013q -->
  <testcase name="testTotalNumberOfPCsThisMonth_3013q" time="29.203" classname="com.rf.test.website.LSD.LSDCustomerTests">
    <failure type="org.springframework.jdbc.CannotGetJdbcConnectionException" message="Could not get JDBC Connection; nested exception is com.microsoft.sqlserver.jdbc.SQLServerException: The TCP/IP connection to the host 10.3.0.218, port 1433 has failed. Error: &amp;quot;connect timed out. Verify the connection properties, check that an instance of SQL Server is running on the host and accepting TCP/IP connections at the port, and that no firewall is blocking TCP connections to the port.&amp;quot;.">
      <![CDATA[org.springframework.jdbc.CannotGetJdbcConnectionException: Could not get JDBC Connection; nested exception is com.microsoft.sqlserver.jdbc.SQLServerException: The TCP/IP connection to the host 10.3.0.218, port 1433 has failed. Error: "connect timed out. Verify the connection properties, check that an instance of SQL Server is running on the host and accepting TCP/IP connections at the port, and that no firewall is blocking TCP connections to the port.".
Caused by: com.microsoft.sqlserver.jdbc.SQLServerException: The TCP/IP connection to the host 10.3.0.218, port 1433 has failed. Error: "connect timed out. Verify the connection properties, check that an instance of SQL Server is running on the host and accepting TCP/IP connections at the port, and that no firewall is blocking TCP connections to the port.".
	at com.microsoft.sqlserver.jdbc.SQLServerException.makeFromDriverError(SQLServerException.java:170)
	at com.microsoft.sqlserver.jdbc.SQLServerConnection.connectHelper(SQLServerConnection.java:1049)
	at com.microsoft.sqlserver.jdbc.SQLServerConnection.login(SQLServerConnection.java:833)
	at com.microsoft.sqlserver.jdbc.SQLServerConnection.connect(SQLServerConnection.java:716)
	at com.microsoft.sqlserver.jdbc.SQLServerDriver.connect(SQLServerDriver.java:841)
	at java.sql.DriverManager.getConnection(Unknown Source)
	at java.sql.DriverManager.getConnection(Unknown Source)
	at org.springframework.jdbc.datasource.DriverManagerDataSource.getConnectionFromDriverManager(DriverManagerDataSource.java:291)
	at org.springframework.jdbc.datasource.DriverManagerDataSource.getConnectionFromDriverManager(DriverManagerDataSource.java:277)
	at org.springframework.jdbc.datasource.DriverManagerDataSource.getConnectionFromDriverManager(DriverManagerDataSource.java:259)
	at org.springframework.jdbc.datasource.DriverManagerDataSource.getConnection(DriverManagerDataSource.java:240)
	at org.springframework.jdbc.datasource.DataSourceUtils.doGetConnection(DataSourceUtils.java:113)
	at org.springframework.jdbc.datasource.DataSourceUtils.getConnection(DataSourceUtils.java:79)
	at org.springframework.jdbc.core.JdbcTemplate.execute(JdbcTemplate.java:328)
	at org.springframework.jdbc.core.JdbcTemplate.query(JdbcTemplate.java:404)
	at org.springframework.jdbc.core.JdbcTemplate.query(JdbcTemplate.java:412)
	at com.rf.core.utils.DBUtil.performDatabaseQuery(DBUtil.java:80)
	at com.rf.test.website.LSD.LSDCustomerTests.testTotalNumberOfPCsThisMonth_3013q(LSDCustomerTests.java:25)
... Removed 24 stack frames]]>
    </failure>
  </testcase> <!-- testTotalNumberOfPCsThisMonth_3013q -->
  <testcase name="testConsultantAdhocOrderDetailsOnOrderCards_2848q" time="0.003" classname="com.rf.test.website.LSD.LSDOrdersTests">
    <skipped/>
  </testcase> <!-- testConsultantAdhocOrderDetailsOnOrderCards_2848q -->
  <testcase name="testLoadingOrdersScreen_2821q_2820q" time="0.002" classname="com.rf.test.website.LSD.LSDOrdersTests">
    <skipped/>
  </testcase> <!-- testLoadingOrdersScreen_2821q_2820q -->
  <testcase name="testOrderStatusOrderResultsBasedOnOrderFilter_2835q" time="0.003" classname="com.rf.test.website.LSD.LSDOrdersTests">
    <skipped/>
  </testcase> <!-- testOrderStatusOrderResultsBasedOnOrderFilter_2835q -->
  <testcase name="testOrderTypeOrderResultsBasedOnOrderFilter_2834q" time="0.002" classname="com.rf.test.website.LSD.LSDOrdersTests">
    <skipped/>
  </testcase> <!-- testOrderTypeOrderResultsBasedOnOrderFilter_2834q -->
  <testcase name="testPCAdhocOrderDetailsOnOrderCards_2844q" time="0.001" classname="com.rf.test.website.LSD.LSDOrdersTests">
    <skipped/>
  </testcase> <!-- testPCAdhocOrderDetailsOnOrderCards_2844q -->
  <testcase name="testPulseSubscriptionOrderDetailsOnOrderCards_2843q" time="0.001" classname="com.rf.test.website.LSD.LSDOrdersTests">
    <skipped/>
  </testcase> <!-- testPulseSubscriptionOrderDetailsOnOrderCards_2843q -->
  <testcase name="testRetailAdhocOrderDetailsOnOrderCards_2841q" time="0.002" classname="com.rf.test.website.LSD.LSDOrdersTests">
    <skipped/>
  </testcase> <!-- testRetailAdhocOrderDetailsOnOrderCards_2841q -->
  <testcase name="testVerifyCRPOrderDetailsOnOrderCards_2838q" time="0.001" classname="com.rf.test.website.LSD.LSDOrdersTests">
    <skipped/>
  </testcase> <!-- testVerifyCRPOrderDetailsOnOrderCards_2838q -->
  <testcase name="testVerifyCRPOrderDetailsWithConsultantPersonalOnOrderCards_2855q" time="0.002" classname="com.rf.test.website.LSD.LSDOrdersTests">
    <skipped/>
  </testcase> <!-- testVerifyCRPOrderDetailsWithConsultantPersonalOnOrderCards_2855q -->
  <testcase name="testVerifyOrderReceiptForFailedPCOrders_3430q" time="0.001" classname="com.rf.test.website.LSD.LSDOrdersTests">
    <skipped/>
  </testcase> <!-- testVerifyOrderReceiptForFailedPCOrders_3430q -->
  <testcase name="testVerifyOrderReceiptForProcessedPersonalAdhocOrders_3425q" time="0.002" classname="com.rf.test.website.LSD.LSDOrdersTests">
    <skipped/>
  </testcase> <!-- testVerifyOrderReceiptForProcessedPersonalAdhocOrders_3425q -->
  <testcase name="testSortingMenuForNewConsultant_3329q" time="0.002" classname="com.rf.test.website.LSD.LSDTeamTests">
    <skipped/>
  </testcase> <!-- testSortingMenuForNewConsultant_3329q -->
</testsuite> <!-- pulseRegressionTest -->
