<?xml version="1.0" encoding="UTF-8"?>
<!-- Generated by org.testng.reporters.JUnitXMLReporter -->
<testsuite hostname="LD-4V2P3G2" name="pulseRegressionTest" tests="52" failures="28" timestamp="22 Mar 2018 22:50:20 GMT" time="1973.98" errors="0">
  <testcase name="@AfterClass afterClass" time="0.0" classname="com.rf.test.website.LSD.LSDOrdersTests">
    <failure type="org.openqa.selenium.NoSuchElementException" message="no such element: Unable to locate element: {&amp;quot;method&amp;quot;:&amp;quot;xpath&amp;quot;,&amp;quot;selector&amp;quot;:&amp;quot;//div[@id=&amp;apos;rf-nav-wrapper&amp;apos;]/descendant::span[text()=&amp;apos;Pulse&amp;apos;][1]&amp;quot;}
  (Session info: chrome=64.0.3282.186)
  (Driver info: chromedriver=2.36.540470 (e522d04694c7ebea4ba8821272dbef4f9b818c91),platform=Windows NT 10.0.10586 x86_64) (WARNING: The server did not provide any stacktrace information)
Command duration or timeout: 0 milliseconds
For documentation on this error, please visit: http://seleniumhq.org/exceptions/no_such_element.html
Build info: version: &amp;apos;3.7.1&amp;apos;, revision: &amp;apos;8a0099a&amp;apos;, time: &amp;apos;2017-11-06T21:01:39.354Z&amp;apos;
System info: host: &amp;apos;LD-4V2P3G2&amp;apos;, ip: &amp;apos;10.6.65.53&amp;apos;, os.name: &amp;apos;Windows 10&amp;apos;, os.arch: &amp;apos;amd64&amp;apos;, os.version: &amp;apos;10.0&amp;apos;, java.version: &amp;apos;1.8.0_161&amp;apos;
Driver info: org.openqa.selenium.chrome.ChromeDriver
Capabilities {acceptInsecureCerts: false, acceptSslCerts: false, applicationCacheEnabled: false, browserConnectionEnabled: false, browserName: chrome, chrome: {chromedriverVersion: 2.36.540470 (e522d04694c7eb..., userDataDir: C:\Users\BPKOTA~1\AppData\L...}, cssSelectorsEnabled: true, databaseEnabled: false, handlesAlerts: true, hasTouchScreen: false, javascriptEnabled: true, locationContextEnabled: true, mobileEmulationEnabled: false, nativeEvents: true, networkConnectionEnabled: false, pageLoadStrategy: normal, platform: XP, platformName: XP, rotatable: false, setWindowRect: true, takesHeapSnapshot: true, takesScreenshot: true, unexpectedAlertBehaviour: , unhandledPromptBehavior: , version: 64.0.3282.186, webStorageEnabled: true}
Session ID: 7a3a60df3608df69808f9f404af453d7
*** Element info: {Using=xpath, value=//div[@id=&amp;apos;rf-nav-wrapper&amp;apos;]/descendant::span[text()=&amp;apos;Pulse&amp;apos;][1]}">
      <![CDATA[org.openqa.selenium.NoSuchElementException: no such element: Unable to locate element: {"method":"xpath","selector":"//div[@id='rf-nav-wrapper']/descendant::span[text()='Pulse'][1]"}
  (Session info: chrome=64.0.3282.186)
  (Driver info: chromedriver=2.36.540470 (e522d04694c7ebea4ba8821272dbef4f9b818c91),platform=Windows NT 10.0.10586 x86_64) (WARNING: The server did not provide any stacktrace information)
Command duration or timeout: 0 milliseconds
For documentation on this error, please visit: http://seleniumhq.org/exceptions/no_such_element.html
Build info: version: '3.7.1', revision: '8a0099a', time: '2017-11-06T21:01:39.354Z'
System info: host: 'LD-4V2P3G2', ip: '10.6.65.53', os.name: 'Windows 10', os.arch: 'amd64', os.version: '10.0', java.version: '1.8.0_161'
Driver info: org.openqa.selenium.chrome.ChromeDriver
Capabilities {acceptInsecureCerts: false, acceptSslCerts: false, applicationCacheEnabled: false, browserConnectionEnabled: false, browserName: chrome, chrome: {chromedriverVersion: 2.36.540470 (e522d04694c7eb..., userDataDir: C:\Users\BPKOTA~1\AppData\L...}, cssSelectorsEnabled: true, databaseEnabled: false, handlesAlerts: true, hasTouchScreen: false, javascriptEnabled: true, locationContextEnabled: true, mobileEmulationEnabled: false, nativeEvents: true, networkConnectionEnabled: false, pageLoadStrategy: normal, platform: XP, platformName: XP, rotatable: false, setWindowRect: true, takesHeapSnapshot: true, takesScreenshot: true, unexpectedAlertBehaviour: , unhandledPromptBehavior: , version: 64.0.3282.186, webStorageEnabled: true}
Session ID: 7a3a60df3608df69808f9f404af453d7
*** Element info: {Using=xpath, value=//div[@id='rf-nav-wrapper']/descendant::span[text()='Pulse'][1]}
	at org.openqa.selenium.remote.ErrorHandler.createThrowable(ErrorHandler.java:214)
	at org.openqa.selenium.remote.ErrorHandler.throwIfResponseFailed(ErrorHandler.java:166)
	at org.openqa.selenium.remote.http.JsonHttpResponseCodec.reconstructValue(JsonHttpResponseCodec.java:40)
	at org.openqa.selenium.remote.http.AbstractHttpResponseCodec.decode(AbstractHttpResponseCodec.java:80)
	at org.openqa.selenium.remote.http.AbstractHttpResponseCodec.decode(AbstractHttpResponseCodec.java:44)
	at org.openqa.selenium.remote.HttpCommandExecutor.execute(HttpCommandExecutor.java:164)
	at org.openqa.selenium.remote.service.DriverCommandExecutor.execute(DriverCommandExecutor.java:83)
	at org.openqa.selenium.remote.RemoteWebDriver.execute(RemoteWebDriver.java:600)
	at org.openqa.selenium.remote.RemoteWebDriver.findElement(RemoteWebDriver.java:370)
	at org.openqa.selenium.remote.RemoteWebDriver.findElementByXPath(RemoteWebDriver.java:472)
	at org.openqa.selenium.By$ByXPath.findElement(By.java:361)
	at org.openqa.selenium.remote.RemoteWebDriver.findElement(RemoteWebDriver.java:362)
	at com.rf.core.driver.website.RFWebsiteDriver.findElement(RFWebsiteDriver.java:864)
	at com.rf.core.driver.website.RFWebsiteDriver.click(RFWebsiteDriver.java:764)
	at com.rf.pages.website.LSD.LSDRFWebsiteBasePage.clickLogout(LSDRFWebsiteBasePage.java:161)
	at com.rf.test.website.RFLSDWebsiteBaseTest.afterClass(RFLSDWebsiteBaseTest.java:292)
... Removed 28 stack frames]]>
    </failure>
  </testcase> <!-- @AfterClass afterClass -->
  <testcase name="testTextAboveUsernameAndPassword_3412q" time="7.408" classname="com.rf.test.website.LSD.LoginTests"/>
  <testcase name="testConsultantCardComponents_2876q" time="39.053" classname="com.rf.test.website.LSD.LSDLinkTests">
    <failure type="org.openqa.selenium.NoSuchElementException" message="no such element: Unable to locate element: {&amp;quot;method&amp;quot;:&amp;quot;xpath&amp;quot;,&amp;quot;selector&amp;quot;:&amp;quot;//div[@class=&amp;apos;consultants row&amp;apos;]/descendant::section[contains(@id,&amp;apos;team-card&amp;apos;)][1]//a//div[1]//span[1]&amp;quot;}
  (Session info: chrome=64.0.3282.186)
  (Driver info: chromedriver=2.36.540470 (e522d04694c7ebea4ba8821272dbef4f9b818c91),platform=Windows NT 10.0.10586 x86_64) (WARNING: The server did not provide any stacktrace information)
Command duration or timeout: 0 milliseconds
For documentation on this error, please visit: http://seleniumhq.org/exceptions/no_such_element.html
Build info: version: &amp;apos;3.7.1&amp;apos;, revision: &amp;apos;8a0099a&amp;apos;, time: &amp;apos;2017-11-06T21:01:39.354Z&amp;apos;
System info: host: &amp;apos;LD-4V2P3G2&amp;apos;, ip: &amp;apos;10.6.65.53&amp;apos;, os.name: &amp;apos;Windows 10&amp;apos;, os.arch: &amp;apos;amd64&amp;apos;, os.version: &amp;apos;10.0&amp;apos;, java.version: &amp;apos;1.8.0_161&amp;apos;
Driver info: org.openqa.selenium.chrome.ChromeDriver
Capabilities {acceptInsecureCerts: false, acceptSslCerts: false, applicationCacheEnabled: false, browserConnectionEnabled: false, browserName: chrome, chrome: {chromedriverVersion: 2.36.540470 (e522d04694c7eb..., userDataDir: C:\Users\BPKOTA~1\AppData\L...}, cssSelectorsEnabled: true, databaseEnabled: false, handlesAlerts: true, hasTouchScreen: false, javascriptEnabled: true, locationContextEnabled: true, mobileEmulationEnabled: false, nativeEvents: true, networkConnectionEnabled: false, pageLoadStrategy: normal, platform: XP, platformName: XP, rotatable: false, setWindowRect: true, takesHeapSnapshot: true, takesScreenshot: true, unexpectedAlertBehaviour: , unhandledPromptBehavior: , version: 64.0.3282.186, webStorageEnabled: true}
Session ID: 7a3a60df3608df69808f9f404af453d7
*** Element info: {Using=xpath, value=//div[@class=&amp;apos;consultants row&amp;apos;]/descendant::section[contains(@id,&amp;apos;team-card&amp;apos;)][1]//a//div[1]//span[1]}">
      <![CDATA[org.openqa.selenium.NoSuchElementException: no such element: Unable to locate element: {"method":"xpath","selector":"//div[@class='consultants row']/descendant::section[contains(@id,'team-card')][1]//a//div[1]//span[1]"}
  (Session info: chrome=64.0.3282.186)
  (Driver info: chromedriver=2.36.540470 (e522d04694c7ebea4ba8821272dbef4f9b818c91),platform=Windows NT 10.0.10586 x86_64) (WARNING: The server did not provide any stacktrace information)
Command duration or timeout: 0 milliseconds
For documentation on this error, please visit: http://seleniumhq.org/exceptions/no_such_element.html
Build info: version: '3.7.1', revision: '8a0099a', time: '2017-11-06T21:01:39.354Z'
System info: host: 'LD-4V2P3G2', ip: '10.6.65.53', os.name: 'Windows 10', os.arch: 'amd64', os.version: '10.0', java.version: '1.8.0_161'
Driver info: org.openqa.selenium.chrome.ChromeDriver
Capabilities {acceptInsecureCerts: false, acceptSslCerts: false, applicationCacheEnabled: false, browserConnectionEnabled: false, browserName: chrome, chrome: {chromedriverVersion: 2.36.540470 (e522d04694c7eb..., userDataDir: C:\Users\BPKOTA~1\AppData\L...}, cssSelectorsEnabled: true, databaseEnabled: false, handlesAlerts: true, hasTouchScreen: false, javascriptEnabled: true, locationContextEnabled: true, mobileEmulationEnabled: false, nativeEvents: true, networkConnectionEnabled: false, pageLoadStrategy: normal, platform: XP, platformName: XP, rotatable: false, setWindowRect: true, takesHeapSnapshot: true, takesScreenshot: true, unexpectedAlertBehaviour: , unhandledPromptBehavior: , version: 64.0.3282.186, webStorageEnabled: true}
Session ID: 7a3a60df3608df69808f9f404af453d7
*** Element info: {Using=xpath, value=//div[@class='consultants row']/descendant::section[contains(@id,'team-card')][1]//a//div[1]//span[1]}
	at org.openqa.selenium.remote.ErrorHandler.createThrowable(ErrorHandler.java:214)
	at org.openqa.selenium.remote.ErrorHandler.throwIfResponseFailed(ErrorHandler.java:166)
	at org.openqa.selenium.remote.http.JsonHttpResponseCodec.reconstructValue(JsonHttpResponseCodec.java:40)
	at org.openqa.selenium.remote.http.AbstractHttpResponseCodec.decode(AbstractHttpResponseCodec.java:80)
	at org.openqa.selenium.remote.http.AbstractHttpResponseCodec.decode(AbstractHttpResponseCodec.java:44)
	at org.openqa.selenium.remote.HttpCommandExecutor.execute(HttpCommandExecutor.java:164)
	at org.openqa.selenium.remote.service.DriverCommandExecutor.execute(DriverCommandExecutor.java:83)
	at org.openqa.selenium.remote.RemoteWebDriver.execute(RemoteWebDriver.java:600)
	at org.openqa.selenium.remote.RemoteWebDriver.findElement(RemoteWebDriver.java:370)
	at org.openqa.selenium.remote.RemoteWebDriver.findElementByXPath(RemoteWebDriver.java:472)
	at org.openqa.selenium.By$ByXPath.findElement(By.java:361)
	at org.openqa.selenium.remote.RemoteWebDriver.findElement(RemoteWebDriver.java:362)
	at com.rf.core.driver.website.RFWebsiteDriver.findElement(RFWebsiteDriver.java:864)
	at com.rf.core.driver.website.RFWebsiteDriver.getText(RFWebsiteDriver.java:939)
	at com.rf.pages.website.LSD.LSDHomePage.isFirstAndLastNamePresentAtConsultantCardUnderTeam(LSDHomePage.java:724)
	at com.rf.test.website.LSD.LSDLinkTests.testConsultantCardComponents_2876q(LSDLinkTests.java:224)
... Removed 28 stack frames]]>
    </failure>
  </testcase> <!-- testConsultantCardComponents_2876q -->
  <testcase name="testConsultantCardComponents_2876q" time="40.073" classname="com.rf.test.website.LSD.LSDLinkTests">
    <failure type="org.openqa.selenium.NoSuchElementException" message="no such element: Unable to locate element: {&amp;quot;method&amp;quot;:&amp;quot;xpath&amp;quot;,&amp;quot;selector&amp;quot;:&amp;quot;//div[@class=&amp;apos;consultants row&amp;apos;]/descendant::section[contains(@id,&amp;apos;team-card&amp;apos;)][1]//a//div[1]//span[1]&amp;quot;}
  (Session info: chrome=64.0.3282.186)
  (Driver info: chromedriver=2.36.540470 (e522d04694c7ebea4ba8821272dbef4f9b818c91),platform=Windows NT 10.0.10586 x86_64) (WARNING: The server did not provide any stacktrace information)
Command duration or timeout: 0 milliseconds
For documentation on this error, please visit: http://seleniumhq.org/exceptions/no_such_element.html
Build info: version: &amp;apos;3.7.1&amp;apos;, revision: &amp;apos;8a0099a&amp;apos;, time: &amp;apos;2017-11-06T21:01:39.354Z&amp;apos;
System info: host: &amp;apos;LD-4V2P3G2&amp;apos;, ip: &amp;apos;10.6.65.53&amp;apos;, os.name: &amp;apos;Windows 10&amp;apos;, os.arch: &amp;apos;amd64&amp;apos;, os.version: &amp;apos;10.0&amp;apos;, java.version: &amp;apos;1.8.0_161&amp;apos;
Driver info: org.openqa.selenium.chrome.ChromeDriver
Capabilities {acceptInsecureCerts: false, acceptSslCerts: false, applicationCacheEnabled: false, browserConnectionEnabled: false, browserName: chrome, chrome: {chromedriverVersion: 2.36.540470 (e522d04694c7eb..., userDataDir: C:\Users\BPKOTA~1\AppData\L...}, cssSelectorsEnabled: true, databaseEnabled: false, handlesAlerts: true, hasTouchScreen: false, javascriptEnabled: true, locationContextEnabled: true, mobileEmulationEnabled: false, nativeEvents: true, networkConnectionEnabled: false, pageLoadStrategy: normal, platform: XP, platformName: XP, rotatable: false, setWindowRect: true, takesHeapSnapshot: true, takesScreenshot: true, unexpectedAlertBehaviour: , unhandledPromptBehavior: , version: 64.0.3282.186, webStorageEnabled: true}
Session ID: 7a3a60df3608df69808f9f404af453d7
*** Element info: {Using=xpath, value=//div[@class=&amp;apos;consultants row&amp;apos;]/descendant::section[contains(@id,&amp;apos;team-card&amp;apos;)][1]//a//div[1]//span[1]}">
      <![CDATA[org.openqa.selenium.NoSuchElementException: no such element: Unable to locate element: {"method":"xpath","selector":"//div[@class='consultants row']/descendant::section[contains(@id,'team-card')][1]//a//div[1]//span[1]"}
  (Session info: chrome=64.0.3282.186)
  (Driver info: chromedriver=2.36.540470 (e522d04694c7ebea4ba8821272dbef4f9b818c91),platform=Windows NT 10.0.10586 x86_64) (WARNING: The server did not provide any stacktrace information)
Command duration or timeout: 0 milliseconds
For documentation on this error, please visit: http://seleniumhq.org/exceptions/no_such_element.html
Build info: version: '3.7.1', revision: '8a0099a', time: '2017-11-06T21:01:39.354Z'
System info: host: 'LD-4V2P3G2', ip: '10.6.65.53', os.name: 'Windows 10', os.arch: 'amd64', os.version: '10.0', java.version: '1.8.0_161'
Driver info: org.openqa.selenium.chrome.ChromeDriver
Capabilities {acceptInsecureCerts: false, acceptSslCerts: false, applicationCacheEnabled: false, browserConnectionEnabled: false, browserName: chrome, chrome: {chromedriverVersion: 2.36.540470 (e522d04694c7eb..., userDataDir: C:\Users\BPKOTA~1\AppData\L...}, cssSelectorsEnabled: true, databaseEnabled: false, handlesAlerts: true, hasTouchScreen: false, javascriptEnabled: true, locationContextEnabled: true, mobileEmulationEnabled: false, nativeEvents: true, networkConnectionEnabled: false, pageLoadStrategy: normal, platform: XP, platformName: XP, rotatable: false, setWindowRect: true, takesHeapSnapshot: true, takesScreenshot: true, unexpectedAlertBehaviour: , unhandledPromptBehavior: , version: 64.0.3282.186, webStorageEnabled: true}
Session ID: 7a3a60df3608df69808f9f404af453d7
*** Element info: {Using=xpath, value=//div[@class='consultants row']/descendant::section[contains(@id,'team-card')][1]//a//div[1]//span[1]}
	at org.openqa.selenium.remote.ErrorHandler.createThrowable(ErrorHandler.java:214)
	at org.openqa.selenium.remote.ErrorHandler.throwIfResponseFailed(ErrorHandler.java:166)
	at org.openqa.selenium.remote.http.JsonHttpResponseCodec.reconstructValue(JsonHttpResponseCodec.java:40)
	at org.openqa.selenium.remote.http.AbstractHttpResponseCodec.decode(AbstractHttpResponseCodec.java:80)
	at org.openqa.selenium.remote.http.AbstractHttpResponseCodec.decode(AbstractHttpResponseCodec.java:44)
	at org.openqa.selenium.remote.HttpCommandExecutor.execute(HttpCommandExecutor.java:164)
	at org.openqa.selenium.remote.service.DriverCommandExecutor.execute(DriverCommandExecutor.java:83)
	at org.openqa.selenium.remote.RemoteWebDriver.execute(RemoteWebDriver.java:600)
	at org.openqa.selenium.remote.RemoteWebDriver.findElement(RemoteWebDriver.java:370)
	at org.openqa.selenium.remote.RemoteWebDriver.findElementByXPath(RemoteWebDriver.java:472)
	at org.openqa.selenium.By$ByXPath.findElement(By.java:361)
	at org.openqa.selenium.remote.RemoteWebDriver.findElement(RemoteWebDriver.java:362)
	at com.rf.core.driver.website.RFWebsiteDriver.findElement(RFWebsiteDriver.java:864)
	at com.rf.core.driver.website.RFWebsiteDriver.getText(RFWebsiteDriver.java:939)
	at com.rf.pages.website.LSD.LSDHomePage.isFirstAndLastNamePresentAtConsultantCardUnderTeam(LSDHomePage.java:724)
	at com.rf.test.website.LSD.LSDLinkTests.testConsultantCardComponents_2876q(LSDLinkTests.java:224)
... Removed 28 stack frames]]>
    </failure>
  </testcase> <!-- testConsultantCardComponents_2876q -->
  <testcase name="testFAQNavigation_2953q" time="4.339" classname="com.rf.test.website.LSD.LSDLinkTests"/>
  <testcase name="testMainMenuLinks_2631q" time="23.511" classname="com.rf.test.website.LSD.LSDLinkTests"/>
  <testcase name="testSortingMenuForAreGettingThere_3331q" time="6.534" classname="com.rf.test.website.LSD.LSDLinkTests"/>
  <testcase name="testSortingMenuForMayNotPromote_3332q" time="6.486" classname="com.rf.test.website.LSD.LSDLinkTests"/>
  <testcase name="testSortingMenuForViewAllConsultants_3328q" time="6.539" classname="com.rf.test.website.LSD.LSDLinkTests"/>
  <testcase name="testVerifyTabsWith6Level_3238q" time="9.089" classname="com.rf.test.website.LSD.LSDLinkTests"/>
  <testcase name="testVerifyLeadTheWayLink_1455q" time="24.864" classname="com.rf.test.website.LSD.LSDLinkTests">
    <failure type="org.openqa.selenium.NoSuchElementException" message="no such element: Unable to locate element: {&amp;quot;method&amp;quot;:&amp;quot;xpath&amp;quot;,&amp;quot;selector&amp;quot;:&amp;quot;//header[@id=&amp;apos;rf-primary-header&amp;apos;]&amp;quot;}
  (Session info: chrome=64.0.3282.186)
  (Driver info: chromedriver=2.36.540470 (e522d04694c7ebea4ba8821272dbef4f9b818c91),platform=Windows NT 10.0.10586 x86_64) (WARNING: The server did not provide any stacktrace information)
Command duration or timeout: 0 milliseconds
For documentation on this error, please visit: http://seleniumhq.org/exceptions/no_such_element.html
Build info: version: &amp;apos;3.7.1&amp;apos;, revision: &amp;apos;8a0099a&amp;apos;, time: &amp;apos;2017-11-06T21:01:39.354Z&amp;apos;
System info: host: &amp;apos;LD-4V2P3G2&amp;apos;, ip: &amp;apos;10.6.65.53&amp;apos;, os.name: &amp;apos;Windows 10&amp;apos;, os.arch: &amp;apos;amd64&amp;apos;, os.version: &amp;apos;10.0&amp;apos;, java.version: &amp;apos;1.8.0_161&amp;apos;
Driver info: org.openqa.selenium.chrome.ChromeDriver
Capabilities {acceptInsecureCerts: false, acceptSslCerts: false, applicationCacheEnabled: false, browserConnectionEnabled: false, browserName: chrome, chrome: {chromedriverVersion: 2.36.540470 (e522d04694c7eb..., userDataDir: C:\Users\BPKOTA~1\AppData\L...}, cssSelectorsEnabled: true, databaseEnabled: false, handlesAlerts: true, hasTouchScreen: false, javascriptEnabled: true, locationContextEnabled: true, mobileEmulationEnabled: false, nativeEvents: true, networkConnectionEnabled: false, pageLoadStrategy: normal, platform: XP, platformName: XP, rotatable: false, setWindowRect: true, takesHeapSnapshot: true, takesScreenshot: true, unexpectedAlertBehaviour: , unhandledPromptBehavior: , version: 64.0.3282.186, webStorageEnabled: true}
Session ID: 7a3a60df3608df69808f9f404af453d7
*** Element info: {Using=xpath, value=//header[@id=&amp;apos;rf-primary-header&amp;apos;]}">
      <![CDATA[org.openqa.selenium.NoSuchElementException: no such element: Unable to locate element: {"method":"xpath","selector":"//header[@id='rf-primary-header']"}
  (Session info: chrome=64.0.3282.186)
  (Driver info: chromedriver=2.36.540470 (e522d04694c7ebea4ba8821272dbef4f9b818c91),platform=Windows NT 10.0.10586 x86_64) (WARNING: The server did not provide any stacktrace information)
Command duration or timeout: 0 milliseconds
For documentation on this error, please visit: http://seleniumhq.org/exceptions/no_such_element.html
Build info: version: '3.7.1', revision: '8a0099a', time: '2017-11-06T21:01:39.354Z'
System info: host: 'LD-4V2P3G2', ip: '10.6.65.53', os.name: 'Windows 10', os.arch: 'amd64', os.version: '10.0', java.version: '1.8.0_161'
Driver info: org.openqa.selenium.chrome.ChromeDriver
Capabilities {acceptInsecureCerts: false, acceptSslCerts: false, applicationCacheEnabled: false, browserConnectionEnabled: false, browserName: chrome, chrome: {chromedriverVersion: 2.36.540470 (e522d04694c7eb..., userDataDir: C:\Users\BPKOTA~1\AppData\L...}, cssSelectorsEnabled: true, databaseEnabled: false, handlesAlerts: true, hasTouchScreen: false, javascriptEnabled: true, locationContextEnabled: true, mobileEmulationEnabled: false, nativeEvents: true, networkConnectionEnabled: false, pageLoadStrategy: normal, platform: XP, platformName: XP, rotatable: false, setWindowRect: true, takesHeapSnapshot: true, takesScreenshot: true, unexpectedAlertBehaviour: , unhandledPromptBehavior: , version: 64.0.3282.186, webStorageEnabled: true}
Session ID: 7a3a60df3608df69808f9f404af453d7
*** Element info: {Using=xpath, value=//header[@id='rf-primary-header']}
	at org.openqa.selenium.remote.ErrorHandler.createThrowable(ErrorHandler.java:214)
	at org.openqa.selenium.remote.ErrorHandler.throwIfResponseFailed(ErrorHandler.java:166)
	at org.openqa.selenium.remote.http.JsonHttpResponseCodec.reconstructValue(JsonHttpResponseCodec.java:40)
	at org.openqa.selenium.remote.http.AbstractHttpResponseCodec.decode(AbstractHttpResponseCodec.java:80)
	at org.openqa.selenium.remote.http.AbstractHttpResponseCodec.decode(AbstractHttpResponseCodec.java:44)
	at org.openqa.selenium.remote.HttpCommandExecutor.execute(HttpCommandExecutor.java:164)
	at org.openqa.selenium.remote.service.DriverCommandExecutor.execute(DriverCommandExecutor.java:83)
	at org.openqa.selenium.remote.RemoteWebDriver.execute(RemoteWebDriver.java:600)
	at org.openqa.selenium.remote.RemoteWebDriver.findElement(RemoteWebDriver.java:370)
	at org.openqa.selenium.remote.RemoteWebDriver.findElementByXPath(RemoteWebDriver.java:472)
	at org.openqa.selenium.By$ByXPath.findElement(By.java:361)
	at org.openqa.selenium.remote.RemoteWebDriver.findElement(RemoteWebDriver.java:362)
	at com.rf.core.driver.website.RFWebsiteDriver.findElement(RFWebsiteDriver.java:864)
	at com.rf.pages.website.LSD.LSDHomePage.isLeadTheWayLinkPresentInTopNav(LSDHomePage.java:455)
	at com.rf.test.website.LSD.LSDLinkTests.testVerifyLeadTheWayLink_1455q(LSDLinkTests.java:26)
... Removed 28 stack frames]]>
    </failure>
  </testcase> <!-- testVerifyLeadTheWayLink_1455q -->
  <testcase name="testVerifyLeadTheWayLink_1455q" time="24.772" classname="com.rf.test.website.LSD.LSDLinkTests">
    <failure type="org.openqa.selenium.NoSuchElementException" message="no such element: Unable to locate element: {&amp;quot;method&amp;quot;:&amp;quot;xpath&amp;quot;,&amp;quot;selector&amp;quot;:&amp;quot;//header[@id=&amp;apos;rf-primary-header&amp;apos;]&amp;quot;}
  (Session info: chrome=64.0.3282.186)
  (Driver info: chromedriver=2.36.540470 (e522d04694c7ebea4ba8821272dbef4f9b818c91),platform=Windows NT 10.0.10586 x86_64) (WARNING: The server did not provide any stacktrace information)
Command duration or timeout: 0 milliseconds
For documentation on this error, please visit: http://seleniumhq.org/exceptions/no_such_element.html
Build info: version: &amp;apos;3.7.1&amp;apos;, revision: &amp;apos;8a0099a&amp;apos;, time: &amp;apos;2017-11-06T21:01:39.354Z&amp;apos;
System info: host: &amp;apos;LD-4V2P3G2&amp;apos;, ip: &amp;apos;10.6.65.53&amp;apos;, os.name: &amp;apos;Windows 10&amp;apos;, os.arch: &amp;apos;amd64&amp;apos;, os.version: &amp;apos;10.0&amp;apos;, java.version: &amp;apos;1.8.0_161&amp;apos;
Driver info: org.openqa.selenium.chrome.ChromeDriver
Capabilities {acceptInsecureCerts: false, acceptSslCerts: false, applicationCacheEnabled: false, browserConnectionEnabled: false, browserName: chrome, chrome: {chromedriverVersion: 2.36.540470 (e522d04694c7eb..., userDataDir: C:\Users\BPKOTA~1\AppData\L...}, cssSelectorsEnabled: true, databaseEnabled: false, handlesAlerts: true, hasTouchScreen: false, javascriptEnabled: true, locationContextEnabled: true, mobileEmulationEnabled: false, nativeEvents: true, networkConnectionEnabled: false, pageLoadStrategy: normal, platform: XP, platformName: XP, rotatable: false, setWindowRect: true, takesHeapSnapshot: true, takesScreenshot: true, unexpectedAlertBehaviour: , unhandledPromptBehavior: , version: 64.0.3282.186, webStorageEnabled: true}
Session ID: 7a3a60df3608df69808f9f404af453d7
*** Element info: {Using=xpath, value=//header[@id=&amp;apos;rf-primary-header&amp;apos;]}">
      <![CDATA[org.openqa.selenium.NoSuchElementException: no such element: Unable to locate element: {"method":"xpath","selector":"//header[@id='rf-primary-header']"}
  (Session info: chrome=64.0.3282.186)
  (Driver info: chromedriver=2.36.540470 (e522d04694c7ebea4ba8821272dbef4f9b818c91),platform=Windows NT 10.0.10586 x86_64) (WARNING: The server did not provide any stacktrace information)
Command duration or timeout: 0 milliseconds
For documentation on this error, please visit: http://seleniumhq.org/exceptions/no_such_element.html
Build info: version: '3.7.1', revision: '8a0099a', time: '2017-11-06T21:01:39.354Z'
System info: host: 'LD-4V2P3G2', ip: '10.6.65.53', os.name: 'Windows 10', os.arch: 'amd64', os.version: '10.0', java.version: '1.8.0_161'
Driver info: org.openqa.selenium.chrome.ChromeDriver
Capabilities {acceptInsecureCerts: false, acceptSslCerts: false, applicationCacheEnabled: false, browserConnectionEnabled: false, browserName: chrome, chrome: {chromedriverVersion: 2.36.540470 (e522d04694c7eb..., userDataDir: C:\Users\BPKOTA~1\AppData\L...}, cssSelectorsEnabled: true, databaseEnabled: false, handlesAlerts: true, hasTouchScreen: false, javascriptEnabled: true, locationContextEnabled: true, mobileEmulationEnabled: false, nativeEvents: true, networkConnectionEnabled: false, pageLoadStrategy: normal, platform: XP, platformName: XP, rotatable: false, setWindowRect: true, takesHeapSnapshot: true, takesScreenshot: true, unexpectedAlertBehaviour: , unhandledPromptBehavior: , version: 64.0.3282.186, webStorageEnabled: true}
Session ID: 7a3a60df3608df69808f9f404af453d7
*** Element info: {Using=xpath, value=//header[@id='rf-primary-header']}
	at org.openqa.selenium.remote.ErrorHandler.createThrowable(ErrorHandler.java:214)
	at org.openqa.selenium.remote.ErrorHandler.throwIfResponseFailed(ErrorHandler.java:166)
	at org.openqa.selenium.remote.http.JsonHttpResponseCodec.reconstructValue(JsonHttpResponseCodec.java:40)
	at org.openqa.selenium.remote.http.AbstractHttpResponseCodec.decode(AbstractHttpResponseCodec.java:80)
	at org.openqa.selenium.remote.http.AbstractHttpResponseCodec.decode(AbstractHttpResponseCodec.java:44)
	at org.openqa.selenium.remote.HttpCommandExecutor.execute(HttpCommandExecutor.java:164)
	at org.openqa.selenium.remote.service.DriverCommandExecutor.execute(DriverCommandExecutor.java:83)
	at org.openqa.selenium.remote.RemoteWebDriver.execute(RemoteWebDriver.java:600)
	at org.openqa.selenium.remote.RemoteWebDriver.findElement(RemoteWebDriver.java:370)
	at org.openqa.selenium.remote.RemoteWebDriver.findElementByXPath(RemoteWebDriver.java:472)
	at org.openqa.selenium.By$ByXPath.findElement(By.java:361)
	at org.openqa.selenium.remote.RemoteWebDriver.findElement(RemoteWebDriver.java:362)
	at com.rf.core.driver.website.RFWebsiteDriver.findElement(RFWebsiteDriver.java:864)
	at com.rf.pages.website.LSD.LSDHomePage.isLeadTheWayLinkPresentInTopNav(LSDHomePage.java:455)
	at com.rf.test.website.LSD.LSDLinkTests.testVerifyLeadTheWayLink_1455q(LSDLinkTests.java:26)
... Removed 28 stack frames]]>
    </failure>
  </testcase> <!-- testVerifyLeadTheWayLink_1455q -->
  <testcase name="testVerifyRFConnectionLink_1456q" time="8.416" classname="com.rf.test.website.LSD.LSDLinkTests"/>
  <testcase name="testVerifyRFJourneyLink_1457q" time="24.74" classname="com.rf.test.website.LSD.LSDLinkTests">
    <failure type="org.openqa.selenium.NoSuchElementException" message="no such element: Unable to locate element: {&amp;quot;method&amp;quot;:&amp;quot;xpath&amp;quot;,&amp;quot;selector&amp;quot;:&amp;quot;//span[contains(text(),&amp;apos;Welcome to R+F Journey&amp;apos;)]&amp;quot;}
  (Session info: chrome=64.0.3282.186)
  (Driver info: chromedriver=2.36.540470 (e522d04694c7ebea4ba8821272dbef4f9b818c91),platform=Windows NT 10.0.10586 x86_64) (WARNING: The server did not provide any stacktrace information)
Command duration or timeout: 0 milliseconds
For documentation on this error, please visit: http://seleniumhq.org/exceptions/no_such_element.html
Build info: version: &amp;apos;3.7.1&amp;apos;, revision: &amp;apos;8a0099a&amp;apos;, time: &amp;apos;2017-11-06T21:01:39.354Z&amp;apos;
System info: host: &amp;apos;LD-4V2P3G2&amp;apos;, ip: &amp;apos;10.6.65.53&amp;apos;, os.name: &amp;apos;Windows 10&amp;apos;, os.arch: &amp;apos;amd64&amp;apos;, os.version: &amp;apos;10.0&amp;apos;, java.version: &amp;apos;1.8.0_161&amp;apos;
Driver info: org.openqa.selenium.chrome.ChromeDriver
Capabilities {acceptInsecureCerts: false, acceptSslCerts: false, applicationCacheEnabled: false, browserConnectionEnabled: false, browserName: chrome, chrome: {chromedriverVersion: 2.36.540470 (e522d04694c7eb..., userDataDir: C:\Users\BPKOTA~1\AppData\L...}, cssSelectorsEnabled: true, databaseEnabled: false, handlesAlerts: true, hasTouchScreen: false, javascriptEnabled: true, locationContextEnabled: true, mobileEmulationEnabled: false, nativeEvents: true, networkConnectionEnabled: false, pageLoadStrategy: normal, platform: XP, platformName: XP, rotatable: false, setWindowRect: true, takesHeapSnapshot: true, takesScreenshot: true, unexpectedAlertBehaviour: , unhandledPromptBehavior: , version: 64.0.3282.186, webStorageEnabled: true}
Session ID: 7a3a60df3608df69808f9f404af453d7
*** Element info: {Using=xpath, value=//span[contains(text(),&amp;apos;Welcome to R+F Journey&amp;apos;)]}">
      <![CDATA[org.openqa.selenium.NoSuchElementException: no such element: Unable to locate element: {"method":"xpath","selector":"//span[contains(text(),'Welcome to R+F Journey')]"}
  (Session info: chrome=64.0.3282.186)
  (Driver info: chromedriver=2.36.540470 (e522d04694c7ebea4ba8821272dbef4f9b818c91),platform=Windows NT 10.0.10586 x86_64) (WARNING: The server did not provide any stacktrace information)
Command duration or timeout: 0 milliseconds
For documentation on this error, please visit: http://seleniumhq.org/exceptions/no_such_element.html
Build info: version: '3.7.1', revision: '8a0099a', time: '2017-11-06T21:01:39.354Z'
System info: host: 'LD-4V2P3G2', ip: '10.6.65.53', os.name: 'Windows 10', os.arch: 'amd64', os.version: '10.0', java.version: '1.8.0_161'
Driver info: org.openqa.selenium.chrome.ChromeDriver
Capabilities {acceptInsecureCerts: false, acceptSslCerts: false, applicationCacheEnabled: false, browserConnectionEnabled: false, browserName: chrome, chrome: {chromedriverVersion: 2.36.540470 (e522d04694c7eb..., userDataDir: C:\Users\BPKOTA~1\AppData\L...}, cssSelectorsEnabled: true, databaseEnabled: false, handlesAlerts: true, hasTouchScreen: false, javascriptEnabled: true, locationContextEnabled: true, mobileEmulationEnabled: false, nativeEvents: true, networkConnectionEnabled: false, pageLoadStrategy: normal, platform: XP, platformName: XP, rotatable: false, setWindowRect: true, takesHeapSnapshot: true, takesScreenshot: true, unexpectedAlertBehaviour: , unhandledPromptBehavior: , version: 64.0.3282.186, webStorageEnabled: true}
Session ID: 7a3a60df3608df69808f9f404af453d7
*** Element info: {Using=xpath, value=//span[contains(text(),'Welcome to R+F Journey')]}
	at org.openqa.selenium.remote.ErrorHandler.createThrowable(ErrorHandler.java:214)
	at org.openqa.selenium.remote.ErrorHandler.throwIfResponseFailed(ErrorHandler.java:166)
	at org.openqa.selenium.remote.http.JsonHttpResponseCodec.reconstructValue(JsonHttpResponseCodec.java:40)
	at org.openqa.selenium.remote.http.AbstractHttpResponseCodec.decode(AbstractHttpResponseCodec.java:80)
	at org.openqa.selenium.remote.http.AbstractHttpResponseCodec.decode(AbstractHttpResponseCodec.java:44)
	at org.openqa.selenium.remote.HttpCommandExecutor.execute(HttpCommandExecutor.java:164)
	at org.openqa.selenium.remote.service.DriverCommandExecutor.execute(DriverCommandExecutor.java:83)
	at org.openqa.selenium.remote.RemoteWebDriver.execute(RemoteWebDriver.java:600)
	at org.openqa.selenium.remote.RemoteWebDriver.findElement(RemoteWebDriver.java:370)
	at org.openqa.selenium.remote.RemoteWebDriver.findElementByXPath(RemoteWebDriver.java:472)
	at org.openqa.selenium.By$ByXPath.findElement(By.java:361)
	at org.openqa.selenium.remote.RemoteWebDriver.findElement(RemoteWebDriver.java:362)
	at com.rf.core.driver.website.RFWebsiteDriver.findElement(RFWebsiteDriver.java:864)
	at com.rf.pages.website.LSD.LSDHomePage.isRFJourneyPageHeaderPresent(LSDHomePage.java:430)
	at com.rf.test.website.LSD.LSDLinkTests.testVerifyRFJourneyLink_1457q(LSDLinkTests.java:59)
... Removed 28 stack frames]]>
    </failure>
  </testcase> <!-- testVerifyRFJourneyLink_1457q -->
  <testcase name="testVerifyRFJourneyLink_1457q" time="24.661" classname="com.rf.test.website.LSD.LSDLinkTests">
    <failure type="org.openqa.selenium.NoSuchElementException" message="no such element: Unable to locate element: {&amp;quot;method&amp;quot;:&amp;quot;xpath&amp;quot;,&amp;quot;selector&amp;quot;:&amp;quot;//span[contains(text(),&amp;apos;Welcome to R+F Journey&amp;apos;)]&amp;quot;}
  (Session info: chrome=64.0.3282.186)
  (Driver info: chromedriver=2.36.540470 (e522d04694c7ebea4ba8821272dbef4f9b818c91),platform=Windows NT 10.0.10586 x86_64) (WARNING: The server did not provide any stacktrace information)
Command duration or timeout: 0 milliseconds
For documentation on this error, please visit: http://seleniumhq.org/exceptions/no_such_element.html
Build info: version: &amp;apos;3.7.1&amp;apos;, revision: &amp;apos;8a0099a&amp;apos;, time: &amp;apos;2017-11-06T21:01:39.354Z&amp;apos;
System info: host: &amp;apos;LD-4V2P3G2&amp;apos;, ip: &amp;apos;10.6.65.53&amp;apos;, os.name: &amp;apos;Windows 10&amp;apos;, os.arch: &amp;apos;amd64&amp;apos;, os.version: &amp;apos;10.0&amp;apos;, java.version: &amp;apos;1.8.0_161&amp;apos;
Driver info: org.openqa.selenium.chrome.ChromeDriver
Capabilities {acceptInsecureCerts: false, acceptSslCerts: false, applicationCacheEnabled: false, browserConnectionEnabled: false, browserName: chrome, chrome: {chromedriverVersion: 2.36.540470 (e522d04694c7eb..., userDataDir: C:\Users\BPKOTA~1\AppData\L...}, cssSelectorsEnabled: true, databaseEnabled: false, handlesAlerts: true, hasTouchScreen: false, javascriptEnabled: true, locationContextEnabled: true, mobileEmulationEnabled: false, nativeEvents: true, networkConnectionEnabled: false, pageLoadStrategy: normal, platform: XP, platformName: XP, rotatable: false, setWindowRect: true, takesHeapSnapshot: true, takesScreenshot: true, unexpectedAlertBehaviour: , unhandledPromptBehavior: , version: 64.0.3282.186, webStorageEnabled: true}
Session ID: 7a3a60df3608df69808f9f404af453d7
*** Element info: {Using=xpath, value=//span[contains(text(),&amp;apos;Welcome to R+F Journey&amp;apos;)]}">
      <![CDATA[org.openqa.selenium.NoSuchElementException: no such element: Unable to locate element: {"method":"xpath","selector":"//span[contains(text(),'Welcome to R+F Journey')]"}
  (Session info: chrome=64.0.3282.186)
  (Driver info: chromedriver=2.36.540470 (e522d04694c7ebea4ba8821272dbef4f9b818c91),platform=Windows NT 10.0.10586 x86_64) (WARNING: The server did not provide any stacktrace information)
Command duration or timeout: 0 milliseconds
For documentation on this error, please visit: http://seleniumhq.org/exceptions/no_such_element.html
Build info: version: '3.7.1', revision: '8a0099a', time: '2017-11-06T21:01:39.354Z'
System info: host: 'LD-4V2P3G2', ip: '10.6.65.53', os.name: 'Windows 10', os.arch: 'amd64', os.version: '10.0', java.version: '1.8.0_161'
Driver info: org.openqa.selenium.chrome.ChromeDriver
Capabilities {acceptInsecureCerts: false, acceptSslCerts: false, applicationCacheEnabled: false, browserConnectionEnabled: false, browserName: chrome, chrome: {chromedriverVersion: 2.36.540470 (e522d04694c7eb..., userDataDir: C:\Users\BPKOTA~1\AppData\L...}, cssSelectorsEnabled: true, databaseEnabled: false, handlesAlerts: true, hasTouchScreen: false, javascriptEnabled: true, locationContextEnabled: true, mobileEmulationEnabled: false, nativeEvents: true, networkConnectionEnabled: false, pageLoadStrategy: normal, platform: XP, platformName: XP, rotatable: false, setWindowRect: true, takesHeapSnapshot: true, takesScreenshot: true, unexpectedAlertBehaviour: , unhandledPromptBehavior: , version: 64.0.3282.186, webStorageEnabled: true}
Session ID: 7a3a60df3608df69808f9f404af453d7
*** Element info: {Using=xpath, value=//span[contains(text(),'Welcome to R+F Journey')]}
	at org.openqa.selenium.remote.ErrorHandler.createThrowable(ErrorHandler.java:214)
	at org.openqa.selenium.remote.ErrorHandler.throwIfResponseFailed(ErrorHandler.java:166)
	at org.openqa.selenium.remote.http.JsonHttpResponseCodec.reconstructValue(JsonHttpResponseCodec.java:40)
	at org.openqa.selenium.remote.http.AbstractHttpResponseCodec.decode(AbstractHttpResponseCodec.java:80)
	at org.openqa.selenium.remote.http.AbstractHttpResponseCodec.decode(AbstractHttpResponseCodec.java:44)
	at org.openqa.selenium.remote.HttpCommandExecutor.execute(HttpCommandExecutor.java:164)
	at org.openqa.selenium.remote.service.DriverCommandExecutor.execute(DriverCommandExecutor.java:83)
	at org.openqa.selenium.remote.RemoteWebDriver.execute(RemoteWebDriver.java:600)
	at org.openqa.selenium.remote.RemoteWebDriver.findElement(RemoteWebDriver.java:370)
	at org.openqa.selenium.remote.RemoteWebDriver.findElementByXPath(RemoteWebDriver.java:472)
	at org.openqa.selenium.By$ByXPath.findElement(By.java:361)
	at org.openqa.selenium.remote.RemoteWebDriver.findElement(RemoteWebDriver.java:362)
	at com.rf.core.driver.website.RFWebsiteDriver.findElement(RFWebsiteDriver.java:864)
	at com.rf.pages.website.LSD.LSDHomePage.isRFJourneyPageHeaderPresent(LSDHomePage.java:430)
	at com.rf.test.website.LSD.LSDLinkTests.testVerifyRFJourneyLink_1457q(LSDLinkTests.java:59)
... Removed 28 stack frames]]>
    </failure>
  </testcase> <!-- testVerifyRFJourneyLink_1457q -->
  <testcase name="testVerifyRFMallLink_1458q" time="6.646" classname="com.rf.test.website.LSD.LSDLinkTests">
    <failure type="java.lang.AssertionError" message="1.Current URL : https://safe.menlosecurity.com/safeview-auth-server/proxy_auth?url=aHR0cDovL3JvZGFuZmllbGRzLmRzYS1kaXJlY3QuY29tL2xhbmRpbmdwYWdlLmFzcHg&amp;amp;ip=MnwxOjB8MTA6MTUyMTc1NzQzN3wyOmlwfDIwOk5UQXVNakkxTGpJd015NDJNZz09fDcyNjk4OTMwYmFkZjgyZWFhZmJkMzczMDE4ZDYyM2VlNTUyZGFkZWE5NGRlOWJkOTJjNzkxNTIxMzVjYzMwNGE&amp;amp;pnr=2&amp;amp;saml=true does not contains dsa-direct
">
      <![CDATA[java.lang.AssertionError: 1.Current URL : https://safe.menlosecurity.com/safeview-auth-server/proxy_auth?url=aHR0cDovL3JvZGFuZmllbGRzLmRzYS1kaXJlY3QuY29tL2xhbmRpbmdwYWdlLmFzcHg&ip=MnwxOjB8MTA6MTUyMTc1NzQzN3wyOmlwfDIwOk5UQXVNakkxTGpJd015NDJNZz09fDcyNjk4OTMwYmFkZjgyZWFhZmJkMzczMDE4ZDYyM2VlNTUyZGFkZWE5NGRlOWJkOTJjNzkxNTIxMzVjYzMwNGE&pnr=2&saml=true does not contains dsa-direct

	at com.rf.core.utils.SoftAssert.assertAll(SoftAssert.java:56)
	at com.rf.test.website.LSD.LSDLinkTests.testVerifyRFMallLink_1458q(LSDLinkTests.java:76)
... Removed 24 stack frames]]>
    </failure>
  </testcase> <!-- testVerifyRFMallLink_1458q -->
  <testcase name="testVerifyRFMallLink_1458q" time="6.61" classname="com.rf.test.website.LSD.LSDLinkTests">
    <failure type="java.lang.AssertionError" message="1.Current URL : https://safe.menlosecurity.com/safeview-auth-server/proxy_auth?url=aHR0cDovL3JvZGFuZmllbGRzLmRzYS1kaXJlY3QuY29tL2xhbmRpbmdwYWdlLmFzcHg&amp;amp;ip=MnwxOjB8MTA6MTUyMTc1NzQ0OXwyOmlwfDIwOk5UQXVNakkxTGpJd015NDJNZz09fDVjNDlhMWU4MmVhYjcyMzQxYTUxODBkZjRmNTQzNzk2ZjExMzE5NTU1NWU1M2ExOThmY2I3NzVhZDRiYjllMjU&amp;amp;pnr=2&amp;amp;saml=true does not contains dsa-direct
">
      <![CDATA[java.lang.AssertionError: 1.Current URL : https://safe.menlosecurity.com/safeview-auth-server/proxy_auth?url=aHR0cDovL3JvZGFuZmllbGRzLmRzYS1kaXJlY3QuY29tL2xhbmRpbmdwYWdlLmFzcHg&ip=MnwxOjB8MTA6MTUyMTc1NzQ0OXwyOmlwfDIwOk5UQXVNakkxTGpJd015NDJNZz09fDVjNDlhMWU4MmVhYjcyMzQxYTUxODBkZjRmNTQzNzk2ZjExMzE5NTU1NWU1M2ExOThmY2I3NzVhZDRiYjllMjU&pnr=2&saml=true does not contains dsa-direct

	at com.rf.core.utils.SoftAssert.assertAll(SoftAssert.java:56)
	at com.rf.test.website.LSD.LSDLinkTests.testVerifyRFMallLink_1458q(LSDLinkTests.java:76)
... Removed 24 stack frames]]>
    </failure>
  </testcase> <!-- testVerifyRFMallLink_1458q -->
  <testcase name="testVerifyRFPaydayLink_1459q" time="6.605" classname="com.rf.test.website.LSD.LSDLinkTests">
    <failure type="java.lang.AssertionError" message="1.Current URL : https://safe.menlosecurity.com/safeview-auth-server/proxy_auth?url=aHR0cHM6Ly9wYXlkYXkubXlyYW5kZi5jb20vaHcyd2ViL2xhbmRpbmcueGh0bWw_ZmFjZXMtcmVkaXJlY3Q9dHJ1ZSZyZWZyZXNobWU9dHJ1ZQ&amp;amp;ip=MnwxOjB8MTA6MTUyMTc1NzQ2MnwyOmlwfDIwOk5UQXVNakkxTGpJd015NDJNZz09fDE5MzZkMGMxOWRmOTcwZWEzMzI4MGU2ZWE4NWVhYmU2NWNkMDA3NmYzZmQ0ODM4ZWE0YWNlYzI5YTRhYmYxMTQ&amp;amp;pnr=2&amp;amp;saml=true does not contains payday
">
      <![CDATA[java.lang.AssertionError: 1.Current URL : https://safe.menlosecurity.com/safeview-auth-server/proxy_auth?url=aHR0cHM6Ly9wYXlkYXkubXlyYW5kZi5jb20vaHcyd2ViL2xhbmRpbmcueGh0bWw_ZmFjZXMtcmVkaXJlY3Q9dHJ1ZSZyZWZyZXNobWU9dHJ1ZQ&ip=MnwxOjB8MTA6MTUyMTc1NzQ2MnwyOmlwfDIwOk5UQXVNakkxTGpJd015NDJNZz09fDE5MzZkMGMxOWRmOTcwZWEzMzI4MGU2ZWE4NWVhYmU2NWNkMDA3NmYzZmQ0ODM4ZWE0YWNlYzI5YTRhYmYxMTQ&pnr=2&saml=true does not contains payday

	at com.rf.core.utils.SoftAssert.assertAll(SoftAssert.java:56)
	at com.rf.test.website.LSD.LSDLinkTests.testVerifyRFPaydayLink_1459q(LSDLinkTests.java:91)
... Removed 24 stack frames]]>
    </failure>
  </testcase> <!-- testVerifyRFPaydayLink_1459q -->
  <testcase name="testVerifyRFPaydayLink_1459q" time="6.614" classname="com.rf.test.website.LSD.LSDLinkTests">
    <failure type="java.lang.AssertionError" message="1.Current URL : https://safe.menlosecurity.com/safeview-auth-server/proxy_auth?url=aHR0cHM6Ly9wYXlkYXkubXlyYW5kZi5jb20vaHcyd2ViL2xhbmRpbmcueGh0bWw_ZmFjZXMtcmVkaXJlY3Q9dHJ1ZSZyZWZyZXNobWU9dHJ1ZQ&amp;amp;ip=MnwxOjB8MTA6MTUyMTc1NzQ3NXwyOmlwfDIwOk5UQXVNakkxTGpJd015NDJNZz09fDZhMTI2ZjFiMjg3NThlYWJmMjhlN2I0MTU4YzYzNjg0ZGYxNTY3NTliYmUxZTEzN2YyZjllYjY1NmM5Y2MzZDU&amp;amp;pnr=2&amp;amp;saml=true does not contains payday
">
      <![CDATA[java.lang.AssertionError: 1.Current URL : https://safe.menlosecurity.com/safeview-auth-server/proxy_auth?url=aHR0cHM6Ly9wYXlkYXkubXlyYW5kZi5jb20vaHcyd2ViL2xhbmRpbmcueGh0bWw_ZmFjZXMtcmVkaXJlY3Q9dHJ1ZSZyZWZyZXNobWU9dHJ1ZQ&ip=MnwxOjB8MTA6MTUyMTc1NzQ3NXwyOmlwfDIwOk5UQXVNakkxTGpJd015NDJNZz09fDZhMTI2ZjFiMjg3NThlYWJmMjhlN2I0MTU4YzYzNjg0ZGYxNTY3NTliYmUxZTEzN2YyZjllYjY1NmM5Y2MzZDU&pnr=2&saml=true does not contains payday

	at com.rf.core.utils.SoftAssert.assertAll(SoftAssert.java:56)
	at com.rf.test.website.LSD.LSDLinkTests.testVerifyRFPaydayLink_1459q(LSDLinkTests.java:91)
... Removed 24 stack frames]]>
    </failure>
  </testcase> <!-- testVerifyRFPaydayLink_1459q -->
  <testcase name="testVerifyLinkCommsCorner_1447q" time="6.261" classname="com.rf.test.website.LSD.LSDLinkTests"/>
  <testcase name="testVerifyLinkConsultantLEDEvents_1448" time="6.59" classname="com.rf.test.website.LSD.LSDLinkTests">
    <failure type="java.lang.AssertionError" message="1.Current URL : https://safe.menlosecurity.com/safeview-auth-server/proxy_auth?url=aHR0cHM6Ly9udml0ZS5jb20vY29tbXVuaXR5L3JmY29uc3VsdGFudGV2ZW50cw&amp;amp;ip=MnwxOjB8MTA6MTUyMTc1NzUwMHwyOmlwfDIwOk5UQXVNakkxTGpJd015NDJNZz09fDAyZjM3ZjIwMWRmMGZiNDYxMTg0Yzg0NWVlODhlZTFlZWRmYjFhNjA4NzI0NTc4OWI1NWI1MWI1NjQyZjY5ZWE&amp;amp;pnr=2&amp;amp;saml=true does not contains rfconsultantevents
">
      <![CDATA[java.lang.AssertionError: 1.Current URL : https://safe.menlosecurity.com/safeview-auth-server/proxy_auth?url=aHR0cHM6Ly9udml0ZS5jb20vY29tbXVuaXR5L3JmY29uc3VsdGFudGV2ZW50cw&ip=MnwxOjB8MTA6MTUyMTc1NzUwMHwyOmlwfDIwOk5UQXVNakkxTGpJd015NDJNZz09fDAyZjM3ZjIwMWRmMGZiNDYxMTg0Yzg0NWVlODhlZTFlZWRmYjFhNjA4NzI0NTc4OWI1NWI1MWI1NjQyZjY5ZWE&pnr=2&saml=true does not contains rfconsultantevents

	at com.rf.core.utils.SoftAssert.assertAll(SoftAssert.java:56)
	at com.rf.test.website.LSD.LSDLinkTests.testVerifyLinkConsultantLEDEvents_1448(LSDLinkTests.java:121)
... Removed 24 stack frames]]>
    </failure>
  </testcase> <!-- testVerifyLinkConsultantLEDEvents_1448 -->
  <testcase name="testVerifyLinkConsultantLEDEvents_1448" time="6.58" classname="com.rf.test.website.LSD.LSDLinkTests">
    <failure type="java.lang.AssertionError" message="1.Current URL : https://safe.menlosecurity.com/safeview-auth-server/proxy_auth?url=aHR0cHM6Ly9udml0ZS5jb20vY29tbXVuaXR5L3JmY29uc3VsdGFudGV2ZW50cw&amp;amp;ip=MnwxOjB8MTA6MTUyMTc1NzUxM3wyOmlwfDIwOk5UQXVNakkxTGpJd015NDJNZz09fGU1MmFiOGM0YmNjNzcwMzc2YmZmMjFhZWIxOTAyNjQwZWUzYTBhZDM3MmRjYTc2NjIzZjVkZmM2OGE0YjQzOTA&amp;amp;pnr=2&amp;amp;saml=true does not contains rfconsultantevents
">
      <![CDATA[java.lang.AssertionError: 1.Current URL : https://safe.menlosecurity.com/safeview-auth-server/proxy_auth?url=aHR0cHM6Ly9udml0ZS5jb20vY29tbXVuaXR5L3JmY29uc3VsdGFudGV2ZW50cw&ip=MnwxOjB8MTA6MTUyMTc1NzUxM3wyOmlwfDIwOk5UQXVNakkxTGpJd015NDJNZz09fGU1MmFiOGM0YmNjNzcwMzc2YmZmMjFhZWIxOTAyNjQwZWUzYTBhZDM3MmRjYTc2NjIzZjVkZmM2OGE0YjQzOTA&pnr=2&saml=true does not contains rfconsultantevents

	at com.rf.core.utils.SoftAssert.assertAll(SoftAssert.java:56)
	at com.rf.test.website.LSD.LSDLinkTests.testVerifyLinkConsultantLEDEvents_1448(LSDLinkTests.java:121)
... Removed 24 stack frames]]>
    </failure>
  </testcase> <!-- testVerifyLinkConsultantLEDEvents_1448 -->
  <testcase name="testVerifyLinkCorporateEvents_1449q" time="6.608" classname="com.rf.test.website.LSD.LSDLinkTests">
    <failure type="java.lang.AssertionError" message="1.Current URL : https://safe.menlosecurity.com/safeview-auth-server/proxy_auth?url=aHR0cHM6Ly93d3cucmVnLnJvZGFuYW5kZmllbGRzZXZlbnRzLmNvbS9laG9tZS9pbmRleC5waHA_ZXZlbnRpZD0yMjEwMTI&amp;amp;ip=MnwxOjB8MTA6MTUyMTc1NzUyN3wyOmlwfDIwOk5UQXVNakkxTGpJd015NDJNZz09fGVlNmY4ZTlhMWE3YjY0MTY3N2Q5N2E0MzcyNzExMDcxMzMzOTc0ZDM3Yjk3NjA3NTcyNmIzNDAxYzdkMzY0OGE&amp;amp;pnr=2&amp;amp;saml=true does not contains rodanandfieldsevents
">
      <![CDATA[java.lang.AssertionError: 1.Current URL : https://safe.menlosecurity.com/safeview-auth-server/proxy_auth?url=aHR0cHM6Ly93d3cucmVnLnJvZGFuYW5kZmllbGRzZXZlbnRzLmNvbS9laG9tZS9pbmRleC5waHA_ZXZlbnRpZD0yMjEwMTI&ip=MnwxOjB8MTA6MTUyMTc1NzUyN3wyOmlwfDIwOk5UQXVNakkxTGpJd015NDJNZz09fGVlNmY4ZTlhMWE3YjY0MTY3N2Q5N2E0MzcyNzExMDcxMzMzOTc0ZDM3Yjk3NjA3NTcyNmIzNDAxYzdkMzY0OGE&pnr=2&saml=true does not contains rodanandfieldsevents

	at com.rf.core.utils.SoftAssert.assertAll(SoftAssert.java:56)
	at com.rf.test.website.LSD.LSDLinkTests.testVerifyLinkCorporateEvents_1449q(LSDLinkTests.java:136)
... Removed 24 stack frames]]>
    </failure>
  </testcase> <!-- testVerifyLinkCorporateEvents_1449q -->
  <testcase name="testVerifyLinkCorporateEvents_1449q" time="6.619" classname="com.rf.test.website.LSD.LSDLinkTests">
    <failure type="java.lang.AssertionError" message="1.Current URL : https://safe.menlosecurity.com/safeview-auth-server/proxy_auth?url=aHR0cHM6Ly93d3cucmVnLnJvZGFuYW5kZmllbGRzZXZlbnRzLmNvbS9laG9tZS9pbmRleC5waHA_ZXZlbnRpZD0yMjEwMTI&amp;amp;ip=MnwxOjB8MTA6MTUyMTc1NzUzOXwyOmlwfDIwOk5UQXVNakkxTGpJd015NDJNZz09fGQyNWE0YTJjMTI0ZWQzMTQ0YTFhMGUxOTVkYmZjNmU0MDBlNzJiMTdiNWZlZTVhMDM0NzVlYjEyYjM5NzBhOTQ&amp;amp;pnr=2&amp;amp;saml=true does not contains rodanandfieldsevents
">
      <![CDATA[java.lang.AssertionError: 1.Current URL : https://safe.menlosecurity.com/safeview-auth-server/proxy_auth?url=aHR0cHM6Ly93d3cucmVnLnJvZGFuYW5kZmllbGRzZXZlbnRzLmNvbS9laG9tZS9pbmRleC5waHA_ZXZlbnRpZD0yMjEwMTI&ip=MnwxOjB8MTA6MTUyMTc1NzUzOXwyOmlwfDIwOk5UQXVNakkxTGpJd015NDJNZz09fGQyNWE0YTJjMTI0ZWQzMTQ0YTFhMGUxOTVkYmZjNmU0MDBlNzJiMTdiNWZlZTVhMDM0NzVlYjEyYjM5NzBhOTQ&pnr=2&saml=true does not contains rodanandfieldsevents

	at com.rf.core.utils.SoftAssert.assertAll(SoftAssert.java:56)
	at com.rf.test.website.LSD.LSDLinkTests.testVerifyLinkCorporateEvents_1449q(LSDLinkTests.java:136)
... Removed 24 stack frames]]>
    </failure>
  </testcase> <!-- testVerifyLinkCorporateEvents_1449q -->
  <testcase name="testVerifyLinkGettingStarted_1450q" time="6.275" classname="com.rf.test.website.LSD.LSDLinkTests"/>
  <testcase name="TotalNumberOfAllPCs_3349q" time="30.552" classname="com.rf.test.website.LSD.LSDCustomerTests_New">
    <failure type="java.lang.AssertionError" message="1.Expected count of PC users are 7 actual on UI are 1
">
      <![CDATA[java.lang.AssertionError: 1.Expected count of PC users are 7 actual on UI are 1

	at com.rf.core.utils.SoftAssert.assertAll(SoftAssert.java:56)
	at com.rf.test.website.LSD.LSDCustomerTests_New.TotalNumberOfAllPCs_3349q(LSDCustomerTests_New.java:28)
... Removed 24 stack frames]]>
    </failure>
  </testcase> <!-- TotalNumberOfAllPCs_3349q -->
  <testcase name="TotalNumberOfAllPCs_3349q" time="23.878" classname="com.rf.test.website.LSD.LSDCustomerTests_New">
    <failure type="java.lang.AssertionError" message="1.Expected count of PC users are 7 actual on UI are 1
">
      <![CDATA[java.lang.AssertionError: 1.Expected count of PC users are 7 actual on UI are 1

	at com.rf.core.utils.SoftAssert.assertAll(SoftAssert.java:56)
	at com.rf.test.website.LSD.LSDCustomerTests_New.TotalNumberOfAllPCs_3349q(LSDCustomerTests_New.java:28)
... Removed 24 stack frames]]>
    </failure>
  </testcase> <!-- TotalNumberOfAllPCs_3349q -->
  <testcase name="customerViewSubCategories_2448q" time="6.648" classname="com.rf.test.website.LSD.LSDCustomerTests_New"/>
  <testcase name="testPCCardComponents_3240q" time="62.764" classname="com.rf.test.website.LSD.LSDCustomerTests_New">
    <failure type="org.openqa.selenium.NoSuchElementException" message="no such element: Unable to locate element: {&amp;quot;method&amp;quot;:&amp;quot;xpath&amp;quot;,&amp;quot;selector&amp;quot;:&amp;quot;//div[@id=&amp;apos;sub-stage&amp;apos;]/descendant::a[1]/descendant::span[1]&amp;quot;}
  (Session info: chrome=64.0.3282.186)
  (Driver info: chromedriver=2.36.540470 (e522d04694c7ebea4ba8821272dbef4f9b818c91),platform=Windows NT 10.0.10586 x86_64) (WARNING: The server did not provide any stacktrace information)
Command duration or timeout: 0 milliseconds
For documentation on this error, please visit: http://seleniumhq.org/exceptions/no_such_element.html
Build info: version: &amp;apos;3.7.1&amp;apos;, revision: &amp;apos;8a0099a&amp;apos;, time: &amp;apos;2017-11-06T21:01:39.354Z&amp;apos;
System info: host: &amp;apos;LD-4V2P3G2&amp;apos;, ip: &amp;apos;10.6.65.53&amp;apos;, os.name: &amp;apos;Windows 10&amp;apos;, os.arch: &amp;apos;amd64&amp;apos;, os.version: &amp;apos;10.0&amp;apos;, java.version: &amp;apos;1.8.0_161&amp;apos;
Driver info: org.openqa.selenium.chrome.ChromeDriver
Capabilities {acceptInsecureCerts: false, acceptSslCerts: false, applicationCacheEnabled: false, browserConnectionEnabled: false, browserName: chrome, chrome: {chromedriverVersion: 2.36.540470 (e522d04694c7eb..., userDataDir: C:\Users\BPKOTA~1\AppData\L...}, cssSelectorsEnabled: true, databaseEnabled: false, handlesAlerts: true, hasTouchScreen: false, javascriptEnabled: true, locationContextEnabled: true, mobileEmulationEnabled: false, nativeEvents: true, networkConnectionEnabled: false, pageLoadStrategy: normal, platform: XP, platformName: XP, rotatable: false, setWindowRect: true, takesHeapSnapshot: true, takesScreenshot: true, unexpectedAlertBehaviour: , unhandledPromptBehavior: , version: 64.0.3282.186, webStorageEnabled: true}
Session ID: 7a3a60df3608df69808f9f404af453d7
*** Element info: {Using=xpath, value=//div[@id=&amp;apos;sub-stage&amp;apos;]/descendant::a[1]/descendant::span[1]}">
      <![CDATA[org.openqa.selenium.NoSuchElementException: no such element: Unable to locate element: {"method":"xpath","selector":"//div[@id='sub-stage']/descendant::a[1]/descendant::span[1]"}
  (Session info: chrome=64.0.3282.186)
  (Driver info: chromedriver=2.36.540470 (e522d04694c7ebea4ba8821272dbef4f9b818c91),platform=Windows NT 10.0.10586 x86_64) (WARNING: The server did not provide any stacktrace information)
Command duration or timeout: 0 milliseconds
For documentation on this error, please visit: http://seleniumhq.org/exceptions/no_such_element.html
Build info: version: '3.7.1', revision: '8a0099a', time: '2017-11-06T21:01:39.354Z'
System info: host: 'LD-4V2P3G2', ip: '10.6.65.53', os.name: 'Windows 10', os.arch: 'amd64', os.version: '10.0', java.version: '1.8.0_161'
Driver info: org.openqa.selenium.chrome.ChromeDriver
Capabilities {acceptInsecureCerts: false, acceptSslCerts: false, applicationCacheEnabled: false, browserConnectionEnabled: false, browserName: chrome, chrome: {chromedriverVersion: 2.36.540470 (e522d04694c7eb..., userDataDir: C:\Users\BPKOTA~1\AppData\L...}, cssSelectorsEnabled: true, databaseEnabled: false, handlesAlerts: true, hasTouchScreen: false, javascriptEnabled: true, locationContextEnabled: true, mobileEmulationEnabled: false, nativeEvents: true, networkConnectionEnabled: false, pageLoadStrategy: normal, platform: XP, platformName: XP, rotatable: false, setWindowRect: true, takesHeapSnapshot: true, takesScreenshot: true, unexpectedAlertBehaviour: , unhandledPromptBehavior: , version: 64.0.3282.186, webStorageEnabled: true}
Session ID: 7a3a60df3608df69808f9f404af453d7
*** Element info: {Using=xpath, value=//div[@id='sub-stage']/descendant::a[1]/descendant::span[1]}
	at org.openqa.selenium.remote.ErrorHandler.createThrowable(ErrorHandler.java:214)
	at org.openqa.selenium.remote.ErrorHandler.throwIfResponseFailed(ErrorHandler.java:166)
	at org.openqa.selenium.remote.http.JsonHttpResponseCodec.reconstructValue(JsonHttpResponseCodec.java:40)
	at org.openqa.selenium.remote.http.AbstractHttpResponseCodec.decode(AbstractHttpResponseCodec.java:80)
	at org.openqa.selenium.remote.http.AbstractHttpResponseCodec.decode(AbstractHttpResponseCodec.java:44)
	at org.openqa.selenium.remote.HttpCommandExecutor.execute(HttpCommandExecutor.java:164)
	at org.openqa.selenium.remote.service.DriverCommandExecutor.execute(DriverCommandExecutor.java:83)
	at org.openqa.selenium.remote.RemoteWebDriver.execute(RemoteWebDriver.java:600)
	at org.openqa.selenium.remote.RemoteWebDriver.findElement(RemoteWebDriver.java:370)
	at org.openqa.selenium.remote.RemoteWebDriver.findElementByXPath(RemoteWebDriver.java:472)
	at org.openqa.selenium.By$ByXPath.findElement(By.java:361)
	at org.openqa.selenium.remote.RemoteWebDriver.findElement(RemoteWebDriver.java:362)
	at com.rf.core.driver.website.RFWebsiteDriver.findElement(RFWebsiteDriver.java:864)
	at com.rf.core.driver.website.RFWebsiteDriver.getText(RFWebsiteDriver.java:939)
	at com.rf.pages.website.LSD.LSDCustomerPage.isFirstOrderDetailsPresent(LSDCustomerPage.java:420)
	at com.rf.test.website.LSD.LSDCustomerTests_New.testPCCardComponents_3240q(LSDCustomerTests_New.java:221)
... Removed 28 stack frames]]>
    </failure>
  </testcase> <!-- testPCCardComponents_3240q -->
  <testcase name="testPCCardComponents_3240q" time="62.879" classname="com.rf.test.website.LSD.LSDCustomerTests_New">
    <failure type="org.openqa.selenium.NoSuchElementException" message="no such element: Unable to locate element: {&amp;quot;method&amp;quot;:&amp;quot;xpath&amp;quot;,&amp;quot;selector&amp;quot;:&amp;quot;//div[@id=&amp;apos;sub-stage&amp;apos;]/descendant::a[1]/descendant::span[1]&amp;quot;}
  (Session info: chrome=64.0.3282.186)
  (Driver info: chromedriver=2.36.540470 (e522d04694c7ebea4ba8821272dbef4f9b818c91),platform=Windows NT 10.0.10586 x86_64) (WARNING: The server did not provide any stacktrace information)
Command duration or timeout: 0 milliseconds
For documentation on this error, please visit: http://seleniumhq.org/exceptions/no_such_element.html
Build info: version: &amp;apos;3.7.1&amp;apos;, revision: &amp;apos;8a0099a&amp;apos;, time: &amp;apos;2017-11-06T21:01:39.354Z&amp;apos;
System info: host: &amp;apos;LD-4V2P3G2&amp;apos;, ip: &amp;apos;10.6.65.53&amp;apos;, os.name: &amp;apos;Windows 10&amp;apos;, os.arch: &amp;apos;amd64&amp;apos;, os.version: &amp;apos;10.0&amp;apos;, java.version: &amp;apos;1.8.0_161&amp;apos;
Driver info: org.openqa.selenium.chrome.ChromeDriver
Capabilities {acceptInsecureCerts: false, acceptSslCerts: false, applicationCacheEnabled: false, browserConnectionEnabled: false, browserName: chrome, chrome: {chromedriverVersion: 2.36.540470 (e522d04694c7eb..., userDataDir: C:\Users\BPKOTA~1\AppData\L...}, cssSelectorsEnabled: true, databaseEnabled: false, handlesAlerts: true, hasTouchScreen: false, javascriptEnabled: true, locationContextEnabled: true, mobileEmulationEnabled: false, nativeEvents: true, networkConnectionEnabled: false, pageLoadStrategy: normal, platform: XP, platformName: XP, rotatable: false, setWindowRect: true, takesHeapSnapshot: true, takesScreenshot: true, unexpectedAlertBehaviour: , unhandledPromptBehavior: , version: 64.0.3282.186, webStorageEnabled: true}
Session ID: 7a3a60df3608df69808f9f404af453d7
*** Element info: {Using=xpath, value=//div[@id=&amp;apos;sub-stage&amp;apos;]/descendant::a[1]/descendant::span[1]}">
      <![CDATA[org.openqa.selenium.NoSuchElementException: no such element: Unable to locate element: {"method":"xpath","selector":"//div[@id='sub-stage']/descendant::a[1]/descendant::span[1]"}
  (Session info: chrome=64.0.3282.186)
  (Driver info: chromedriver=2.36.540470 (e522d04694c7ebea4ba8821272dbef4f9b818c91),platform=Windows NT 10.0.10586 x86_64) (WARNING: The server did not provide any stacktrace information)
Command duration or timeout: 0 milliseconds
For documentation on this error, please visit: http://seleniumhq.org/exceptions/no_such_element.html
Build info: version: '3.7.1', revision: '8a0099a', time: '2017-11-06T21:01:39.354Z'
System info: host: 'LD-4V2P3G2', ip: '10.6.65.53', os.name: 'Windows 10', os.arch: 'amd64', os.version: '10.0', java.version: '1.8.0_161'
Driver info: org.openqa.selenium.chrome.ChromeDriver
Capabilities {acceptInsecureCerts: false, acceptSslCerts: false, applicationCacheEnabled: false, browserConnectionEnabled: false, browserName: chrome, chrome: {chromedriverVersion: 2.36.540470 (e522d04694c7eb..., userDataDir: C:\Users\BPKOTA~1\AppData\L...}, cssSelectorsEnabled: true, databaseEnabled: false, handlesAlerts: true, hasTouchScreen: false, javascriptEnabled: true, locationContextEnabled: true, mobileEmulationEnabled: false, nativeEvents: true, networkConnectionEnabled: false, pageLoadStrategy: normal, platform: XP, platformName: XP, rotatable: false, setWindowRect: true, takesHeapSnapshot: true, takesScreenshot: true, unexpectedAlertBehaviour: , unhandledPromptBehavior: , version: 64.0.3282.186, webStorageEnabled: true}
Session ID: 7a3a60df3608df69808f9f404af453d7
*** Element info: {Using=xpath, value=//div[@id='sub-stage']/descendant::a[1]/descendant::span[1]}
	at org.openqa.selenium.remote.ErrorHandler.createThrowable(ErrorHandler.java:214)
	at org.openqa.selenium.remote.ErrorHandler.throwIfResponseFailed(ErrorHandler.java:166)
	at org.openqa.selenium.remote.http.JsonHttpResponseCodec.reconstructValue(JsonHttpResponseCodec.java:40)
	at org.openqa.selenium.remote.http.AbstractHttpResponseCodec.decode(AbstractHttpResponseCodec.java:80)
	at org.openqa.selenium.remote.http.AbstractHttpResponseCodec.decode(AbstractHttpResponseCodec.java:44)
	at org.openqa.selenium.remote.HttpCommandExecutor.execute(HttpCommandExecutor.java:164)
	at org.openqa.selenium.remote.service.DriverCommandExecutor.execute(DriverCommandExecutor.java:83)
	at org.openqa.selenium.remote.RemoteWebDriver.execute(RemoteWebDriver.java:600)
	at org.openqa.selenium.remote.RemoteWebDriver.findElement(RemoteWebDriver.java:370)
	at org.openqa.selenium.remote.RemoteWebDriver.findElementByXPath(RemoteWebDriver.java:472)
	at org.openqa.selenium.By$ByXPath.findElement(By.java:361)
	at org.openqa.selenium.remote.RemoteWebDriver.findElement(RemoteWebDriver.java:362)
	at com.rf.core.driver.website.RFWebsiteDriver.findElement(RFWebsiteDriver.java:864)
	at com.rf.core.driver.website.RFWebsiteDriver.getText(RFWebsiteDriver.java:939)
	at com.rf.pages.website.LSD.LSDCustomerPage.isFirstOrderDetailsPresent(LSDCustomerPage.java:420)
	at com.rf.test.website.LSD.LSDCustomerTests_New.testPCCardComponents_3240q(LSDCustomerTests_New.java:221)
... Removed 28 stack frames]]>
    </failure>
  </testcase> <!-- testPCCardComponents_3240q -->
  <testcase name="testSortingByQVLowTohigh_3011q" time="5.515" classname="com.rf.test.website.LSD.LSDCustomerTests_New"/>
  <testcase name="testSortingMenuForNextMonth_2999q" time="26.233" classname="com.rf.test.website.LSD.LSDCustomerTests_New"/>
  <testcase name="testSortingMenuForThisMonth_3000q" time="18.184" classname="com.rf.test.website.LSD.LSDCustomerTests_New"/>
  <testcase name="testTotalNumberOfDeactivatedPCs_2985q" time="9.526" classname="com.rf.test.website.LSD.LSDCustomerTests_New"/>
  <testcase name="testTotalNumberOfNewPCs_3306q" time="11.807" classname="com.rf.test.website.LSD.LSDCustomerTests_New">
    <failure type="java.lang.AssertionError" message="1.Expected count of order is null actual on UI is 0

 1.Expected count of order at header is null actual on UI is 0
">
      <![CDATA[java.lang.AssertionError: 1.Expected count of order is null actual on UI is 0

 1.Expected count of order at header is null actual on UI is 0

	at com.rf.core.utils.SoftAssert.assertAll(SoftAssert.java:56)
	at com.rf.test.website.LSD.LSDCustomerTests_New.testTotalNumberOfNewPCs_3306q(LSDCustomerTests_New.java:108)
... Removed 24 stack frames]]>
    </failure>
  </testcase> <!-- testTotalNumberOfNewPCs_3306q -->
  <testcase name="testTotalNumberOfNewPCs_3306q" time="13.605" classname="com.rf.test.website.LSD.LSDCustomerTests_New">
    <failure type="java.lang.AssertionError" message="1.Expected count of order is null actual on UI is 0

 1.Expected count of order at header is null actual on UI is 0
">
      <![CDATA[java.lang.AssertionError: 1.Expected count of order is null actual on UI is 0

 1.Expected count of order at header is null actual on UI is 0

	at com.rf.core.utils.SoftAssert.assertAll(SoftAssert.java:56)
	at com.rf.test.website.LSD.LSDCustomerTests_New.testTotalNumberOfNewPCs_3306q(LSDCustomerTests_New.java:108)
... Removed 24 stack frames]]>
    </failure>
  </testcase> <!-- testTotalNumberOfNewPCs_3306q -->
  <testcase name="testTotalNumberOfPCsNextMonth_3021q" time="25.958" classname="com.rf.test.website.LSD.LSDCustomerTests_New"/>
  <testcase name="testTotalNumberOfPCsThisMonth_3013q" time="17.742" classname="com.rf.test.website.LSD.LSDCustomerTests_New"/>
  <testcase name="testConsultantAdhocOrderDetailsOnOrderCards_2848q" time="72.17" classname="com.rf.test.website.LSD.LSDOrdersTests"/>
  <testcase name="testLoadingOrdersScreen_2821q_2820q" time="30.68" classname="com.rf.test.website.LSD.LSDOrdersTests"/>
  <testcase name="testOrderStatusOrderResultsBasedOnOrderFilter_2835q" time="198.815" classname="com.rf.test.website.LSD.LSDOrdersTests">
    <failure type="org.openqa.selenium.WebDriverException" message="unknown error: Element &amp;lt;button click.delegate=&amp;quot;return applyFilterAndSort()&amp;quot; class=&amp;quot;button-selectable standard controls text-uppercase au-target&amp;quot; au-target-id=&amp;quot;271&amp;quot;&amp;gt;...&amp;lt;/button&amp;gt; is not clickable at point (0, 0). Other element would receive the click: &amp;lt;section class=&amp;quot;container-fluid&amp;quot;&amp;gt;...&amp;lt;/section&amp;gt;
  (Session info: chrome=64.0.3282.186)
  (Driver info: chromedriver=2.36.540470 (e522d04694c7ebea4ba8821272dbef4f9b818c91),platform=Windows NT 10.0.10586 x86_64) (WARNING: The server did not provide any stacktrace information)
Command duration or timeout: 0 milliseconds
Build info: version: &amp;apos;3.7.1&amp;apos;, revision: &amp;apos;8a0099a&amp;apos;, time: &amp;apos;2017-11-06T21:01:39.354Z&amp;apos;
System info: host: &amp;apos;LD-4V2P3G2&amp;apos;, ip: &amp;apos;10.6.65.53&amp;apos;, os.name: &amp;apos;Windows 10&amp;apos;, os.arch: &amp;apos;amd64&amp;apos;, os.version: &amp;apos;10.0&amp;apos;, java.version: &amp;apos;1.8.0_161&amp;apos;
Driver info: org.openqa.selenium.chrome.ChromeDriver
Capabilities {acceptInsecureCerts: false, acceptSslCerts: false, applicationCacheEnabled: false, browserConnectionEnabled: false, browserName: chrome, chrome: {chromedriverVersion: 2.36.540470 (e522d04694c7eb..., userDataDir: C:\Users\BPKOTA~1\AppData\L...}, cssSelectorsEnabled: true, databaseEnabled: false, handlesAlerts: true, hasTouchScreen: false, javascriptEnabled: true, locationContextEnabled: true, mobileEmulationEnabled: false, nativeEvents: true, networkConnectionEnabled: false, pageLoadStrategy: normal, platform: XP, platformName: XP, rotatable: false, setWindowRect: true, takesHeapSnapshot: true, takesScreenshot: true, unexpectedAlertBehaviour: , unhandledPromptBehavior: , version: 64.0.3282.186, webStorageEnabled: true}
Session ID: 7a3a60df3608df69808f9f404af453d7">
      <![CDATA[org.openqa.selenium.WebDriverException: unknown error: Element <button click.delegate="return applyFilterAndSort()" class="button-selectable standard controls text-uppercase au-target" au-target-id="271">...</button> is not clickable at point (0, 0). Other element would receive the click: <section class="container-fluid">...</section>
  (Session info: chrome=64.0.3282.186)
  (Driver info: chromedriver=2.36.540470 (e522d04694c7ebea4ba8821272dbef4f9b818c91),platform=Windows NT 10.0.10586 x86_64) (WARNING: The server did not provide any stacktrace information)
Command duration or timeout: 0 milliseconds
Build info: version: '3.7.1', revision: '8a0099a', time: '2017-11-06T21:01:39.354Z'
System info: host: 'LD-4V2P3G2', ip: '10.6.65.53', os.name: 'Windows 10', os.arch: 'amd64', os.version: '10.0', java.version: '1.8.0_161'
Driver info: org.openqa.selenium.chrome.ChromeDriver
Capabilities {acceptInsecureCerts: false, acceptSslCerts: false, applicationCacheEnabled: false, browserConnectionEnabled: false, browserName: chrome, chrome: {chromedriverVersion: 2.36.540470 (e522d04694c7eb..., userDataDir: C:\Users\BPKOTA~1\AppData\L...}, cssSelectorsEnabled: true, databaseEnabled: false, handlesAlerts: true, hasTouchScreen: false, javascriptEnabled: true, locationContextEnabled: true, mobileEmulationEnabled: false, nativeEvents: true, networkConnectionEnabled: false, pageLoadStrategy: normal, platform: XP, platformName: XP, rotatable: false, setWindowRect: true, takesHeapSnapshot: true, takesScreenshot: true, unexpectedAlertBehaviour: , unhandledPromptBehavior: , version: 64.0.3282.186, webStorageEnabled: true}
Session ID: 7a3a60df3608df69808f9f404af453d7
	at org.openqa.selenium.remote.ErrorHandler.createThrowable(ErrorHandler.java:214)
	at org.openqa.selenium.remote.ErrorHandler.throwIfResponseFailed(ErrorHandler.java:166)
	at org.openqa.selenium.remote.http.JsonHttpResponseCodec.reconstructValue(JsonHttpResponseCodec.java:40)
	at org.openqa.selenium.remote.http.AbstractHttpResponseCodec.decode(AbstractHttpResponseCodec.java:80)
	at org.openqa.selenium.remote.http.AbstractHttpResponseCodec.decode(AbstractHttpResponseCodec.java:44)
	at org.openqa.selenium.remote.HttpCommandExecutor.execute(HttpCommandExecutor.java:164)
	at org.openqa.selenium.remote.service.DriverCommandExecutor.execute(DriverCommandExecutor.java:83)
	at org.openqa.selenium.remote.RemoteWebDriver.execute(RemoteWebDriver.java:600)
	at org.openqa.selenium.remote.RemoteWebElement.execute(RemoteWebElement.java:279)
	at org.openqa.selenium.remote.RemoteWebElement.click(RemoteWebElement.java:83)
	at com.rf.core.driver.website.RFWebsiteDriver.click(RFWebsiteDriver.java:764)
	at com.rf.pages.website.LSD.LSDOrderPage.clickApplyFilterBtn(LSDOrderPage.java:607)
	at com.rf.test.website.LSD.LSDOrdersTests.testOrderStatusOrderResultsBasedOnOrderFilter_2835q(LSDOrdersTests.java:157)
... Removed 27 stack frames]]>
    </failure>
  </testcase> <!-- testOrderStatusOrderResultsBasedOnOrderFilter_2835q -->
  <testcase name="testOrderStatusOrderResultsBasedOnOrderFilter_2835q" time="169.933" classname="com.rf.test.website.LSD.LSDOrdersTests">
    <failure type="org.openqa.selenium.NoSuchElementException" message="no such element: Unable to locate element: {&amp;quot;method&amp;quot;:&amp;quot;xpath&amp;quot;,&amp;quot;selector&amp;quot;:&amp;quot;//div[@id=&amp;apos;sub-stage&amp;apos;]/descendant::order-card[@class=&amp;apos;au-target&amp;apos;][227]//ul[contains(@class,&amp;apos;data-point-list&amp;apos;)]/li[1]/span[1]&amp;quot;}
  (Session info: chrome=64.0.3282.186)
  (Driver info: chromedriver=2.36.540470 (e522d04694c7ebea4ba8821272dbef4f9b818c91),platform=Windows NT 10.0.10586 x86_64) (WARNING: The server did not provide any stacktrace information)
Command duration or timeout: 0 milliseconds
For documentation on this error, please visit: http://seleniumhq.org/exceptions/no_such_element.html
Build info: version: &amp;apos;3.7.1&amp;apos;, revision: &amp;apos;8a0099a&amp;apos;, time: &amp;apos;2017-11-06T21:01:39.354Z&amp;apos;
System info: host: &amp;apos;LD-4V2P3G2&amp;apos;, ip: &amp;apos;10.6.65.53&amp;apos;, os.name: &amp;apos;Windows 10&amp;apos;, os.arch: &amp;apos;amd64&amp;apos;, os.version: &amp;apos;10.0&amp;apos;, java.version: &amp;apos;1.8.0_161&amp;apos;
Driver info: org.openqa.selenium.chrome.ChromeDriver
Capabilities {acceptInsecureCerts: false, acceptSslCerts: false, applicationCacheEnabled: false, browserConnectionEnabled: false, browserName: chrome, chrome: {chromedriverVersion: 2.36.540470 (e522d04694c7eb..., userDataDir: C:\Users\BPKOTA~1\AppData\L...}, cssSelectorsEnabled: true, databaseEnabled: false, handlesAlerts: true, hasTouchScreen: false, javascriptEnabled: true, locationContextEnabled: true, mobileEmulationEnabled: false, nativeEvents: true, networkConnectionEnabled: false, pageLoadStrategy: normal, platform: XP, platformName: XP, rotatable: false, setWindowRect: true, takesHeapSnapshot: true, takesScreenshot: true, unexpectedAlertBehaviour: , unhandledPromptBehavior: , version: 64.0.3282.186, webStorageEnabled: true}
Session ID: 7a3a60df3608df69808f9f404af453d7
*** Element info: {Using=xpath, value=//div[@id=&amp;apos;sub-stage&amp;apos;]/descendant::order-card[@class=&amp;apos;au-target&amp;apos;][227]//ul[contains(@class,&amp;apos;data-point-list&amp;apos;)]/li[1]/span[1]}">
      <![CDATA[org.openqa.selenium.NoSuchElementException: no such element: Unable to locate element: {"method":"xpath","selector":"//div[@id='sub-stage']/descendant::order-card[@class='au-target'][227]//ul[contains(@class,'data-point-list')]/li[1]/span[1]"}
  (Session info: chrome=64.0.3282.186)
  (Driver info: chromedriver=2.36.540470 (e522d04694c7ebea4ba8821272dbef4f9b818c91),platform=Windows NT 10.0.10586 x86_64) (WARNING: The server did not provide any stacktrace information)
Command duration or timeout: 0 milliseconds
For documentation on this error, please visit: http://seleniumhq.org/exceptions/no_such_element.html
Build info: version: '3.7.1', revision: '8a0099a', time: '2017-11-06T21:01:39.354Z'
System info: host: 'LD-4V2P3G2', ip: '10.6.65.53', os.name: 'Windows 10', os.arch: 'amd64', os.version: '10.0', java.version: '1.8.0_161'
Driver info: org.openqa.selenium.chrome.ChromeDriver
Capabilities {acceptInsecureCerts: false, acceptSslCerts: false, applicationCacheEnabled: false, browserConnectionEnabled: false, browserName: chrome, chrome: {chromedriverVersion: 2.36.540470 (e522d04694c7eb..., userDataDir: C:\Users\BPKOTA~1\AppData\L...}, cssSelectorsEnabled: true, databaseEnabled: false, handlesAlerts: true, hasTouchScreen: false, javascriptEnabled: true, locationContextEnabled: true, mobileEmulationEnabled: false, nativeEvents: true, networkConnectionEnabled: false, pageLoadStrategy: normal, platform: XP, platformName: XP, rotatable: false, setWindowRect: true, takesHeapSnapshot: true, takesScreenshot: true, unexpectedAlertBehaviour: , unhandledPromptBehavior: , version: 64.0.3282.186, webStorageEnabled: true}
Session ID: 7a3a60df3608df69808f9f404af453d7
*** Element info: {Using=xpath, value=//div[@id='sub-stage']/descendant::order-card[@class='au-target'][227]//ul[contains(@class,'data-point-list')]/li[1]/span[1]}
	at org.openqa.selenium.remote.ErrorHandler.createThrowable(ErrorHandler.java:214)
	at org.openqa.selenium.remote.ErrorHandler.throwIfResponseFailed(ErrorHandler.java:166)
	at org.openqa.selenium.remote.http.JsonHttpResponseCodec.reconstructValue(JsonHttpResponseCodec.java:40)
	at org.openqa.selenium.remote.http.AbstractHttpResponseCodec.decode(AbstractHttpResponseCodec.java:80)
	at org.openqa.selenium.remote.http.AbstractHttpResponseCodec.decode(AbstractHttpResponseCodec.java:44)
	at org.openqa.selenium.remote.HttpCommandExecutor.execute(HttpCommandExecutor.java:164)
	at org.openqa.selenium.remote.service.DriverCommandExecutor.execute(DriverCommandExecutor.java:83)
	at org.openqa.selenium.remote.RemoteWebDriver.execute(RemoteWebDriver.java:600)
	at org.openqa.selenium.remote.RemoteWebDriver.findElement(RemoteWebDriver.java:370)
	at org.openqa.selenium.remote.RemoteWebDriver.findElementByXPath(RemoteWebDriver.java:472)
	at org.openqa.selenium.By$ByXPath.findElement(By.java:361)
	at org.openqa.selenium.remote.RemoteWebDriver.findElement(RemoteWebDriver.java:362)
	at com.rf.core.driver.website.RFWebsiteDriver.findElement(RFWebsiteDriver.java:864)
	at com.rf.pages.website.LSD.LSDOrderPage.getOrderStatus(LSDOrderPage.java:271)
	at com.rf.pages.website.LSD.LSDOrderPage.isOrderStatusFilterAppliedSuccessfully(LSDOrderPage.java:648)
	at com.rf.test.website.LSD.LSDOrdersTests.testOrderStatusOrderResultsBasedOnOrderFilter_2835q(LSDOrdersTests.java:130)
... Removed 28 stack frames]]>
    </failure>
  </testcase> <!-- testOrderStatusOrderResultsBasedOnOrderFilter_2835q -->
  <testcase name="testOrderTypeOrderResultsBasedOnOrderFilter_2834q" time="25.515" classname="com.rf.test.website.LSD.LSDOrdersTests"/>
  <testcase name="testPCAdhocOrderDetailsOnOrderCards_2844q" time="22.088" classname="com.rf.test.website.LSD.LSDOrdersTests"/>
  <testcase name="testPulseSubscriptionOrderDetailsOnOrderCards_2843q" time="22.747" classname="com.rf.test.website.LSD.LSDOrdersTests">
    <failure type="java.lang.AssertionError" message="1.Expected order type is personal but actual on UI Consultant Order
">
      <![CDATA[java.lang.AssertionError: 1.Expected order type is personal but actual on UI Consultant Order

	at com.rf.core.utils.SoftAssert.assertAll(SoftAssert.java:56)
	at com.rf.test.website.LSD.LSDOrdersTests.testPulseSubscriptionOrderDetailsOnOrderCards_2843q(LSDOrdersTests.java:321)
... Removed 24 stack frames]]>
    </failure>
  </testcase> <!-- testPulseSubscriptionOrderDetailsOnOrderCards_2843q -->
  <testcase name="testPulseSubscriptionOrderDetailsOnOrderCards_2843q" time="21.649" classname="com.rf.test.website.LSD.LSDOrdersTests">
    <failure type="java.lang.AssertionError" message="1.Expected order type is personal but actual on UI Consultant Order
">
      <![CDATA[java.lang.AssertionError: 1.Expected order type is personal but actual on UI Consultant Order

	at com.rf.core.utils.SoftAssert.assertAll(SoftAssert.java:56)
	at com.rf.test.website.LSD.LSDOrdersTests.testPulseSubscriptionOrderDetailsOnOrderCards_2843q(LSDOrdersTests.java:321)
... Removed 24 stack frames]]>
    </failure>
  </testcase> <!-- testPulseSubscriptionOrderDetailsOnOrderCards_2843q -->
  <testcase name="testRetailAdhocOrderDetailsOnOrderCards_2841q" time="31.966" classname="com.rf.test.website.LSD.LSDOrdersTests"/>
  <testcase name="testVerifyCRPOrderDetailsOnOrderCards_2838q" time="26.384" classname="com.rf.test.website.LSD.LSDOrdersTests">
    <failure type="java.lang.AssertionError" message="1.Expected order type is personal but actual on UI Consultant Order
">
      <![CDATA[java.lang.AssertionError: 1.Expected order type is personal but actual on UI Consultant Order

	at com.rf.core.utils.SoftAssert.assertAll(SoftAssert.java:56)
	at com.rf.test.website.LSD.LSDOrdersTests.testVerifyCRPOrderDetailsOnOrderCards_2838q(LSDOrdersTests.java:195)
... Removed 24 stack frames]]>
    </failure>
  </testcase> <!-- testVerifyCRPOrderDetailsOnOrderCards_2838q -->
  <testcase name="testVerifyCRPOrderDetailsOnOrderCards_2838q" time="22.338" classname="com.rf.test.website.LSD.LSDOrdersTests">
    <failure type="java.lang.AssertionError" message="1.Expected order type is personal but actual on UI Consultant Order
">
      <![CDATA[java.lang.AssertionError: 1.Expected order type is personal but actual on UI Consultant Order

	at com.rf.core.utils.SoftAssert.assertAll(SoftAssert.java:56)
	at com.rf.test.website.LSD.LSDOrdersTests.testVerifyCRPOrderDetailsOnOrderCards_2838q(LSDOrdersTests.java:195)
... Removed 24 stack frames]]>
    </failure>
  </testcase> <!-- testVerifyCRPOrderDetailsOnOrderCards_2838q -->
  <testcase name="testVerifyCRPOrderDetailsWithConsultantPersonalOnOrderCards_2855q" time="22.252" classname="com.rf.test.website.LSD.LSDOrdersTests">
    <failure type="java.lang.AssertionError" message="1.Expected order type is personal but actual on UI Consultant Order
">
      <![CDATA[java.lang.AssertionError: 1.Expected order type is personal but actual on UI Consultant Order

	at com.rf.core.utils.SoftAssert.assertAll(SoftAssert.java:56)
	at com.rf.test.website.LSD.LSDOrdersTests.testVerifyCRPOrderDetailsWithConsultantPersonalOnOrderCards_2855q(LSDOrdersTests.java:227)
... Removed 24 stack frames]]>
    </failure>
  </testcase> <!-- testVerifyCRPOrderDetailsWithConsultantPersonalOnOrderCards_2855q -->
  <testcase name="testVerifyCRPOrderDetailsWithConsultantPersonalOnOrderCards_2855q" time="22.308" classname="com.rf.test.website.LSD.LSDOrdersTests">
    <failure type="java.lang.AssertionError" message="1.Expected order type is personal but actual on UI Consultant Order
">
      <![CDATA[java.lang.AssertionError: 1.Expected order type is personal but actual on UI Consultant Order

	at com.rf.core.utils.SoftAssert.assertAll(SoftAssert.java:56)
	at com.rf.test.website.LSD.LSDOrdersTests.testVerifyCRPOrderDetailsWithConsultantPersonalOnOrderCards_2855q(LSDOrdersTests.java:227)
... Removed 24 stack frames]]>
    </failure>
  </testcase> <!-- testVerifyCRPOrderDetailsWithConsultantPersonalOnOrderCards_2855q -->
  <testcase name="testVerifyOrderReceiptForFailedPCOrders_3430q" time="44.735" classname="com.rf.test.website.LSD.LSDOrdersTests"/>
  <testcase name="testVerifyOrderReceiptForProcessedPersonalAdhocOrders_3425q" time="28.074" classname="com.rf.test.website.LSD.LSDOrdersTests"/>
</testsuite> <!-- pulseRegressionTest -->
