<html>
<head>
<title>TestNG:  pulseRegressionTest</title>
<link href="../testng.css" rel="stylesheet" type="text/css" />
<link href="../my-testng.css" rel="stylesheet" type="text/css" />

<style type="text/css">
.log { display: none;} 
.stack-trace { display: none;} 
</style>
<script type="text/javascript">
<!--
function flip(e) {
  current = e.style.display;
  if (current == 'block') {
    e.style.display = 'none';
    return 0;
  }
  else {
    e.style.display = 'block';
    return 1;
  }
}

function toggleBox(szDivId, elem, msg1, msg2)
{
  var res = -1;  if (document.getElementById) {
    res = flip(document.getElementById(szDivId));
  }
  else if (document.all) {
    // this is the way old msie versions work
    res = flip(document.all[szDivId]);
  }
  if(elem) {
    if(res == 0) elem.innerHTML = msg1; else elem.innerHTML = msg2;
  }

}

function toggleAllBoxes() {
  if (document.getElementsByTagName) {
    d = document.getElementsByTagName('div');
    for (i = 0; i < d.length; i++) {
      if (d[i].className == 'log') {
        flip(d[i]);
      }
    }
  }
}

// -->
</script>

</head>
<body>
<h2 align='center'>pulseRegressionTest</h2><table border='1' align="center">
<tr>
<td>Tests passed/Failed/Skipped:</td><td>12/6/65</td>
</tr><tr>
<td>Started on:</td><td>Wed Mar 21 21:15:50 PDT 2018</td>
</tr>
<tr><td>Total time:</td><td>526 seconds (526464 ms)</td>
</tr><tr>
<td>Included groups:</td><td></td>
</tr><tr>
<td>Excluded groups:</td><td></td>
</tr>
</table><p/>
<small><i>(Hover the method name to see the test class name)</i></small><p/>
<table width='100%' border='1' class='invocation-failed'>
<tr><td colspan='4' align='center'><b>FAILED CONFIGURATIONS</b></td></tr>
<tr><td><b>Test method</b></td>
<td width="30%"><b>Exception</b></td>
<td width="10%"><b>Time (seconds)</b></td>
<td><b>Instance</b></td>
</tr>
<tr>
<td title='com.rf.test.website.LSD.LSDLinkTests.afterClass()'><b>afterClass</b><br>Test class: com.rf.test.website.LSD.LSDLinkTests</td>
<td><div><pre>org.openqa.selenium.NoSuchElementException: no such element: Unable to locate element: {&quot;method&quot;:&quot;xpath&quot;,&quot;selector&quot;:&quot;//div[@id=&apos;rf-nav-wrapper&apos;]/descendant::span[text()=&apos;Pulse&apos;][1]&quot;}
  (Session info: chrome=64.0.3282.186)
  (Driver info: chromedriver=2.36.540470 (e522d04694c7ebea4ba8821272dbef4f9b818c91),platform=Windows NT 10.0.10586 x86_64) (WARNING: The server did not provide any stacktrace information)
Command duration or timeout: 0 milliseconds
For documentation on this error, please visit: http://seleniumhq.org/exceptions/no_such_element.html
Build info: version: &apos;3.7.1&apos;, revision: &apos;8a0099a&apos;, time: &apos;2017-11-06T21:01:39.354Z&apos;
System info: host: &apos;LD-4V2P3G2&apos;, ip: &apos;192.168.121.186&apos;, os.name: &apos;Windows 10&apos;, os.arch: &apos;amd64&apos;, os.version: &apos;10.0&apos;, java.version: &apos;1.8.0_161&apos;
Driver info: org.openqa.selenium.chrome.ChromeDriver
Capabilities {acceptInsecureCerts: false, acceptSslCerts: false, applicationCacheEnabled: false, browserConnectionEnabled: false, browserName: chrome, chrome: {chromedriverVersion: 2.36.540470 (e522d04694c7eb..., userDataDir: C:\Users\BPKOTA~1\AppData\L...}, cssSelectorsEnabled: true, databaseEnabled: false, handlesAlerts: true, hasTouchScreen: false, javascriptEnabled: true, locationContextEnabled: true, mobileEmulationEnabled: false, nativeEvents: true, networkConnectionEnabled: false, pageLoadStrategy: normal, platform: XP, platformName: XP, rotatable: false, setWindowRect: true, takesHeapSnapshot: true, takesScreenshot: true, unexpectedAlertBehaviour: , unhandledPromptBehavior: , version: 64.0.3282.186, webStorageEnabled: true}
Session ID: 4b47a338086ec4b6220409c09d8f96ca
*** Element info: {Using=xpath, value=//div[@id=&apos;rf-nav-wrapper&apos;]/descendant::span[text()=&apos;Pulse&apos;][1]}
	at org.openqa.selenium.remote.ErrorHandler.createThrowable(ErrorHandler.java:214)
	at org.openqa.selenium.remote.ErrorHandler.throwIfResponseFailed(ErrorHandler.java:166)
	at org.openqa.selenium.remote.http.JsonHttpResponseCodec.reconstructValue(JsonHttpResponseCodec.java:40)
	at org.openqa.selenium.remote.http.AbstractHttpResponseCodec.decode(AbstractHttpResponseCodec.java:80)
	at org.openqa.selenium.remote.http.AbstractHttpResponseCodec.decode(AbstractHttpResponseCodec.java:44)
	at org.openqa.selenium.remote.HttpCommandExecutor.execute(HttpCommandExecutor.java:164)
	at org.openqa.selenium.remote.service.DriverCommandExecutor.execute(DriverCommandExecutor.java:83)
	at org.openqa.selenium.remote.RemoteWebDriver.execute(RemoteWebDriver.java:600)
	at org.openqa.selenium.remote.RemoteWebDriver.findElement(RemoteWebDriver.java:370)
	at org.openqa.selenium.remote.RemoteWebDriver.findElementByXPath(RemoteWebDriver.java:472)
	at org.openqa.selenium.By$ByXPath.findElement(By.java:361)
	at org.openqa.selenium.remote.RemoteWebDriver.findElement(RemoteWebDriver.java:362)
	at com.rf.core.driver.website.RFWebsiteDriver.findElement(RFWebsiteDriver.java:860)
	at com.rf.core.driver.website.RFWebsiteDriver.click(RFWebsiteDriver.java:764)
	at com.rf.pages.website.LSD.LSDRFWebsiteBasePage.clickLogout(LSDRFWebsiteBasePage.java:161)
	at com.rf.test.website.RFLSDWebsiteBaseTest.afterClass(RFLSDWebsiteBaseTest.java:245)
... Removed 28 stack frames</pre></div><a href='#' onClick='toggleBox("stack-trace1219553025", this, "Click to show all stack frames", "Click to hide stack frames")'>Click to show all stack frames</a>
<div class='stack-trace' id='stack-trace1219553025'><pre>org.openqa.selenium.NoSuchElementException: no such element: Unable to locate element: {&quot;method&quot;:&quot;xpath&quot;,&quot;selector&quot;:&quot;//div[@id=&apos;rf-nav-wrapper&apos;]/descendant::span[text()=&apos;Pulse&apos;][1]&quot;}
  (Session info: chrome=64.0.3282.186)
  (Driver info: chromedriver=2.36.540470 (e522d04694c7ebea4ba8821272dbef4f9b818c91),platform=Windows NT 10.0.10586 x86_64) (WARNING: The server did not provide any stacktrace information)
Command duration or timeout: 0 milliseconds
For documentation on this error, please visit: http://seleniumhq.org/exceptions/no_such_element.html
Build info: version: &apos;3.7.1&apos;, revision: &apos;8a0099a&apos;, time: &apos;2017-11-06T21:01:39.354Z&apos;
System info: host: &apos;LD-4V2P3G2&apos;, ip: &apos;192.168.121.186&apos;, os.name: &apos;Windows 10&apos;, os.arch: &apos;amd64&apos;, os.version: &apos;10.0&apos;, java.version: &apos;1.8.0_161&apos;
Driver info: org.openqa.selenium.chrome.ChromeDriver
Capabilities {acceptInsecureCerts: false, acceptSslCerts: false, applicationCacheEnabled: false, browserConnectionEnabled: false, browserName: chrome, chrome: {chromedriverVersion: 2.36.540470 (e522d04694c7eb..., userDataDir: C:\Users\BPKOTA~1\AppData\L...}, cssSelectorsEnabled: true, databaseEnabled: false, handlesAlerts: true, hasTouchScreen: false, javascriptEnabled: true, locationContextEnabled: true, mobileEmulationEnabled: false, nativeEvents: true, networkConnectionEnabled: false, pageLoadStrategy: normal, platform: XP, platformName: XP, rotatable: false, setWindowRect: true, takesHeapSnapshot: true, takesScreenshot: true, unexpectedAlertBehaviour: , unhandledPromptBehavior: , version: 64.0.3282.186, webStorageEnabled: true}
Session ID: 4b47a338086ec4b6220409c09d8f96ca
*** Element info: {Using=xpath, value=//div[@id=&apos;rf-nav-wrapper&apos;]/descendant::span[text()=&apos;Pulse&apos;][1]}
	at sun.reflect.NativeConstructorAccessorImpl.newInstance0(Native Method)
	at sun.reflect.NativeConstructorAccessorImpl.newInstance(Unknown Source)
	at sun.reflect.DelegatingConstructorAccessorImpl.newInstance(Unknown Source)
	at java.lang.reflect.Constructor.newInstance(Unknown Source)
	at org.openqa.selenium.remote.ErrorHandler.createThrowable(ErrorHandler.java:214)
	at org.openqa.selenium.remote.ErrorHandler.throwIfResponseFailed(ErrorHandler.java:166)
	at org.openqa.selenium.remote.http.JsonHttpResponseCodec.reconstructValue(JsonHttpResponseCodec.java:40)
	at org.openqa.selenium.remote.http.AbstractHttpResponseCodec.decode(AbstractHttpResponseCodec.java:80)
	at org.openqa.selenium.remote.http.AbstractHttpResponseCodec.decode(AbstractHttpResponseCodec.java:44)
	at org.openqa.selenium.remote.HttpCommandExecutor.execute(HttpCommandExecutor.java:164)
	at org.openqa.selenium.remote.service.DriverCommandExecutor.execute(DriverCommandExecutor.java:83)
	at org.openqa.selenium.remote.RemoteWebDriver.execute(RemoteWebDriver.java:600)
	at org.openqa.selenium.remote.RemoteWebDriver.findElement(RemoteWebDriver.java:370)
	at org.openqa.selenium.remote.RemoteWebDriver.findElementByXPath(RemoteWebDriver.java:472)
	at org.openqa.selenium.By$ByXPath.findElement(By.java:361)
	at org.openqa.selenium.remote.RemoteWebDriver.findElement(RemoteWebDriver.java:362)
	at com.rf.core.driver.website.RFWebsiteDriver.findElement(RFWebsiteDriver.java:860)
	at com.rf.core.driver.website.RFWebsiteDriver.click(RFWebsiteDriver.java:764)
	at com.rf.pages.website.LSD.LSDRFWebsiteBasePage.clickLogout(LSDRFWebsiteBasePage.java:161)
	at com.rf.test.website.RFLSDWebsiteBaseTest.afterClass(RFLSDWebsiteBaseTest.java:245)
	at sun.reflect.NativeMethodAccessorImpl.invoke0(Native Method)
	at sun.reflect.NativeMethodAccessorImpl.invoke(Unknown Source)
	at sun.reflect.DelegatingMethodAccessorImpl.invoke(Unknown Source)
	at java.lang.reflect.Method.invoke(Unknown Source)
	at org.testng.internal.MethodInvocationHelper.invokeMethod(MethodInvocationHelper.java:84)
	at org.testng.internal.Invoker.invokeConfigurationMethod(Invoker.java:564)
	at org.testng.internal.Invoker.invokeConfigurations(Invoker.java:213)
	at org.testng.internal.Invoker.invokeConfigurations(Invoker.java:138)
	at org.testng.internal.TestMethodWorker.invokeAfterClassMethods(TestMethodWorker.java:225)
	at org.testng.internal.TestMethodWorker.run(TestMethodWorker.java:114)
	at org.testng.TestRunner.privateRun(TestRunner.java:767)
	at org.testng.TestRunner.run(TestRunner.java:617)
	at org.testng.SuiteRunner.runTest(SuiteRunner.java:348)
	at org.testng.SuiteRunner.runSequentially(SuiteRunner.java:343)
	at org.testng.SuiteRunner.privateRun(SuiteRunner.java:305)
	at org.testng.SuiteRunner.run(SuiteRunner.java:254)
	at org.testng.SuiteRunnerWorker.runSuite(SuiteRunnerWorker.java:52)
	at org.testng.SuiteRunnerWorker.run(SuiteRunnerWorker.java:86)
	at org.testng.TestNG.runSuitesSequentially(TestNG.java:1224)
	at org.testng.TestNG.runSuitesLocally(TestNG.java:1149)
	at org.testng.TestNG.run(TestNG.java:1057)
	at org.testng.remote.AbstractRemoteTestNG.run(AbstractRemoteTestNG.java:114)
	at org.testng.remote.RemoteTestNG.initAndRun(RemoteTestNG.java:251)
	at org.testng.remote.RemoteTestNG.main(RemoteTestNG.java:77)
</pre></div></td>
<td>0</td>
<td>com.rf.test.website.LSD.LSDLinkTests@65f8f5ae</td></tr>
</table><p>
<table width='100%' border='1' class='invocation-skipped'>
<tr><td colspan='4' align='center'><b>SKIPPED CONFIGURATIONS</b></td></tr>
<tr><td><b>Test method</b></td>
<td width="30%"><b>Exception</b></td>
<td width="10%"><b>Time (seconds)</b></td>
<td><b>Instance</b></td>
</tr>
<tr>
<td title='com.rf.test.website.LSD.LSDTests.beforeClass()'><b>beforeClass</b><br>Test class: com.rf.test.website.LSD.LSDTests</td>
<td></td>
<td>0</td>
<td>com.rf.test.website.LSD.LSDTests@72c8e7b</td></tr>
<tr>
<td title='com.rf.test.website.LSD.LSDCustomerTests.beforeClass()'><b>beforeClass</b><br>Test class: com.rf.test.website.LSD.LSDCustomerTests</td>
<td></td>
<td>0</td>
<td>com.rf.test.website.LSD.LSDCustomerTests@740fb309</td></tr>
<tr>
<td title='com.rf.test.website.LSD.LSDOrdersTests.beforeClass()'><b>beforeClass</b><br>Test class: com.rf.test.website.LSD.LSDOrdersTests</td>
<td></td>
<td>0</td>
<td>com.rf.test.website.LSD.LSDOrdersTests@38467116</td></tr>
<tr>
<td title='com.rf.test.website.LSD.LSDTeamTests.beforeClass()'><b>beforeClass</b><br>Test class: com.rf.test.website.LSD.LSDTeamTests</td>
<td></td>
<td>0</td>
<td>com.rf.test.website.LSD.LSDTeamTests@48e1f6c7</td></tr>
<tr>
<td title='com.rf.test.website.LSD.LSDTests.initiateSoftAssertObject()'><b>initiateSoftAssertObject</b><br>Test class: com.rf.test.website.LSD.LSDTests</td>
<td></td>
<td>0</td>
<td>com.rf.test.website.LSD.LSDTests@72c8e7b</td></tr>
<tr>
<td title='com.rf.test.website.LSD.LSDTests.initiateSoftAssertObject()'><b>initiateSoftAssertObject</b><br>Test class: com.rf.test.website.LSD.LSDTests</td>
<td></td>
<td>0</td>
<td>com.rf.test.website.LSD.LSDTests@72c8e7b</td></tr>
<tr>
<td title='com.rf.test.website.LSD.LSDTests.initiateSoftAssertObject()'><b>initiateSoftAssertObject</b><br>Test class: com.rf.test.website.LSD.LSDTests</td>
<td></td>
<td>0</td>
<td>com.rf.test.website.LSD.LSDTests@72c8e7b</td></tr>
<tr>
<td title='com.rf.test.website.LSD.LSDTests.initiateSoftAssertObject()'><b>initiateSoftAssertObject</b><br>Test class: com.rf.test.website.LSD.LSDTests</td>
<td></td>
<td>0</td>
<td>com.rf.test.website.LSD.LSDTests@72c8e7b</td></tr>
<tr>
<td title='com.rf.test.website.LSD.LSDTests.initiateSoftAssertObject()'><b>initiateSoftAssertObject</b><br>Test class: com.rf.test.website.LSD.LSDTests</td>
<td></td>
<td>0</td>
<td>com.rf.test.website.LSD.LSDTests@72c8e7b</td></tr>
<tr>
<td title='com.rf.test.website.LSD.LSDTests.initiateSoftAssertObject()'><b>initiateSoftAssertObject</b><br>Test class: com.rf.test.website.LSD.LSDTests</td>
<td></td>
<td>0</td>
<td>com.rf.test.website.LSD.LSDTests@72c8e7b</td></tr>
<tr>
<td title='com.rf.test.website.LSD.LSDTests.initiateSoftAssertObject()'><b>initiateSoftAssertObject</b><br>Test class: com.rf.test.website.LSD.LSDTests</td>
<td></td>
<td>0</td>
<td>com.rf.test.website.LSD.LSDTests@72c8e7b</td></tr>
<tr>
<td title='com.rf.test.website.LSD.LSDTests.initiateSoftAssertObject()'><b>initiateSoftAssertObject</b><br>Test class: com.rf.test.website.LSD.LSDTests</td>
<td></td>
<td>0</td>
<td>com.rf.test.website.LSD.LSDTests@72c8e7b</td></tr>
<tr>
<td title='com.rf.test.website.LSD.LSDTests.initiateSoftAssertObject()'><b>initiateSoftAssertObject</b><br>Test class: com.rf.test.website.LSD.LSDTests</td>
<td></td>
<td>0</td>
<td>com.rf.test.website.LSD.LSDTests@72c8e7b</td></tr>
<tr>
<td title='com.rf.test.website.LSD.LSDTests.initiateSoftAssertObject()'><b>initiateSoftAssertObject</b><br>Test class: com.rf.test.website.LSD.LSDTests</td>
<td></td>
<td>0</td>
<td>com.rf.test.website.LSD.LSDTests@72c8e7b</td></tr>
<tr>
<td title='com.rf.test.website.LSD.LSDTests.initiateSoftAssertObject()'><b>initiateSoftAssertObject</b><br>Test class: com.rf.test.website.LSD.LSDTests</td>
<td></td>
<td>0</td>
<td>com.rf.test.website.LSD.LSDTests@72c8e7b</td></tr>
<tr>
<td title='com.rf.test.website.LSD.LSDTests.initiateSoftAssertObject()'><b>initiateSoftAssertObject</b><br>Test class: com.rf.test.website.LSD.LSDTests</td>
<td></td>
<td>0</td>
<td>com.rf.test.website.LSD.LSDTests@72c8e7b</td></tr>
<tr>
<td title='com.rf.test.website.LSD.LSDTests.initiateSoftAssertObject()'><b>initiateSoftAssertObject</b><br>Test class: com.rf.test.website.LSD.LSDTests</td>
<td></td>
<td>0</td>
<td>com.rf.test.website.LSD.LSDTests@72c8e7b</td></tr>
<tr>
<td title='com.rf.test.website.LSD.LSDTests.initiateSoftAssertObject()'><b>initiateSoftAssertObject</b><br>Test class: com.rf.test.website.LSD.LSDTests</td>
<td></td>
<td>0</td>
<td>com.rf.test.website.LSD.LSDTests@72c8e7b</td></tr>
<tr>
<td title='com.rf.test.website.LSD.LSDTests.initiateSoftAssertObject()'><b>initiateSoftAssertObject</b><br>Test class: com.rf.test.website.LSD.LSDTests</td>
<td></td>
<td>0</td>
<td>com.rf.test.website.LSD.LSDTests@72c8e7b</td></tr>
<tr>
<td title='com.rf.test.website.LSD.LSDTests.initiateSoftAssertObject()'><b>initiateSoftAssertObject</b><br>Test class: com.rf.test.website.LSD.LSDTests</td>
<td></td>
<td>0</td>
<td>com.rf.test.website.LSD.LSDTests@72c8e7b</td></tr>
<tr>
<td title='com.rf.test.website.LSD.LSDTests.initiateSoftAssertObject()'><b>initiateSoftAssertObject</b><br>Test class: com.rf.test.website.LSD.LSDTests</td>
<td></td>
<td>0</td>
<td>com.rf.test.website.LSD.LSDTests@72c8e7b</td></tr>
<tr>
<td title='com.rf.test.website.LSD.LSDTests.initiateSoftAssertObject()'><b>initiateSoftAssertObject</b><br>Test class: com.rf.test.website.LSD.LSDTests</td>
<td></td>
<td>0</td>
<td>com.rf.test.website.LSD.LSDTests@72c8e7b</td></tr>
<tr>
<td title='com.rf.test.website.LSD.LSDTests.initiateSoftAssertObject()'><b>initiateSoftAssertObject</b><br>Test class: com.rf.test.website.LSD.LSDTests</td>
<td></td>
<td>0</td>
<td>com.rf.test.website.LSD.LSDTests@72c8e7b</td></tr>
<tr>
<td title='com.rf.test.website.LSD.LSDTests.initiateSoftAssertObject()'><b>initiateSoftAssertObject</b><br>Test class: com.rf.test.website.LSD.LSDTests</td>
<td></td>
<td>0</td>
<td>com.rf.test.website.LSD.LSDTests@72c8e7b</td></tr>
<tr>
<td title='com.rf.test.website.LSD.LSDTests.initiateSoftAssertObject()'><b>initiateSoftAssertObject</b><br>Test class: com.rf.test.website.LSD.LSDTests</td>
<td></td>
<td>0</td>
<td>com.rf.test.website.LSD.LSDTests@72c8e7b</td></tr>
<tr>
<td title='com.rf.test.website.LSD.LSDTests.initiateSoftAssertObject()'><b>initiateSoftAssertObject</b><br>Test class: com.rf.test.website.LSD.LSDTests</td>
<td></td>
<td>0</td>
<td>com.rf.test.website.LSD.LSDTests@72c8e7b</td></tr>
<tr>
<td title='com.rf.test.website.LSD.LSDTests.initiateSoftAssertObject()'><b>initiateSoftAssertObject</b><br>Test class: com.rf.test.website.LSD.LSDTests</td>
<td></td>
<td>0</td>
<td>com.rf.test.website.LSD.LSDTests@72c8e7b</td></tr>
<tr>
<td title='com.rf.test.website.LSD.LSDTests.initiateSoftAssertObject()'><b>initiateSoftAssertObject</b><br>Test class: com.rf.test.website.LSD.LSDTests</td>
<td></td>
<td>0</td>
<td>com.rf.test.website.LSD.LSDTests@72c8e7b</td></tr>
<tr>
<td title='com.rf.test.website.LSD.LSDTests.initiateSoftAssertObject()'><b>initiateSoftAssertObject</b><br>Test class: com.rf.test.website.LSD.LSDTests</td>
<td></td>
<td>0</td>
<td>com.rf.test.website.LSD.LSDTests@72c8e7b</td></tr>
<tr>
<td title='com.rf.test.website.LSD.LSDTests.initiateSoftAssertObject()'><b>initiateSoftAssertObject</b><br>Test class: com.rf.test.website.LSD.LSDTests</td>
<td></td>
<td>0</td>
<td>com.rf.test.website.LSD.LSDTests@72c8e7b</td></tr>
<tr>
<td title='com.rf.test.website.LSD.LSDTests.initiateSoftAssertObject()'><b>initiateSoftAssertObject</b><br>Test class: com.rf.test.website.LSD.LSDTests</td>
<td></td>
<td>0</td>
<td>com.rf.test.website.LSD.LSDTests@72c8e7b</td></tr>
<tr>
<td title='com.rf.test.website.LSD.LSDTests.initiateSoftAssertObject()'><b>initiateSoftAssertObject</b><br>Test class: com.rf.test.website.LSD.LSDTests</td>
<td></td>
<td>0</td>
<td>com.rf.test.website.LSD.LSDTests@72c8e7b</td></tr>
<tr>
<td title='com.rf.test.website.LSD.LSDTests.initiateSoftAssertObject()'><b>initiateSoftAssertObject</b><br>Test class: com.rf.test.website.LSD.LSDTests</td>
<td></td>
<td>0</td>
<td>com.rf.test.website.LSD.LSDTests@72c8e7b</td></tr>
<tr>
<td title='com.rf.test.website.LSD.LSDTests.initiateSoftAssertObject()'><b>initiateSoftAssertObject</b><br>Test class: com.rf.test.website.LSD.LSDTests</td>
<td></td>
<td>0</td>
<td>com.rf.test.website.LSD.LSDTests@72c8e7b</td></tr>
<tr>
<td title='com.rf.test.website.LSD.LSDTests.initiateSoftAssertObject()'><b>initiateSoftAssertObject</b><br>Test class: com.rf.test.website.LSD.LSDTests</td>
<td></td>
<td>0</td>
<td>com.rf.test.website.LSD.LSDTests@72c8e7b</td></tr>
<tr>
<td title='com.rf.test.website.LSD.LSDTests.initiateSoftAssertObject()'><b>initiateSoftAssertObject</b><br>Test class: com.rf.test.website.LSD.LSDTests</td>
<td></td>
<td>0</td>
<td>com.rf.test.website.LSD.LSDTests@72c8e7b</td></tr>
<tr>
<td title='com.rf.test.website.LSD.LSDTests.initiateSoftAssertObject()'><b>initiateSoftAssertObject</b><br>Test class: com.rf.test.website.LSD.LSDTests</td>
<td></td>
<td>0</td>
<td>com.rf.test.website.LSD.LSDTests@72c8e7b</td></tr>
<tr>
<td title='com.rf.test.website.LSD.LSDTests.initiateSoftAssertObject()'><b>initiateSoftAssertObject</b><br>Test class: com.rf.test.website.LSD.LSDTests</td>
<td></td>
<td>0</td>
<td>com.rf.test.website.LSD.LSDTests@72c8e7b</td></tr>
<tr>
<td title='com.rf.test.website.LSD.LSDTests.initiateSoftAssertObject()'><b>initiateSoftAssertObject</b><br>Test class: com.rf.test.website.LSD.LSDTests</td>
<td></td>
<td>0</td>
<td>com.rf.test.website.LSD.LSDTests@72c8e7b</td></tr>
<tr>
<td title='com.rf.test.website.LSD.LSDTests.initiateSoftAssertObject()'><b>initiateSoftAssertObject</b><br>Test class: com.rf.test.website.LSD.LSDTests</td>
<td></td>
<td>0</td>
<td>com.rf.test.website.LSD.LSDTests@72c8e7b</td></tr>
<tr>
<td title='com.rf.test.website.LSD.LSDTests.initiateSoftAssertObject()'><b>initiateSoftAssertObject</b><br>Test class: com.rf.test.website.LSD.LSDTests</td>
<td></td>
<td>0</td>
<td>com.rf.test.website.LSD.LSDTests@72c8e7b</td></tr>
<tr>
<td title='com.rf.test.website.LSD.LSDTests.initiateSoftAssertObject()'><b>initiateSoftAssertObject</b><br>Test class: com.rf.test.website.LSD.LSDTests</td>
<td></td>
<td>0</td>
<td>com.rf.test.website.LSD.LSDTests@72c8e7b</td></tr>
<tr>
<td title='com.rf.test.website.LSD.LSDTests.initiateSoftAssertObject()'><b>initiateSoftAssertObject</b><br>Test class: com.rf.test.website.LSD.LSDTests</td>
<td></td>
<td>0</td>
<td>com.rf.test.website.LSD.LSDTests@72c8e7b</td></tr>
<tr>
<td title='com.rf.test.website.LSD.LSDTests.initiateSoftAssertObject()'><b>initiateSoftAssertObject</b><br>Test class: com.rf.test.website.LSD.LSDTests</td>
<td></td>
<td>0</td>
<td>com.rf.test.website.LSD.LSDTests@72c8e7b</td></tr>
<tr>
<td title='com.rf.test.website.LSD.LSDTests.initiateSoftAssertObject()'><b>initiateSoftAssertObject</b><br>Test class: com.rf.test.website.LSD.LSDTests</td>
<td></td>
<td>0</td>
<td>com.rf.test.website.LSD.LSDTests@72c8e7b</td></tr>
<tr>
<td title='com.rf.test.website.LSD.LSDTests.initiateSoftAssertObject()'><b>initiateSoftAssertObject</b><br>Test class: com.rf.test.website.LSD.LSDTests</td>
<td></td>
<td>0</td>
<td>com.rf.test.website.LSD.LSDTests@72c8e7b</td></tr>
<tr>
<td title='com.rf.test.website.LSD.LSDTests.initiateSoftAssertObject()'><b>initiateSoftAssertObject</b><br>Test class: com.rf.test.website.LSD.LSDTests</td>
<td></td>
<td>0</td>
<td>com.rf.test.website.LSD.LSDTests@72c8e7b</td></tr>
<tr>
<td title='com.rf.test.website.LSD.LSDTests.initiateSoftAssertObject()'><b>initiateSoftAssertObject</b><br>Test class: com.rf.test.website.LSD.LSDTests</td>
<td></td>
<td>0</td>
<td>com.rf.test.website.LSD.LSDTests@72c8e7b</td></tr>
<tr>
<td title='com.rf.test.website.LSD.LSDCustomerTests.initiateSoftAssertObject()'><b>initiateSoftAssertObject</b><br>Test class: com.rf.test.website.LSD.LSDCustomerTests</td>
<td></td>
<td>0</td>
<td>com.rf.test.website.LSD.LSDCustomerTests@740fb309</td></tr>
<tr>
<td title='com.rf.test.website.LSD.LSDCustomerTests.initiateSoftAssertObject()'><b>initiateSoftAssertObject</b><br>Test class: com.rf.test.website.LSD.LSDCustomerTests</td>
<td></td>
<td>0</td>
<td>com.rf.test.website.LSD.LSDCustomerTests@740fb309</td></tr>
<tr>
<td title='com.rf.test.website.LSD.LSDCustomerTests.initiateSoftAssertObject()'><b>initiateSoftAssertObject</b><br>Test class: com.rf.test.website.LSD.LSDCustomerTests</td>
<td></td>
<td>0</td>
<td>com.rf.test.website.LSD.LSDCustomerTests@740fb309</td></tr>
<tr>
<td title='com.rf.test.website.LSD.LSDCustomerTests.initiateSoftAssertObject()'><b>initiateSoftAssertObject</b><br>Test class: com.rf.test.website.LSD.LSDCustomerTests</td>
<td></td>
<td>0</td>
<td>com.rf.test.website.LSD.LSDCustomerTests@740fb309</td></tr>
<tr>
<td title='com.rf.test.website.LSD.LSDCustomerTests.initiateSoftAssertObject()'><b>initiateSoftAssertObject</b><br>Test class: com.rf.test.website.LSD.LSDCustomerTests</td>
<td></td>
<td>0</td>
<td>com.rf.test.website.LSD.LSDCustomerTests@740fb309</td></tr>
<tr>
<td title='com.rf.test.website.LSD.LSDCustomerTests.initiateSoftAssertObject()'><b>initiateSoftAssertObject</b><br>Test class: com.rf.test.website.LSD.LSDCustomerTests</td>
<td></td>
<td>0</td>
<td>com.rf.test.website.LSD.LSDCustomerTests@740fb309</td></tr>
<tr>
<td title='com.rf.test.website.LSD.LSDCustomerTests.initiateSoftAssertObject()'><b>initiateSoftAssertObject</b><br>Test class: com.rf.test.website.LSD.LSDCustomerTests</td>
<td></td>
<td>0</td>
<td>com.rf.test.website.LSD.LSDCustomerTests@740fb309</td></tr>
<tr>
<td title='com.rf.test.website.LSD.LSDCustomerTests.initiateSoftAssertObject()'><b>initiateSoftAssertObject</b><br>Test class: com.rf.test.website.LSD.LSDCustomerTests</td>
<td></td>
<td>0</td>
<td>com.rf.test.website.LSD.LSDCustomerTests@740fb309</td></tr>
<tr>
<td title='com.rf.test.website.LSD.LSDCustomerTests.initiateSoftAssertObject()'><b>initiateSoftAssertObject</b><br>Test class: com.rf.test.website.LSD.LSDCustomerTests</td>
<td></td>
<td>0</td>
<td>com.rf.test.website.LSD.LSDCustomerTests@740fb309</td></tr>
<tr>
<td title='com.rf.test.website.LSD.LSDOrdersTests.initiateSoftAssertObject()'><b>initiateSoftAssertObject</b><br>Test class: com.rf.test.website.LSD.LSDOrdersTests</td>
<td></td>
<td>0</td>
<td>com.rf.test.website.LSD.LSDOrdersTests@38467116</td></tr>
<tr>
<td title='com.rf.test.website.LSD.LSDOrdersTests.initiateSoftAssertObject()'><b>initiateSoftAssertObject</b><br>Test class: com.rf.test.website.LSD.LSDOrdersTests</td>
<td></td>
<td>0</td>
<td>com.rf.test.website.LSD.LSDOrdersTests@38467116</td></tr>
<tr>
<td title='com.rf.test.website.LSD.LSDOrdersTests.initiateSoftAssertObject()'><b>initiateSoftAssertObject</b><br>Test class: com.rf.test.website.LSD.LSDOrdersTests</td>
<td></td>
<td>0</td>
<td>com.rf.test.website.LSD.LSDOrdersTests@38467116</td></tr>
<tr>
<td title='com.rf.test.website.LSD.LSDOrdersTests.initiateSoftAssertObject()'><b>initiateSoftAssertObject</b><br>Test class: com.rf.test.website.LSD.LSDOrdersTests</td>
<td></td>
<td>0</td>
<td>com.rf.test.website.LSD.LSDOrdersTests@38467116</td></tr>
<tr>
<td title='com.rf.test.website.LSD.LSDOrdersTests.initiateSoftAssertObject()'><b>initiateSoftAssertObject</b><br>Test class: com.rf.test.website.LSD.LSDOrdersTests</td>
<td></td>
<td>0</td>
<td>com.rf.test.website.LSD.LSDOrdersTests@38467116</td></tr>
<tr>
<td title='com.rf.test.website.LSD.LSDOrdersTests.initiateSoftAssertObject()'><b>initiateSoftAssertObject</b><br>Test class: com.rf.test.website.LSD.LSDOrdersTests</td>
<td></td>
<td>0</td>
<td>com.rf.test.website.LSD.LSDOrdersTests@38467116</td></tr>
<tr>
<td title='com.rf.test.website.LSD.LSDOrdersTests.initiateSoftAssertObject()'><b>initiateSoftAssertObject</b><br>Test class: com.rf.test.website.LSD.LSDOrdersTests</td>
<td></td>
<td>0</td>
<td>com.rf.test.website.LSD.LSDOrdersTests@38467116</td></tr>
<tr>
<td title='com.rf.test.website.LSD.LSDOrdersTests.initiateSoftAssertObject()'><b>initiateSoftAssertObject</b><br>Test class: com.rf.test.website.LSD.LSDOrdersTests</td>
<td></td>
<td>0</td>
<td>com.rf.test.website.LSD.LSDOrdersTests@38467116</td></tr>
<tr>
<td title='com.rf.test.website.LSD.LSDOrdersTests.initiateSoftAssertObject()'><b>initiateSoftAssertObject</b><br>Test class: com.rf.test.website.LSD.LSDOrdersTests</td>
<td></td>
<td>0</td>
<td>com.rf.test.website.LSD.LSDOrdersTests@38467116</td></tr>
<tr>
<td title='com.rf.test.website.LSD.LSDOrdersTests.initiateSoftAssertObject()'><b>initiateSoftAssertObject</b><br>Test class: com.rf.test.website.LSD.LSDOrdersTests</td>
<td></td>
<td>0</td>
<td>com.rf.test.website.LSD.LSDOrdersTests@38467116</td></tr>
<tr>
<td title='com.rf.test.website.LSD.LSDOrdersTests.initiateSoftAssertObject()'><b>initiateSoftAssertObject</b><br>Test class: com.rf.test.website.LSD.LSDOrdersTests</td>
<td></td>
<td>0</td>
<td>com.rf.test.website.LSD.LSDOrdersTests@38467116</td></tr>
<tr>
<td title='com.rf.test.website.LSD.LSDTeamTests.initiateSoftAssertObject()'><b>initiateSoftAssertObject</b><br>Test class: com.rf.test.website.LSD.LSDTeamTests</td>
<td></td>
<td>0</td>
<td>com.rf.test.website.LSD.LSDTeamTests@48e1f6c7</td></tr>
<tr>
<td title='com.rf.test.website.LSD.LSDTests.tearDownAfterMethod()'><b>tearDownAfterMethod</b><br>Test class: com.rf.test.website.LSD.LSDTests</td>
<td></td>
<td>0</td>
<td>com.rf.test.website.LSD.LSDTests@72c8e7b</td></tr>
<tr>
<td title='com.rf.test.website.LSD.LSDTests.tearDownAfterMethod()'><b>tearDownAfterMethod</b><br>Test class: com.rf.test.website.LSD.LSDTests</td>
<td></td>
<td>0</td>
<td>com.rf.test.website.LSD.LSDTests@72c8e7b</td></tr>
<tr>
<td title='com.rf.test.website.LSD.LSDTests.tearDownAfterMethod()'><b>tearDownAfterMethod</b><br>Test class: com.rf.test.website.LSD.LSDTests</td>
<td></td>
<td>0</td>
<td>com.rf.test.website.LSD.LSDTests@72c8e7b</td></tr>
<tr>
<td title='com.rf.test.website.LSD.LSDTests.tearDownAfterMethod()'><b>tearDownAfterMethod</b><br>Test class: com.rf.test.website.LSD.LSDTests</td>
<td></td>
<td>0</td>
<td>com.rf.test.website.LSD.LSDTests@72c8e7b</td></tr>
<tr>
<td title='com.rf.test.website.LSD.LSDTests.tearDownAfterMethod()'><b>tearDownAfterMethod</b><br>Test class: com.rf.test.website.LSD.LSDTests</td>
<td></td>
<td>0</td>
<td>com.rf.test.website.LSD.LSDTests@72c8e7b</td></tr>
<tr>
<td title='com.rf.test.website.LSD.LSDTests.tearDownAfterMethod()'><b>tearDownAfterMethod</b><br>Test class: com.rf.test.website.LSD.LSDTests</td>
<td></td>
<td>0</td>
<td>com.rf.test.website.LSD.LSDTests@72c8e7b</td></tr>
<tr>
<td title='com.rf.test.website.LSD.LSDTests.tearDownAfterMethod()'><b>tearDownAfterMethod</b><br>Test class: com.rf.test.website.LSD.LSDTests</td>
<td></td>
<td>0</td>
<td>com.rf.test.website.LSD.LSDTests@72c8e7b</td></tr>
<tr>
<td title='com.rf.test.website.LSD.LSDTests.tearDownAfterMethod()'><b>tearDownAfterMethod</b><br>Test class: com.rf.test.website.LSD.LSDTests</td>
<td></td>
<td>0</td>
<td>com.rf.test.website.LSD.LSDTests@72c8e7b</td></tr>
<tr>
<td title='com.rf.test.website.LSD.LSDTests.tearDownAfterMethod()'><b>tearDownAfterMethod</b><br>Test class: com.rf.test.website.LSD.LSDTests</td>
<td></td>
<td>0</td>
<td>com.rf.test.website.LSD.LSDTests@72c8e7b</td></tr>
<tr>
<td title='com.rf.test.website.LSD.LSDTests.tearDownAfterMethod()'><b>tearDownAfterMethod</b><br>Test class: com.rf.test.website.LSD.LSDTests</td>
<td></td>
<td>0</td>
<td>com.rf.test.website.LSD.LSDTests@72c8e7b</td></tr>
<tr>
<td title='com.rf.test.website.LSD.LSDTests.tearDownAfterMethod()'><b>tearDownAfterMethod</b><br>Test class: com.rf.test.website.LSD.LSDTests</td>
<td></td>
<td>0</td>
<td>com.rf.test.website.LSD.LSDTests@72c8e7b</td></tr>
<tr>
<td title='com.rf.test.website.LSD.LSDTests.tearDownAfterMethod()'><b>tearDownAfterMethod</b><br>Test class: com.rf.test.website.LSD.LSDTests</td>
<td></td>
<td>0</td>
<td>com.rf.test.website.LSD.LSDTests@72c8e7b</td></tr>
<tr>
<td title='com.rf.test.website.LSD.LSDTests.tearDownAfterMethod()'><b>tearDownAfterMethod</b><br>Test class: com.rf.test.website.LSD.LSDTests</td>
<td></td>
<td>0</td>
<td>com.rf.test.website.LSD.LSDTests@72c8e7b</td></tr>
<tr>
<td title='com.rf.test.website.LSD.LSDTests.tearDownAfterMethod()'><b>tearDownAfterMethod</b><br>Test class: com.rf.test.website.LSD.LSDTests</td>
<td></td>
<td>0</td>
<td>com.rf.test.website.LSD.LSDTests@72c8e7b</td></tr>
<tr>
<td title='com.rf.test.website.LSD.LSDTests.tearDownAfterMethod()'><b>tearDownAfterMethod</b><br>Test class: com.rf.test.website.LSD.LSDTests</td>
<td></td>
<td>0</td>
<td>com.rf.test.website.LSD.LSDTests@72c8e7b</td></tr>
<tr>
<td title='com.rf.test.website.LSD.LSDTests.tearDownAfterMethod()'><b>tearDownAfterMethod</b><br>Test class: com.rf.test.website.LSD.LSDTests</td>
<td></td>
<td>0</td>
<td>com.rf.test.website.LSD.LSDTests@72c8e7b</td></tr>
<tr>
<td title='com.rf.test.website.LSD.LSDTests.tearDownAfterMethod()'><b>tearDownAfterMethod</b><br>Test class: com.rf.test.website.LSD.LSDTests</td>
<td></td>
<td>0</td>
<td>com.rf.test.website.LSD.LSDTests@72c8e7b</td></tr>
<tr>
<td title='com.rf.test.website.LSD.LSDTests.tearDownAfterMethod()'><b>tearDownAfterMethod</b><br>Test class: com.rf.test.website.LSD.LSDTests</td>
<td></td>
<td>0</td>
<td>com.rf.test.website.LSD.LSDTests@72c8e7b</td></tr>
<tr>
<td title='com.rf.test.website.LSD.LSDTests.tearDownAfterMethod()'><b>tearDownAfterMethod</b><br>Test class: com.rf.test.website.LSD.LSDTests</td>
<td></td>
<td>0</td>
<td>com.rf.test.website.LSD.LSDTests@72c8e7b</td></tr>
<tr>
<td title='com.rf.test.website.LSD.LSDTests.tearDownAfterMethod()'><b>tearDownAfterMethod</b><br>Test class: com.rf.test.website.LSD.LSDTests</td>
<td></td>
<td>0</td>
<td>com.rf.test.website.LSD.LSDTests@72c8e7b</td></tr>
<tr>
<td title='com.rf.test.website.LSD.LSDTests.tearDownAfterMethod()'><b>tearDownAfterMethod</b><br>Test class: com.rf.test.website.LSD.LSDTests</td>
<td></td>
<td>0</td>
<td>com.rf.test.website.LSD.LSDTests@72c8e7b</td></tr>
<tr>
<td title='com.rf.test.website.LSD.LSDTests.tearDownAfterMethod()'><b>tearDownAfterMethod</b><br>Test class: com.rf.test.website.LSD.LSDTests</td>
<td></td>
<td>0</td>
<td>com.rf.test.website.LSD.LSDTests@72c8e7b</td></tr>
<tr>
<td title='com.rf.test.website.LSD.LSDTests.tearDownAfterMethod()'><b>tearDownAfterMethod</b><br>Test class: com.rf.test.website.LSD.LSDTests</td>
<td></td>
<td>0</td>
<td>com.rf.test.website.LSD.LSDTests@72c8e7b</td></tr>
<tr>
<td title='com.rf.test.website.LSD.LSDTests.tearDownAfterMethod()'><b>tearDownAfterMethod</b><br>Test class: com.rf.test.website.LSD.LSDTests</td>
<td></td>
<td>0</td>
<td>com.rf.test.website.LSD.LSDTests@72c8e7b</td></tr>
<tr>
<td title='com.rf.test.website.LSD.LSDTests.tearDownAfterMethod()'><b>tearDownAfterMethod</b><br>Test class: com.rf.test.website.LSD.LSDTests</td>
<td></td>
<td>0</td>
<td>com.rf.test.website.LSD.LSDTests@72c8e7b</td></tr>
<tr>
<td title='com.rf.test.website.LSD.LSDTests.tearDownAfterMethod()'><b>tearDownAfterMethod</b><br>Test class: com.rf.test.website.LSD.LSDTests</td>
<td></td>
<td>0</td>
<td>com.rf.test.website.LSD.LSDTests@72c8e7b</td></tr>
<tr>
<td title='com.rf.test.website.LSD.LSDTests.tearDownAfterMethod()'><b>tearDownAfterMethod</b><br>Test class: com.rf.test.website.LSD.LSDTests</td>
<td></td>
<td>0</td>
<td>com.rf.test.website.LSD.LSDTests@72c8e7b</td></tr>
<tr>
<td title='com.rf.test.website.LSD.LSDTests.tearDownAfterMethod()'><b>tearDownAfterMethod</b><br>Test class: com.rf.test.website.LSD.LSDTests</td>
<td></td>
<td>0</td>
<td>com.rf.test.website.LSD.LSDTests@72c8e7b</td></tr>
<tr>
<td title='com.rf.test.website.LSD.LSDTests.tearDownAfterMethod()'><b>tearDownAfterMethod</b><br>Test class: com.rf.test.website.LSD.LSDTests</td>
<td></td>
<td>0</td>
<td>com.rf.test.website.LSD.LSDTests@72c8e7b</td></tr>
<tr>
<td title='com.rf.test.website.LSD.LSDTests.tearDownAfterMethod()'><b>tearDownAfterMethod</b><br>Test class: com.rf.test.website.LSD.LSDTests</td>
<td></td>
<td>0</td>
<td>com.rf.test.website.LSD.LSDTests@72c8e7b</td></tr>
<tr>
<td title='com.rf.test.website.LSD.LSDTests.tearDownAfterMethod()'><b>tearDownAfterMethod</b><br>Test class: com.rf.test.website.LSD.LSDTests</td>
<td></td>
<td>0</td>
<td>com.rf.test.website.LSD.LSDTests@72c8e7b</td></tr>
<tr>
<td title='com.rf.test.website.LSD.LSDTests.tearDownAfterMethod()'><b>tearDownAfterMethod</b><br>Test class: com.rf.test.website.LSD.LSDTests</td>
<td></td>
<td>0</td>
<td>com.rf.test.website.LSD.LSDTests@72c8e7b</td></tr>
<tr>
<td title='com.rf.test.website.LSD.LSDTests.tearDownAfterMethod()'><b>tearDownAfterMethod</b><br>Test class: com.rf.test.website.LSD.LSDTests</td>
<td></td>
<td>0</td>
<td>com.rf.test.website.LSD.LSDTests@72c8e7b</td></tr>
<tr>
<td title='com.rf.test.website.LSD.LSDTests.tearDownAfterMethod()'><b>tearDownAfterMethod</b><br>Test class: com.rf.test.website.LSD.LSDTests</td>
<td></td>
<td>0</td>
<td>com.rf.test.website.LSD.LSDTests@72c8e7b</td></tr>
<tr>
<td title='com.rf.test.website.LSD.LSDTests.tearDownAfterMethod()'><b>tearDownAfterMethod</b><br>Test class: com.rf.test.website.LSD.LSDTests</td>
<td></td>
<td>0</td>
<td>com.rf.test.website.LSD.LSDTests@72c8e7b</td></tr>
<tr>
<td title='com.rf.test.website.LSD.LSDTests.tearDownAfterMethod()'><b>tearDownAfterMethod</b><br>Test class: com.rf.test.website.LSD.LSDTests</td>
<td></td>
<td>0</td>
<td>com.rf.test.website.LSD.LSDTests@72c8e7b</td></tr>
<tr>
<td title='com.rf.test.website.LSD.LSDTests.tearDownAfterMethod()'><b>tearDownAfterMethod</b><br>Test class: com.rf.test.website.LSD.LSDTests</td>
<td></td>
<td>0</td>
<td>com.rf.test.website.LSD.LSDTests@72c8e7b</td></tr>
<tr>
<td title='com.rf.test.website.LSD.LSDTests.tearDownAfterMethod()'><b>tearDownAfterMethod</b><br>Test class: com.rf.test.website.LSD.LSDTests</td>
<td></td>
<td>0</td>
<td>com.rf.test.website.LSD.LSDTests@72c8e7b</td></tr>
<tr>
<td title='com.rf.test.website.LSD.LSDTests.tearDownAfterMethod()'><b>tearDownAfterMethod</b><br>Test class: com.rf.test.website.LSD.LSDTests</td>
<td></td>
<td>0</td>
<td>com.rf.test.website.LSD.LSDTests@72c8e7b</td></tr>
<tr>
<td title='com.rf.test.website.LSD.LSDTests.tearDownAfterMethod()'><b>tearDownAfterMethod</b><br>Test class: com.rf.test.website.LSD.LSDTests</td>
<td></td>
<td>0</td>
<td>com.rf.test.website.LSD.LSDTests@72c8e7b</td></tr>
<tr>
<td title='com.rf.test.website.LSD.LSDTests.tearDownAfterMethod()'><b>tearDownAfterMethod</b><br>Test class: com.rf.test.website.LSD.LSDTests</td>
<td></td>
<td>0</td>
<td>com.rf.test.website.LSD.LSDTests@72c8e7b</td></tr>
<tr>
<td title='com.rf.test.website.LSD.LSDTests.tearDownAfterMethod()'><b>tearDownAfterMethod</b><br>Test class: com.rf.test.website.LSD.LSDTests</td>
<td></td>
<td>0</td>
<td>com.rf.test.website.LSD.LSDTests@72c8e7b</td></tr>
<tr>
<td title='com.rf.test.website.LSD.LSDTests.tearDownAfterMethod()'><b>tearDownAfterMethod</b><br>Test class: com.rf.test.website.LSD.LSDTests</td>
<td></td>
<td>0</td>
<td>com.rf.test.website.LSD.LSDTests@72c8e7b</td></tr>
<tr>
<td title='com.rf.test.website.LSD.LSDTests.tearDownAfterMethod()'><b>tearDownAfterMethod</b><br>Test class: com.rf.test.website.LSD.LSDTests</td>
<td></td>
<td>0</td>
<td>com.rf.test.website.LSD.LSDTests@72c8e7b</td></tr>
<tr>
<td title='com.rf.test.website.LSD.LSDCustomerTests.tearDownAfterMethod()'><b>tearDownAfterMethod</b><br>Test class: com.rf.test.website.LSD.LSDCustomerTests</td>
<td></td>
<td>0</td>
<td>com.rf.test.website.LSD.LSDCustomerTests@740fb309</td></tr>
<tr>
<td title='com.rf.test.website.LSD.LSDCustomerTests.tearDownAfterMethod()'><b>tearDownAfterMethod</b><br>Test class: com.rf.test.website.LSD.LSDCustomerTests</td>
<td></td>
<td>0</td>
<td>com.rf.test.website.LSD.LSDCustomerTests@740fb309</td></tr>
<tr>
<td title='com.rf.test.website.LSD.LSDCustomerTests.tearDownAfterMethod()'><b>tearDownAfterMethod</b><br>Test class: com.rf.test.website.LSD.LSDCustomerTests</td>
<td></td>
<td>0</td>
<td>com.rf.test.website.LSD.LSDCustomerTests@740fb309</td></tr>
<tr>
<td title='com.rf.test.website.LSD.LSDCustomerTests.tearDownAfterMethod()'><b>tearDownAfterMethod</b><br>Test class: com.rf.test.website.LSD.LSDCustomerTests</td>
<td></td>
<td>0</td>
<td>com.rf.test.website.LSD.LSDCustomerTests@740fb309</td></tr>
<tr>
<td title='com.rf.test.website.LSD.LSDCustomerTests.tearDownAfterMethod()'><b>tearDownAfterMethod</b><br>Test class: com.rf.test.website.LSD.LSDCustomerTests</td>
<td></td>
<td>0</td>
<td>com.rf.test.website.LSD.LSDCustomerTests@740fb309</td></tr>
<tr>
<td title='com.rf.test.website.LSD.LSDCustomerTests.tearDownAfterMethod()'><b>tearDownAfterMethod</b><br>Test class: com.rf.test.website.LSD.LSDCustomerTests</td>
<td></td>
<td>0</td>
<td>com.rf.test.website.LSD.LSDCustomerTests@740fb309</td></tr>
<tr>
<td title='com.rf.test.website.LSD.LSDCustomerTests.tearDownAfterMethod()'><b>tearDownAfterMethod</b><br>Test class: com.rf.test.website.LSD.LSDCustomerTests</td>
<td></td>
<td>0</td>
<td>com.rf.test.website.LSD.LSDCustomerTests@740fb309</td></tr>
<tr>
<td title='com.rf.test.website.LSD.LSDCustomerTests.tearDownAfterMethod()'><b>tearDownAfterMethod</b><br>Test class: com.rf.test.website.LSD.LSDCustomerTests</td>
<td></td>
<td>0</td>
<td>com.rf.test.website.LSD.LSDCustomerTests@740fb309</td></tr>
<tr>
<td title='com.rf.test.website.LSD.LSDCustomerTests.tearDownAfterMethod()'><b>tearDownAfterMethod</b><br>Test class: com.rf.test.website.LSD.LSDCustomerTests</td>
<td></td>
<td>0</td>
<td>com.rf.test.website.LSD.LSDCustomerTests@740fb309</td></tr>
<tr>
<td title='com.rf.test.website.LSD.LSDOrdersTests.tearDownAfterMethod()'><b>tearDownAfterMethod</b><br>Test class: com.rf.test.website.LSD.LSDOrdersTests</td>
<td></td>
<td>0</td>
<td>com.rf.test.website.LSD.LSDOrdersTests@38467116</td></tr>
<tr>
<td title='com.rf.test.website.LSD.LSDOrdersTests.tearDownAfterMethod()'><b>tearDownAfterMethod</b><br>Test class: com.rf.test.website.LSD.LSDOrdersTests</td>
<td></td>
<td>0</td>
<td>com.rf.test.website.LSD.LSDOrdersTests@38467116</td></tr>
<tr>
<td title='com.rf.test.website.LSD.LSDOrdersTests.tearDownAfterMethod()'><b>tearDownAfterMethod</b><br>Test class: com.rf.test.website.LSD.LSDOrdersTests</td>
<td></td>
<td>0</td>
<td>com.rf.test.website.LSD.LSDOrdersTests@38467116</td></tr>
<tr>
<td title='com.rf.test.website.LSD.LSDOrdersTests.tearDownAfterMethod()'><b>tearDownAfterMethod</b><br>Test class: com.rf.test.website.LSD.LSDOrdersTests</td>
<td></td>
<td>0</td>
<td>com.rf.test.website.LSD.LSDOrdersTests@38467116</td></tr>
<tr>
<td title='com.rf.test.website.LSD.LSDOrdersTests.tearDownAfterMethod()'><b>tearDownAfterMethod</b><br>Test class: com.rf.test.website.LSD.LSDOrdersTests</td>
<td></td>
<td>0</td>
<td>com.rf.test.website.LSD.LSDOrdersTests@38467116</td></tr>
<tr>
<td title='com.rf.test.website.LSD.LSDOrdersTests.tearDownAfterMethod()'><b>tearDownAfterMethod</b><br>Test class: com.rf.test.website.LSD.LSDOrdersTests</td>
<td></td>
<td>0</td>
<td>com.rf.test.website.LSD.LSDOrdersTests@38467116</td></tr>
<tr>
<td title='com.rf.test.website.LSD.LSDOrdersTests.tearDownAfterMethod()'><b>tearDownAfterMethod</b><br>Test class: com.rf.test.website.LSD.LSDOrdersTests</td>
<td></td>
<td>0</td>
<td>com.rf.test.website.LSD.LSDOrdersTests@38467116</td></tr>
<tr>
<td title='com.rf.test.website.LSD.LSDOrdersTests.tearDownAfterMethod()'><b>tearDownAfterMethod</b><br>Test class: com.rf.test.website.LSD.LSDOrdersTests</td>
<td></td>
<td>0</td>
<td>com.rf.test.website.LSD.LSDOrdersTests@38467116</td></tr>
<tr>
<td title='com.rf.test.website.LSD.LSDOrdersTests.tearDownAfterMethod()'><b>tearDownAfterMethod</b><br>Test class: com.rf.test.website.LSD.LSDOrdersTests</td>
<td></td>
<td>0</td>
<td>com.rf.test.website.LSD.LSDOrdersTests@38467116</td></tr>
<tr>
<td title='com.rf.test.website.LSD.LSDOrdersTests.tearDownAfterMethod()'><b>tearDownAfterMethod</b><br>Test class: com.rf.test.website.LSD.LSDOrdersTests</td>
<td></td>
<td>0</td>
<td>com.rf.test.website.LSD.LSDOrdersTests@38467116</td></tr>
<tr>
<td title='com.rf.test.website.LSD.LSDOrdersTests.tearDownAfterMethod()'><b>tearDownAfterMethod</b><br>Test class: com.rf.test.website.LSD.LSDOrdersTests</td>
<td></td>
<td>0</td>
<td>com.rf.test.website.LSD.LSDOrdersTests@38467116</td></tr>
<tr>
<td title='com.rf.test.website.LSD.LSDTeamTests.tearDownAfterMethod()'><b>tearDownAfterMethod</b><br>Test class: com.rf.test.website.LSD.LSDTeamTests</td>
<td></td>
<td>0</td>
<td>com.rf.test.website.LSD.LSDTeamTests@48e1f6c7</td></tr>
<tr>
<td title='com.rf.test.website.LSD.LSDTests.afterClass()'><b>afterClass</b><br>Test class: com.rf.test.website.LSD.LSDTests</td>
<td></td>
<td>0</td>
<td>com.rf.test.website.LSD.LSDTests@72c8e7b</td></tr>
<tr>
<td title='com.rf.test.website.LSD.LSDCustomerTests.afterClass()'><b>afterClass</b><br>Test class: com.rf.test.website.LSD.LSDCustomerTests</td>
<td></td>
<td>0</td>
<td>com.rf.test.website.LSD.LSDCustomerTests@740fb309</td></tr>
<tr>
<td title='com.rf.test.website.LSD.LSDOrdersTests.afterLSDOrderLogout()'><b>afterLSDOrderLogout</b><br>Test class: com.rf.test.website.LSD.LSDOrdersTests</td>
<td></td>
<td>0</td>
<td>com.rf.test.website.LSD.LSDOrdersTests@38467116</td></tr>
<tr>
<td title='com.rf.test.website.LSD.LSDOrdersTests.afterClass()'><b>afterClass</b><br>Test class: com.rf.test.website.LSD.LSDOrdersTests</td>
<td></td>
<td>0</td>
<td>com.rf.test.website.LSD.LSDOrdersTests@38467116</td></tr>
<tr>
<td title='com.rf.test.website.LSD.LSDTeamTests.afterLSDTeamLogout()'><b>afterLSDTeamLogout</b><br>Test class: com.rf.test.website.LSD.LSDTeamTests</td>
<td></td>
<td>0</td>
<td>com.rf.test.website.LSD.LSDTeamTests@48e1f6c7</td></tr>
<tr>
<td title='com.rf.test.website.LSD.LSDTeamTests.afterClass()'><b>afterClass</b><br>Test class: com.rf.test.website.LSD.LSDTeamTests</td>
<td></td>
<td>0</td>
<td>com.rf.test.website.LSD.LSDTeamTests@48e1f6c7</td></tr>
</table><p>
<table width='100%' border='1' class='invocation-failed'>
<tr><td colspan='4' align='center'><b>FAILED TESTS</b></td></tr>
<tr><td><b>Test method</b></td>
<td width="30%"><b>Exception</b></td>
<td width="10%"><b>Time (seconds)</b></td>
<td><b>Instance</b></td>
</tr>
<tr>
<td title='com.rf.test.website.LSD.LSDLinkTests.testConsultantCardComponents_2876q()'><b>testConsultantCardComponents_2876q</b><br>Test class: com.rf.test.website.LSD.LSDLinkTests</td>
<td><div><pre>org.openqa.selenium.NoSuchElementException: no such element: Unable to locate element: {&quot;method&quot;:&quot;xpath&quot;,&quot;selector&quot;:&quot;//div[@class=&apos;consultants row&apos;]/descendant::section[contains(@id,&apos;team-card&apos;)][1]//a//div[1]//span[1]&quot;}
  (Session info: chrome=64.0.3282.186)
  (Driver info: chromedriver=2.36.540470 (e522d04694c7ebea4ba8821272dbef4f9b818c91),platform=Windows NT 10.0.10586 x86_64) (WARNING: The server did not provide any stacktrace information)
Command duration or timeout: 0 milliseconds
For documentation on this error, please visit: http://seleniumhq.org/exceptions/no_such_element.html
Build info: version: &apos;3.7.1&apos;, revision: &apos;8a0099a&apos;, time: &apos;2017-11-06T21:01:39.354Z&apos;
System info: host: &apos;LD-4V2P3G2&apos;, ip: &apos;192.168.121.186&apos;, os.name: &apos;Windows 10&apos;, os.arch: &apos;amd64&apos;, os.version: &apos;10.0&apos;, java.version: &apos;1.8.0_161&apos;
Driver info: org.openqa.selenium.chrome.ChromeDriver
Capabilities {acceptInsecureCerts: false, acceptSslCerts: false, applicationCacheEnabled: false, browserConnectionEnabled: false, browserName: chrome, chrome: {chromedriverVersion: 2.36.540470 (e522d04694c7eb..., userDataDir: C:\Users\BPKOTA~1\AppData\L...}, cssSelectorsEnabled: true, databaseEnabled: false, handlesAlerts: true, hasTouchScreen: false, javascriptEnabled: true, locationContextEnabled: true, mobileEmulationEnabled: false, nativeEvents: true, networkConnectionEnabled: false, pageLoadStrategy: normal, platform: XP, platformName: XP, rotatable: false, setWindowRect: true, takesHeapSnapshot: true, takesScreenshot: true, unexpectedAlertBehaviour: , unhandledPromptBehavior: , version: 64.0.3282.186, webStorageEnabled: true}
Session ID: 4b47a338086ec4b6220409c09d8f96ca
*** Element info: {Using=xpath, value=//div[@class=&apos;consultants row&apos;]/descendant::section[contains(@id,&apos;team-card&apos;)][1]//a//div[1]//span[1]}
	at org.openqa.selenium.remote.ErrorHandler.createThrowable(ErrorHandler.java:214)
	at org.openqa.selenium.remote.ErrorHandler.throwIfResponseFailed(ErrorHandler.java:166)
	at org.openqa.selenium.remote.http.JsonHttpResponseCodec.reconstructValue(JsonHttpResponseCodec.java:40)
	at org.openqa.selenium.remote.http.AbstractHttpResponseCodec.decode(AbstractHttpResponseCodec.java:80)
	at org.openqa.selenium.remote.http.AbstractHttpResponseCodec.decode(AbstractHttpResponseCodec.java:44)
	at org.openqa.selenium.remote.HttpCommandExecutor.execute(HttpCommandExecutor.java:164)
	at org.openqa.selenium.remote.service.DriverCommandExecutor.execute(DriverCommandExecutor.java:83)
	at org.openqa.selenium.remote.RemoteWebDriver.execute(RemoteWebDriver.java:600)
	at org.openqa.selenium.remote.RemoteWebDriver.findElement(RemoteWebDriver.java:370)
	at org.openqa.selenium.remote.RemoteWebDriver.findElementByXPath(RemoteWebDriver.java:472)
	at org.openqa.selenium.By$ByXPath.findElement(By.java:361)
	at org.openqa.selenium.remote.RemoteWebDriver.findElement(RemoteWebDriver.java:362)
	at com.rf.core.driver.website.RFWebsiteDriver.findElement(RFWebsiteDriver.java:860)
	at com.rf.core.driver.website.RFWebsiteDriver.getText(RFWebsiteDriver.java:935)
	at com.rf.pages.website.LSD.LSDHomePage.isFirstAndLastNamePresentAtConsultantCardUnderTeam(LSDHomePage.java:724)
	at com.rf.test.website.LSD.LSDLinkTests.testConsultantCardComponents_2876q(LSDLinkTests.java:224)
... Removed 28 stack frames</pre></div><a href='#' onClick='toggleBox("stack-trace355649049", this, "Click to show all stack frames", "Click to hide stack frames")'>Click to show all stack frames</a>
<div class='stack-trace' id='stack-trace355649049'><pre>org.openqa.selenium.NoSuchElementException: no such element: Unable to locate element: {&quot;method&quot;:&quot;xpath&quot;,&quot;selector&quot;:&quot;//div[@class=&apos;consultants row&apos;]/descendant::section[contains(@id,&apos;team-card&apos;)][1]//a//div[1]//span[1]&quot;}
  (Session info: chrome=64.0.3282.186)
  (Driver info: chromedriver=2.36.540470 (e522d04694c7ebea4ba8821272dbef4f9b818c91),platform=Windows NT 10.0.10586 x86_64) (WARNING: The server did not provide any stacktrace information)
Command duration or timeout: 0 milliseconds
For documentation on this error, please visit: http://seleniumhq.org/exceptions/no_such_element.html
Build info: version: &apos;3.7.1&apos;, revision: &apos;8a0099a&apos;, time: &apos;2017-11-06T21:01:39.354Z&apos;
System info: host: &apos;LD-4V2P3G2&apos;, ip: &apos;192.168.121.186&apos;, os.name: &apos;Windows 10&apos;, os.arch: &apos;amd64&apos;, os.version: &apos;10.0&apos;, java.version: &apos;1.8.0_161&apos;
Driver info: org.openqa.selenium.chrome.ChromeDriver
Capabilities {acceptInsecureCerts: false, acceptSslCerts: false, applicationCacheEnabled: false, browserConnectionEnabled: false, browserName: chrome, chrome: {chromedriverVersion: 2.36.540470 (e522d04694c7eb..., userDataDir: C:\Users\BPKOTA~1\AppData\L...}, cssSelectorsEnabled: true, databaseEnabled: false, handlesAlerts: true, hasTouchScreen: false, javascriptEnabled: true, locationContextEnabled: true, mobileEmulationEnabled: false, nativeEvents: true, networkConnectionEnabled: false, pageLoadStrategy: normal, platform: XP, platformName: XP, rotatable: false, setWindowRect: true, takesHeapSnapshot: true, takesScreenshot: true, unexpectedAlertBehaviour: , unhandledPromptBehavior: , version: 64.0.3282.186, webStorageEnabled: true}
Session ID: 4b47a338086ec4b6220409c09d8f96ca
*** Element info: {Using=xpath, value=//div[@class=&apos;consultants row&apos;]/descendant::section[contains(@id,&apos;team-card&apos;)][1]//a//div[1]//span[1]}
	at sun.reflect.NativeConstructorAccessorImpl.newInstance0(Native Method)
	at sun.reflect.NativeConstructorAccessorImpl.newInstance(Unknown Source)
	at sun.reflect.DelegatingConstructorAccessorImpl.newInstance(Unknown Source)
	at java.lang.reflect.Constructor.newInstance(Unknown Source)
	at org.openqa.selenium.remote.ErrorHandler.createThrowable(ErrorHandler.java:214)
	at org.openqa.selenium.remote.ErrorHandler.throwIfResponseFailed(ErrorHandler.java:166)
	at org.openqa.selenium.remote.http.JsonHttpResponseCodec.reconstructValue(JsonHttpResponseCodec.java:40)
	at org.openqa.selenium.remote.http.AbstractHttpResponseCodec.decode(AbstractHttpResponseCodec.java:80)
	at org.openqa.selenium.remote.http.AbstractHttpResponseCodec.decode(AbstractHttpResponseCodec.java:44)
	at org.openqa.selenium.remote.HttpCommandExecutor.execute(HttpCommandExecutor.java:164)
	at org.openqa.selenium.remote.service.DriverCommandExecutor.execute(DriverCommandExecutor.java:83)
	at org.openqa.selenium.remote.RemoteWebDriver.execute(RemoteWebDriver.java:600)
	at org.openqa.selenium.remote.RemoteWebDriver.findElement(RemoteWebDriver.java:370)
	at org.openqa.selenium.remote.RemoteWebDriver.findElementByXPath(RemoteWebDriver.java:472)
	at org.openqa.selenium.By$ByXPath.findElement(By.java:361)
	at org.openqa.selenium.remote.RemoteWebDriver.findElement(RemoteWebDriver.java:362)
	at com.rf.core.driver.website.RFWebsiteDriver.findElement(RFWebsiteDriver.java:860)
	at com.rf.core.driver.website.RFWebsiteDriver.getText(RFWebsiteDriver.java:935)
	at com.rf.pages.website.LSD.LSDHomePage.isFirstAndLastNamePresentAtConsultantCardUnderTeam(LSDHomePage.java:724)
	at com.rf.test.website.LSD.LSDLinkTests.testConsultantCardComponents_2876q(LSDLinkTests.java:224)
	at sun.reflect.NativeMethodAccessorImpl.invoke0(Native Method)
	at sun.reflect.NativeMethodAccessorImpl.invoke(Unknown Source)
	at sun.reflect.DelegatingMethodAccessorImpl.invoke(Unknown Source)
	at java.lang.reflect.Method.invoke(Unknown Source)
	at org.testng.internal.MethodInvocationHelper.invokeMethod(MethodInvocationHelper.java:84)
	at org.testng.internal.Invoker.invokeMethod(Invoker.java:714)
	at org.testng.internal.Invoker.invokeTestMethod(Invoker.java:901)
	at org.testng.internal.Invoker.invokeTestMethods(Invoker.java:1231)
	at org.testng.internal.TestMethodWorker.invokeTestMethods(TestMethodWorker.java:127)
	at org.testng.internal.TestMethodWorker.run(TestMethodWorker.java:111)
	at org.testng.TestRunner.privateRun(TestRunner.java:767)
	at org.testng.TestRunner.run(TestRunner.java:617)
	at org.testng.SuiteRunner.runTest(SuiteRunner.java:348)
	at org.testng.SuiteRunner.runSequentially(SuiteRunner.java:343)
	at org.testng.SuiteRunner.privateRun(SuiteRunner.java:305)
	at org.testng.SuiteRunner.run(SuiteRunner.java:254)
	at org.testng.SuiteRunnerWorker.runSuite(SuiteRunnerWorker.java:52)
	at org.testng.SuiteRunnerWorker.run(SuiteRunnerWorker.java:86)
	at org.testng.TestNG.runSuitesSequentially(TestNG.java:1224)
	at org.testng.TestNG.runSuitesLocally(TestNG.java:1149)
	at org.testng.TestNG.run(TestNG.java:1057)
	at org.testng.remote.AbstractRemoteTestNG.run(AbstractRemoteTestNG.java:114)
	at org.testng.remote.RemoteTestNG.initAndRun(RemoteTestNG.java:251)
	at org.testng.remote.RemoteTestNG.main(RemoteTestNG.java:77)
</pre></div></td>
<td>39</td>
<td>com.rf.test.website.LSD.LSDLinkTests@65f8f5ae</td></tr>
<tr>
<td title='com.rf.test.website.LSD.LoginTests.testLoginFailed_2628q()'><b>testLoginFailed_2628q</b><br>Test class: com.rf.test.website.LSD.LoginTests</td>
<td><div><pre>org.openqa.selenium.WebDriverException: unknown error: keys should be a string
  (Session info: chrome=64.0.3282.186)
  (Driver info: chromedriver=2.36.540470 (e522d04694c7ebea4ba8821272dbef4f9b818c91),platform=Windows NT 10.0.10586 x86_64) (WARNING: The server did not provide any stacktrace information)
Command duration or timeout: 0 milliseconds
Build info: version: &apos;3.7.1&apos;, revision: &apos;8a0099a&apos;, time: &apos;2017-11-06T21:01:39.354Z&apos;
System info: host: &apos;LD-4V2P3G2&apos;, ip: &apos;192.168.121.186&apos;, os.name: &apos;Windows 10&apos;, os.arch: &apos;amd64&apos;, os.version: &apos;10.0&apos;, java.version: &apos;1.8.0_161&apos;
Driver info: org.openqa.selenium.chrome.ChromeDriver
Capabilities {acceptInsecureCerts: false, acceptSslCerts: false, applicationCacheEnabled: false, browserConnectionEnabled: false, browserName: chrome, chrome: {chromedriverVersion: 2.36.540470 (e522d04694c7eb..., userDataDir: C:\Users\BPKOTA~1\AppData\L...}, cssSelectorsEnabled: true, databaseEnabled: false, handlesAlerts: true, hasTouchScreen: false, javascriptEnabled: true, locationContextEnabled: true, mobileEmulationEnabled: false, nativeEvents: true, networkConnectionEnabled: false, pageLoadStrategy: normal, platform: XP, platformName: XP, rotatable: false, setWindowRect: true, takesHeapSnapshot: true, takesScreenshot: true, unexpectedAlertBehaviour: , unhandledPromptBehavior: , version: 64.0.3282.186, webStorageEnabled: true}
Session ID: 4b47a338086ec4b6220409c09d8f96ca
	at org.openqa.selenium.remote.ErrorHandler.createThrowable(ErrorHandler.java:214)
	at org.openqa.selenium.remote.ErrorHandler.throwIfResponseFailed(ErrorHandler.java:166)
	at org.openqa.selenium.remote.http.JsonHttpResponseCodec.reconstructValue(JsonHttpResponseCodec.java:40)
	at org.openqa.selenium.remote.http.AbstractHttpResponseCodec.decode(AbstractHttpResponseCodec.java:80)
	at org.openqa.selenium.remote.http.AbstractHttpResponseCodec.decode(AbstractHttpResponseCodec.java:44)
	at org.openqa.selenium.remote.HttpCommandExecutor.execute(HttpCommandExecutor.java:164)
	at org.openqa.selenium.remote.service.DriverCommandExecutor.execute(DriverCommandExecutor.java:83)
	at org.openqa.selenium.remote.RemoteWebDriver.execute(RemoteWebDriver.java:600)
	at org.openqa.selenium.remote.RemoteWebElement.execute(RemoteWebElement.java:279)
	at org.openqa.selenium.remote.RemoteWebElement.sendKeys(RemoteWebElement.java:100)
	at com.rf.core.driver.website.RFWebsiteDriver.type(RFWebsiteDriver.java:834)
	at com.rf.core.driver.website.RFWebsiteDriver.type(RFWebsiteDriver.java:808)
	at com.rf.pages.website.LSD.LSDLoginPage.enterUsername(LSDLoginPage.java:44)
	at com.rf.pages.website.LSD.LSDLoginPage.pulseLogin(LSDLoginPage.java:111)
	at com.rf.test.website.LSD.LoginTests.testLoginFailed_2628q(LoginTests.java:51)
... Removed 28 stack frames</pre></div><a href='#' onClick='toggleBox("stack-trace109065770", this, "Click to show all stack frames", "Click to hide stack frames")'>Click to show all stack frames</a>
<div class='stack-trace' id='stack-trace109065770'><pre>org.openqa.selenium.WebDriverException: unknown error: keys should be a string
  (Session info: chrome=64.0.3282.186)
  (Driver info: chromedriver=2.36.540470 (e522d04694c7ebea4ba8821272dbef4f9b818c91),platform=Windows NT 10.0.10586 x86_64) (WARNING: The server did not provide any stacktrace information)
Command duration or timeout: 0 milliseconds
Build info: version: &apos;3.7.1&apos;, revision: &apos;8a0099a&apos;, time: &apos;2017-11-06T21:01:39.354Z&apos;
System info: host: &apos;LD-4V2P3G2&apos;, ip: &apos;192.168.121.186&apos;, os.name: &apos;Windows 10&apos;, os.arch: &apos;amd64&apos;, os.version: &apos;10.0&apos;, java.version: &apos;1.8.0_161&apos;
Driver info: org.openqa.selenium.chrome.ChromeDriver
Capabilities {acceptInsecureCerts: false, acceptSslCerts: false, applicationCacheEnabled: false, browserConnectionEnabled: false, browserName: chrome, chrome: {chromedriverVersion: 2.36.540470 (e522d04694c7eb..., userDataDir: C:\Users\BPKOTA~1\AppData\L...}, cssSelectorsEnabled: true, databaseEnabled: false, handlesAlerts: true, hasTouchScreen: false, javascriptEnabled: true, locationContextEnabled: true, mobileEmulationEnabled: false, nativeEvents: true, networkConnectionEnabled: false, pageLoadStrategy: normal, platform: XP, platformName: XP, rotatable: false, setWindowRect: true, takesHeapSnapshot: true, takesScreenshot: true, unexpectedAlertBehaviour: , unhandledPromptBehavior: , version: 64.0.3282.186, webStorageEnabled: true}
Session ID: 4b47a338086ec4b6220409c09d8f96ca
	at sun.reflect.NativeConstructorAccessorImpl.newInstance0(Native Method)
	at sun.reflect.NativeConstructorAccessorImpl.newInstance(Unknown Source)
	at sun.reflect.DelegatingConstructorAccessorImpl.newInstance(Unknown Source)
	at java.lang.reflect.Constructor.newInstance(Unknown Source)
	at org.openqa.selenium.remote.ErrorHandler.createThrowable(ErrorHandler.java:214)
	at org.openqa.selenium.remote.ErrorHandler.throwIfResponseFailed(ErrorHandler.java:166)
	at org.openqa.selenium.remote.http.JsonHttpResponseCodec.reconstructValue(JsonHttpResponseCodec.java:40)
	at org.openqa.selenium.remote.http.AbstractHttpResponseCodec.decode(AbstractHttpResponseCodec.java:80)
	at org.openqa.selenium.remote.http.AbstractHttpResponseCodec.decode(AbstractHttpResponseCodec.java:44)
	at org.openqa.selenium.remote.HttpCommandExecutor.execute(HttpCommandExecutor.java:164)
	at org.openqa.selenium.remote.service.DriverCommandExecutor.execute(DriverCommandExecutor.java:83)
	at org.openqa.selenium.remote.RemoteWebDriver.execute(RemoteWebDriver.java:600)
	at org.openqa.selenium.remote.RemoteWebElement.execute(RemoteWebElement.java:279)
	at org.openqa.selenium.remote.RemoteWebElement.sendKeys(RemoteWebElement.java:100)
	at com.rf.core.driver.website.RFWebsiteDriver.type(RFWebsiteDriver.java:834)
	at com.rf.core.driver.website.RFWebsiteDriver.type(RFWebsiteDriver.java:808)
	at com.rf.pages.website.LSD.LSDLoginPage.enterUsername(LSDLoginPage.java:44)
	at com.rf.pages.website.LSD.LSDLoginPage.pulseLogin(LSDLoginPage.java:111)
	at com.rf.test.website.LSD.LoginTests.testLoginFailed_2628q(LoginTests.java:51)
	at sun.reflect.NativeMethodAccessorImpl.invoke0(Native Method)
	at sun.reflect.NativeMethodAccessorImpl.invoke(Unknown Source)
	at sun.reflect.DelegatingMethodAccessorImpl.invoke(Unknown Source)
	at java.lang.reflect.Method.invoke(Unknown Source)
	at org.testng.internal.MethodInvocationHelper.invokeMethod(MethodInvocationHelper.java:84)
	at org.testng.internal.Invoker.invokeMethod(Invoker.java:714)
	at org.testng.internal.Invoker.invokeTestMethod(Invoker.java:901)
	at org.testng.internal.Invoker.invokeTestMethods(Invoker.java:1231)
	at org.testng.internal.TestMethodWorker.invokeTestMethods(TestMethodWorker.java:127)
	at org.testng.internal.TestMethodWorker.run(TestMethodWorker.java:111)
	at org.testng.TestRunner.privateRun(TestRunner.java:767)
	at org.testng.TestRunner.run(TestRunner.java:617)
	at org.testng.SuiteRunner.runTest(SuiteRunner.java:348)
	at org.testng.SuiteRunner.runSequentially(SuiteRunner.java:343)
	at org.testng.SuiteRunner.privateRun(SuiteRunner.java:305)
	at org.testng.SuiteRunner.run(SuiteRunner.java:254)
	at org.testng.SuiteRunnerWorker.runSuite(SuiteRunnerWorker.java:52)
	at org.testng.SuiteRunnerWorker.run(SuiteRunnerWorker.java:86)
	at org.testng.TestNG.runSuitesSequentially(TestNG.java:1224)
	at org.testng.TestNG.runSuitesLocally(TestNG.java:1149)
	at org.testng.TestNG.run(TestNG.java:1057)
	at org.testng.remote.AbstractRemoteTestNG.run(AbstractRemoteTestNG.java:114)
	at org.testng.remote.RemoteTestNG.initAndRun(RemoteTestNG.java:251)
	at org.testng.remote.RemoteTestNG.main(RemoteTestNG.java:77)
</pre></div></td>
<td>127</td>
<td>com.rf.test.website.LSD.LoginTests@f1da57d</td></tr>
<tr>
<td title='com.rf.test.website.LSD.LSDLinkTests.testSortingMenuForAreGettingThere_3331q()'><b>testSortingMenuForAreGettingThere_3331q</b><br>Test class: com.rf.test.website.LSD.LSDLinkTests</td>
<td><div><pre>java.lang.AssertionError: 1.Physical level: High to Low is not visible at filters page

 1.Physical level: Low to High is not visible at filters page

	at com.rf.core.utils.SoftAssert.assertAll(SoftAssert.java:56)
	at com.rf.test.website.LSD.LSDLinkTests.testSortingMenuForAreGettingThere_3331q(LSDLinkTests.java:390)
... Removed 24 stack frames</pre></div><a href='#' onClick='toggleBox("stack-trace1130160902", this, "Click to show all stack frames", "Click to hide stack frames")'>Click to show all stack frames</a>
<div class='stack-trace' id='stack-trace1130160902'><pre>java.lang.AssertionError: 1.Physical level: High to Low is not visible at filters page

 1.Physical level: Low to High is not visible at filters page

	at com.rf.core.utils.SoftAssert.assertAll(SoftAssert.java:56)
	at com.rf.test.website.LSD.LSDLinkTests.testSortingMenuForAreGettingThere_3331q(LSDLinkTests.java:390)
	at sun.reflect.NativeMethodAccessorImpl.invoke0(Native Method)
	at sun.reflect.NativeMethodAccessorImpl.invoke(Unknown Source)
	at sun.reflect.DelegatingMethodAccessorImpl.invoke(Unknown Source)
	at java.lang.reflect.Method.invoke(Unknown Source)
	at org.testng.internal.MethodInvocationHelper.invokeMethod(MethodInvocationHelper.java:84)
	at org.testng.internal.Invoker.invokeMethod(Invoker.java:714)
	at org.testng.internal.Invoker.invokeTestMethod(Invoker.java:901)
	at org.testng.internal.Invoker.invokeTestMethods(Invoker.java:1231)
	at org.testng.internal.TestMethodWorker.invokeTestMethods(TestMethodWorker.java:127)
	at org.testng.internal.TestMethodWorker.run(TestMethodWorker.java:111)
	at org.testng.TestRunner.privateRun(TestRunner.java:767)
	at org.testng.TestRunner.run(TestRunner.java:617)
	at org.testng.SuiteRunner.runTest(SuiteRunner.java:348)
	at org.testng.SuiteRunner.runSequentially(SuiteRunner.java:343)
	at org.testng.SuiteRunner.privateRun(SuiteRunner.java:305)
	at org.testng.SuiteRunner.run(SuiteRunner.java:254)
	at org.testng.SuiteRunnerWorker.runSuite(SuiteRunnerWorker.java:52)
	at org.testng.SuiteRunnerWorker.run(SuiteRunnerWorker.java:86)
	at org.testng.TestNG.runSuitesSequentially(TestNG.java:1224)
	at org.testng.TestNG.runSuitesLocally(TestNG.java:1149)
	at org.testng.TestNG.run(TestNG.java:1057)
	at org.testng.remote.AbstractRemoteTestNG.run(AbstractRemoteTestNG.java:114)
	at org.testng.remote.RemoteTestNG.initAndRun(RemoteTestNG.java:251)
	at org.testng.remote.RemoteTestNG.main(RemoteTestNG.java:77)
</pre></div></td>
<td>17</td>
<td>com.rf.test.website.LSD.LSDLinkTests@65f8f5ae</td></tr>
<tr>
<td title='com.rf.test.website.LSD.LSDLinkTests.testSortingMenuForMayNotPromote_3332q()'><b>testSortingMenuForMayNotPromote_3332q</b><br>Test class: com.rf.test.website.LSD.LSDLinkTests</td>
<td><div><pre>java.lang.AssertionError: 1.Physical level: Low to High is not visible at filters page

 1.Physical level: High to Low is not visible at filters page

	at com.rf.core.utils.SoftAssert.assertAll(SoftAssert.java:56)
	at com.rf.test.website.LSD.LSDLinkTests.testSortingMenuForMayNotPromote_3332q(LSDLinkTests.java:436)
... Removed 24 stack frames</pre></div><a href='#' onClick='toggleBox("stack-trace810262298", this, "Click to show all stack frames", "Click to hide stack frames")'>Click to show all stack frames</a>
<div class='stack-trace' id='stack-trace810262298'><pre>java.lang.AssertionError: 1.Physical level: Low to High is not visible at filters page

 1.Physical level: High to Low is not visible at filters page

	at com.rf.core.utils.SoftAssert.assertAll(SoftAssert.java:56)
	at com.rf.test.website.LSD.LSDLinkTests.testSortingMenuForMayNotPromote_3332q(LSDLinkTests.java:436)
	at sun.reflect.NativeMethodAccessorImpl.invoke0(Native Method)
	at sun.reflect.NativeMethodAccessorImpl.invoke(Unknown Source)
	at sun.reflect.DelegatingMethodAccessorImpl.invoke(Unknown Source)
	at java.lang.reflect.Method.invoke(Unknown Source)
	at org.testng.internal.MethodInvocationHelper.invokeMethod(MethodInvocationHelper.java:84)
	at org.testng.internal.Invoker.invokeMethod(Invoker.java:714)
	at org.testng.internal.Invoker.invokeTestMethod(Invoker.java:901)
	at org.testng.internal.Invoker.invokeTestMethods(Invoker.java:1231)
	at org.testng.internal.TestMethodWorker.invokeTestMethods(TestMethodWorker.java:127)
	at org.testng.internal.TestMethodWorker.run(TestMethodWorker.java:111)
	at org.testng.TestRunner.privateRun(TestRunner.java:767)
	at org.testng.TestRunner.run(TestRunner.java:617)
	at org.testng.SuiteRunner.runTest(SuiteRunner.java:348)
	at org.testng.SuiteRunner.runSequentially(SuiteRunner.java:343)
	at org.testng.SuiteRunner.privateRun(SuiteRunner.java:305)
	at org.testng.SuiteRunner.run(SuiteRunner.java:254)
	at org.testng.SuiteRunnerWorker.runSuite(SuiteRunnerWorker.java:52)
	at org.testng.SuiteRunnerWorker.run(SuiteRunnerWorker.java:86)
	at org.testng.TestNG.runSuitesSequentially(TestNG.java:1224)
	at org.testng.TestNG.runSuitesLocally(TestNG.java:1149)
	at org.testng.TestNG.run(TestNG.java:1057)
	at org.testng.remote.AbstractRemoteTestNG.run(AbstractRemoteTestNG.java:114)
	at org.testng.remote.RemoteTestNG.initAndRun(RemoteTestNG.java:251)
	at org.testng.remote.RemoteTestNG.main(RemoteTestNG.java:77)
</pre></div></td>
<td>17</td>
<td>com.rf.test.website.LSD.LSDLinkTests@65f8f5ae</td></tr>
<tr>
<td title='com.rf.test.website.LSD.LSDLinkTests.testSortingMenuForViewAllConsultants_3328q()'><b>testSortingMenuForViewAllConsultants_3328q</b><br>Test class: com.rf.test.website.LSD.LSDLinkTests</td>
<td><div><pre>java.lang.AssertionError: 1.Physical level: Low to High is not visible at filters page

 1.Physical level: High to Low is not visible at filters page

	at com.rf.core.utils.SoftAssert.assertAll(SoftAssert.java:56)
	at com.rf.test.website.LSD.LSDLinkTests.testSortingMenuForViewAllConsultants_3328q(LSDLinkTests.java:481)
... Removed 24 stack frames</pre></div><a href='#' onClick='toggleBox("stack-trace2108318195", this, "Click to show all stack frames", "Click to hide stack frames")'>Click to show all stack frames</a>
<div class='stack-trace' id='stack-trace2108318195'><pre>java.lang.AssertionError: 1.Physical level: Low to High is not visible at filters page

 1.Physical level: High to Low is not visible at filters page

	at com.rf.core.utils.SoftAssert.assertAll(SoftAssert.java:56)
	at com.rf.test.website.LSD.LSDLinkTests.testSortingMenuForViewAllConsultants_3328q(LSDLinkTests.java:481)
	at sun.reflect.NativeMethodAccessorImpl.invoke0(Native Method)
	at sun.reflect.NativeMethodAccessorImpl.invoke(Unknown Source)
	at sun.reflect.DelegatingMethodAccessorImpl.invoke(Unknown Source)
	at java.lang.reflect.Method.invoke(Unknown Source)
	at org.testng.internal.MethodInvocationHelper.invokeMethod(MethodInvocationHelper.java:84)
	at org.testng.internal.Invoker.invokeMethod(Invoker.java:714)
	at org.testng.internal.Invoker.invokeTestMethod(Invoker.java:901)
	at org.testng.internal.Invoker.invokeTestMethods(Invoker.java:1231)
	at org.testng.internal.TestMethodWorker.invokeTestMethods(TestMethodWorker.java:127)
	at org.testng.internal.TestMethodWorker.run(TestMethodWorker.java:111)
	at org.testng.TestRunner.privateRun(TestRunner.java:767)
	at org.testng.TestRunner.run(TestRunner.java:617)
	at org.testng.SuiteRunner.runTest(SuiteRunner.java:348)
	at org.testng.SuiteRunner.runSequentially(SuiteRunner.java:343)
	at org.testng.SuiteRunner.privateRun(SuiteRunner.java:305)
	at org.testng.SuiteRunner.run(SuiteRunner.java:254)
	at org.testng.SuiteRunnerWorker.runSuite(SuiteRunnerWorker.java:52)
	at org.testng.SuiteRunnerWorker.run(SuiteRunnerWorker.java:86)
	at org.testng.TestNG.runSuitesSequentially(TestNG.java:1224)
	at org.testng.TestNG.runSuitesLocally(TestNG.java:1149)
	at org.testng.TestNG.run(TestNG.java:1057)
	at org.testng.remote.AbstractRemoteTestNG.run(AbstractRemoteTestNG.java:114)
	at org.testng.remote.RemoteTestNG.initAndRun(RemoteTestNG.java:251)
	at org.testng.remote.RemoteTestNG.main(RemoteTestNG.java:77)
</pre></div></td>
<td>17</td>
<td>com.rf.test.website.LSD.LSDLinkTests@65f8f5ae</td></tr>
<tr>
<td title='com.rf.test.website.LSD.LSDLinkTests.testVerifyLeadTheWayLink_1455q()'><b>testVerifyLeadTheWayLink_1455q</b><br>Test class: com.rf.test.website.LSD.LSDLinkTests</td>
<td><div><pre>java.lang.AssertionError: 1.Current URL : https://sfm-prd-okt-w01.rf.local/IWA/ does not contains randfjourney

	at com.rf.core.utils.SoftAssert.assertAll(SoftAssert.java:56)
	at com.rf.test.website.LSD.LSDLinkTests.testVerifyLeadTheWayLink_1455q(LSDLinkTests.java:28)
... Removed 24 stack frames</pre></div><a href='#' onClick='toggleBox("stack-trace1746117425", this, "Click to show all stack frames", "Click to hide stack frames")'>Click to show all stack frames</a>
<div class='stack-trace' id='stack-trace1746117425'><pre>java.lang.AssertionError: 1.Current URL : https://sfm-prd-okt-w01.rf.local/IWA/ does not contains randfjourney

	at com.rf.core.utils.SoftAssert.assertAll(SoftAssert.java:56)
	at com.rf.test.website.LSD.LSDLinkTests.testVerifyLeadTheWayLink_1455q(LSDLinkTests.java:28)
	at sun.reflect.NativeMethodAccessorImpl.invoke0(Native Method)
	at sun.reflect.NativeMethodAccessorImpl.invoke(Unknown Source)
	at sun.reflect.DelegatingMethodAccessorImpl.invoke(Unknown Source)
	at java.lang.reflect.Method.invoke(Unknown Source)
	at org.testng.internal.MethodInvocationHelper.invokeMethod(MethodInvocationHelper.java:84)
	at org.testng.internal.Invoker.invokeMethod(Invoker.java:714)
	at org.testng.internal.Invoker.invokeTestMethod(Invoker.java:901)
	at org.testng.internal.Invoker.invokeTestMethods(Invoker.java:1231)
	at org.testng.internal.TestMethodWorker.invokeTestMethods(TestMethodWorker.java:127)
	at org.testng.internal.TestMethodWorker.run(TestMethodWorker.java:111)
	at org.testng.TestRunner.privateRun(TestRunner.java:767)
	at org.testng.TestRunner.run(TestRunner.java:617)
	at org.testng.SuiteRunner.runTest(SuiteRunner.java:348)
	at org.testng.SuiteRunner.runSequentially(SuiteRunner.java:343)
	at org.testng.SuiteRunner.privateRun(SuiteRunner.java:305)
	at org.testng.SuiteRunner.run(SuiteRunner.java:254)
	at org.testng.SuiteRunnerWorker.runSuite(SuiteRunnerWorker.java:52)
	at org.testng.SuiteRunnerWorker.run(SuiteRunnerWorker.java:86)
	at org.testng.TestNG.runSuitesSequentially(TestNG.java:1224)
	at org.testng.TestNG.runSuitesLocally(TestNG.java:1149)
	at org.testng.TestNG.run(TestNG.java:1057)
	at org.testng.remote.AbstractRemoteTestNG.run(AbstractRemoteTestNG.java:114)
	at org.testng.remote.RemoteTestNG.initAndRun(RemoteTestNG.java:251)
	at org.testng.remote.RemoteTestNG.main(RemoteTestNG.java:77)
</pre></div></td>
<td>17</td>
<td>com.rf.test.website.LSD.LSDLinkTests@65f8f5ae</td></tr>
</table><p>
<table width='100%' border='1' class='invocation-passed'>
<tr><td colspan='4' align='center'><b>PASSED TESTS</b></td></tr>
<tr><td><b>Test method</b></td>
<td width="30%"><b>Exception</b></td>
<td width="10%"><b>Time (seconds)</b></td>
<td><b>Instance</b></td>
</tr>
<tr>
<td title='com.rf.test.website.LSD.LSDLinkTests.testFAQNavigation_2953q()'><b>testFAQNavigation_2953q</b><br>Test class: com.rf.test.website.LSD.LSDLinkTests</td>
<td></td>
<td>4</td>
<td>com.rf.test.website.LSD.LSDLinkTests@65f8f5ae</td></tr>
<tr>
<td title='com.rf.test.website.LSD.LSDLinkTests.testMainMenuLinks_2631q()'><b>testMainMenuLinks_2631q</b><br>Test class: com.rf.test.website.LSD.LSDLinkTests</td>
<td></td>
<td>23</td>
<td>com.rf.test.website.LSD.LSDLinkTests@65f8f5ae</td></tr>
<tr>
<td title='com.rf.test.website.LSD.LoginTests.testTextAboveUsernameAndPassword_3412q()'><b>testTextAboveUsernameAndPassword_3412q</b><br>Test class: com.rf.test.website.LSD.LoginTests</td>
<td></td>
<td>5</td>
<td>com.rf.test.website.LSD.LoginTests@f1da57d</td></tr>
<tr>
<td title='com.rf.test.website.LSD.LSDLinkTests.testVerifyLinkCommsCorner_1447q()'><b>testVerifyLinkCommsCorner_1447q</b><br>Test class: com.rf.test.website.LSD.LSDLinkTests</td>
<td></td>
<td>6</td>
<td>com.rf.test.website.LSD.LSDLinkTests@65f8f5ae</td></tr>
<tr>
<td title='com.rf.test.website.LSD.LSDLinkTests.testVerifyLinkConsultantLEDEvents_1448()'><b>testVerifyLinkConsultantLEDEvents_1448</b><br>Test class: com.rf.test.website.LSD.LSDLinkTests</td>
<td></td>
<td>7</td>
<td>com.rf.test.website.LSD.LSDLinkTests@65f8f5ae</td></tr>
<tr>
<td title='com.rf.test.website.LSD.LSDLinkTests.testVerifyLinkCorporateEvents_1449q()'><b>testVerifyLinkCorporateEvents_1449q</b><br>Test class: com.rf.test.website.LSD.LSDLinkTests</td>
<td></td>
<td>7</td>
<td>com.rf.test.website.LSD.LSDLinkTests@65f8f5ae</td></tr>
<tr>
<td title='com.rf.test.website.LSD.LSDLinkTests.testVerifyLinkGettingStarted_1450q()'><b>testVerifyLinkGettingStarted_1450q</b><br>Test class: com.rf.test.website.LSD.LSDLinkTests</td>
<td></td>
<td>6</td>
<td>com.rf.test.website.LSD.LSDLinkTests@65f8f5ae</td></tr>
<tr>
<td title='com.rf.test.website.LSD.LSDLinkTests.testVerifyRFConnectionLink_1456q()'><b>testVerifyRFConnectionLink_1456q</b><br>Test class: com.rf.test.website.LSD.LSDLinkTests</td>
<td></td>
<td>6</td>
<td>com.rf.test.website.LSD.LSDLinkTests@65f8f5ae</td></tr>
<tr>
<td title='com.rf.test.website.LSD.LSDLinkTests.testVerifyRFJourneyLink_1457q()'><b>testVerifyRFJourneyLink_1457q</b><br>Test class: com.rf.test.website.LSD.LSDLinkTests</td>
<td></td>
<td>6</td>
<td>com.rf.test.website.LSD.LSDLinkTests@65f8f5ae</td></tr>
<tr>
<td title='com.rf.test.website.LSD.LSDLinkTests.testVerifyRFMallLink_1458q()'><b>testVerifyRFMallLink_1458q</b><br>Test class: com.rf.test.website.LSD.LSDLinkTests</td>
<td></td>
<td>6</td>
<td>com.rf.test.website.LSD.LSDLinkTests@65f8f5ae</td></tr>
<tr>
<td title='com.rf.test.website.LSD.LSDLinkTests.testVerifyRFPaydayLink_1459q()'><b>testVerifyRFPaydayLink_1459q</b><br>Test class: com.rf.test.website.LSD.LSDLinkTests</td>
<td></td>
<td>6</td>
<td>com.rf.test.website.LSD.LSDLinkTests@65f8f5ae</td></tr>
<tr>
<td title='com.rf.test.website.LSD.LSDLinkTests.testVerifyTabsWith6Level_3238q()'><b>testVerifyTabsWith6Level_3238q</b><br>Test class: com.rf.test.website.LSD.LSDLinkTests</td>
<td></td>
<td>31</td>
<td>com.rf.test.website.LSD.LSDLinkTests@65f8f5ae</td></tr>
</table><p>
<table width='100%' border='1' class='invocation-skipped'>
<tr><td colspan='4' align='center'><b>SKIPPED TESTS</b></td></tr>
<tr><td><b>Test method</b></td>
<td width="30%"><b>Exception</b></td>
<td width="10%"><b>Time (seconds)</b></td>
<td><b>Instance</b></td>
</tr>
<tr>
<td title='com.rf.test.website.LSD.LSDCustomerTests.TotalNumberOfAllPCs_3349q()'><b>TotalNumberOfAllPCs_3349q</b><br>Test class: com.rf.test.website.LSD.LSDCustomerTests</td>
<td></td>
<td>0</td>
<td>com.rf.test.website.LSD.LSDCustomerTests@740fb309</td></tr>
<tr>
<td title='com.rf.test.website.LSD.LSDTests.test2InitialIcon_2547q()'><b>test2InitialIcon_2547q</b><br>Test class: com.rf.test.website.LSD.LSDTests</td>
<td></td>
<td>0</td>
<td>com.rf.test.website.LSD.LSDTests@72c8e7b</td></tr>
<tr>
<td title='com.rf.test.website.LSD.LSDTests.testCRPAutoshipProcessedInPastForThismonth_2522q()'><b>testCRPAutoshipProcessedInPastForThismonth_2522q</b><br>Test class: com.rf.test.website.LSD.LSDTests</td>
<td></td>
<td>0</td>
<td>com.rf.test.website.LSD.LSDTests@72c8e7b</td></tr>
<tr>
<td title='com.rf.test.website.LSD.LSDTests.testColorOfPSQVValueAndPSQVRingEqualsTo0_2470q()'><b>testColorOfPSQVValueAndPSQVRingEqualsTo0_2470q</b><br>Test class: com.rf.test.website.LSD.LSDTests</td>
<td></td>
<td>0</td>
<td>com.rf.test.website.LSD.LSDTests@72c8e7b</td></tr>
<tr>
<td title='com.rf.test.website.LSD.LSDTests.testColorOfPSQVValueAndPSQVRingGreaterThan600_3128q()'><b>testColorOfPSQVValueAndPSQVRingGreaterThan600_3128q</b><br>Test class: com.rf.test.website.LSD.LSDTests</td>
<td></td>
<td>0</td>
<td>com.rf.test.website.LSD.LSDTests@72c8e7b</td></tr>
<tr>
<td title='com.rf.test.website.LSD.LSDTests.testColorOfPSQVValueAndPSQVRingLessThan600_3127q()'><b>testColorOfPSQVValueAndPSQVRingLessThan600_3127q</b><br>Test class: com.rf.test.website.LSD.LSDTests</td>
<td></td>
<td>0</td>
<td>com.rf.test.website.LSD.LSDTests@72c8e7b</td></tr>
<tr>
<td title='com.rf.test.website.LSD.LSDTests.testColorOfSVValueAndSVRingForEqualsTo0_2469q()'><b>testColorOfSVValueAndSVRingForEqualsTo0_2469q</b><br>Test class: com.rf.test.website.LSD.LSDTests</td>
<td></td>
<td>0</td>
<td>com.rf.test.website.LSD.LSDTests@72c8e7b</td></tr>
<tr>
<td title='com.rf.test.website.LSD.LSDTests.testColorOfSVValueAndSVRingGreaterThan100_3125q()'><b>testColorOfSVValueAndSVRingGreaterThan100_3125q</b><br>Test class: com.rf.test.website.LSD.LSDTests</td>
<td></td>
<td>0</td>
<td>com.rf.test.website.LSD.LSDTests@72c8e7b</td></tr>
<tr>
<td title='com.rf.test.website.LSD.LSDTests.testColorOfSVValueAndSVRingLessThan100_3126q()'><b>testColorOfSVValueAndSVRingLessThan100_3126q</b><br>Test class: com.rf.test.website.LSD.LSDTests</td>
<td></td>
<td>0</td>
<td>com.rf.test.website.LSD.LSDTests@72c8e7b</td></tr>
<tr>
<td title='com.rf.test.website.LSD.LSDOrdersTests.testConsultantAdhocOrderDetailsOnOrderCards_2848q()'><b>testConsultantAdhocOrderDetailsOnOrderCards_2848q</b><br>Test class: com.rf.test.website.LSD.LSDOrdersTests</td>
<td></td>
<td>0</td>
<td>com.rf.test.website.LSD.LSDOrdersTests@38467116</td></tr>
<tr>
<td title='com.rf.test.website.LSD.LSDTests.testConsultantOverviewDetails_2420q()'><b>testConsultantOverviewDetails_2420q</b><br>Test class: com.rf.test.website.LSD.LSDTests</td>
<td></td>
<td>0</td>
<td>com.rf.test.website.LSD.LSDTests@72c8e7b</td></tr>
<tr>
<td title='com.rf.test.website.LSD.LSDTests.testConsultantsOnMyLevel1Value_2539q()'><b>testConsultantsOnMyLevel1Value_2539q</b><br>Test class: com.rf.test.website.LSD.LSDTests</td>
<td></td>
<td>0</td>
<td>com.rf.test.website.LSD.LSDTests@72c8e7b</td></tr>
<tr>
<td title='com.rf.test.website.LSD.LSDTests.testCurrentProgressEstSVValue_2467q()'><b>testCurrentProgressEstSVValue_2467q</b><br>Test class: com.rf.test.website.LSD.LSDTests</td>
<td></td>
<td>0</td>
<td>com.rf.test.website.LSD.LSDTests@72c8e7b</td></tr>
<tr>
<td title='com.rf.test.website.LSD.LSDTests.testDeactivatedPCCardDetails_2988q()'><b>testDeactivatedPCCardDetails_2988q</b><br>Test class: com.rf.test.website.LSD.LSDTests</td>
<td></td>
<td>0</td>
<td>com.rf.test.website.LSD.LSDTests@72c8e7b</td></tr>
<tr>
<td title='com.rf.test.website.LSD.LSDTests.testDownlineReportLink_2561q()'><b>testDownlineReportLink_2561q</b><br>Test class: com.rf.test.website.LSD.LSDTests</td>
<td></td>
<td>0</td>
<td>com.rf.test.website.LSD.LSDTests@72c8e7b</td></tr>
<tr>
<td title='com.rf.test.website.LSD.LSDTests.testECLegsValue_2476q()'><b>testECLegsValue_2476q</b><br>Test class: com.rf.test.website.LSD.LSDTests</td>
<td></td>
<td>0</td>
<td>com.rf.test.website.LSD.LSDTests@72c8e7b</td></tr>
<tr>
<td title='com.rf.test.website.LSD.LSDTests.testEarningsStatementsReportLink_2562q()'><b>testEarningsStatementsReportLink_2562q</b><br>Test class: com.rf.test.website.LSD.LSDTests</td>
<td></td>
<td>0</td>
<td>com.rf.test.website.LSD.LSDTests@72c8e7b</td></tr>
<tr>
<td title='com.rf.test.website.LSD.LSDTests.testEnrollmentDate_2545q_2626q()'><b>testEnrollmentDate_2545q_2626q</b><br>Test class: com.rf.test.website.LSD.LSDTests</td>
<td></td>
<td>0</td>
<td>com.rf.test.website.LSD.LSDTests@72c8e7b</td></tr>
<tr>
<td title='com.rf.test.website.LSD.LSDTests.testEnrollmentSponsor_2535q()'><b>testEnrollmentSponsor_2535q</b><br>Test class: com.rf.test.website.LSD.LSDTests</td>
<td></td>
<td>0</td>
<td>com.rf.test.website.LSD.LSDTests@72c8e7b</td></tr>
<tr>
<td title='com.rf.test.website.LSD.LSDTests.testEstPSQVValue_2468q()'><b>testEstPSQVValue_2468q</b><br>Test class: com.rf.test.website.LSD.LSDTests</td>
<td></td>
<td>0</td>
<td>com.rf.test.website.LSD.LSDTests@72c8e7b</td></tr>
<tr>
<td title='com.rf.test.website.LSD.LSDTests.testFullNameFromCard_2634q()'><b>testFullNameFromCard_2634q</b><br>Test class: com.rf.test.website.LSD.LSDTests</td>
<td></td>
<td>0</td>
<td>com.rf.test.website.LSD.LSDTests@72c8e7b</td></tr>
<tr>
<td title='com.rf.test.website.LSD.LSDTests.testGreetingAndFirstName_2546q()'><b>testGreetingAndFirstName_2546q</b><br>Test class: com.rf.test.website.LSD.LSDTests</td>
<td></td>
<td>0</td>
<td>com.rf.test.website.LSD.LSDTests@72c8e7b</td></tr>
<tr>
<td title='com.rf.test.website.LSD.LSDTests.testL1L2QualifyingVolumeValue_2418q()'><b>testL1L2QualifyingVolumeValue_2418q</b><br>Test class: com.rf.test.website.LSD.LSDTests</td>
<td></td>
<td>0</td>
<td>com.rf.test.website.LSD.LSDTests@72c8e7b</td></tr>
<tr>
<td title='com.rf.test.website.LSD.LSDTests.testL1L2QualifyingVolumeValue_2541q()'><b>testL1L2QualifyingVolumeValue_2541q</b><br>Test class: com.rf.test.website.LSD.LSDTests</td>
<td></td>
<td>0</td>
<td>com.rf.test.website.LSD.LSDTests@72c8e7b</td></tr>
<tr>
<td title='com.rf.test.website.LSD.LSDTests.testL1L6QualifyingVolumeValue_2419q()'><b>testL1L6QualifyingVolumeValue_2419q</b><br>Test class: com.rf.test.website.LSD.LSDTests</td>
<td></td>
<td>0</td>
<td>com.rf.test.website.LSD.LSDTests@72c8e7b</td></tr>
<tr>
<td title='com.rf.test.website.LSD.LSDTests.testL1L6QualifyingVolumeValue_2542q()'><b>testL1L6QualifyingVolumeValue_2542q</b><br>Test class: com.rf.test.website.LSD.LSDTests</td>
<td></td>
<td>0</td>
<td>com.rf.test.website.LSD.LSDTests@72c8e7b</td></tr>
<tr>
<td title='com.rf.test.website.LSD.LSDOrdersTests.testLoadingOrdersScreen_2821q_2820q()'><b>testLoadingOrdersScreen_2821q_2820q</b><br>Test class: com.rf.test.website.LSD.LSDOrdersTests</td>
<td></td>
<td>0</td>
<td>com.rf.test.website.LSD.LSDOrdersTests@38467116</td></tr>
<tr>
<td title='com.rf.test.website.LSD.LSDOrdersTests.testOrderStatusOrderResultsBasedOnOrderFilter_2835q()'><b>testOrderStatusOrderResultsBasedOnOrderFilter_2835q</b><br>Test class: com.rf.test.website.LSD.LSDOrdersTests</td>
<td></td>
<td>0</td>
<td>com.rf.test.website.LSD.LSDOrdersTests@38467116</td></tr>
<tr>
<td title='com.rf.test.website.LSD.LSDOrdersTests.testOrderTypeOrderResultsBasedOnOrderFilter_2834q()'><b>testOrderTypeOrderResultsBasedOnOrderFilter_2834q</b><br>Test class: com.rf.test.website.LSD.LSDOrdersTests</td>
<td></td>
<td>0</td>
<td>com.rf.test.website.LSD.LSDOrdersTests@38467116</td></tr>
<tr>
<td title='com.rf.test.website.LSD.LSDOrdersTests.testPCAdhocOrderDetailsOnOrderCards_2844q()'><b>testPCAdhocOrderDetailsOnOrderCards_2844q</b><br>Test class: com.rf.test.website.LSD.LSDOrdersTests</td>
<td></td>
<td>0</td>
<td>com.rf.test.website.LSD.LSDOrdersTests@38467116</td></tr>
<tr>
<td title='com.rf.test.website.LSD.LSDTests.testPCAutoshipsThisMonthValue_2537q()'><b>testPCAutoshipsThisMonthValue_2537q</b><br>Test class: com.rf.test.website.LSD.LSDTests</td>
<td></td>
<td>0</td>
<td>com.rf.test.website.LSD.LSDTests@72c8e7b</td></tr>
<tr>
<td title='com.rf.test.website.LSD.LSDCustomerTests.testPCCardComponents_3240q()'><b>testPCCardComponents_3240q</b><br>Test class: com.rf.test.website.LSD.LSDCustomerTests</td>
<td></td>
<td>0</td>
<td>com.rf.test.website.LSD.LSDCustomerTests@740fb309</td></tr>
<tr>
<td title='com.rf.test.website.LSD.LSDTests.testPCWithOrdersValue_2536q()'><b>testPCWithOrdersValue_2536q</b><br>Test class: com.rf.test.website.LSD.LSDTests</td>
<td></td>
<td>0</td>
<td>com.rf.test.website.LSD.LSDTests@72c8e7b</td></tr>
<tr>
<td title='com.rf.test.website.LSD.LSDTests.testPSQVValueFromCard_2635q()'><b>testPSQVValueFromCard_2635q</b><br>Test class: com.rf.test.website.LSD.LSDTests</td>
<td></td>
<td>0</td>
<td>com.rf.test.website.LSD.LSDTests@72c8e7b</td></tr>
<tr>
<td title='com.rf.test.website.LSD.LSDTests.testPSQVValue_2395q()'><b>testPSQVValue_2395q</b><br>Test class: com.rf.test.website.LSD.LSDTests</td>
<td></td>
<td>0</td>
<td>com.rf.test.website.LSD.LSDTests@72c8e7b</td></tr>
<tr>
<td title='com.rf.test.website.LSD.LSDTests.testPendingPCAutoships_3017q()'><b>testPendingPCAutoships_3017q</b><br>Test class: com.rf.test.website.LSD.LSDTests</td>
<td></td>
<td>0</td>
<td>com.rf.test.website.LSD.LSDTests@72c8e7b</td></tr>
<tr>
<td title='com.rf.test.website.LSD.LSDTests.testPendingPCAutoships_3017q_3353q()'><b>testPendingPCAutoships_3017q_3353q</b><br>Test class: com.rf.test.website.LSD.LSDTests</td>
<td></td>
<td>0</td>
<td>com.rf.test.website.LSD.LSDTests@72c8e7b</td></tr>
<tr>
<td title='com.rf.test.website.LSD.LSDTests.testPerformanceSponsorDetails_2534q()'><b>testPerformanceSponsorDetails_2534q</b><br>Test class: com.rf.test.website.LSD.LSDTests</td>
<td></td>
<td>0</td>
<td>com.rf.test.website.LSD.LSDTests@72c8e7b</td></tr>
<tr>
<td title='com.rf.test.website.LSD.LSDTests.testProcessedPCAutoships_3015q_3351q()'><b>testProcessedPCAutoships_3015q_3351q</b><br>Test class: com.rf.test.website.LSD.LSDTests</td>
<td></td>
<td>0</td>
<td>com.rf.test.website.LSD.LSDTests@72c8e7b</td></tr>
<tr>
<td title='com.rf.test.website.LSD.LSDTests.testPulseProAutoshipProcessedInPastForThisMonth_2530q_2529q()'><b>testPulseProAutoshipProcessedInPastForThisMonth_2530q_2529q</b><br>Test class: com.rf.test.website.LSD.LSDTests</td>
<td></td>
<td>0</td>
<td>com.rf.test.website.LSD.LSDTests@72c8e7b</td></tr>
<tr>
<td title='com.rf.test.website.LSD.LSDOrdersTests.testPulseSubscriptionOrderDetailsOnOrderCards_2843q()'><b>testPulseSubscriptionOrderDetailsOnOrderCards_2843q</b><br>Test class: com.rf.test.website.LSD.LSDOrdersTests</td>
<td></td>
<td>0</td>
<td>com.rf.test.website.LSD.LSDOrdersTests@38467116</td></tr>
<tr>
<td title='com.rf.test.website.LSD.LSDTests.testQualificationTitleC_3217q()'><b>testQualificationTitleC_3217q</b><br>Test class: com.rf.test.website.LSD.LSDTests</td>
<td></td>
<td>0</td>
<td>com.rf.test.website.LSD.LSDTests@72c8e7b</td></tr>
<tr>
<td title='com.rf.test.website.LSD.LSDTests.testQualificationTitleEC_3218q()'><b>testQualificationTitleEC_3218q</b><br>Test class: com.rf.test.website.LSD.LSDTests</td>
<td></td>
<td>0</td>
<td>com.rf.test.website.LSD.LSDTests@72c8e7b</td></tr>
<tr>
<td title='com.rf.test.website.LSD.LSDOrdersTests.testRetailAdhocOrderDetailsOnOrderCards_2841q()'><b>testRetailAdhocOrderDetailsOnOrderCards_2841q</b><br>Test class: com.rf.test.website.LSD.LSDOrdersTests</td>
<td></td>
<td>0</td>
<td>com.rf.test.website.LSD.LSDOrdersTests@38467116</td></tr>
<tr>
<td title='com.rf.test.website.LSD.LSDTests.testSVValueFromCard_2634q()'><b>testSVValueFromCard_2634q</b><br>Test class: com.rf.test.website.LSD.LSDTests</td>
<td></td>
<td>0</td>
<td>com.rf.test.website.LSD.LSDTests@72c8e7b</td></tr>
<tr>
<td title='com.rf.test.website.LSD.LSDTests.testSVValue_2394q()'><b>testSVValue_2394q</b><br>Test class: com.rf.test.website.LSD.LSDTests</td>
<td></td>
<td>0</td>
<td>com.rf.test.website.LSD.LSDTests@72c8e7b</td></tr>
<tr>
<td title='com.rf.test.website.LSD.LSDTests.testSolutionToolReportLink_2563q()'><b>testSolutionToolReportLink_2563q</b><br>Test class: com.rf.test.website.LSD.LSDTests</td>
<td></td>
<td>0</td>
<td>com.rf.test.website.LSD.LSDTests@72c8e7b</td></tr>
<tr>
<td title='com.rf.test.website.LSD.LSDCustomerTests.testSortingByQVLowTohigh_3011q()'><b>testSortingByQVLowTohigh_3011q</b><br>Test class: com.rf.test.website.LSD.LSDCustomerTests</td>
<td></td>
<td>0</td>
<td>com.rf.test.website.LSD.LSDCustomerTests@740fb309</td></tr>
<tr>
<td title='com.rf.test.website.LSD.LSDTeamTests.testSortingMenuForNewConsultant_3329q()'><b>testSortingMenuForNewConsultant_3329q</b><br>Test class: com.rf.test.website.LSD.LSDTeamTests</td>
<td></td>
<td>0</td>
<td>com.rf.test.website.LSD.LSDTeamTests@48e1f6c7</td></tr>
<tr>
<td title='com.rf.test.website.LSD.LSDCustomerTests.testSortingMenuForNextMonth_2999q()'><b>testSortingMenuForNextMonth_2999q</b><br>Test class: com.rf.test.website.LSD.LSDCustomerTests</td>
<td></td>
<td>0</td>
<td>com.rf.test.website.LSD.LSDCustomerTests@740fb309</td></tr>
<tr>
<td title='com.rf.test.website.LSD.LSDCustomerTests.testSortingMenuForThisMonth_3000q()'><b>testSortingMenuForThisMonth_3000q</b><br>Test class: com.rf.test.website.LSD.LSDCustomerTests</td>
<td></td>
<td>0</td>
<td>com.rf.test.website.LSD.LSDCustomerTests@740fb309</td></tr>
<tr>
<td title='com.rf.test.website.LSD.LSDTests.testTitleHistoryPage_2479q()'><b>testTitleHistoryPage_2479q</b><br>Test class: com.rf.test.website.LSD.LSDTests</td>
<td></td>
<td>0</td>
<td>com.rf.test.website.LSD.LSDTests@72c8e7b</td></tr>
<tr>
<td title='com.rf.test.website.LSD.LSDCustomerTests.testTotalNumberOfDeactivatedPCs_2985q()'><b>testTotalNumberOfDeactivatedPCs_2985q</b><br>Test class: com.rf.test.website.LSD.LSDCustomerTests</td>
<td></td>
<td>0</td>
<td>com.rf.test.website.LSD.LSDCustomerTests@740fb309</td></tr>
<tr>
<td title='com.rf.test.website.LSD.LSDCustomerTests.testTotalNumberOfNewPCs_3306q()'><b>testTotalNumberOfNewPCs_3306q</b><br>Test class: com.rf.test.website.LSD.LSDCustomerTests</td>
<td></td>
<td>0</td>
<td>com.rf.test.website.LSD.LSDCustomerTests@740fb309</td></tr>
<tr>
<td title='com.rf.test.website.LSD.LSDCustomerTests.testTotalNumberOfPCsNextMonth_3021q()'><b>testTotalNumberOfPCsNextMonth_3021q</b><br>Test class: com.rf.test.website.LSD.LSDCustomerTests</td>
<td></td>
<td>0</td>
<td>com.rf.test.website.LSD.LSDCustomerTests@740fb309</td></tr>
<tr>
<td title='com.rf.test.website.LSD.LSDCustomerTests.testTotalNumberOfPCsThisMonth_3013q()'><b>testTotalNumberOfPCsThisMonth_3013q</b><br>Test class: com.rf.test.website.LSD.LSDCustomerTests</td>
<td></td>
<td>0</td>
<td>com.rf.test.website.LSD.LSDCustomerTests@740fb309</td></tr>
<tr>
<td title='com.rf.test.website.LSD.LSDTests.testUpcomingOrdersPendingAutoships_2531q()'><b>testUpcomingOrdersPendingAutoships_2531q</b><br>Test class: com.rf.test.website.LSD.LSDTests</td>
<td></td>
<td>0</td>
<td>com.rf.test.website.LSD.LSDTests@72c8e7b</td></tr>
<tr>
<td title='com.rf.test.website.LSD.LSDOrdersTests.testVerifyCRPOrderDetailsOnOrderCards_2838q()'><b>testVerifyCRPOrderDetailsOnOrderCards_2838q</b><br>Test class: com.rf.test.website.LSD.LSDOrdersTests</td>
<td></td>
<td>0</td>
<td>com.rf.test.website.LSD.LSDOrdersTests@38467116</td></tr>
<tr>
<td title='com.rf.test.website.LSD.LSDOrdersTests.testVerifyCRPOrderDetailsWithConsultantPersonalOnOrderCards_2855q()'><b>testVerifyCRPOrderDetailsWithConsultantPersonalOnOrderCards_2855q</b><br>Test class: com.rf.test.website.LSD.LSDOrdersTests</td>
<td></td>
<td>0</td>
<td>com.rf.test.website.LSD.LSDOrdersTests@38467116</td></tr>
<tr>
<td title='com.rf.test.website.LSD.LSDOrdersTests.testVerifyOrderReceiptForFailedPCOrders_3430q()'><b>testVerifyOrderReceiptForFailedPCOrders_3430q</b><br>Test class: com.rf.test.website.LSD.LSDOrdersTests</td>
<td></td>
<td>0</td>
<td>com.rf.test.website.LSD.LSDOrdersTests@38467116</td></tr>
<tr>
<td title='com.rf.test.website.LSD.LSDOrdersTests.testVerifyOrderReceiptForProcessedPersonalAdhocOrders_3425q()'><b>testVerifyOrderReceiptForProcessedPersonalAdhocOrders_3425q</b><br>Test class: com.rf.test.website.LSD.LSDOrdersTests</td>
<td></td>
<td>0</td>
<td>com.rf.test.website.LSD.LSDOrdersTests@38467116</td></tr>
<tr>
<td title='com.rf.test.website.LSD.LSDTests.testVerifyRFLinkForLevelECIVOrMore_2956q()'><b>testVerifyRFLinkForLevelECIVOrMore_2956q</b><br>Test class: com.rf.test.website.LSD.LSDTests</td>
<td></td>
<td>0</td>
<td>com.rf.test.website.LSD.LSDTests@72c8e7b</td></tr>
<tr>
<td title='com.rf.test.website.LSD.LSDTests.testVerifyRFLinkForPaidAsTitleLevelECIIIOrLess_3103q()'><b>testVerifyRFLinkForPaidAsTitleLevelECIIIOrLess_3103q</b><br>Test class: com.rf.test.website.LSD.LSDTests</td>
<td></td>
<td>0</td>
<td>com.rf.test.website.LSD.LSDTests@72c8e7b</td></tr>
<tr>
<td title='com.rf.test.website.LSD.LSDTests.testViewPastOrderDetails_2895q()'><b>testViewPastOrderDetails_2895q</b><br>Test class: com.rf.test.website.LSD.LSDTests</td>
<td></td>
<td>0</td>
<td>com.rf.test.website.LSD.LSDTests@72c8e7b</td></tr>
<tr>
<td title='com.rf.test.website.LSD.LSDTests.testVitalSignsPageNavigation_2560q()'><b>testVitalSignsPageNavigation_2560q</b><br>Test class: com.rf.test.website.LSD.LSDTests</td>
<td></td>
<td>0</td>
<td>com.rf.test.website.LSD.LSDTests@72c8e7b</td></tr>
</table><p>
</body>
</html>