<?xml version="1.0" encoding="UTF-8"?>
<!-- Generated by org.testng.reporters.JUnitXMLReporter -->
<testsuite hostname="LD-4V2P3G2" name="pulseRegressionTest" tests="83" failures="6" timestamp="22 Mar 2018 04:24:37 GMT" time="526.464" errors="0">
  <testcase name="@AfterClass afterClass" time="0.0" classname="com.rf.test.website.LSD.LSDLinkTests">
    <failure type="org.openqa.selenium.NoSuchElementException" message="no such element: Unable to locate element: {&amp;quot;method&amp;quot;:&amp;quot;xpath&amp;quot;,&amp;quot;selector&amp;quot;:&amp;quot;//div[@id=&amp;apos;rf-nav-wrapper&amp;apos;]/descendant::span[text()=&amp;apos;Pulse&amp;apos;][1]&amp;quot;}
  (Session info: chrome=64.0.3282.186)
  (Driver info: chromedriver=2.36.540470 (e522d04694c7ebea4ba8821272dbef4f9b818c91),platform=Windows NT 10.0.10586 x86_64) (WARNING: The server did not provide any stacktrace information)
Command duration or timeout: 0 milliseconds
For documentation on this error, please visit: http://seleniumhq.org/exceptions/no_such_element.html
Build info: version: &amp;apos;3.7.1&amp;apos;, revision: &amp;apos;8a0099a&amp;apos;, time: &amp;apos;2017-11-06T21:01:39.354Z&amp;apos;
System info: host: &amp;apos;LD-4V2P3G2&amp;apos;, ip: &amp;apos;192.168.121.186&amp;apos;, os.name: &amp;apos;Windows 10&amp;apos;, os.arch: &amp;apos;amd64&amp;apos;, os.version: &amp;apos;10.0&amp;apos;, java.version: &amp;apos;1.8.0_161&amp;apos;
Driver info: org.openqa.selenium.chrome.ChromeDriver
Capabilities {acceptInsecureCerts: false, acceptSslCerts: false, applicationCacheEnabled: false, browserConnectionEnabled: false, browserName: chrome, chrome: {chromedriverVersion: 2.36.540470 (e522d04694c7eb..., userDataDir: C:\Users\BPKOTA~1\AppData\L...}, cssSelectorsEnabled: true, databaseEnabled: false, handlesAlerts: true, hasTouchScreen: false, javascriptEnabled: true, locationContextEnabled: true, mobileEmulationEnabled: false, nativeEvents: true, networkConnectionEnabled: false, pageLoadStrategy: normal, platform: XP, platformName: XP, rotatable: false, setWindowRect: true, takesHeapSnapshot: true, takesScreenshot: true, unexpectedAlertBehaviour: , unhandledPromptBehavior: , version: 64.0.3282.186, webStorageEnabled: true}
Session ID: 4b47a338086ec4b6220409c09d8f96ca
*** Element info: {Using=xpath, value=//div[@id=&amp;apos;rf-nav-wrapper&amp;apos;]/descendant::span[text()=&amp;apos;Pulse&amp;apos;][1]}">
      <![CDATA[org.openqa.selenium.NoSuchElementException: no such element: Unable to locate element: {"method":"xpath","selector":"//div[@id='rf-nav-wrapper']/descendant::span[text()='Pulse'][1]"}
  (Session info: chrome=64.0.3282.186)
  (Driver info: chromedriver=2.36.540470 (e522d04694c7ebea4ba8821272dbef4f9b818c91),platform=Windows NT 10.0.10586 x86_64) (WARNING: The server did not provide any stacktrace information)
Command duration or timeout: 0 milliseconds
For documentation on this error, please visit: http://seleniumhq.org/exceptions/no_such_element.html
Build info: version: '3.7.1', revision: '8a0099a', time: '2017-11-06T21:01:39.354Z'
System info: host: 'LD-4V2P3G2', ip: '192.168.121.186', os.name: 'Windows 10', os.arch: 'amd64', os.version: '10.0', java.version: '1.8.0_161'
Driver info: org.openqa.selenium.chrome.ChromeDriver
Capabilities {acceptInsecureCerts: false, acceptSslCerts: false, applicationCacheEnabled: false, browserConnectionEnabled: false, browserName: chrome, chrome: {chromedriverVersion: 2.36.540470 (e522d04694c7eb..., userDataDir: C:\Users\BPKOTA~1\AppData\L...}, cssSelectorsEnabled: true, databaseEnabled: false, handlesAlerts: true, hasTouchScreen: false, javascriptEnabled: true, locationContextEnabled: true, mobileEmulationEnabled: false, nativeEvents: true, networkConnectionEnabled: false, pageLoadStrategy: normal, platform: XP, platformName: XP, rotatable: false, setWindowRect: true, takesHeapSnapshot: true, takesScreenshot: true, unexpectedAlertBehaviour: , unhandledPromptBehavior: , version: 64.0.3282.186, webStorageEnabled: true}
Session ID: 4b47a338086ec4b6220409c09d8f96ca
*** Element info: {Using=xpath, value=//div[@id='rf-nav-wrapper']/descendant::span[text()='Pulse'][1]}
	at org.openqa.selenium.remote.ErrorHandler.createThrowable(ErrorHandler.java:214)
	at org.openqa.selenium.remote.ErrorHandler.throwIfResponseFailed(ErrorHandler.java:166)
	at org.openqa.selenium.remote.http.JsonHttpResponseCodec.reconstructValue(JsonHttpResponseCodec.java:40)
	at org.openqa.selenium.remote.http.AbstractHttpResponseCodec.decode(AbstractHttpResponseCodec.java:80)
	at org.openqa.selenium.remote.http.AbstractHttpResponseCodec.decode(AbstractHttpResponseCodec.java:44)
	at org.openqa.selenium.remote.HttpCommandExecutor.execute(HttpCommandExecutor.java:164)
	at org.openqa.selenium.remote.service.DriverCommandExecutor.execute(DriverCommandExecutor.java:83)
	at org.openqa.selenium.remote.RemoteWebDriver.execute(RemoteWebDriver.java:600)
	at org.openqa.selenium.remote.RemoteWebDriver.findElement(RemoteWebDriver.java:370)
	at org.openqa.selenium.remote.RemoteWebDriver.findElementByXPath(RemoteWebDriver.java:472)
	at org.openqa.selenium.By$ByXPath.findElement(By.java:361)
	at org.openqa.selenium.remote.RemoteWebDriver.findElement(RemoteWebDriver.java:362)
	at com.rf.core.driver.website.RFWebsiteDriver.findElement(RFWebsiteDriver.java:860)
	at com.rf.core.driver.website.RFWebsiteDriver.click(RFWebsiteDriver.java:764)
	at com.rf.pages.website.LSD.LSDRFWebsiteBasePage.clickLogout(LSDRFWebsiteBasePage.java:161)
	at com.rf.test.website.RFLSDWebsiteBaseTest.afterClass(RFLSDWebsiteBaseTest.java:245)
... Removed 28 stack frames]]>
    </failure>
  </testcase> <!-- @AfterClass afterClass -->
  <testcase name="@BeforeClass beforeClass" time="0.0" classname="com.rf.test.website.LSD.LSDTests">
    <skipped/>
  </testcase> <!-- @BeforeClass beforeClass -->
  <testcase name="@BeforeMethod initiateSoftAssertObject" time="0.0" classname="com.rf.test.website.LSD.LSDTests">
    <skipped/>
  </testcase> <!-- @BeforeMethod initiateSoftAssertObject -->
  <testcase name="@AfterMethod tearDownAfterMethod" time="0.0" classname="com.rf.test.website.LSD.LSDTests">
    <skipped/>
  </testcase> <!-- @AfterMethod tearDownAfterMethod -->
  <testcase name="@BeforeMethod initiateSoftAssertObject" time="0.0" classname="com.rf.test.website.LSD.LSDTests">
    <skipped/>
  </testcase> <!-- @BeforeMethod initiateSoftAssertObject -->
  <testcase name="@AfterMethod tearDownAfterMethod" time="0.0" classname="com.rf.test.website.LSD.LSDTests">
    <skipped/>
  </testcase> <!-- @AfterMethod tearDownAfterMethod -->
  <testcase name="@BeforeMethod initiateSoftAssertObject" time="0.0" classname="com.rf.test.website.LSD.LSDTests">
    <skipped/>
  </testcase> <!-- @BeforeMethod initiateSoftAssertObject -->
  <testcase name="@AfterMethod tearDownAfterMethod" time="0.0" classname="com.rf.test.website.LSD.LSDTests">
    <skipped/>
  </testcase> <!-- @AfterMethod tearDownAfterMethod -->
  <testcase name="@BeforeMethod initiateSoftAssertObject" time="0.0" classname="com.rf.test.website.LSD.LSDTests">
    <skipped/>
  </testcase> <!-- @BeforeMethod initiateSoftAssertObject -->
  <testcase name="@AfterMethod tearDownAfterMethod" time="0.0" classname="com.rf.test.website.LSD.LSDTests">
    <skipped/>
  </testcase> <!-- @AfterMethod tearDownAfterMethod -->
  <testcase name="@BeforeMethod initiateSoftAssertObject" time="0.0" classname="com.rf.test.website.LSD.LSDTests">
    <skipped/>
  </testcase> <!-- @BeforeMethod initiateSoftAssertObject -->
  <testcase name="@AfterMethod tearDownAfterMethod" time="0.0" classname="com.rf.test.website.LSD.LSDTests">
    <skipped/>
  </testcase> <!-- @AfterMethod tearDownAfterMethod -->
  <testcase name="@BeforeMethod initiateSoftAssertObject" time="0.0" classname="com.rf.test.website.LSD.LSDTests">
    <skipped/>
  </testcase> <!-- @BeforeMethod initiateSoftAssertObject -->
  <testcase name="@AfterMethod tearDownAfterMethod" time="0.0" classname="com.rf.test.website.LSD.LSDTests">
    <skipped/>
  </testcase> <!-- @AfterMethod tearDownAfterMethod -->
  <testcase name="@BeforeMethod initiateSoftAssertObject" time="0.0" classname="com.rf.test.website.LSD.LSDTests">
    <skipped/>
  </testcase> <!-- @BeforeMethod initiateSoftAssertObject -->
  <testcase name="@AfterMethod tearDownAfterMethod" time="0.0" classname="com.rf.test.website.LSD.LSDTests">
    <skipped/>
  </testcase> <!-- @AfterMethod tearDownAfterMethod -->
  <testcase name="@BeforeMethod initiateSoftAssertObject" time="0.0" classname="com.rf.test.website.LSD.LSDTests">
    <skipped/>
  </testcase> <!-- @BeforeMethod initiateSoftAssertObject -->
  <testcase name="@AfterMethod tearDownAfterMethod" time="0.0" classname="com.rf.test.website.LSD.LSDTests">
    <skipped/>
  </testcase> <!-- @AfterMethod tearDownAfterMethod -->
  <testcase name="@BeforeMethod initiateSoftAssertObject" time="0.0" classname="com.rf.test.website.LSD.LSDTests">
    <skipped/>
  </testcase> <!-- @BeforeMethod initiateSoftAssertObject -->
  <testcase name="@AfterMethod tearDownAfterMethod" time="0.0" classname="com.rf.test.website.LSD.LSDTests">
    <skipped/>
  </testcase> <!-- @AfterMethod tearDownAfterMethod -->
  <testcase name="@BeforeMethod initiateSoftAssertObject" time="0.0" classname="com.rf.test.website.LSD.LSDTests">
    <skipped/>
  </testcase> <!-- @BeforeMethod initiateSoftAssertObject -->
  <testcase name="@AfterMethod tearDownAfterMethod" time="0.0" classname="com.rf.test.website.LSD.LSDTests">
    <skipped/>
  </testcase> <!-- @AfterMethod tearDownAfterMethod -->
  <testcase name="@BeforeMethod initiateSoftAssertObject" time="0.0" classname="com.rf.test.website.LSD.LSDTests">
    <skipped/>
  </testcase> <!-- @BeforeMethod initiateSoftAssertObject -->
  <testcase name="@AfterMethod tearDownAfterMethod" time="0.0" classname="com.rf.test.website.LSD.LSDTests">
    <skipped/>
  </testcase> <!-- @AfterMethod tearDownAfterMethod -->
  <testcase name="@BeforeMethod initiateSoftAssertObject" time="0.0" classname="com.rf.test.website.LSD.LSDTests">
    <skipped/>
  </testcase> <!-- @BeforeMethod initiateSoftAssertObject -->
  <testcase name="@AfterMethod tearDownAfterMethod" time="0.0" classname="com.rf.test.website.LSD.LSDTests">
    <skipped/>
  </testcase> <!-- @AfterMethod tearDownAfterMethod -->
  <testcase name="@BeforeMethod initiateSoftAssertObject" time="0.0" classname="com.rf.test.website.LSD.LSDTests">
    <skipped/>
  </testcase> <!-- @BeforeMethod initiateSoftAssertObject -->
  <testcase name="@AfterMethod tearDownAfterMethod" time="0.0" classname="com.rf.test.website.LSD.LSDTests">
    <skipped/>
  </testcase> <!-- @AfterMethod tearDownAfterMethod -->
  <testcase name="@BeforeMethod initiateSoftAssertObject" time="0.0" classname="com.rf.test.website.LSD.LSDTests">
    <skipped/>
  </testcase> <!-- @BeforeMethod initiateSoftAssertObject -->
  <testcase name="@AfterMethod tearDownAfterMethod" time="0.0" classname="com.rf.test.website.LSD.LSDTests">
    <skipped/>
  </testcase> <!-- @AfterMethod tearDownAfterMethod -->
  <testcase name="@BeforeMethod initiateSoftAssertObject" time="0.0" classname="com.rf.test.website.LSD.LSDTests">
    <skipped/>
  </testcase> <!-- @BeforeMethod initiateSoftAssertObject -->
  <testcase name="@AfterMethod tearDownAfterMethod" time="0.0" classname="com.rf.test.website.LSD.LSDTests">
    <skipped/>
  </testcase> <!-- @AfterMethod tearDownAfterMethod -->
  <testcase name="@BeforeMethod initiateSoftAssertObject" time="0.0" classname="com.rf.test.website.LSD.LSDTests">
    <skipped/>
  </testcase> <!-- @BeforeMethod initiateSoftAssertObject -->
  <testcase name="@AfterMethod tearDownAfterMethod" time="0.0" classname="com.rf.test.website.LSD.LSDTests">
    <skipped/>
  </testcase> <!-- @AfterMethod tearDownAfterMethod -->
  <testcase name="@BeforeMethod initiateSoftAssertObject" time="0.0" classname="com.rf.test.website.LSD.LSDTests">
    <skipped/>
  </testcase> <!-- @BeforeMethod initiateSoftAssertObject -->
  <testcase name="@AfterMethod tearDownAfterMethod" time="0.0" classname="com.rf.test.website.LSD.LSDTests">
    <skipped/>
  </testcase> <!-- @AfterMethod tearDownAfterMethod -->
  <testcase name="@BeforeMethod initiateSoftAssertObject" time="0.0" classname="com.rf.test.website.LSD.LSDTests">
    <skipped/>
  </testcase> <!-- @BeforeMethod initiateSoftAssertObject -->
  <testcase name="@AfterMethod tearDownAfterMethod" time="0.0" classname="com.rf.test.website.LSD.LSDTests">
    <skipped/>
  </testcase> <!-- @AfterMethod tearDownAfterMethod -->
  <testcase name="@BeforeMethod initiateSoftAssertObject" time="0.0" classname="com.rf.test.website.LSD.LSDTests">
    <skipped/>
  </testcase> <!-- @BeforeMethod initiateSoftAssertObject -->
  <testcase name="@AfterMethod tearDownAfterMethod" time="0.0" classname="com.rf.test.website.LSD.LSDTests">
    <skipped/>
  </testcase> <!-- @AfterMethod tearDownAfterMethod -->
  <testcase name="@BeforeMethod initiateSoftAssertObject" time="0.0" classname="com.rf.test.website.LSD.LSDTests">
    <skipped/>
  </testcase> <!-- @BeforeMethod initiateSoftAssertObject -->
  <testcase name="@AfterMethod tearDownAfterMethod" time="0.0" classname="com.rf.test.website.LSD.LSDTests">
    <skipped/>
  </testcase> <!-- @AfterMethod tearDownAfterMethod -->
  <testcase name="@BeforeMethod initiateSoftAssertObject" time="0.0" classname="com.rf.test.website.LSD.LSDTests">
    <skipped/>
  </testcase> <!-- @BeforeMethod initiateSoftAssertObject -->
  <testcase name="@AfterMethod tearDownAfterMethod" time="0.0" classname="com.rf.test.website.LSD.LSDTests">
    <skipped/>
  </testcase> <!-- @AfterMethod tearDownAfterMethod -->
  <testcase name="@BeforeMethod initiateSoftAssertObject" time="0.0" classname="com.rf.test.website.LSD.LSDTests">
    <skipped/>
  </testcase> <!-- @BeforeMethod initiateSoftAssertObject -->
  <testcase name="@AfterMethod tearDownAfterMethod" time="0.0" classname="com.rf.test.website.LSD.LSDTests">
    <skipped/>
  </testcase> <!-- @AfterMethod tearDownAfterMethod -->
  <testcase name="@BeforeMethod initiateSoftAssertObject" time="0.0" classname="com.rf.test.website.LSD.LSDTests">
    <skipped/>
  </testcase> <!-- @BeforeMethod initiateSoftAssertObject -->
  <testcase name="@AfterMethod tearDownAfterMethod" time="0.0" classname="com.rf.test.website.LSD.LSDTests">
    <skipped/>
  </testcase> <!-- @AfterMethod tearDownAfterMethod -->
  <testcase name="@BeforeMethod initiateSoftAssertObject" time="0.0" classname="com.rf.test.website.LSD.LSDTests">
    <skipped/>
  </testcase> <!-- @BeforeMethod initiateSoftAssertObject -->
  <testcase name="@AfterMethod tearDownAfterMethod" time="0.0" classname="com.rf.test.website.LSD.LSDTests">
    <skipped/>
  </testcase> <!-- @AfterMethod tearDownAfterMethod -->
  <testcase name="@BeforeMethod initiateSoftAssertObject" time="0.0" classname="com.rf.test.website.LSD.LSDTests">
    <skipped/>
  </testcase> <!-- @BeforeMethod initiateSoftAssertObject -->
  <testcase name="@AfterMethod tearDownAfterMethod" time="0.0" classname="com.rf.test.website.LSD.LSDTests">
    <skipped/>
  </testcase> <!-- @AfterMethod tearDownAfterMethod -->
  <testcase name="@BeforeMethod initiateSoftAssertObject" time="0.0" classname="com.rf.test.website.LSD.LSDTests">
    <skipped/>
  </testcase> <!-- @BeforeMethod initiateSoftAssertObject -->
  <testcase name="@AfterMethod tearDownAfterMethod" time="0.0" classname="com.rf.test.website.LSD.LSDTests">
    <skipped/>
  </testcase> <!-- @AfterMethod tearDownAfterMethod -->
  <testcase name="@BeforeMethod initiateSoftAssertObject" time="0.0" classname="com.rf.test.website.LSD.LSDTests">
    <skipped/>
  </testcase> <!-- @BeforeMethod initiateSoftAssertObject -->
  <testcase name="@AfterMethod tearDownAfterMethod" time="0.0" classname="com.rf.test.website.LSD.LSDTests">
    <skipped/>
  </testcase> <!-- @AfterMethod tearDownAfterMethod -->
  <testcase name="@BeforeMethod initiateSoftAssertObject" time="0.0" classname="com.rf.test.website.LSD.LSDTests">
    <skipped/>
  </testcase> <!-- @BeforeMethod initiateSoftAssertObject -->
  <testcase name="@AfterMethod tearDownAfterMethod" time="0.0" classname="com.rf.test.website.LSD.LSDTests">
    <skipped/>
  </testcase> <!-- @AfterMethod tearDownAfterMethod -->
  <testcase name="@BeforeMethod initiateSoftAssertObject" time="0.0" classname="com.rf.test.website.LSD.LSDTests">
    <skipped/>
  </testcase> <!-- @BeforeMethod initiateSoftAssertObject -->
  <testcase name="@AfterMethod tearDownAfterMethod" time="0.0" classname="com.rf.test.website.LSD.LSDTests">
    <skipped/>
  </testcase> <!-- @AfterMethod tearDownAfterMethod -->
  <testcase name="@BeforeMethod initiateSoftAssertObject" time="0.0" classname="com.rf.test.website.LSD.LSDTests">
    <skipped/>
  </testcase> <!-- @BeforeMethod initiateSoftAssertObject -->
  <testcase name="@AfterMethod tearDownAfterMethod" time="0.0" classname="com.rf.test.website.LSD.LSDTests">
    <skipped/>
  </testcase> <!-- @AfterMethod tearDownAfterMethod -->
  <testcase name="@BeforeMethod initiateSoftAssertObject" time="0.0" classname="com.rf.test.website.LSD.LSDTests">
    <skipped/>
  </testcase> <!-- @BeforeMethod initiateSoftAssertObject -->
  <testcase name="@AfterMethod tearDownAfterMethod" time="0.0" classname="com.rf.test.website.LSD.LSDTests">
    <skipped/>
  </testcase> <!-- @AfterMethod tearDownAfterMethod -->
  <testcase name="@BeforeMethod initiateSoftAssertObject" time="0.0" classname="com.rf.test.website.LSD.LSDTests">
    <skipped/>
  </testcase> <!-- @BeforeMethod initiateSoftAssertObject -->
  <testcase name="@AfterMethod tearDownAfterMethod" time="0.0" classname="com.rf.test.website.LSD.LSDTests">
    <skipped/>
  </testcase> <!-- @AfterMethod tearDownAfterMethod -->
  <testcase name="@BeforeMethod initiateSoftAssertObject" time="0.0" classname="com.rf.test.website.LSD.LSDTests">
    <skipped/>
  </testcase> <!-- @BeforeMethod initiateSoftAssertObject -->
  <testcase name="@AfterMethod tearDownAfterMethod" time="0.0" classname="com.rf.test.website.LSD.LSDTests">
    <skipped/>
  </testcase> <!-- @AfterMethod tearDownAfterMethod -->
  <testcase name="@BeforeMethod initiateSoftAssertObject" time="0.0" classname="com.rf.test.website.LSD.LSDTests">
    <skipped/>
  </testcase> <!-- @BeforeMethod initiateSoftAssertObject -->
  <testcase name="@AfterMethod tearDownAfterMethod" time="0.0" classname="com.rf.test.website.LSD.LSDTests">
    <skipped/>
  </testcase> <!-- @AfterMethod tearDownAfterMethod -->
  <testcase name="@BeforeMethod initiateSoftAssertObject" time="0.0" classname="com.rf.test.website.LSD.LSDTests">
    <skipped/>
  </testcase> <!-- @BeforeMethod initiateSoftAssertObject -->
  <testcase name="@AfterMethod tearDownAfterMethod" time="0.0" classname="com.rf.test.website.LSD.LSDTests">
    <skipped/>
  </testcase> <!-- @AfterMethod tearDownAfterMethod -->
  <testcase name="@BeforeMethod initiateSoftAssertObject" time="0.0" classname="com.rf.test.website.LSD.LSDTests">
    <skipped/>
  </testcase> <!-- @BeforeMethod initiateSoftAssertObject -->
  <testcase name="@AfterMethod tearDownAfterMethod" time="0.0" classname="com.rf.test.website.LSD.LSDTests">
    <skipped/>
  </testcase> <!-- @AfterMethod tearDownAfterMethod -->
  <testcase name="@BeforeMethod initiateSoftAssertObject" time="0.0" classname="com.rf.test.website.LSD.LSDTests">
    <skipped/>
  </testcase> <!-- @BeforeMethod initiateSoftAssertObject -->
  <testcase name="@AfterMethod tearDownAfterMethod" time="0.0" classname="com.rf.test.website.LSD.LSDTests">
    <skipped/>
  </testcase> <!-- @AfterMethod tearDownAfterMethod -->
  <testcase name="@BeforeMethod initiateSoftAssertObject" time="0.0" classname="com.rf.test.website.LSD.LSDTests">
    <skipped/>
  </testcase> <!-- @BeforeMethod initiateSoftAssertObject -->
  <testcase name="@AfterMethod tearDownAfterMethod" time="0.0" classname="com.rf.test.website.LSD.LSDTests">
    <skipped/>
  </testcase> <!-- @AfterMethod tearDownAfterMethod -->
  <testcase name="@BeforeMethod initiateSoftAssertObject" time="0.0" classname="com.rf.test.website.LSD.LSDTests">
    <skipped/>
  </testcase> <!-- @BeforeMethod initiateSoftAssertObject -->
  <testcase name="@AfterMethod tearDownAfterMethod" time="0.0" classname="com.rf.test.website.LSD.LSDTests">
    <skipped/>
  </testcase> <!-- @AfterMethod tearDownAfterMethod -->
  <testcase name="@BeforeMethod initiateSoftAssertObject" time="0.0" classname="com.rf.test.website.LSD.LSDTests">
    <skipped/>
  </testcase> <!-- @BeforeMethod initiateSoftAssertObject -->
  <testcase name="@AfterMethod tearDownAfterMethod" time="0.0" classname="com.rf.test.website.LSD.LSDTests">
    <skipped/>
  </testcase> <!-- @AfterMethod tearDownAfterMethod -->
  <testcase name="@BeforeMethod initiateSoftAssertObject" time="0.0" classname="com.rf.test.website.LSD.LSDTests">
    <skipped/>
  </testcase> <!-- @BeforeMethod initiateSoftAssertObject -->
  <testcase name="@AfterMethod tearDownAfterMethod" time="0.0" classname="com.rf.test.website.LSD.LSDTests">
    <skipped/>
  </testcase> <!-- @AfterMethod tearDownAfterMethod -->
  <testcase name="@BeforeMethod initiateSoftAssertObject" time="0.0" classname="com.rf.test.website.LSD.LSDTests">
    <skipped/>
  </testcase> <!-- @BeforeMethod initiateSoftAssertObject -->
  <testcase name="@AfterMethod tearDownAfterMethod" time="0.0" classname="com.rf.test.website.LSD.LSDTests">
    <skipped/>
  </testcase> <!-- @AfterMethod tearDownAfterMethod -->
  <testcase name="@BeforeMethod initiateSoftAssertObject" time="0.0" classname="com.rf.test.website.LSD.LSDTests">
    <skipped/>
  </testcase> <!-- @BeforeMethod initiateSoftAssertObject -->
  <testcase name="@AfterMethod tearDownAfterMethod" time="0.0" classname="com.rf.test.website.LSD.LSDTests">
    <skipped/>
  </testcase> <!-- @AfterMethod tearDownAfterMethod -->
  <testcase name="@BeforeMethod initiateSoftAssertObject" time="0.0" classname="com.rf.test.website.LSD.LSDTests">
    <skipped/>
  </testcase> <!-- @BeforeMethod initiateSoftAssertObject -->
  <testcase name="@AfterMethod tearDownAfterMethod" time="0.0" classname="com.rf.test.website.LSD.LSDTests">
    <skipped/>
  </testcase> <!-- @AfterMethod tearDownAfterMethod -->
  <testcase name="@AfterClass afterClass" time="0.0" classname="com.rf.test.website.LSD.LSDTests">
    <skipped/>
  </testcase> <!-- @AfterClass afterClass -->
  <testcase name="@BeforeClass beforeClass" time="0.0" classname="com.rf.test.website.LSD.LSDCustomerTests">
    <skipped/>
  </testcase> <!-- @BeforeClass beforeClass -->
  <testcase name="@BeforeMethod initiateSoftAssertObject" time="0.0" classname="com.rf.test.website.LSD.LSDCustomerTests">
    <skipped/>
  </testcase> <!-- @BeforeMethod initiateSoftAssertObject -->
  <testcase name="@AfterMethod tearDownAfterMethod" time="0.0" classname="com.rf.test.website.LSD.LSDCustomerTests">
    <skipped/>
  </testcase> <!-- @AfterMethod tearDownAfterMethod -->
  <testcase name="@BeforeMethod initiateSoftAssertObject" time="0.0" classname="com.rf.test.website.LSD.LSDCustomerTests">
    <skipped/>
  </testcase> <!-- @BeforeMethod initiateSoftAssertObject -->
  <testcase name="@AfterMethod tearDownAfterMethod" time="0.0" classname="com.rf.test.website.LSD.LSDCustomerTests">
    <skipped/>
  </testcase> <!-- @AfterMethod tearDownAfterMethod -->
  <testcase name="@BeforeMethod initiateSoftAssertObject" time="0.0" classname="com.rf.test.website.LSD.LSDCustomerTests">
    <skipped/>
  </testcase> <!-- @BeforeMethod initiateSoftAssertObject -->
  <testcase name="@AfterMethod tearDownAfterMethod" time="0.0" classname="com.rf.test.website.LSD.LSDCustomerTests">
    <skipped/>
  </testcase> <!-- @AfterMethod tearDownAfterMethod -->
  <testcase name="@BeforeMethod initiateSoftAssertObject" time="0.0" classname="com.rf.test.website.LSD.LSDCustomerTests">
    <skipped/>
  </testcase> <!-- @BeforeMethod initiateSoftAssertObject -->
  <testcase name="@AfterMethod tearDownAfterMethod" time="0.0" classname="com.rf.test.website.LSD.LSDCustomerTests">
    <skipped/>
  </testcase> <!-- @AfterMethod tearDownAfterMethod -->
  <testcase name="@BeforeMethod initiateSoftAssertObject" time="0.0" classname="com.rf.test.website.LSD.LSDCustomerTests">
    <skipped/>
  </testcase> <!-- @BeforeMethod initiateSoftAssertObject -->
  <testcase name="@AfterMethod tearDownAfterMethod" time="0.0" classname="com.rf.test.website.LSD.LSDCustomerTests">
    <skipped/>
  </testcase> <!-- @AfterMethod tearDownAfterMethod -->
  <testcase name="@BeforeMethod initiateSoftAssertObject" time="0.0" classname="com.rf.test.website.LSD.LSDCustomerTests">
    <skipped/>
  </testcase> <!-- @BeforeMethod initiateSoftAssertObject -->
  <testcase name="@AfterMethod tearDownAfterMethod" time="0.0" classname="com.rf.test.website.LSD.LSDCustomerTests">
    <skipped/>
  </testcase> <!-- @AfterMethod tearDownAfterMethod -->
  <testcase name="@BeforeMethod initiateSoftAssertObject" time="0.0" classname="com.rf.test.website.LSD.LSDCustomerTests">
    <skipped/>
  </testcase> <!-- @BeforeMethod initiateSoftAssertObject -->
  <testcase name="@AfterMethod tearDownAfterMethod" time="0.0" classname="com.rf.test.website.LSD.LSDCustomerTests">
    <skipped/>
  </testcase> <!-- @AfterMethod tearDownAfterMethod -->
  <testcase name="@BeforeMethod initiateSoftAssertObject" time="0.0" classname="com.rf.test.website.LSD.LSDCustomerTests">
    <skipped/>
  </testcase> <!-- @BeforeMethod initiateSoftAssertObject -->
  <testcase name="@AfterMethod tearDownAfterMethod" time="0.0" classname="com.rf.test.website.LSD.LSDCustomerTests">
    <skipped/>
  </testcase> <!-- @AfterMethod tearDownAfterMethod -->
  <testcase name="@BeforeMethod initiateSoftAssertObject" time="0.0" classname="com.rf.test.website.LSD.LSDCustomerTests">
    <skipped/>
  </testcase> <!-- @BeforeMethod initiateSoftAssertObject -->
  <testcase name="@AfterMethod tearDownAfterMethod" time="0.0" classname="com.rf.test.website.LSD.LSDCustomerTests">
    <skipped/>
  </testcase> <!-- @AfterMethod tearDownAfterMethod -->
  <testcase name="@AfterClass afterClass" time="0.0" classname="com.rf.test.website.LSD.LSDCustomerTests">
    <skipped/>
  </testcase> <!-- @AfterClass afterClass -->
  <testcase name="@BeforeClass beforeClass" time="0.0" classname="com.rf.test.website.LSD.LSDOrdersTests">
    <skipped/>
  </testcase> <!-- @BeforeClass beforeClass -->
  <testcase name="@BeforeMethod initiateSoftAssertObject" time="0.0" classname="com.rf.test.website.LSD.LSDOrdersTests">
    <skipped/>
  </testcase> <!-- @BeforeMethod initiateSoftAssertObject -->
  <testcase name="@AfterMethod tearDownAfterMethod" time="0.0" classname="com.rf.test.website.LSD.LSDOrdersTests">
    <skipped/>
  </testcase> <!-- @AfterMethod tearDownAfterMethod -->
  <testcase name="@BeforeMethod initiateSoftAssertObject" time="0.0" classname="com.rf.test.website.LSD.LSDOrdersTests">
    <skipped/>
  </testcase> <!-- @BeforeMethod initiateSoftAssertObject -->
  <testcase name="@AfterMethod tearDownAfterMethod" time="0.0" classname="com.rf.test.website.LSD.LSDOrdersTests">
    <skipped/>
  </testcase> <!-- @AfterMethod tearDownAfterMethod -->
  <testcase name="@BeforeMethod initiateSoftAssertObject" time="0.0" classname="com.rf.test.website.LSD.LSDOrdersTests">
    <skipped/>
  </testcase> <!-- @BeforeMethod initiateSoftAssertObject -->
  <testcase name="@AfterMethod tearDownAfterMethod" time="0.0" classname="com.rf.test.website.LSD.LSDOrdersTests">
    <skipped/>
  </testcase> <!-- @AfterMethod tearDownAfterMethod -->
  <testcase name="@BeforeMethod initiateSoftAssertObject" time="0.0" classname="com.rf.test.website.LSD.LSDOrdersTests">
    <skipped/>
  </testcase> <!-- @BeforeMethod initiateSoftAssertObject -->
  <testcase name="@AfterMethod tearDownAfterMethod" time="0.0" classname="com.rf.test.website.LSD.LSDOrdersTests">
    <skipped/>
  </testcase> <!-- @AfterMethod tearDownAfterMethod -->
  <testcase name="@BeforeMethod initiateSoftAssertObject" time="0.0" classname="com.rf.test.website.LSD.LSDOrdersTests">
    <skipped/>
  </testcase> <!-- @BeforeMethod initiateSoftAssertObject -->
  <testcase name="@AfterMethod tearDownAfterMethod" time="0.0" classname="com.rf.test.website.LSD.LSDOrdersTests">
    <skipped/>
  </testcase> <!-- @AfterMethod tearDownAfterMethod -->
  <testcase name="@BeforeMethod initiateSoftAssertObject" time="0.0" classname="com.rf.test.website.LSD.LSDOrdersTests">
    <skipped/>
  </testcase> <!-- @BeforeMethod initiateSoftAssertObject -->
  <testcase name="@AfterMethod tearDownAfterMethod" time="0.0" classname="com.rf.test.website.LSD.LSDOrdersTests">
    <skipped/>
  </testcase> <!-- @AfterMethod tearDownAfterMethod -->
  <testcase name="@BeforeMethod initiateSoftAssertObject" time="0.0" classname="com.rf.test.website.LSD.LSDOrdersTests">
    <skipped/>
  </testcase> <!-- @BeforeMethod initiateSoftAssertObject -->
  <testcase name="@AfterMethod tearDownAfterMethod" time="0.0" classname="com.rf.test.website.LSD.LSDOrdersTests">
    <skipped/>
  </testcase> <!-- @AfterMethod tearDownAfterMethod -->
  <testcase name="@BeforeMethod initiateSoftAssertObject" time="0.0" classname="com.rf.test.website.LSD.LSDOrdersTests">
    <skipped/>
  </testcase> <!-- @BeforeMethod initiateSoftAssertObject -->
  <testcase name="@AfterMethod tearDownAfterMethod" time="0.0" classname="com.rf.test.website.LSD.LSDOrdersTests">
    <skipped/>
  </testcase> <!-- @AfterMethod tearDownAfterMethod -->
  <testcase name="@BeforeMethod initiateSoftAssertObject" time="0.0" classname="com.rf.test.website.LSD.LSDOrdersTests">
    <skipped/>
  </testcase> <!-- @BeforeMethod initiateSoftAssertObject -->
  <testcase name="@AfterMethod tearDownAfterMethod" time="0.0" classname="com.rf.test.website.LSD.LSDOrdersTests">
    <skipped/>
  </testcase> <!-- @AfterMethod tearDownAfterMethod -->
  <testcase name="@BeforeMethod initiateSoftAssertObject" time="0.0" classname="com.rf.test.website.LSD.LSDOrdersTests">
    <skipped/>
  </testcase> <!-- @BeforeMethod initiateSoftAssertObject -->
  <testcase name="@AfterMethod tearDownAfterMethod" time="0.0" classname="com.rf.test.website.LSD.LSDOrdersTests">
    <skipped/>
  </testcase> <!-- @AfterMethod tearDownAfterMethod -->
  <testcase name="@BeforeMethod initiateSoftAssertObject" time="0.0" classname="com.rf.test.website.LSD.LSDOrdersTests">
    <skipped/>
  </testcase> <!-- @BeforeMethod initiateSoftAssertObject -->
  <testcase name="@AfterMethod tearDownAfterMethod" time="0.0" classname="com.rf.test.website.LSD.LSDOrdersTests">
    <skipped/>
  </testcase> <!-- @AfterMethod tearDownAfterMethod -->
  <testcase name="@AfterClass afterLSDOrderLogout" time="0.0" classname="com.rf.test.website.LSD.LSDOrdersTests">
    <skipped/>
  </testcase> <!-- @AfterClass afterLSDOrderLogout -->
  <testcase name="@AfterClass afterClass" time="0.0" classname="com.rf.test.website.LSD.LSDOrdersTests">
    <skipped/>
  </testcase> <!-- @AfterClass afterClass -->
  <testcase name="@BeforeClass beforeClass" time="0.0" classname="com.rf.test.website.LSD.LSDTeamTests">
    <skipped/>
  </testcase> <!-- @BeforeClass beforeClass -->
  <testcase name="@BeforeMethod initiateSoftAssertObject" time="0.0" classname="com.rf.test.website.LSD.LSDTeamTests">
    <skipped/>
  </testcase> <!-- @BeforeMethod initiateSoftAssertObject -->
  <testcase name="@AfterMethod tearDownAfterMethod" time="0.0" classname="com.rf.test.website.LSD.LSDTeamTests">
    <skipped/>
  </testcase> <!-- @AfterMethod tearDownAfterMethod -->
  <testcase name="@AfterClass afterLSDTeamLogout" time="0.0" classname="com.rf.test.website.LSD.LSDTeamTests">
    <skipped/>
  </testcase> <!-- @AfterClass afterLSDTeamLogout -->
  <testcase name="@AfterClass afterClass" time="0.0" classname="com.rf.test.website.LSD.LSDTeamTests">
    <skipped/>
  </testcase> <!-- @AfterClass afterClass -->
  <testcase name="testLoginFailed_2628q" time="127.76" classname="com.rf.test.website.LSD.LoginTests">
    <failure type="org.openqa.selenium.WebDriverException" message="unknown error: keys should be a string
  (Session info: chrome=64.0.3282.186)
  (Driver info: chromedriver=2.36.540470 (e522d04694c7ebea4ba8821272dbef4f9b818c91),platform=Windows NT 10.0.10586 x86_64) (WARNING: The server did not provide any stacktrace information)
Command duration or timeout: 0 milliseconds
Build info: version: &amp;apos;3.7.1&amp;apos;, revision: &amp;apos;8a0099a&amp;apos;, time: &amp;apos;2017-11-06T21:01:39.354Z&amp;apos;
System info: host: &amp;apos;LD-4V2P3G2&amp;apos;, ip: &amp;apos;192.168.121.186&amp;apos;, os.name: &amp;apos;Windows 10&amp;apos;, os.arch: &amp;apos;amd64&amp;apos;, os.version: &amp;apos;10.0&amp;apos;, java.version: &amp;apos;1.8.0_161&amp;apos;
Driver info: org.openqa.selenium.chrome.ChromeDriver
Capabilities {acceptInsecureCerts: false, acceptSslCerts: false, applicationCacheEnabled: false, browserConnectionEnabled: false, browserName: chrome, chrome: {chromedriverVersion: 2.36.540470 (e522d04694c7eb..., userDataDir: C:\Users\BPKOTA~1\AppData\L...}, cssSelectorsEnabled: true, databaseEnabled: false, handlesAlerts: true, hasTouchScreen: false, javascriptEnabled: true, locationContextEnabled: true, mobileEmulationEnabled: false, nativeEvents: true, networkConnectionEnabled: false, pageLoadStrategy: normal, platform: XP, platformName: XP, rotatable: false, setWindowRect: true, takesHeapSnapshot: true, takesScreenshot: true, unexpectedAlertBehaviour: , unhandledPromptBehavior: , version: 64.0.3282.186, webStorageEnabled: true}
Session ID: 4b47a338086ec4b6220409c09d8f96ca">
      <![CDATA[org.openqa.selenium.WebDriverException: unknown error: keys should be a string
  (Session info: chrome=64.0.3282.186)
  (Driver info: chromedriver=2.36.540470 (e522d04694c7ebea4ba8821272dbef4f9b818c91),platform=Windows NT 10.0.10586 x86_64) (WARNING: The server did not provide any stacktrace information)
Command duration or timeout: 0 milliseconds
Build info: version: '3.7.1', revision: '8a0099a', time: '2017-11-06T21:01:39.354Z'
System info: host: 'LD-4V2P3G2', ip: '192.168.121.186', os.name: 'Windows 10', os.arch: 'amd64', os.version: '10.0', java.version: '1.8.0_161'
Driver info: org.openqa.selenium.chrome.ChromeDriver
Capabilities {acceptInsecureCerts: false, acceptSslCerts: false, applicationCacheEnabled: false, browserConnectionEnabled: false, browserName: chrome, chrome: {chromedriverVersion: 2.36.540470 (e522d04694c7eb..., userDataDir: C:\Users\BPKOTA~1\AppData\L...}, cssSelectorsEnabled: true, databaseEnabled: false, handlesAlerts: true, hasTouchScreen: false, javascriptEnabled: true, locationContextEnabled: true, mobileEmulationEnabled: false, nativeEvents: true, networkConnectionEnabled: false, pageLoadStrategy: normal, platform: XP, platformName: XP, rotatable: false, setWindowRect: true, takesHeapSnapshot: true, takesScreenshot: true, unexpectedAlertBehaviour: , unhandledPromptBehavior: , version: 64.0.3282.186, webStorageEnabled: true}
Session ID: 4b47a338086ec4b6220409c09d8f96ca
	at org.openqa.selenium.remote.ErrorHandler.createThrowable(ErrorHandler.java:214)
	at org.openqa.selenium.remote.ErrorHandler.throwIfResponseFailed(ErrorHandler.java:166)
	at org.openqa.selenium.remote.http.JsonHttpResponseCodec.reconstructValue(JsonHttpResponseCodec.java:40)
	at org.openqa.selenium.remote.http.AbstractHttpResponseCodec.decode(AbstractHttpResponseCodec.java:80)
	at org.openqa.selenium.remote.http.AbstractHttpResponseCodec.decode(AbstractHttpResponseCodec.java:44)
	at org.openqa.selenium.remote.HttpCommandExecutor.execute(HttpCommandExecutor.java:164)
	at org.openqa.selenium.remote.service.DriverCommandExecutor.execute(DriverCommandExecutor.java:83)
	at org.openqa.selenium.remote.RemoteWebDriver.execute(RemoteWebDriver.java:600)
	at org.openqa.selenium.remote.RemoteWebElement.execute(RemoteWebElement.java:279)
	at org.openqa.selenium.remote.RemoteWebElement.sendKeys(RemoteWebElement.java:100)
	at com.rf.core.driver.website.RFWebsiteDriver.type(RFWebsiteDriver.java:834)
	at com.rf.core.driver.website.RFWebsiteDriver.type(RFWebsiteDriver.java:808)
	at com.rf.pages.website.LSD.LSDLoginPage.enterUsername(LSDLoginPage.java:44)
	at com.rf.pages.website.LSD.LSDLoginPage.pulseLogin(LSDLoginPage.java:111)
	at com.rf.test.website.LSD.LoginTests.testLoginFailed_2628q(LoginTests.java:51)
... Removed 28 stack frames]]>
    </failure>
  </testcase> <!-- testLoginFailed_2628q -->
  <testcase name="testTextAboveUsernameAndPassword_3412q" time="5.75" classname="com.rf.test.website.LSD.LoginTests"/>
  <testcase name="testConsultantCardComponents_2876q" time="39.108" classname="com.rf.test.website.LSD.LSDLinkTests">
    <failure type="org.openqa.selenium.NoSuchElementException" message="no such element: Unable to locate element: {&amp;quot;method&amp;quot;:&amp;quot;xpath&amp;quot;,&amp;quot;selector&amp;quot;:&amp;quot;//div[@class=&amp;apos;consultants row&amp;apos;]/descendant::section[contains(@id,&amp;apos;team-card&amp;apos;)][1]//a//div[1]//span[1]&amp;quot;}
  (Session info: chrome=64.0.3282.186)
  (Driver info: chromedriver=2.36.540470 (e522d04694c7ebea4ba8821272dbef4f9b818c91),platform=Windows NT 10.0.10586 x86_64) (WARNING: The server did not provide any stacktrace information)
Command duration or timeout: 0 milliseconds
For documentation on this error, please visit: http://seleniumhq.org/exceptions/no_such_element.html
Build info: version: &amp;apos;3.7.1&amp;apos;, revision: &amp;apos;8a0099a&amp;apos;, time: &amp;apos;2017-11-06T21:01:39.354Z&amp;apos;
System info: host: &amp;apos;LD-4V2P3G2&amp;apos;, ip: &amp;apos;192.168.121.186&amp;apos;, os.name: &amp;apos;Windows 10&amp;apos;, os.arch: &amp;apos;amd64&amp;apos;, os.version: &amp;apos;10.0&amp;apos;, java.version: &amp;apos;1.8.0_161&amp;apos;
Driver info: org.openqa.selenium.chrome.ChromeDriver
Capabilities {acceptInsecureCerts: false, acceptSslCerts: false, applicationCacheEnabled: false, browserConnectionEnabled: false, browserName: chrome, chrome: {chromedriverVersion: 2.36.540470 (e522d04694c7eb..., userDataDir: C:\Users\BPKOTA~1\AppData\L...}, cssSelectorsEnabled: true, databaseEnabled: false, handlesAlerts: true, hasTouchScreen: false, javascriptEnabled: true, locationContextEnabled: true, mobileEmulationEnabled: false, nativeEvents: true, networkConnectionEnabled: false, pageLoadStrategy: normal, platform: XP, platformName: XP, rotatable: false, setWindowRect: true, takesHeapSnapshot: true, takesScreenshot: true, unexpectedAlertBehaviour: , unhandledPromptBehavior: , version: 64.0.3282.186, webStorageEnabled: true}
Session ID: 4b47a338086ec4b6220409c09d8f96ca
*** Element info: {Using=xpath, value=//div[@class=&amp;apos;consultants row&amp;apos;]/descendant::section[contains(@id,&amp;apos;team-card&amp;apos;)][1]//a//div[1]//span[1]}">
      <![CDATA[org.openqa.selenium.NoSuchElementException: no such element: Unable to locate element: {"method":"xpath","selector":"//div[@class='consultants row']/descendant::section[contains(@id,'team-card')][1]//a//div[1]//span[1]"}
  (Session info: chrome=64.0.3282.186)
  (Driver info: chromedriver=2.36.540470 (e522d04694c7ebea4ba8821272dbef4f9b818c91),platform=Windows NT 10.0.10586 x86_64) (WARNING: The server did not provide any stacktrace information)
Command duration or timeout: 0 milliseconds
For documentation on this error, please visit: http://seleniumhq.org/exceptions/no_such_element.html
Build info: version: '3.7.1', revision: '8a0099a', time: '2017-11-06T21:01:39.354Z'
System info: host: 'LD-4V2P3G2', ip: '192.168.121.186', os.name: 'Windows 10', os.arch: 'amd64', os.version: '10.0', java.version: '1.8.0_161'
Driver info: org.openqa.selenium.chrome.ChromeDriver
Capabilities {acceptInsecureCerts: false, acceptSslCerts: false, applicationCacheEnabled: false, browserConnectionEnabled: false, browserName: chrome, chrome: {chromedriverVersion: 2.36.540470 (e522d04694c7eb..., userDataDir: C:\Users\BPKOTA~1\AppData\L...}, cssSelectorsEnabled: true, databaseEnabled: false, handlesAlerts: true, hasTouchScreen: false, javascriptEnabled: true, locationContextEnabled: true, mobileEmulationEnabled: false, nativeEvents: true, networkConnectionEnabled: false, pageLoadStrategy: normal, platform: XP, platformName: XP, rotatable: false, setWindowRect: true, takesHeapSnapshot: true, takesScreenshot: true, unexpectedAlertBehaviour: , unhandledPromptBehavior: , version: 64.0.3282.186, webStorageEnabled: true}
Session ID: 4b47a338086ec4b6220409c09d8f96ca
*** Element info: {Using=xpath, value=//div[@class='consultants row']/descendant::section[contains(@id,'team-card')][1]//a//div[1]//span[1]}
	at org.openqa.selenium.remote.ErrorHandler.createThrowable(ErrorHandler.java:214)
	at org.openqa.selenium.remote.ErrorHandler.throwIfResponseFailed(ErrorHandler.java:166)
	at org.openqa.selenium.remote.http.JsonHttpResponseCodec.reconstructValue(JsonHttpResponseCodec.java:40)
	at org.openqa.selenium.remote.http.AbstractHttpResponseCodec.decode(AbstractHttpResponseCodec.java:80)
	at org.openqa.selenium.remote.http.AbstractHttpResponseCodec.decode(AbstractHttpResponseCodec.java:44)
	at org.openqa.selenium.remote.HttpCommandExecutor.execute(HttpCommandExecutor.java:164)
	at org.openqa.selenium.remote.service.DriverCommandExecutor.execute(DriverCommandExecutor.java:83)
	at org.openqa.selenium.remote.RemoteWebDriver.execute(RemoteWebDriver.java:600)
	at org.openqa.selenium.remote.RemoteWebDriver.findElement(RemoteWebDriver.java:370)
	at org.openqa.selenium.remote.RemoteWebDriver.findElementByXPath(RemoteWebDriver.java:472)
	at org.openqa.selenium.By$ByXPath.findElement(By.java:361)
	at org.openqa.selenium.remote.RemoteWebDriver.findElement(RemoteWebDriver.java:362)
	at com.rf.core.driver.website.RFWebsiteDriver.findElement(RFWebsiteDriver.java:860)
	at com.rf.core.driver.website.RFWebsiteDriver.getText(RFWebsiteDriver.java:935)
	at com.rf.pages.website.LSD.LSDHomePage.isFirstAndLastNamePresentAtConsultantCardUnderTeam(LSDHomePage.java:724)
	at com.rf.test.website.LSD.LSDLinkTests.testConsultantCardComponents_2876q(LSDLinkTests.java:224)
... Removed 28 stack frames]]>
    </failure>
  </testcase> <!-- testConsultantCardComponents_2876q -->
  <testcase name="testFAQNavigation_2953q" time="4.322" classname="com.rf.test.website.LSD.LSDLinkTests"/>
  <testcase name="testMainMenuLinks_2631q" time="23.538" classname="com.rf.test.website.LSD.LSDLinkTests"/>
  <testcase name="testSortingMenuForAreGettingThere_3331q" time="17.366" classname="com.rf.test.website.LSD.LSDLinkTests">
    <failure type="java.lang.AssertionError" message="1.Physical level: High to Low is not visible at filters page

 1.Physical level: Low to High is not visible at filters page
">
      <![CDATA[java.lang.AssertionError: 1.Physical level: High to Low is not visible at filters page

 1.Physical level: Low to High is not visible at filters page

	at com.rf.core.utils.SoftAssert.assertAll(SoftAssert.java:56)
	at com.rf.test.website.LSD.LSDLinkTests.testSortingMenuForAreGettingThere_3331q(LSDLinkTests.java:390)
... Removed 24 stack frames]]>
    </failure>
  </testcase> <!-- testSortingMenuForAreGettingThere_3331q -->
  <testcase name="testSortingMenuForMayNotPromote_3332q" time="17.471" classname="com.rf.test.website.LSD.LSDLinkTests">
    <failure type="java.lang.AssertionError" message="1.Physical level: Low to High is not visible at filters page

 1.Physical level: High to Low is not visible at filters page
">
      <![CDATA[java.lang.AssertionError: 1.Physical level: Low to High is not visible at filters page

 1.Physical level: High to Low is not visible at filters page

	at com.rf.core.utils.SoftAssert.assertAll(SoftAssert.java:56)
	at com.rf.test.website.LSD.LSDLinkTests.testSortingMenuForMayNotPromote_3332q(LSDLinkTests.java:436)
... Removed 24 stack frames]]>
    </failure>
  </testcase> <!-- testSortingMenuForMayNotPromote_3332q -->
  <testcase name="testSortingMenuForViewAllConsultants_3328q" time="17.475" classname="com.rf.test.website.LSD.LSDLinkTests">
    <failure type="java.lang.AssertionError" message="1.Physical level: Low to High is not visible at filters page

 1.Physical level: High to Low is not visible at filters page
">
      <![CDATA[java.lang.AssertionError: 1.Physical level: Low to High is not visible at filters page

 1.Physical level: High to Low is not visible at filters page

	at com.rf.core.utils.SoftAssert.assertAll(SoftAssert.java:56)
	at com.rf.test.website.LSD.LSDLinkTests.testSortingMenuForViewAllConsultants_3328q(LSDLinkTests.java:481)
... Removed 24 stack frames]]>
    </failure>
  </testcase> <!-- testSortingMenuForViewAllConsultants_3328q -->
  <testcase name="testVerifyTabsWith6Level_3238q" time="31.773" classname="com.rf.test.website.LSD.LSDLinkTests"/>
  <testcase name="testVerifyLeadTheWayLink_1455q" time="17.918" classname="com.rf.test.website.LSD.LSDLinkTests">
    <failure type="java.lang.AssertionError" message="1.Current URL : https://sfm-prd-okt-w01.rf.local/IWA/ does not contains randfjourney
">
      <![CDATA[java.lang.AssertionError: 1.Current URL : https://sfm-prd-okt-w01.rf.local/IWA/ does not contains randfjourney

	at com.rf.core.utils.SoftAssert.assertAll(SoftAssert.java:56)
	at com.rf.test.website.LSD.LSDLinkTests.testVerifyLeadTheWayLink_1455q(LSDLinkTests.java:28)
... Removed 24 stack frames]]>
    </failure>
  </testcase> <!-- testVerifyLeadTheWayLink_1455q -->
  <testcase name="testVerifyRFConnectionLink_1456q" time="6.366" classname="com.rf.test.website.LSD.LSDLinkTests"/>
  <testcase name="testVerifyRFJourneyLink_1457q" time="6.377" classname="com.rf.test.website.LSD.LSDLinkTests"/>
  <testcase name="testVerifyRFMallLink_1458q" time="6.307" classname="com.rf.test.website.LSD.LSDLinkTests"/>
  <testcase name="testVerifyRFPaydayLink_1459q" time="6.275" classname="com.rf.test.website.LSD.LSDLinkTests"/>
  <testcase name="testVerifyLinkCommsCorner_1447q" time="6.282" classname="com.rf.test.website.LSD.LSDLinkTests"/>
  <testcase name="testVerifyLinkConsultantLEDEvents_1448" time="7.3" classname="com.rf.test.website.LSD.LSDLinkTests"/>
  <testcase name="testVerifyLinkCorporateEvents_1449q" time="7.824" classname="com.rf.test.website.LSD.LSDLinkTests"/>
  <testcase name="testVerifyLinkGettingStarted_1450q" time="6.776" classname="com.rf.test.website.LSD.LSDLinkTests"/>
  <testcase name="test2InitialIcon_2547q" time="0.006" classname="com.rf.test.website.LSD.LSDTests">
    <skipped/>
  </testcase> <!-- test2InitialIcon_2547q -->
  <testcase name="testCRPAutoshipProcessedInPastForThismonth_2522q" time="0.002" classname="com.rf.test.website.LSD.LSDTests">
    <skipped/>
  </testcase> <!-- testCRPAutoshipProcessedInPastForThismonth_2522q -->
  <testcase name="testColorOfPSQVValueAndPSQVRingEqualsTo0_2470q" time="0.002" classname="com.rf.test.website.LSD.LSDTests">
    <skipped/>
  </testcase> <!-- testColorOfPSQVValueAndPSQVRingEqualsTo0_2470q -->
  <testcase name="testColorOfPSQVValueAndPSQVRingGreaterThan600_3128q" time="0.002" classname="com.rf.test.website.LSD.LSDTests">
    <skipped/>
  </testcase> <!-- testColorOfPSQVValueAndPSQVRingGreaterThan600_3128q -->
  <testcase name="testColorOfPSQVValueAndPSQVRingLessThan600_3127q" time="0.002" classname="com.rf.test.website.LSD.LSDTests">
    <skipped/>
  </testcase> <!-- testColorOfPSQVValueAndPSQVRingLessThan600_3127q -->
  <testcase name="testColorOfSVValueAndSVRingForEqualsTo0_2469q" time="0.001" classname="com.rf.test.website.LSD.LSDTests">
    <skipped/>
  </testcase> <!-- testColorOfSVValueAndSVRingForEqualsTo0_2469q -->
  <testcase name="testColorOfSVValueAndSVRingGreaterThan100_3125q" time="0.002" classname="com.rf.test.website.LSD.LSDTests">
    <skipped/>
  </testcase> <!-- testColorOfSVValueAndSVRingGreaterThan100_3125q -->
  <testcase name="testColorOfSVValueAndSVRingLessThan100_3126q" time="0.002" classname="com.rf.test.website.LSD.LSDTests">
    <skipped/>
  </testcase> <!-- testColorOfSVValueAndSVRingLessThan100_3126q -->
  <testcase name="testConsultantOverviewDetails_2420q" time="0.002" classname="com.rf.test.website.LSD.LSDTests">
    <skipped/>
  </testcase> <!-- testConsultantOverviewDetails_2420q -->
  <testcase name="testConsultantsOnMyLevel1Value_2539q" time="0.004" classname="com.rf.test.website.LSD.LSDTests">
    <skipped/>
  </testcase> <!-- testConsultantsOnMyLevel1Value_2539q -->
  <testcase name="testCurrentProgressEstSVValue_2467q" time="0.002" classname="com.rf.test.website.LSD.LSDTests">
    <skipped/>
  </testcase> <!-- testCurrentProgressEstSVValue_2467q -->
  <testcase name="testDeactivatedPCCardDetails_2988q" time="0.001" classname="com.rf.test.website.LSD.LSDTests">
    <skipped/>
  </testcase> <!-- testDeactivatedPCCardDetails_2988q -->
  <testcase name="testDownlineReportLink_2561q" time="0.001" classname="com.rf.test.website.LSD.LSDTests">
    <skipped/>
  </testcase> <!-- testDownlineReportLink_2561q -->
  <testcase name="testECLegsValue_2476q" time="0.002" classname="com.rf.test.website.LSD.LSDTests">
    <skipped/>
  </testcase> <!-- testECLegsValue_2476q -->
  <testcase name="testEarningsStatementsReportLink_2562q" time="0.011" classname="com.rf.test.website.LSD.LSDTests">
    <skipped/>
  </testcase> <!-- testEarningsStatementsReportLink_2562q -->
  <testcase name="testEnrollmentDate_2545q_2626q" time="0.006" classname="com.rf.test.website.LSD.LSDTests">
    <skipped/>
  </testcase> <!-- testEnrollmentDate_2545q_2626q -->
  <testcase name="testEnrollmentSponsor_2535q" time="0.002" classname="com.rf.test.website.LSD.LSDTests">
    <skipped/>
  </testcase> <!-- testEnrollmentSponsor_2535q -->
  <testcase name="testEstPSQVValue_2468q" time="0.003" classname="com.rf.test.website.LSD.LSDTests">
    <skipped/>
  </testcase> <!-- testEstPSQVValue_2468q -->
  <testcase name="testFullNameFromCard_2634q" time="0.001" classname="com.rf.test.website.LSD.LSDTests">
    <skipped/>
  </testcase> <!-- testFullNameFromCard_2634q -->
  <testcase name="testGreetingAndFirstName_2546q" time="0.001" classname="com.rf.test.website.LSD.LSDTests">
    <skipped/>
  </testcase> <!-- testGreetingAndFirstName_2546q -->
  <testcase name="testL1L2QualifyingVolumeValue_2418q" time="0.001" classname="com.rf.test.website.LSD.LSDTests">
    <skipped/>
  </testcase> <!-- testL1L2QualifyingVolumeValue_2418q -->
  <testcase name="testL1L2QualifyingVolumeValue_2541q" time="0.002" classname="com.rf.test.website.LSD.LSDTests">
    <skipped/>
  </testcase> <!-- testL1L2QualifyingVolumeValue_2541q -->
  <testcase name="testL1L6QualifyingVolumeValue_2419q" time="0.002" classname="com.rf.test.website.LSD.LSDTests">
    <skipped/>
  </testcase> <!-- testL1L6QualifyingVolumeValue_2419q -->
  <testcase name="testL1L6QualifyingVolumeValue_2542q" time="0.003" classname="com.rf.test.website.LSD.LSDTests">
    <skipped/>
  </testcase> <!-- testL1L6QualifyingVolumeValue_2542q -->
  <testcase name="testPCAutoshipsThisMonthValue_2537q" time="0.002" classname="com.rf.test.website.LSD.LSDTests">
    <skipped/>
  </testcase> <!-- testPCAutoshipsThisMonthValue_2537q -->
  <testcase name="testPCWithOrdersValue_2536q" time="0.001" classname="com.rf.test.website.LSD.LSDTests">
    <skipped/>
  </testcase> <!-- testPCWithOrdersValue_2536q -->
  <testcase name="testPSQVValueFromCard_2635q" time="0.002" classname="com.rf.test.website.LSD.LSDTests">
    <skipped/>
  </testcase> <!-- testPSQVValueFromCard_2635q -->
  <testcase name="testPSQVValue_2395q" time="0.002" classname="com.rf.test.website.LSD.LSDTests">
    <skipped/>
  </testcase> <!-- testPSQVValue_2395q -->
  <testcase name="testPendingPCAutoships_3017q" time="0.002" classname="com.rf.test.website.LSD.LSDTests">
    <skipped/>
  </testcase> <!-- testPendingPCAutoships_3017q -->
  <testcase name="testPendingPCAutoships_3017q_3353q" time="0.001" classname="com.rf.test.website.LSD.LSDTests">
    <skipped/>
  </testcase> <!-- testPendingPCAutoships_3017q_3353q -->
  <testcase name="testPerformanceSponsorDetails_2534q" time="0.002" classname="com.rf.test.website.LSD.LSDTests">
    <skipped/>
  </testcase> <!-- testPerformanceSponsorDetails_2534q -->
  <testcase name="testProcessedPCAutoships_3015q_3351q" time="0.003" classname="com.rf.test.website.LSD.LSDTests">
    <skipped/>
  </testcase> <!-- testProcessedPCAutoships_3015q_3351q -->
  <testcase name="testPulseProAutoshipProcessedInPastForThisMonth_2530q_2529q" time="0.002" classname="com.rf.test.website.LSD.LSDTests">
    <skipped/>
  </testcase> <!-- testPulseProAutoshipProcessedInPastForThisMonth_2530q_2529q -->
  <testcase name="testQualificationTitleC_3217q" time="0.002" classname="com.rf.test.website.LSD.LSDTests">
    <skipped/>
  </testcase> <!-- testQualificationTitleC_3217q -->
  <testcase name="testQualificationTitleEC_3218q" time="0.002" classname="com.rf.test.website.LSD.LSDTests">
    <skipped/>
  </testcase> <!-- testQualificationTitleEC_3218q -->
  <testcase name="testSVValueFromCard_2634q" time="0.003" classname="com.rf.test.website.LSD.LSDTests">
    <skipped/>
  </testcase> <!-- testSVValueFromCard_2634q -->
  <testcase name="testSVValue_2394q" time="0.004" classname="com.rf.test.website.LSD.LSDTests">
    <skipped/>
  </testcase> <!-- testSVValue_2394q -->
  <testcase name="testSolutionToolReportLink_2563q" time="0.001" classname="com.rf.test.website.LSD.LSDTests">
    <skipped/>
  </testcase> <!-- testSolutionToolReportLink_2563q -->
  <testcase name="testTitleHistoryPage_2479q" time="0.002" classname="com.rf.test.website.LSD.LSDTests">
    <skipped/>
  </testcase> <!-- testTitleHistoryPage_2479q -->
  <testcase name="testUpcomingOrdersPendingAutoships_2531q" time="0.002" classname="com.rf.test.website.LSD.LSDTests">
    <skipped/>
  </testcase> <!-- testUpcomingOrdersPendingAutoships_2531q -->
  <testcase name="testVerifyRFLinkForLevelECIVOrMore_2956q" time="0.001" classname="com.rf.test.website.LSD.LSDTests">
    <skipped/>
  </testcase> <!-- testVerifyRFLinkForLevelECIVOrMore_2956q -->
  <testcase name="testVerifyRFLinkForPaidAsTitleLevelECIIIOrLess_3103q" time="0.003" classname="com.rf.test.website.LSD.LSDTests">
    <skipped/>
  </testcase> <!-- testVerifyRFLinkForPaidAsTitleLevelECIIIOrLess_3103q -->
  <testcase name="testViewPastOrderDetails_2895q" time="0.002" classname="com.rf.test.website.LSD.LSDTests">
    <skipped/>
  </testcase> <!-- testViewPastOrderDetails_2895q -->
  <testcase name="testVitalSignsPageNavigation_2560q" time="0.002" classname="com.rf.test.website.LSD.LSDTests">
    <skipped/>
  </testcase> <!-- testVitalSignsPageNavigation_2560q -->
  <testcase name="TotalNumberOfAllPCs_3349q" time="0.001" classname="com.rf.test.website.LSD.LSDCustomerTests">
    <skipped/>
  </testcase> <!-- TotalNumberOfAllPCs_3349q -->
  <testcase name="testPCCardComponents_3240q" time="0.002" classname="com.rf.test.website.LSD.LSDCustomerTests">
    <skipped/>
  </testcase> <!-- testPCCardComponents_3240q -->
  <testcase name="testSortingByQVLowTohigh_3011q" time="0.001" classname="com.rf.test.website.LSD.LSDCustomerTests">
    <skipped/>
  </testcase> <!-- testSortingByQVLowTohigh_3011q -->
  <testcase name="testSortingMenuForNextMonth_2999q" time="0.001" classname="com.rf.test.website.LSD.LSDCustomerTests">
    <skipped/>
  </testcase> <!-- testSortingMenuForNextMonth_2999q -->
  <testcase name="testSortingMenuForThisMonth_3000q" time="0.001" classname="com.rf.test.website.LSD.LSDCustomerTests">
    <skipped/>
  </testcase> <!-- testSortingMenuForThisMonth_3000q -->
  <testcase name="testTotalNumberOfDeactivatedPCs_2985q" time="0.002" classname="com.rf.test.website.LSD.LSDCustomerTests">
    <skipped/>
  </testcase> <!-- testTotalNumberOfDeactivatedPCs_2985q -->
  <testcase name="testTotalNumberOfNewPCs_3306q" time="0.001" classname="com.rf.test.website.LSD.LSDCustomerTests">
    <skipped/>
  </testcase> <!-- testTotalNumberOfNewPCs_3306q -->
  <testcase name="testTotalNumberOfPCsNextMonth_3021q" time="0.001" classname="com.rf.test.website.LSD.LSDCustomerTests">
    <skipped/>
  </testcase> <!-- testTotalNumberOfPCsNextMonth_3021q -->
  <testcase name="testTotalNumberOfPCsThisMonth_3013q" time="0.002" classname="com.rf.test.website.LSD.LSDCustomerTests">
    <skipped/>
  </testcase> <!-- testTotalNumberOfPCsThisMonth_3013q -->
  <testcase name="testConsultantAdhocOrderDetailsOnOrderCards_2848q" time="0.001" classname="com.rf.test.website.LSD.LSDOrdersTests">
    <skipped/>
  </testcase> <!-- testConsultantAdhocOrderDetailsOnOrderCards_2848q -->
  <testcase name="testLoadingOrdersScreen_2821q_2820q" time="0.001" classname="com.rf.test.website.LSD.LSDOrdersTests">
    <skipped/>
  </testcase> <!-- testLoadingOrdersScreen_2821q_2820q -->
  <testcase name="testOrderStatusOrderResultsBasedOnOrderFilter_2835q" time="0.003" classname="com.rf.test.website.LSD.LSDOrdersTests">
    <skipped/>
  </testcase> <!-- testOrderStatusOrderResultsBasedOnOrderFilter_2835q -->
  <testcase name="testOrderTypeOrderResultsBasedOnOrderFilter_2834q" time="0.001" classname="com.rf.test.website.LSD.LSDOrdersTests">
    <skipped/>
  </testcase> <!-- testOrderTypeOrderResultsBasedOnOrderFilter_2834q -->
  <testcase name="testPCAdhocOrderDetailsOnOrderCards_2844q" time="0.001" classname="com.rf.test.website.LSD.LSDOrdersTests">
    <skipped/>
  </testcase> <!-- testPCAdhocOrderDetailsOnOrderCards_2844q -->
  <testcase name="testPulseSubscriptionOrderDetailsOnOrderCards_2843q" time="0.001" classname="com.rf.test.website.LSD.LSDOrdersTests">
    <skipped/>
  </testcase> <!-- testPulseSubscriptionOrderDetailsOnOrderCards_2843q -->
  <testcase name="testRetailAdhocOrderDetailsOnOrderCards_2841q" time="0.0" classname="com.rf.test.website.LSD.LSDOrdersTests">
    <skipped/>
  </testcase> <!-- testRetailAdhocOrderDetailsOnOrderCards_2841q -->
  <testcase name="testVerifyCRPOrderDetailsOnOrderCards_2838q" time="0.001" classname="com.rf.test.website.LSD.LSDOrdersTests">
    <skipped/>
  </testcase> <!-- testVerifyCRPOrderDetailsOnOrderCards_2838q -->
  <testcase name="testVerifyCRPOrderDetailsWithConsultantPersonalOnOrderCards_2855q" time="0.001" classname="com.rf.test.website.LSD.LSDOrdersTests">
    <skipped/>
  </testcase> <!-- testVerifyCRPOrderDetailsWithConsultantPersonalOnOrderCards_2855q -->
  <testcase name="testVerifyOrderReceiptForFailedPCOrders_3430q" time="0.002" classname="com.rf.test.website.LSD.LSDOrdersTests">
    <skipped/>
  </testcase> <!-- testVerifyOrderReceiptForFailedPCOrders_3430q -->
  <testcase name="testVerifyOrderReceiptForProcessedPersonalAdhocOrders_3425q" time="0.001" classname="com.rf.test.website.LSD.LSDOrdersTests">
    <skipped/>
  </testcase> <!-- testVerifyOrderReceiptForProcessedPersonalAdhocOrders_3425q -->
  <testcase name="testSortingMenuForNewConsultant_3329q" time="0.002" classname="com.rf.test.website.LSD.LSDTeamTests">
    <skipped/>
  </testcase> <!-- testSortingMenuForNewConsultant_3329q -->
</testsuite> <!-- pulseRegressionTest -->
