<?xml version="1.0" encoding="UTF-8"?>
<!-- Generated by org.testng.reporters.JUnitXMLReporter -->
<testsuite hostname="LD-4V2P3G2" name="pulseRegressionTest" tests="83" failures="29" timestamp="22 Mar 2018 03:37:27 GMT" time="3139.439" errors="0">
  <testcase name="@BeforeClass beforeClass" time="0.0" classname="com.rf.test.website.LSD.LSDCustomerTests">
    <failure type="org.openqa.selenium.NoSuchElementException" message="no such element: Unable to locate element: {&amp;quot;method&amp;quot;:&amp;quot;id&amp;quot;,&amp;quot;selector&amp;quot;:&amp;quot;username&amp;quot;}
  (Session info: chrome=64.0.3282.186)
  (Driver info: chromedriver=2.36.540470 (e522d04694c7ebea4ba8821272dbef4f9b818c91),platform=Windows NT 10.0.10586 x86_64) (WARNING: The server did not provide any stacktrace information)
Command duration or timeout: 0 milliseconds
For documentation on this error, please visit: http://seleniumhq.org/exceptions/no_such_element.html
Build info: version: &amp;apos;3.7.1&amp;apos;, revision: &amp;apos;8a0099a&amp;apos;, time: &amp;apos;2017-11-06T21:01:39.354Z&amp;apos;
System info: host: &amp;apos;LD-4V2P3G2&amp;apos;, ip: &amp;apos;192.168.121.186&amp;apos;, os.name: &amp;apos;Windows 10&amp;apos;, os.arch: &amp;apos;amd64&amp;apos;, os.version: &amp;apos;10.0&amp;apos;, java.version: &amp;apos;1.8.0_161&amp;apos;
Driver info: org.openqa.selenium.chrome.ChromeDriver
Capabilities {acceptInsecureCerts: false, acceptSslCerts: false, applicationCacheEnabled: false, browserConnectionEnabled: false, browserName: chrome, chrome: {chromedriverVersion: 2.36.540470 (e522d04694c7eb..., userDataDir: C:\Users\BPKOTA~1\AppData\L...}, cssSelectorsEnabled: true, databaseEnabled: false, handlesAlerts: true, hasTouchScreen: false, javascriptEnabled: true, locationContextEnabled: true, mobileEmulationEnabled: false, nativeEvents: true, networkConnectionEnabled: false, pageLoadStrategy: normal, platform: XP, platformName: XP, rotatable: false, setWindowRect: true, takesHeapSnapshot: true, takesScreenshot: true, unexpectedAlertBehaviour: , unhandledPromptBehavior: , version: 64.0.3282.186, webStorageEnabled: true}
Session ID: 2db2bf570d2ec00627462e349eaa6df9
*** Element info: {Using=id, value=username}">
      <![CDATA[org.openqa.selenium.NoSuchElementException: no such element: Unable to locate element: {"method":"id","selector":"username"}
  (Session info: chrome=64.0.3282.186)
  (Driver info: chromedriver=2.36.540470 (e522d04694c7ebea4ba8821272dbef4f9b818c91),platform=Windows NT 10.0.10586 x86_64) (WARNING: The server did not provide any stacktrace information)
Command duration or timeout: 0 milliseconds
For documentation on this error, please visit: http://seleniumhq.org/exceptions/no_such_element.html
Build info: version: '3.7.1', revision: '8a0099a', time: '2017-11-06T21:01:39.354Z'
System info: host: 'LD-4V2P3G2', ip: '192.168.121.186', os.name: 'Windows 10', os.arch: 'amd64', os.version: '10.0', java.version: '1.8.0_161'
Driver info: org.openqa.selenium.chrome.ChromeDriver
Capabilities {acceptInsecureCerts: false, acceptSslCerts: false, applicationCacheEnabled: false, browserConnectionEnabled: false, browserName: chrome, chrome: {chromedriverVersion: 2.36.540470 (e522d04694c7eb..., userDataDir: C:\Users\BPKOTA~1\AppData\L...}, cssSelectorsEnabled: true, databaseEnabled: false, handlesAlerts: true, hasTouchScreen: false, javascriptEnabled: true, locationContextEnabled: true, mobileEmulationEnabled: false, nativeEvents: true, networkConnectionEnabled: false, pageLoadStrategy: normal, platform: XP, platformName: XP, rotatable: false, setWindowRect: true, takesHeapSnapshot: true, takesScreenshot: true, unexpectedAlertBehaviour: , unhandledPromptBehavior: , version: 64.0.3282.186, webStorageEnabled: true}
Session ID: 2db2bf570d2ec00627462e349eaa6df9
*** Element info: {Using=id, value=username}
	at org.openqa.selenium.remote.ErrorHandler.createThrowable(ErrorHandler.java:214)
	at org.openqa.selenium.remote.ErrorHandler.throwIfResponseFailed(ErrorHandler.java:166)
	at org.openqa.selenium.remote.http.JsonHttpResponseCodec.reconstructValue(JsonHttpResponseCodec.java:40)
	at org.openqa.selenium.remote.http.AbstractHttpResponseCodec.decode(AbstractHttpResponseCodec.java:80)
	at org.openqa.selenium.remote.http.AbstractHttpResponseCodec.decode(AbstractHttpResponseCodec.java:44)
	at org.openqa.selenium.remote.HttpCommandExecutor.execute(HttpCommandExecutor.java:164)
	at org.openqa.selenium.remote.service.DriverCommandExecutor.execute(DriverCommandExecutor.java:83)
	at org.openqa.selenium.remote.RemoteWebDriver.execute(RemoteWebDriver.java:600)
	at org.openqa.selenium.remote.RemoteWebDriver.findElement(RemoteWebDriver.java:370)
	at org.openqa.selenium.remote.RemoteWebDriver.findElementById(RemoteWebDriver.java:416)
	at org.openqa.selenium.By$ById.findElement(By.java:218)
	at org.openqa.selenium.remote.RemoteWebDriver.findElement(RemoteWebDriver.java:362)
	at com.rf.core.driver.website.RFWebsiteDriver.findElement(RFWebsiteDriver.java:860)
	at com.rf.core.driver.website.RFWebsiteDriver.type(RFWebsiteDriver.java:834)
	at com.rf.core.driver.website.RFWebsiteDriver.type(RFWebsiteDriver.java:808)
	at com.rf.pages.website.LSD.LSDLoginPage.enterUsername(LSDLoginPage.java:44)
	at com.rf.test.website.RFLSDWebsiteBaseTest.beforeClass(RFLSDWebsiteBaseTest.java:111)
... Removed 28 stack frames]]>
    </failure>
  </testcase> <!-- @BeforeClass beforeClass -->
  <testcase name="@BeforeMethod initiateSoftAssertObject" time="0.0" classname="com.rf.test.website.LSD.LSDCustomerTests">
    <skipped/>
  </testcase> <!-- @BeforeMethod initiateSoftAssertObject -->
  <testcase name="@AfterMethod tearDownAfterMethod" time="0.0" classname="com.rf.test.website.LSD.LSDCustomerTests">
    <skipped/>
  </testcase> <!-- @AfterMethod tearDownAfterMethod -->
  <testcase name="@BeforeMethod initiateSoftAssertObject" time="0.0" classname="com.rf.test.website.LSD.LSDCustomerTests">
    <skipped/>
  </testcase> <!-- @BeforeMethod initiateSoftAssertObject -->
  <testcase name="@AfterMethod tearDownAfterMethod" time="0.0" classname="com.rf.test.website.LSD.LSDCustomerTests">
    <skipped/>
  </testcase> <!-- @AfterMethod tearDownAfterMethod -->
  <testcase name="@BeforeMethod initiateSoftAssertObject" time="0.0" classname="com.rf.test.website.LSD.LSDCustomerTests">
    <skipped/>
  </testcase> <!-- @BeforeMethod initiateSoftAssertObject -->
  <testcase name="@AfterMethod tearDownAfterMethod" time="0.0" classname="com.rf.test.website.LSD.LSDCustomerTests">
    <skipped/>
  </testcase> <!-- @AfterMethod tearDownAfterMethod -->
  <testcase name="@BeforeMethod initiateSoftAssertObject" time="0.0" classname="com.rf.test.website.LSD.LSDCustomerTests">
    <skipped/>
  </testcase> <!-- @BeforeMethod initiateSoftAssertObject -->
  <testcase name="@AfterMethod tearDownAfterMethod" time="0.0" classname="com.rf.test.website.LSD.LSDCustomerTests">
    <skipped/>
  </testcase> <!-- @AfterMethod tearDownAfterMethod -->
  <testcase name="@BeforeMethod initiateSoftAssertObject" time="0.0" classname="com.rf.test.website.LSD.LSDCustomerTests">
    <skipped/>
  </testcase> <!-- @BeforeMethod initiateSoftAssertObject -->
  <testcase name="@AfterMethod tearDownAfterMethod" time="0.0" classname="com.rf.test.website.LSD.LSDCustomerTests">
    <skipped/>
  </testcase> <!-- @AfterMethod tearDownAfterMethod -->
  <testcase name="@BeforeMethod initiateSoftAssertObject" time="0.0" classname="com.rf.test.website.LSD.LSDCustomerTests">
    <skipped/>
  </testcase> <!-- @BeforeMethod initiateSoftAssertObject -->
  <testcase name="@AfterMethod tearDownAfterMethod" time="0.0" classname="com.rf.test.website.LSD.LSDCustomerTests">
    <skipped/>
  </testcase> <!-- @AfterMethod tearDownAfterMethod -->
  <testcase name="@BeforeMethod initiateSoftAssertObject" time="0.0" classname="com.rf.test.website.LSD.LSDCustomerTests">
    <skipped/>
  </testcase> <!-- @BeforeMethod initiateSoftAssertObject -->
  <testcase name="@AfterMethod tearDownAfterMethod" time="0.0" classname="com.rf.test.website.LSD.LSDCustomerTests">
    <skipped/>
  </testcase> <!-- @AfterMethod tearDownAfterMethod -->
  <testcase name="@BeforeMethod initiateSoftAssertObject" time="0.0" classname="com.rf.test.website.LSD.LSDCustomerTests">
    <skipped/>
  </testcase> <!-- @BeforeMethod initiateSoftAssertObject -->
  <testcase name="@AfterMethod tearDownAfterMethod" time="0.0" classname="com.rf.test.website.LSD.LSDCustomerTests">
    <skipped/>
  </testcase> <!-- @AfterMethod tearDownAfterMethod -->
  <testcase name="@BeforeMethod initiateSoftAssertObject" time="0.0" classname="com.rf.test.website.LSD.LSDCustomerTests">
    <skipped/>
  </testcase> <!-- @BeforeMethod initiateSoftAssertObject -->
  <testcase name="@AfterMethod tearDownAfterMethod" time="0.0" classname="com.rf.test.website.LSD.LSDCustomerTests">
    <skipped/>
  </testcase> <!-- @AfterMethod tearDownAfterMethod -->
  <testcase name="@AfterClass afterClass" time="0.0" classname="com.rf.test.website.LSD.LSDCustomerTests">
    <skipped/>
  </testcase> <!-- @AfterClass afterClass -->
  <testcase name="@BeforeClass beforeClass" time="0.0" classname="com.rf.test.website.LSD.LSDOrdersTests">
    <skipped/>
  </testcase> <!-- @BeforeClass beforeClass -->
  <testcase name="@BeforeMethod initiateSoftAssertObject" time="0.0" classname="com.rf.test.website.LSD.LSDOrdersTests">
    <skipped/>
  </testcase> <!-- @BeforeMethod initiateSoftAssertObject -->
  <testcase name="@AfterMethod tearDownAfterMethod" time="0.0" classname="com.rf.test.website.LSD.LSDOrdersTests">
    <skipped/>
  </testcase> <!-- @AfterMethod tearDownAfterMethod -->
  <testcase name="@BeforeMethod initiateSoftAssertObject" time="0.0" classname="com.rf.test.website.LSD.LSDOrdersTests">
    <skipped/>
  </testcase> <!-- @BeforeMethod initiateSoftAssertObject -->
  <testcase name="@AfterMethod tearDownAfterMethod" time="0.0" classname="com.rf.test.website.LSD.LSDOrdersTests">
    <skipped/>
  </testcase> <!-- @AfterMethod tearDownAfterMethod -->
  <testcase name="@BeforeMethod initiateSoftAssertObject" time="0.0" classname="com.rf.test.website.LSD.LSDOrdersTests">
    <skipped/>
  </testcase> <!-- @BeforeMethod initiateSoftAssertObject -->
  <testcase name="@AfterMethod tearDownAfterMethod" time="0.0" classname="com.rf.test.website.LSD.LSDOrdersTests">
    <skipped/>
  </testcase> <!-- @AfterMethod tearDownAfterMethod -->
  <testcase name="@BeforeMethod initiateSoftAssertObject" time="0.0" classname="com.rf.test.website.LSD.LSDOrdersTests">
    <skipped/>
  </testcase> <!-- @BeforeMethod initiateSoftAssertObject -->
  <testcase name="@AfterMethod tearDownAfterMethod" time="0.0" classname="com.rf.test.website.LSD.LSDOrdersTests">
    <skipped/>
  </testcase> <!-- @AfterMethod tearDownAfterMethod -->
  <testcase name="@BeforeMethod initiateSoftAssertObject" time="0.0" classname="com.rf.test.website.LSD.LSDOrdersTests">
    <skipped/>
  </testcase> <!-- @BeforeMethod initiateSoftAssertObject -->
  <testcase name="@AfterMethod tearDownAfterMethod" time="0.0" classname="com.rf.test.website.LSD.LSDOrdersTests">
    <skipped/>
  </testcase> <!-- @AfterMethod tearDownAfterMethod -->
  <testcase name="@BeforeMethod initiateSoftAssertObject" time="0.0" classname="com.rf.test.website.LSD.LSDOrdersTests">
    <skipped/>
  </testcase> <!-- @BeforeMethod initiateSoftAssertObject -->
  <testcase name="@AfterMethod tearDownAfterMethod" time="0.0" classname="com.rf.test.website.LSD.LSDOrdersTests">
    <skipped/>
  </testcase> <!-- @AfterMethod tearDownAfterMethod -->
  <testcase name="@BeforeMethod initiateSoftAssertObject" time="0.0" classname="com.rf.test.website.LSD.LSDOrdersTests">
    <skipped/>
  </testcase> <!-- @BeforeMethod initiateSoftAssertObject -->
  <testcase name="@AfterMethod tearDownAfterMethod" time="0.0" classname="com.rf.test.website.LSD.LSDOrdersTests">
    <skipped/>
  </testcase> <!-- @AfterMethod tearDownAfterMethod -->
  <testcase name="@BeforeMethod initiateSoftAssertObject" time="0.0" classname="com.rf.test.website.LSD.LSDOrdersTests">
    <skipped/>
  </testcase> <!-- @BeforeMethod initiateSoftAssertObject -->
  <testcase name="@AfterMethod tearDownAfterMethod" time="0.0" classname="com.rf.test.website.LSD.LSDOrdersTests">
    <skipped/>
  </testcase> <!-- @AfterMethod tearDownAfterMethod -->
  <testcase name="@BeforeMethod initiateSoftAssertObject" time="0.0" classname="com.rf.test.website.LSD.LSDOrdersTests">
    <skipped/>
  </testcase> <!-- @BeforeMethod initiateSoftAssertObject -->
  <testcase name="@AfterMethod tearDownAfterMethod" time="0.0" classname="com.rf.test.website.LSD.LSDOrdersTests">
    <skipped/>
  </testcase> <!-- @AfterMethod tearDownAfterMethod -->
  <testcase name="@BeforeMethod initiateSoftAssertObject" time="0.0" classname="com.rf.test.website.LSD.LSDOrdersTests">
    <skipped/>
  </testcase> <!-- @BeforeMethod initiateSoftAssertObject -->
  <testcase name="@AfterMethod tearDownAfterMethod" time="0.0" classname="com.rf.test.website.LSD.LSDOrdersTests">
    <skipped/>
  </testcase> <!-- @AfterMethod tearDownAfterMethod -->
  <testcase name="@BeforeMethod initiateSoftAssertObject" time="0.0" classname="com.rf.test.website.LSD.LSDOrdersTests">
    <skipped/>
  </testcase> <!-- @BeforeMethod initiateSoftAssertObject -->
  <testcase name="@AfterMethod tearDownAfterMethod" time="0.0" classname="com.rf.test.website.LSD.LSDOrdersTests">
    <skipped/>
  </testcase> <!-- @AfterMethod tearDownAfterMethod -->
  <testcase name="@AfterClass afterLSDOrderLogout" time="0.0" classname="com.rf.test.website.LSD.LSDOrdersTests">
    <skipped/>
  </testcase> <!-- @AfterClass afterLSDOrderLogout -->
  <testcase name="@AfterClass afterClass" time="0.0" classname="com.rf.test.website.LSD.LSDOrdersTests">
    <skipped/>
  </testcase> <!-- @AfterClass afterClass -->
  <testcase name="@BeforeClass beforeClass" time="0.0" classname="com.rf.test.website.LSD.LSDTeamTests">
    <skipped/>
  </testcase> <!-- @BeforeClass beforeClass -->
  <testcase name="@BeforeMethod initiateSoftAssertObject" time="0.0" classname="com.rf.test.website.LSD.LSDTeamTests">
    <skipped/>
  </testcase> <!-- @BeforeMethod initiateSoftAssertObject -->
  <testcase name="@AfterMethod tearDownAfterMethod" time="0.0" classname="com.rf.test.website.LSD.LSDTeamTests">
    <skipped/>
  </testcase> <!-- @AfterMethod tearDownAfterMethod -->
  <testcase name="@AfterClass afterLSDTeamLogout" time="0.0" classname="com.rf.test.website.LSD.LSDTeamTests">
    <skipped/>
  </testcase> <!-- @AfterClass afterLSDTeamLogout -->
  <testcase name="@AfterClass afterClass" time="0.0" classname="com.rf.test.website.LSD.LSDTeamTests">
    <skipped/>
  </testcase> <!-- @AfterClass afterClass -->
  <testcase name="testLoginFailed_2628q" time="142.588" classname="com.rf.test.website.LSD.LoginTests">
    <failure type="org.openqa.selenium.WebDriverException" message="unknown error: keys should be a string
  (Session info: chrome=64.0.3282.186)
  (Driver info: chromedriver=2.36.540470 (e522d04694c7ebea4ba8821272dbef4f9b818c91),platform=Windows NT 10.0.10586 x86_64) (WARNING: The server did not provide any stacktrace information)
Command duration or timeout: 0 milliseconds
Build info: version: &amp;apos;3.7.1&amp;apos;, revision: &amp;apos;8a0099a&amp;apos;, time: &amp;apos;2017-11-06T21:01:39.354Z&amp;apos;
System info: host: &amp;apos;LD-4V2P3G2&amp;apos;, ip: &amp;apos;192.168.121.186&amp;apos;, os.name: &amp;apos;Windows 10&amp;apos;, os.arch: &amp;apos;amd64&amp;apos;, os.version: &amp;apos;10.0&amp;apos;, java.version: &amp;apos;1.8.0_161&amp;apos;
Driver info: org.openqa.selenium.chrome.ChromeDriver
Capabilities {acceptInsecureCerts: false, acceptSslCerts: false, applicationCacheEnabled: false, browserConnectionEnabled: false, browserName: chrome, chrome: {chromedriverVersion: 2.36.540470 (e522d04694c7eb..., userDataDir: C:\Users\BPKOTA~1\AppData\L...}, cssSelectorsEnabled: true, databaseEnabled: false, handlesAlerts: true, hasTouchScreen: false, javascriptEnabled: true, locationContextEnabled: true, mobileEmulationEnabled: false, nativeEvents: true, networkConnectionEnabled: false, pageLoadStrategy: normal, platform: XP, platformName: XP, rotatable: false, setWindowRect: true, takesHeapSnapshot: true, takesScreenshot: true, unexpectedAlertBehaviour: , unhandledPromptBehavior: , version: 64.0.3282.186, webStorageEnabled: true}
Session ID: 2db2bf570d2ec00627462e349eaa6df9">
      <![CDATA[org.openqa.selenium.WebDriverException: unknown error: keys should be a string
  (Session info: chrome=64.0.3282.186)
  (Driver info: chromedriver=2.36.540470 (e522d04694c7ebea4ba8821272dbef4f9b818c91),platform=Windows NT 10.0.10586 x86_64) (WARNING: The server did not provide any stacktrace information)
Command duration or timeout: 0 milliseconds
Build info: version: '3.7.1', revision: '8a0099a', time: '2017-11-06T21:01:39.354Z'
System info: host: 'LD-4V2P3G2', ip: '192.168.121.186', os.name: 'Windows 10', os.arch: 'amd64', os.version: '10.0', java.version: '1.8.0_161'
Driver info: org.openqa.selenium.chrome.ChromeDriver
Capabilities {acceptInsecureCerts: false, acceptSslCerts: false, applicationCacheEnabled: false, browserConnectionEnabled: false, browserName: chrome, chrome: {chromedriverVersion: 2.36.540470 (e522d04694c7eb..., userDataDir: C:\Users\BPKOTA~1\AppData\L...}, cssSelectorsEnabled: true, databaseEnabled: false, handlesAlerts: true, hasTouchScreen: false, javascriptEnabled: true, locationContextEnabled: true, mobileEmulationEnabled: false, nativeEvents: true, networkConnectionEnabled: false, pageLoadStrategy: normal, platform: XP, platformName: XP, rotatable: false, setWindowRect: true, takesHeapSnapshot: true, takesScreenshot: true, unexpectedAlertBehaviour: , unhandledPromptBehavior: , version: 64.0.3282.186, webStorageEnabled: true}
Session ID: 2db2bf570d2ec00627462e349eaa6df9
	at org.openqa.selenium.remote.ErrorHandler.createThrowable(ErrorHandler.java:214)
	at org.openqa.selenium.remote.ErrorHandler.throwIfResponseFailed(ErrorHandler.java:166)
	at org.openqa.selenium.remote.http.JsonHttpResponseCodec.reconstructValue(JsonHttpResponseCodec.java:40)
	at org.openqa.selenium.remote.http.AbstractHttpResponseCodec.decode(AbstractHttpResponseCodec.java:80)
	at org.openqa.selenium.remote.http.AbstractHttpResponseCodec.decode(AbstractHttpResponseCodec.java:44)
	at org.openqa.selenium.remote.HttpCommandExecutor.execute(HttpCommandExecutor.java:164)
	at org.openqa.selenium.remote.service.DriverCommandExecutor.execute(DriverCommandExecutor.java:83)
	at org.openqa.selenium.remote.RemoteWebDriver.execute(RemoteWebDriver.java:600)
	at org.openqa.selenium.remote.RemoteWebElement.execute(RemoteWebElement.java:279)
	at org.openqa.selenium.remote.RemoteWebElement.sendKeys(RemoteWebElement.java:100)
	at com.rf.core.driver.website.RFWebsiteDriver.type(RFWebsiteDriver.java:834)
	at com.rf.core.driver.website.RFWebsiteDriver.type(RFWebsiteDriver.java:808)
	at com.rf.pages.website.LSD.LSDLoginPage.enterUsername(LSDLoginPage.java:44)
	at com.rf.pages.website.LSD.LSDLoginPage.pulseLogin(LSDLoginPage.java:111)
	at com.rf.test.website.LSD.LoginTests.testLoginFailed_2628q(LoginTests.java:51)
... Removed 28 stack frames]]>
    </failure>
  </testcase> <!-- testLoginFailed_2628q -->
  <testcase name="testTextAboveUsernameAndPassword_3412q" time="26.63" classname="com.rf.test.website.LSD.LoginTests"/>
  <testcase name="testConsultantCardComponents_2876q" time="46.948" classname="com.rf.test.website.LSD.LSDLinkTests">
    <failure type="org.openqa.selenium.NoSuchElementException" message="no such element: Unable to locate element: {&amp;quot;method&amp;quot;:&amp;quot;xpath&amp;quot;,&amp;quot;selector&amp;quot;:&amp;quot;//div[@class=&amp;apos;consultants row&amp;apos;]/descendant::section[contains(@id,&amp;apos;team-card&amp;apos;)][1]//a//div[1]//span[1]&amp;quot;}
  (Session info: chrome=64.0.3282.186)
  (Driver info: chromedriver=2.36.540470 (e522d04694c7ebea4ba8821272dbef4f9b818c91),platform=Windows NT 10.0.10586 x86_64) (WARNING: The server did not provide any stacktrace information)
Command duration or timeout: 0 milliseconds
For documentation on this error, please visit: http://seleniumhq.org/exceptions/no_such_element.html
Build info: version: &amp;apos;3.7.1&amp;apos;, revision: &amp;apos;8a0099a&amp;apos;, time: &amp;apos;2017-11-06T21:01:39.354Z&amp;apos;
System info: host: &amp;apos;LD-4V2P3G2&amp;apos;, ip: &amp;apos;192.168.121.186&amp;apos;, os.name: &amp;apos;Windows 10&amp;apos;, os.arch: &amp;apos;amd64&amp;apos;, os.version: &amp;apos;10.0&amp;apos;, java.version: &amp;apos;1.8.0_161&amp;apos;
Driver info: org.openqa.selenium.chrome.ChromeDriver
Capabilities {acceptInsecureCerts: false, acceptSslCerts: false, applicationCacheEnabled: false, browserConnectionEnabled: false, browserName: chrome, chrome: {chromedriverVersion: 2.36.540470 (e522d04694c7eb..., userDataDir: C:\Users\BPKOTA~1\AppData\L...}, cssSelectorsEnabled: true, databaseEnabled: false, handlesAlerts: true, hasTouchScreen: false, javascriptEnabled: true, locationContextEnabled: true, mobileEmulationEnabled: false, nativeEvents: true, networkConnectionEnabled: false, pageLoadStrategy: normal, platform: XP, platformName: XP, rotatable: false, setWindowRect: true, takesHeapSnapshot: true, takesScreenshot: true, unexpectedAlertBehaviour: , unhandledPromptBehavior: , version: 64.0.3282.186, webStorageEnabled: true}
Session ID: 2db2bf570d2ec00627462e349eaa6df9
*** Element info: {Using=xpath, value=//div[@class=&amp;apos;consultants row&amp;apos;]/descendant::section[contains(@id,&amp;apos;team-card&amp;apos;)][1]//a//div[1]//span[1]}">
      <![CDATA[org.openqa.selenium.NoSuchElementException: no such element: Unable to locate element: {"method":"xpath","selector":"//div[@class='consultants row']/descendant::section[contains(@id,'team-card')][1]//a//div[1]//span[1]"}
  (Session info: chrome=64.0.3282.186)
  (Driver info: chromedriver=2.36.540470 (e522d04694c7ebea4ba8821272dbef4f9b818c91),platform=Windows NT 10.0.10586 x86_64) (WARNING: The server did not provide any stacktrace information)
Command duration or timeout: 0 milliseconds
For documentation on this error, please visit: http://seleniumhq.org/exceptions/no_such_element.html
Build info: version: '3.7.1', revision: '8a0099a', time: '2017-11-06T21:01:39.354Z'
System info: host: 'LD-4V2P3G2', ip: '192.168.121.186', os.name: 'Windows 10', os.arch: 'amd64', os.version: '10.0', java.version: '1.8.0_161'
Driver info: org.openqa.selenium.chrome.ChromeDriver
Capabilities {acceptInsecureCerts: false, acceptSslCerts: false, applicationCacheEnabled: false, browserConnectionEnabled: false, browserName: chrome, chrome: {chromedriverVersion: 2.36.540470 (e522d04694c7eb..., userDataDir: C:\Users\BPKOTA~1\AppData\L...}, cssSelectorsEnabled: true, databaseEnabled: false, handlesAlerts: true, hasTouchScreen: false, javascriptEnabled: true, locationContextEnabled: true, mobileEmulationEnabled: false, nativeEvents: true, networkConnectionEnabled: false, pageLoadStrategy: normal, platform: XP, platformName: XP, rotatable: false, setWindowRect: true, takesHeapSnapshot: true, takesScreenshot: true, unexpectedAlertBehaviour: , unhandledPromptBehavior: , version: 64.0.3282.186, webStorageEnabled: true}
Session ID: 2db2bf570d2ec00627462e349eaa6df9
*** Element info: {Using=xpath, value=//div[@class='consultants row']/descendant::section[contains(@id,'team-card')][1]//a//div[1]//span[1]}
	at org.openqa.selenium.remote.ErrorHandler.createThrowable(ErrorHandler.java:214)
	at org.openqa.selenium.remote.ErrorHandler.throwIfResponseFailed(ErrorHandler.java:166)
	at org.openqa.selenium.remote.http.JsonHttpResponseCodec.reconstructValue(JsonHttpResponseCodec.java:40)
	at org.openqa.selenium.remote.http.AbstractHttpResponseCodec.decode(AbstractHttpResponseCodec.java:80)
	at org.openqa.selenium.remote.http.AbstractHttpResponseCodec.decode(AbstractHttpResponseCodec.java:44)
	at org.openqa.selenium.remote.HttpCommandExecutor.execute(HttpCommandExecutor.java:164)
	at org.openqa.selenium.remote.service.DriverCommandExecutor.execute(DriverCommandExecutor.java:83)
	at org.openqa.selenium.remote.RemoteWebDriver.execute(RemoteWebDriver.java:600)
	at org.openqa.selenium.remote.RemoteWebDriver.findElement(RemoteWebDriver.java:370)
	at org.openqa.selenium.remote.RemoteWebDriver.findElementByXPath(RemoteWebDriver.java:472)
	at org.openqa.selenium.By$ByXPath.findElement(By.java:361)
	at org.openqa.selenium.remote.RemoteWebDriver.findElement(RemoteWebDriver.java:362)
	at com.rf.core.driver.website.RFWebsiteDriver.findElement(RFWebsiteDriver.java:860)
	at com.rf.core.driver.website.RFWebsiteDriver.getText(RFWebsiteDriver.java:935)
	at com.rf.pages.website.LSD.LSDHomePage.isFirstAndLastNamePresentAtConsultantCardUnderTeam(LSDHomePage.java:724)
	at com.rf.test.website.LSD.LSDLinkTests.testConsultantCardComponents_2876q(LSDLinkTests.java:224)
... Removed 28 stack frames]]>
    </failure>
  </testcase> <!-- testConsultantCardComponents_2876q -->
  <testcase name="testFAQNavigation_2953q" time="17.545" classname="com.rf.test.website.LSD.LSDLinkTests"/>
  <testcase name="testMainMenuLinks_2631q" time="48.399" classname="com.rf.test.website.LSD.LSDLinkTests"/>
  <testcase name="testSortingMenuForAreGettingThere_3331q" time="19.419" classname="com.rf.test.website.LSD.LSDLinkTests">
    <failure type="java.lang.AssertionError" message="1.Physical level: Low to High is not visible at filters page

 1.Physical level: High to Low is not visible at filters page
">
      <![CDATA[java.lang.AssertionError: 1.Physical level: Low to High is not visible at filters page

 1.Physical level: High to Low is not visible at filters page

	at com.rf.core.utils.SoftAssert.assertAll(SoftAssert.java:56)
	at com.rf.test.website.LSD.LSDLinkTests.testSortingMenuForAreGettingThere_3331q(LSDLinkTests.java:390)
... Removed 24 stack frames]]>
    </failure>
  </testcase> <!-- testSortingMenuForAreGettingThere_3331q -->
  <testcase name="testSortingMenuForMayNotPromote_3332q" time="24.645" classname="com.rf.test.website.LSD.LSDLinkTests">
    <failure type="java.lang.AssertionError" message="1.Physical level: High to Low is not visible at filters page

 1.Physical level: Low to High is not visible at filters page
">
      <![CDATA[java.lang.AssertionError: 1.Physical level: High to Low is not visible at filters page

 1.Physical level: Low to High is not visible at filters page

	at com.rf.core.utils.SoftAssert.assertAll(SoftAssert.java:56)
	at com.rf.test.website.LSD.LSDLinkTests.testSortingMenuForMayNotPromote_3332q(LSDLinkTests.java:436)
... Removed 24 stack frames]]>
    </failure>
  </testcase> <!-- testSortingMenuForMayNotPromote_3332q -->
  <testcase name="testSortingMenuForViewAllConsultants_3328q" time="97.088" classname="com.rf.test.website.LSD.LSDLinkTests">
    <failure type="java.lang.AssertionError" message="1.Physical level: High to Low is not visible at filters page

 1.Physical level: Low to High is not visible at filters page
">
      <![CDATA[java.lang.AssertionError: 1.Physical level: High to Low is not visible at filters page

 1.Physical level: Low to High is not visible at filters page

	at com.rf.core.utils.SoftAssert.assertAll(SoftAssert.java:56)
	at com.rf.test.website.LSD.LSDLinkTests.testSortingMenuForViewAllConsultants_3328q(LSDLinkTests.java:481)
... Removed 24 stack frames]]>
    </failure>
  </testcase> <!-- testSortingMenuForViewAllConsultants_3328q -->
  <testcase name="testVerifyTabsWith6Level_3238q" time="83.315" classname="com.rf.test.website.LSD.LSDLinkTests"/>
  <testcase name="testVerifyLeadTheWayLink_1455q" time="12.624" classname="com.rf.test.website.LSD.LSDLinkTests">
    <failure type="java.lang.AssertionError" message="1.Current URL : https://safe.menlosecurity.com/safeview-auth-server/saml does not contains randfjourney
">
      <![CDATA[java.lang.AssertionError: 1.Current URL : https://safe.menlosecurity.com/safeview-auth-server/saml does not contains randfjourney

	at com.rf.core.utils.SoftAssert.assertAll(SoftAssert.java:56)
	at com.rf.test.website.LSD.LSDLinkTests.testVerifyLeadTheWayLink_1455q(LSDLinkTests.java:28)
... Removed 24 stack frames]]>
    </failure>
  </testcase> <!-- testVerifyLeadTheWayLink_1455q -->
  <testcase name="testVerifyRFConnectionLink_1456q" time="25.51" classname="com.rf.test.website.LSD.LSDLinkTests"/>
  <testcase name="testVerifyRFJourneyLink_1457q" time="9.553" classname="com.rf.test.website.LSD.LSDLinkTests"/>
  <testcase name="testVerifyRFMallLink_1458q" time="7.535" classname="com.rf.test.website.LSD.LSDLinkTests"/>
  <testcase name="testVerifyRFPaydayLink_1459q" time="8.68" classname="com.rf.test.website.LSD.LSDLinkTests"/>
  <testcase name="testVerifyLinkCommsCorner_1447q" time="93.306" classname="com.rf.test.website.LSD.LSDLinkTests"/>
  <testcase name="testVerifyLinkConsultantLEDEvents_1448" time="13.333" classname="com.rf.test.website.LSD.LSDLinkTests"/>
  <testcase name="testVerifyLinkCorporateEvents_1449q" time="16.669" classname="com.rf.test.website.LSD.LSDLinkTests"/>
  <testcase name="testVerifyLinkGettingStarted_1450q" time="7.395" classname="com.rf.test.website.LSD.LSDLinkTests"/>
  <testcase name="test2InitialIcon_2547q" time="4.34" classname="com.rf.test.website.LSD.LSDTests">
    <failure type="java.lang.NullPointerException">
      <![CDATA[java.lang.NullPointerException
	at com.rf.pages.website.LSD.LSDHomePage.getFirstLetterFromString(LSDHomePage.java:621)
	at com.rf.test.website.LSD.LSDTests.test2InitialIcon_2547q(LSDTests.java:60)
... Removed 24 stack frames]]>
    </failure>
  </testcase> <!-- test2InitialIcon_2547q -->
  <testcase name="testCRPAutoshipProcessedInPastForThismonth_2522q" time="110.367" classname="com.rf.test.website.LSD.LSDTests"/>
  <testcase name="testColorOfPSQVValueAndPSQVRingEqualsTo0_2470q" time="14.391" classname="com.rf.test.website.LSD.LSDTests"/>
  <testcase name="testColorOfPSQVValueAndPSQVRingGreaterThan600_3128q" time="9.539" classname="com.rf.test.website.LSD.LSDTests"/>
  <testcase name="testColorOfPSQVValueAndPSQVRingLessThan600_3127q" time="12.934" classname="com.rf.test.website.LSD.LSDTests"/>
  <testcase name="testColorOfSVValueAndSVRingForEqualsTo0_2469q" time="100.295" classname="com.rf.test.website.LSD.LSDTests">
    <failure type="org.openqa.selenium.NoSuchElementException" message="no such element: Unable to locate element: {&amp;quot;method&amp;quot;:&amp;quot;xpath&amp;quot;,&amp;quot;selector&amp;quot;:&amp;quot;//div[@id=&amp;apos;rf-nav-wrapper&amp;apos;]/descendant::span[text()=&amp;apos;Pulse&amp;apos;][1]&amp;quot;}
  (Session info: chrome=64.0.3282.186)
  (Driver info: chromedriver=2.36.540470 (e522d04694c7ebea4ba8821272dbef4f9b818c91),platform=Windows NT 10.0.10586 x86_64) (WARNING: The server did not provide any stacktrace information)
Command duration or timeout: 0 milliseconds
For documentation on this error, please visit: http://seleniumhq.org/exceptions/no_such_element.html
Build info: version: &amp;apos;3.7.1&amp;apos;, revision: &amp;apos;8a0099a&amp;apos;, time: &amp;apos;2017-11-06T21:01:39.354Z&amp;apos;
System info: host: &amp;apos;LD-4V2P3G2&amp;apos;, ip: &amp;apos;192.168.121.186&amp;apos;, os.name: &amp;apos;Windows 10&amp;apos;, os.arch: &amp;apos;amd64&amp;apos;, os.version: &amp;apos;10.0&amp;apos;, java.version: &amp;apos;1.8.0_161&amp;apos;
Driver info: org.openqa.selenium.chrome.ChromeDriver
Capabilities {acceptInsecureCerts: false, acceptSslCerts: false, applicationCacheEnabled: false, browserConnectionEnabled: false, browserName: chrome, chrome: {chromedriverVersion: 2.36.540470 (e522d04694c7eb..., userDataDir: C:\Users\BPKOTA~1\AppData\L...}, cssSelectorsEnabled: true, databaseEnabled: false, handlesAlerts: true, hasTouchScreen: false, javascriptEnabled: true, locationContextEnabled: true, mobileEmulationEnabled: false, nativeEvents: true, networkConnectionEnabled: false, pageLoadStrategy: normal, platform: XP, platformName: XP, rotatable: false, setWindowRect: true, takesHeapSnapshot: true, takesScreenshot: true, unexpectedAlertBehaviour: , unhandledPromptBehavior: , version: 64.0.3282.186, webStorageEnabled: true}
Session ID: 2db2bf570d2ec00627462e349eaa6df9
*** Element info: {Using=xpath, value=//div[@id=&amp;apos;rf-nav-wrapper&amp;apos;]/descendant::span[text()=&amp;apos;Pulse&amp;apos;][1]}">
      <![CDATA[org.openqa.selenium.NoSuchElementException: no such element: Unable to locate element: {"method":"xpath","selector":"//div[@id='rf-nav-wrapper']/descendant::span[text()='Pulse'][1]"}
  (Session info: chrome=64.0.3282.186)
  (Driver info: chromedriver=2.36.540470 (e522d04694c7ebea4ba8821272dbef4f9b818c91),platform=Windows NT 10.0.10586 x86_64) (WARNING: The server did not provide any stacktrace information)
Command duration or timeout: 0 milliseconds
For documentation on this error, please visit: http://seleniumhq.org/exceptions/no_such_element.html
Build info: version: '3.7.1', revision: '8a0099a', time: '2017-11-06T21:01:39.354Z'
System info: host: 'LD-4V2P3G2', ip: '192.168.121.186', os.name: 'Windows 10', os.arch: 'amd64', os.version: '10.0', java.version: '1.8.0_161'
Driver info: org.openqa.selenium.chrome.ChromeDriver
Capabilities {acceptInsecureCerts: false, acceptSslCerts: false, applicationCacheEnabled: false, browserConnectionEnabled: false, browserName: chrome, chrome: {chromedriverVersion: 2.36.540470 (e522d04694c7eb..., userDataDir: C:\Users\BPKOTA~1\AppData\L...}, cssSelectorsEnabled: true, databaseEnabled: false, handlesAlerts: true, hasTouchScreen: false, javascriptEnabled: true, locationContextEnabled: true, mobileEmulationEnabled: false, nativeEvents: true, networkConnectionEnabled: false, pageLoadStrategy: normal, platform: XP, platformName: XP, rotatable: false, setWindowRect: true, takesHeapSnapshot: true, takesScreenshot: true, unexpectedAlertBehaviour: , unhandledPromptBehavior: , version: 64.0.3282.186, webStorageEnabled: true}
Session ID: 2db2bf570d2ec00627462e349eaa6df9
*** Element info: {Using=xpath, value=//div[@id='rf-nav-wrapper']/descendant::span[text()='Pulse'][1]}
	at org.openqa.selenium.remote.ErrorHandler.createThrowable(ErrorHandler.java:214)
	at org.openqa.selenium.remote.ErrorHandler.throwIfResponseFailed(ErrorHandler.java:166)
	at org.openqa.selenium.remote.http.JsonHttpResponseCodec.reconstructValue(JsonHttpResponseCodec.java:40)
	at org.openqa.selenium.remote.http.AbstractHttpResponseCodec.decode(AbstractHttpResponseCodec.java:80)
	at org.openqa.selenium.remote.http.AbstractHttpResponseCodec.decode(AbstractHttpResponseCodec.java:44)
	at org.openqa.selenium.remote.HttpCommandExecutor.execute(HttpCommandExecutor.java:164)
	at org.openqa.selenium.remote.service.DriverCommandExecutor.execute(DriverCommandExecutor.java:83)
	at org.openqa.selenium.remote.RemoteWebDriver.execute(RemoteWebDriver.java:600)
	at org.openqa.selenium.remote.RemoteWebDriver.findElement(RemoteWebDriver.java:370)
	at org.openqa.selenium.remote.RemoteWebDriver.findElementByXPath(RemoteWebDriver.java:472)
	at org.openqa.selenium.By$ByXPath.findElement(By.java:361)
	at org.openqa.selenium.remote.RemoteWebDriver.findElement(RemoteWebDriver.java:362)
	at com.rf.core.driver.website.RFWebsiteDriver.findElement(RFWebsiteDriver.java:860)
	at com.rf.core.driver.website.RFWebsiteDriver.click(RFWebsiteDriver.java:764)
	at com.rf.pages.website.LSD.LSDRFWebsiteBasePage.clickLogout(LSDRFWebsiteBasePage.java:161)
	at com.rf.pages.website.LSD.LSDLoginPage.loginToPulse(LSDLoginPage.java:89)
	at com.rf.test.website.LSD.LSDTests.testColorOfSVValueAndSVRingForEqualsTo0_2469q(LSDTests.java:1328)
... Removed 28 stack frames]]>
    </failure>
  </testcase> <!-- testColorOfSVValueAndSVRingForEqualsTo0_2469q -->
  <testcase name="testColorOfSVValueAndSVRingGreaterThan100_3125q" time="19.852" classname="com.rf.test.website.LSD.LSDTests"/>
  <testcase name="testColorOfSVValueAndSVRingLessThan100_3126q" time="37.339" classname="com.rf.test.website.LSD.LSDTests"/>
  <testcase name="testConsultantOverviewDetails_2420q" time="0.267" classname="com.rf.test.website.LSD.LSDTests">
    <failure type="java.lang.NullPointerException">
      <![CDATA[java.lang.NullPointerException
	at com.rf.pages.website.LSD.LSDHomePage.getFirstLetterFromString(LSDHomePage.java:621)
	at com.rf.test.website.LSD.LSDTests.testConsultantOverviewDetails_2420q(LSDTests.java:1577)
... Removed 24 stack frames]]>
    </failure>
  </testcase> <!-- testConsultantOverviewDetails_2420q -->
  <testcase name="testConsultantsOnMyLevel1Value_2539q" time="1.204" classname="com.rf.test.website.LSD.LSDTests">
    <failure type="java.lang.AssertionError" message="1.Expected count of consultant is 2 but actual on UI is 0

 1.Expected count of consultant at team page is 2 but actual on UI is 
">
      <![CDATA[java.lang.AssertionError: 1.Expected count of consultant is 2 but actual on UI is 0

 1.Expected count of consultant at team page is 2 but actual on UI is 

	at com.rf.core.utils.SoftAssert.assertAll(SoftAssert.java:56)
	at com.rf.test.website.LSD.LSDTests.testConsultantsOnMyLevel1Value_2539q(LSDTests.java:1000)
... Removed 24 stack frames]]>
    </failure>
  </testcase> <!-- testConsultantsOnMyLevel1Value_2539q -->
  <testcase name="testCurrentProgressEstSVValue_2467q" time="1.011" classname="com.rf.test.website.LSD.LSDTests"/>
  <testcase name="testDeactivatedPCCardDetails_2988q" time="24.295" classname="com.rf.test.website.LSD.LSDTests">
    <failure type="java.lang.AssertionError" message="1.Expected first name is gloria but actual on UI is 

 1.Expected last name is widmont but actual on UI is 
">
      <![CDATA[java.lang.AssertionError: 1.Expected first name is gloria but actual on UI is 

 1.Expected last name is widmont but actual on UI is 

	at com.rf.core.utils.SoftAssert.assertAll(SoftAssert.java:56)
	at com.rf.test.website.LSD.LSDTests.testDeactivatedPCCardDetails_2988q(LSDTests.java:1524)
... Removed 24 stack frames]]>
    </failure>
  </testcase> <!-- testDeactivatedPCCardDetails_2988q -->
  <testcase name="testDownlineReportLink_2561q" time="8.24" classname="com.rf.test.website.LSD.LSDTests"/>
  <testcase name="testECLegsValue_2476q" time="0.003" classname="com.rf.test.website.LSD.LSDTests">
    <failure type="java.lang.NullPointerException">
      <![CDATA[java.lang.NullPointerException
	at com.rf.test.website.RFLSDWebsiteBaseTest.getValueFromQueryResult(RFLSDWebsiteBaseTest.java:376)
	at com.rf.test.website.LSD.LSDTests.testECLegsValue_2476q(LSDTests.java:113)
... Removed 24 stack frames]]>
    </failure>
  </testcase> <!-- testECLegsValue_2476q -->
  <testcase name="testEarningsStatementsReportLink_2562q" time="2.125" classname="com.rf.test.website.LSD.LSDTests"/>
  <testcase name="testEnrollmentDate_2545q_2626q" time="0.645" classname="com.rf.test.website.LSD.LSDTests">
    <failure type="java.lang.AssertionError" message="1.Expected Qualification title is2016-01-30 07:02:35.0 but actual on UI is 2016-07-24
">
      <![CDATA[java.lang.AssertionError: 1.Expected Qualification title is2016-01-30 07:02:35.0 but actual on UI is 2016-07-24

	at com.rf.core.utils.SoftAssert.assertAll(SoftAssert.java:56)
	at com.rf.test.website.LSD.LSDTests.testEnrollmentDate_2545q_2626q(LSDTests.java:33)
... Removed 24 stack frames]]>
    </failure>
  </testcase> <!-- testEnrollmentDate_2545q_2626q -->
  <testcase name="testEnrollmentSponsor_2535q" time="9.014" classname="com.rf.test.website.LSD.LSDTests"/>
  <testcase name="testEstPSQVValue_2468q" time="0.408" classname="com.rf.test.website.LSD.LSDTests"/>
  <testcase name="testFullNameFromCard_2634q" time="0.457" classname="com.rf.test.website.LSD.LSDTests">
    <failure type="java.lang.AssertionError" message="1.Expected Full name isnull null actual on UI is Nanette French
">
      <![CDATA[java.lang.AssertionError: 1.Expected Full name isnull null actual on UI is Nanette French

	at com.rf.core.utils.SoftAssert.assertAll(SoftAssert.java:56)
	at com.rf.test.website.LSD.LSDTests.testFullNameFromCard_2634q(LSDTests.java:1560)
... Removed 24 stack frames]]>
    </failure>
  </testcase> <!-- testFullNameFromCard_2634q -->
  <testcase name="testGreetingAndFirstName_2546q" time="0.125" classname="com.rf.test.website.LSD.LSDTests">
    <failure type="java.lang.NullPointerException">
      <![CDATA[java.lang.NullPointerException
	at com.rf.test.website.LSD.LSDTests.testGreetingAndFirstName_2546q(LSDTests.java:44)
... Removed 24 stack frames]]>
    </failure>
  </testcase> <!-- testGreetingAndFirstName_2546q -->
  <testcase name="testL1L2QualifyingVolumeValue_2418q" time="0.003" classname="com.rf.test.website.LSD.LSDTests">
    <failure type="java.lang.NullPointerException">
      <![CDATA[java.lang.NullPointerException
	at com.rf.test.website.RFLSDWebsiteBaseTest.getValueFromQueryResult(RFLSDWebsiteBaseTest.java:376)
	at com.rf.test.website.LSD.LSDTests.testL1L2QualifyingVolumeValue_2418q(LSDTests.java:1308)
... Removed 24 stack frames]]>
    </failure>
  </testcase> <!-- testL1L2QualifyingVolumeValue_2418q -->
  <testcase name="testL1L2QualifyingVolumeValue_2541q" time="0.002" classname="com.rf.test.website.LSD.LSDTests">
    <failure type="java.lang.NullPointerException">
      <![CDATA[java.lang.NullPointerException
	at com.rf.test.website.RFLSDWebsiteBaseTest.getValueFromQueryResult(RFLSDWebsiteBaseTest.java:376)
	at com.rf.test.website.LSD.LSDTests.testL1L2QualifyingVolumeValue_2541q(LSDTests.java:1364)
... Removed 24 stack frames]]>
    </failure>
  </testcase> <!-- testL1L2QualifyingVolumeValue_2541q -->
  <testcase name="testL1L6QualifyingVolumeValue_2419q" time="0.003" classname="com.rf.test.website.LSD.LSDTests">
    <failure type="java.lang.NullPointerException">
      <![CDATA[java.lang.NullPointerException
	at com.rf.test.website.RFLSDWebsiteBaseTest.getValueFromQueryResult(RFLSDWebsiteBaseTest.java:376)
	at com.rf.test.website.LSD.LSDTests.testL1L6QualifyingVolumeValue_2419q(LSDTests.java:1297)
... Removed 24 stack frames]]>
    </failure>
  </testcase> <!-- testL1L6QualifyingVolumeValue_2419q -->
  <testcase name="testL1L6QualifyingVolumeValue_2542q" time="0.002" classname="com.rf.test.website.LSD.LSDTests">
    <failure type="java.lang.NullPointerException">
      <![CDATA[java.lang.NullPointerException
	at com.rf.test.website.RFLSDWebsiteBaseTest.getValueFromQueryResult(RFLSDWebsiteBaseTest.java:376)
	at com.rf.test.website.LSD.LSDTests.testL1L6QualifyingVolumeValue_2542q(LSDTests.java:1066)
... Removed 24 stack frames]]>
    </failure>
  </testcase> <!-- testL1L6QualifyingVolumeValue_2542q -->
  <testcase name="testPCAutoshipsThisMonthValue_2537q" time="2.155" classname="com.rf.test.website.LSD.LSDTests">
    <failure type="java.lang.AssertionError" message="1.Expected count of PC is 14 but actual on UI is 0

 1.Expected count of consultant at team page is 14 but actual on UI is 0
">
      <![CDATA[java.lang.AssertionError: 1.Expected count of PC is 14 but actual on UI is 0

 1.Expected count of consultant at team page is 14 but actual on UI is 0

	at com.rf.core.utils.SoftAssert.assertAll(SoftAssert.java:56)
	at com.rf.test.website.LSD.LSDTests.testPCAutoshipsThisMonthValue_2537q(LSDTests.java:1019)
... Removed 24 stack frames]]>
    </failure>
  </testcase> <!-- testPCAutoshipsThisMonthValue_2537q -->
  <testcase name="testPCWithOrdersValue_2536q" time="0.258" classname="com.rf.test.website.LSD.LSDTests"/>
  <testcase name="testPSQVValueFromCard_2635q" time="0.002" classname="com.rf.test.website.LSD.LSDTests">
    <failure type="java.lang.NullPointerException">
      <![CDATA[java.lang.NullPointerException
	at com.rf.test.website.RFLSDWebsiteBaseTest.getValueFromQueryResult(RFLSDWebsiteBaseTest.java:376)
	at com.rf.test.website.LSD.LSDTests.testPSQVValueFromCard_2635q(LSDTests.java:1430)
... Removed 24 stack frames]]>
    </failure>
  </testcase> <!-- testPSQVValueFromCard_2635q -->
  <testcase name="testPSQVValue_2395q" time="0.002" classname="com.rf.test.website.LSD.LSDTests">
    <failure type="java.lang.NullPointerException">
      <![CDATA[java.lang.NullPointerException
	at com.rf.test.website.RFLSDWebsiteBaseTest.getValueFromQueryResult(RFLSDWebsiteBaseTest.java:376)
	at com.rf.test.website.LSD.LSDTests.testPSQVValue_2395q(LSDTests.java:1275)
... Removed 24 stack frames]]>
    </failure>
  </testcase> <!-- testPSQVValue_2395q -->
  <testcase name="testPendingPCAutoships_3017q" time="35.602" classname="com.rf.test.website.LSD.LSDTests">
    <failure type="java.lang.AssertionError" message="1.Expected count of orders pcs arenullbut actual on UI is 0
">
      <![CDATA[java.lang.AssertionError: 1.Expected count of orders pcs arenullbut actual on UI is 0

	at com.rf.core.utils.SoftAssert.assertAll(SoftAssert.java:56)
	at com.rf.test.website.LSD.LSDTests.testPendingPCAutoships_3017q(LSDTests.java:1478)
... Removed 24 stack frames]]>
    </failure>
  </testcase> <!-- testPendingPCAutoships_3017q -->
  <testcase name="testPendingPCAutoships_3017q_3353q" time="26.381" classname="com.rf.test.website.LSD.LSDTests">
    <failure type="java.lang.AssertionError" message="1.Expected count of orders pcs arenullbut actual on UI is 0
">
      <![CDATA[java.lang.AssertionError: 1.Expected count of orders pcs arenullbut actual on UI is 0

	at com.rf.core.utils.SoftAssert.assertAll(SoftAssert.java:56)
	at com.rf.test.website.LSD.LSDTests.testPendingPCAutoships_3017q_3353q(LSDTests.java:1546)
... Removed 24 stack frames]]>
    </failure>
  </testcase> <!-- testPendingPCAutoships_3017q_3353q -->
  <testcase name="testPerformanceSponsorDetails_2534q" time="1.826" classname="com.rf.test.website.LSD.LSDTests">
    <failure type="java.lang.AssertionError" message="1.Expected locale is Fredericksburg actual on UI is Lake Angelus, MI, USA

 1.Expected region is VA actual on UI is Lake Angelus, MI, USA

 1.Expected sponsor name is Megan Leigh McDaniel actual on UI is Sarah Robbins
">
      <![CDATA[java.lang.AssertionError: 1.Expected locale is Fredericksburg actual on UI is Lake Angelus, MI, USA

 1.Expected region is VA actual on UI is Lake Angelus, MI, USA

 1.Expected sponsor name is Megan Leigh McDaniel actual on UI is Sarah Robbins

	at com.rf.core.utils.SoftAssert.assertAll(SoftAssert.java:56)
	at com.rf.test.website.LSD.LSDTests.testPerformanceSponsorDetails_2534q(LSDTests.java:937)
... Removed 24 stack frames]]>
    </failure>
  </testcase> <!-- testPerformanceSponsorDetails_2534q -->
  <testcase name="testProcessedPCAutoships_3015q_3351q" time="40.895" classname="com.rf.test.website.LSD.LSDTests"/>
  <testcase name="testPulseProAutoshipProcessedInPastForThisMonth_2530q_2529q" time="8.721" classname="com.rf.test.website.LSD.LSDTests"/>
  <testcase name="testQualificationTitleC_3217q" time="14.952" classname="com.rf.test.website.LSD.LSDTests"/>
  <testcase name="testQualificationTitleEC_3218q" time="14.075" classname="com.rf.test.website.LSD.LSDTests"/>
  <testcase name="testSVValueFromCard_2634q" time="0.002" classname="com.rf.test.website.LSD.LSDTests">
    <failure type="java.lang.NullPointerException">
      <![CDATA[java.lang.NullPointerException
	at com.rf.test.website.RFLSDWebsiteBaseTest.getValueFromQueryResult(RFLSDWebsiteBaseTest.java:376)
	at com.rf.test.website.LSD.LSDTests.testSVValueFromCard_2634q(LSDTests.java:1419)
... Removed 24 stack frames]]>
    </failure>
  </testcase> <!-- testSVValueFromCard_2634q -->
  <testcase name="testSVValue_2394q" time="0.002" classname="com.rf.test.website.LSD.LSDTests">
    <failure type="java.lang.NullPointerException">
      <![CDATA[java.lang.NullPointerException
	at com.rf.test.website.RFLSDWebsiteBaseTest.getValueFromQueryResult(RFLSDWebsiteBaseTest.java:376)
	at com.rf.test.website.LSD.LSDTests.testSVValue_2394q(LSDTests.java:1286)
... Removed 24 stack frames]]>
    </failure>
  </testcase> <!-- testSVValue_2394q -->
  <testcase name="testSolutionToolReportLink_2563q" time="8.251" classname="com.rf.test.website.LSD.LSDTests"/>
  <testcase name="testTitleHistoryPage_2479q" time="7.616" classname="com.rf.test.website.LSD.LSDTests"/>
  <testcase name="testUpcomingOrdersPendingAutoships_2531q" time="0.098" classname="com.rf.test.website.LSD.LSDTests"/>
  <testcase name="testVerifyRFLinkForLevelECIVOrMore_2956q" time="89.695" classname="com.rf.test.website.LSD.LSDTests">
    <failure type="org.springframework.dao.DataIntegrityViolationException" message="StatementCallback; SQL [select EmailAddress from RFO_Accounts.AccountContacts acTB INNER JOIN RFO_Accounts.AccountEmails aeTB  on acTB.AccountContactId=aeTB.AccountContactId INNER JOIN RFO_Accounts.EmailAddresses aEMTB on aeTB.EmailAddressID=aEMTB.EmailAddressID WHERE acTB.AccountID=&amp;apos;null&amp;apos; and aEMTB.EmailAddressTypeID=1 ]; Error converting data type varchar to bigint.; nested exception is com.microsoft.sqlserver.jdbc.SQLServerException: Error converting data type varchar to bigint.">
      <![CDATA[org.springframework.dao.DataIntegrityViolationException: StatementCallback; SQL [select EmailAddress from RFO_Accounts.AccountContacts acTB INNER JOIN RFO_Accounts.AccountEmails aeTB  on acTB.AccountContactId=aeTB.AccountContactId INNER JOIN RFO_Accounts.EmailAddresses aEMTB on aeTB.EmailAddressID=aEMTB.EmailAddressID WHERE acTB.AccountID='null' and aEMTB.EmailAddressTypeID=1 ]; Error converting data type varchar to bigint.; nested exception is com.microsoft.sqlserver.jdbc.SQLServerException: Error converting data type varchar to bigint.
Caused by: com.microsoft.sqlserver.jdbc.SQLServerException: Error converting data type varchar to bigint.
	at com.microsoft.sqlserver.jdbc.SQLServerException.makeFromDatabaseError(SQLServerException.java:196)
	at com.microsoft.sqlserver.jdbc.SQLServerResultSet$FetchBuffer.nextRow(SQLServerResultSet.java:4700)
	at com.microsoft.sqlserver.jdbc.SQLServerResultSet.fetchBufferNext(SQLServerResultSet.java:1683)
	at com.microsoft.sqlserver.jdbc.SQLServerResultSet.next(SQLServerResultSet.java:956)
	at org.springframework.jdbc.core.RowMapperResultSetExtractor.extractData(RowMapperResultSetExtractor.java:91)
	at org.springframework.jdbc.core.JdbcTemplate$1QueryStatementCallback.doInStatement(JdbcTemplate.java:394)
	at org.springframework.jdbc.core.JdbcTemplate.execute(JdbcTemplate.java:342)
	at org.springframework.jdbc.core.JdbcTemplate.query(JdbcTemplate.java:404)
	at org.springframework.jdbc.core.JdbcTemplate.query(JdbcTemplate.java:412)
	at com.rf.core.utils.DBUtil.performDatabaseQuery(DBUtil.java:80)
	at com.rf.test.website.LSD.LSDTests.testVerifyRFLinkForLevelECIVOrMore_2956q(LSDTests.java:1181)
... Removed 24 stack frames]]>
    </failure>
  </testcase> <!-- testVerifyRFLinkForLevelECIVOrMore_2956q -->
  <testcase name="testVerifyRFLinkForPaidAsTitleLevelECIIIOrLess_3103q" time="67.853" classname="com.rf.test.website.LSD.LSDTests">
    <failure type="java.lang.AssertionError" message="1.Track my progress link is present for title type LI EC

 1.Track my progress link is present for title type LIII EC

 1.Track my progress link is present for title type C
">
      <![CDATA[java.lang.AssertionError: 1.Track my progress link is present for title type LI EC

 1.Track my progress link is present for title type LIII EC

 1.Track my progress link is present for title type C

	at com.rf.core.utils.SoftAssert.assertAll(SoftAssert.java:56)
	at com.rf.test.website.LSD.LSDTests.testVerifyRFLinkForPaidAsTitleLevelECIIIOrLess_3103q(LSDTests.java:1137)
... Removed 24 stack frames]]>
    </failure>
  </testcase> <!-- testVerifyRFLinkForPaidAsTitleLevelECIIIOrLess_3103q -->
  <testcase name="testViewPastOrderDetails_2895q" time="1.912" classname="com.rf.test.website.LSD.LSDTests"/>
  <testcase name="testVitalSignsPageNavigation_2560q" time="7.644" classname="com.rf.test.website.LSD.LSDTests"/>
  <testcase name="TotalNumberOfAllPCs_3349q" time="0.005" classname="com.rf.test.website.LSD.LSDCustomerTests">
    <skipped/>
  </testcase> <!-- TotalNumberOfAllPCs_3349q -->
  <testcase name="testPCCardComponents_3240q" time="0.008" classname="com.rf.test.website.LSD.LSDCustomerTests">
    <skipped/>
  </testcase> <!-- testPCCardComponents_3240q -->
  <testcase name="testSortingByQVLowTohigh_3011q" time="0.002" classname="com.rf.test.website.LSD.LSDCustomerTests">
    <skipped/>
  </testcase> <!-- testSortingByQVLowTohigh_3011q -->
  <testcase name="testSortingMenuForNextMonth_2999q" time="0.002" classname="com.rf.test.website.LSD.LSDCustomerTests">
    <skipped/>
  </testcase> <!-- testSortingMenuForNextMonth_2999q -->
  <testcase name="testSortingMenuForThisMonth_3000q" time="0.001" classname="com.rf.test.website.LSD.LSDCustomerTests">
    <skipped/>
  </testcase> <!-- testSortingMenuForThisMonth_3000q -->
  <testcase name="testTotalNumberOfDeactivatedPCs_2985q" time="0.001" classname="com.rf.test.website.LSD.LSDCustomerTests">
    <skipped/>
  </testcase> <!-- testTotalNumberOfDeactivatedPCs_2985q -->
  <testcase name="testTotalNumberOfNewPCs_3306q" time="0.001" classname="com.rf.test.website.LSD.LSDCustomerTests">
    <skipped/>
  </testcase> <!-- testTotalNumberOfNewPCs_3306q -->
  <testcase name="testTotalNumberOfPCsNextMonth_3021q" time="0.002" classname="com.rf.test.website.LSD.LSDCustomerTests">
    <skipped/>
  </testcase> <!-- testTotalNumberOfPCsNextMonth_3021q -->
  <testcase name="testTotalNumberOfPCsThisMonth_3013q" time="0.001" classname="com.rf.test.website.LSD.LSDCustomerTests">
    <skipped/>
  </testcase> <!-- testTotalNumberOfPCsThisMonth_3013q -->
  <testcase name="testConsultantAdhocOrderDetailsOnOrderCards_2848q" time="0.002" classname="com.rf.test.website.LSD.LSDOrdersTests">
    <skipped/>
  </testcase> <!-- testConsultantAdhocOrderDetailsOnOrderCards_2848q -->
  <testcase name="testLoadingOrdersScreen_2821q_2820q" time="0.002" classname="com.rf.test.website.LSD.LSDOrdersTests">
    <skipped/>
  </testcase> <!-- testLoadingOrdersScreen_2821q_2820q -->
  <testcase name="testOrderStatusOrderResultsBasedOnOrderFilter_2835q" time="0.001" classname="com.rf.test.website.LSD.LSDOrdersTests">
    <skipped/>
  </testcase> <!-- testOrderStatusOrderResultsBasedOnOrderFilter_2835q -->
  <testcase name="testOrderTypeOrderResultsBasedOnOrderFilter_2834q" time="0.002" classname="com.rf.test.website.LSD.LSDOrdersTests">
    <skipped/>
  </testcase> <!-- testOrderTypeOrderResultsBasedOnOrderFilter_2834q -->
  <testcase name="testPCAdhocOrderDetailsOnOrderCards_2844q" time="0.002" classname="com.rf.test.website.LSD.LSDOrdersTests">
    <skipped/>
  </testcase> <!-- testPCAdhocOrderDetailsOnOrderCards_2844q -->
  <testcase name="testPulseSubscriptionOrderDetailsOnOrderCards_2843q" time="0.002" classname="com.rf.test.website.LSD.LSDOrdersTests">
    <skipped/>
  </testcase> <!-- testPulseSubscriptionOrderDetailsOnOrderCards_2843q -->
  <testcase name="testRetailAdhocOrderDetailsOnOrderCards_2841q" time="0.001" classname="com.rf.test.website.LSD.LSDOrdersTests">
    <skipped/>
  </testcase> <!-- testRetailAdhocOrderDetailsOnOrderCards_2841q -->
  <testcase name="testVerifyCRPOrderDetailsOnOrderCards_2838q" time="0.002" classname="com.rf.test.website.LSD.LSDOrdersTests">
    <skipped/>
  </testcase> <!-- testVerifyCRPOrderDetailsOnOrderCards_2838q -->
  <testcase name="testVerifyCRPOrderDetailsWithConsultantPersonalOnOrderCards_2855q" time="0.001" classname="com.rf.test.website.LSD.LSDOrdersTests">
    <skipped/>
  </testcase> <!-- testVerifyCRPOrderDetailsWithConsultantPersonalOnOrderCards_2855q -->
  <testcase name="testVerifyOrderReceiptForFailedPCOrders_3430q" time="0.001" classname="com.rf.test.website.LSD.LSDOrdersTests">
    <skipped/>
  </testcase> <!-- testVerifyOrderReceiptForFailedPCOrders_3430q -->
  <testcase name="testVerifyOrderReceiptForProcessedPersonalAdhocOrders_3425q" time="0.003" classname="com.rf.test.website.LSD.LSDOrdersTests">
    <skipped/>
  </testcase> <!-- testVerifyOrderReceiptForProcessedPersonalAdhocOrders_3425q -->
  <testcase name="testSortingMenuForNewConsultant_3329q" time="0.002" classname="com.rf.test.website.LSD.LSDTeamTests">
    <skipped/>
  </testcase> <!-- testSortingMenuForNewConsultant_3329q -->
</testsuite> <!-- pulseRegressionTest -->
