<html>
<head>
<title>TestNG:  pulseRegressionTest</title>
<link href="../testng.css" rel="stylesheet" type="text/css" />
<link href="../my-testng.css" rel="stylesheet" type="text/css" />

<style type="text/css">
.log { display: none;} 
.stack-trace { display: none;} 
</style>
<script type="text/javascript">
<!--
function flip(e) {
  current = e.style.display;
  if (current == 'block') {
    e.style.display = 'none';
    return 0;
  }
  else {
    e.style.display = 'block';
    return 1;
  }
}

function toggleBox(szDivId, elem, msg1, msg2)
{
  var res = -1;  if (document.getElementById) {
    res = flip(document.getElementById(szDivId));
  }
  else if (document.all) {
    // this is the way old msie versions work
    res = flip(document.all[szDivId]);
  }
  if(elem) {
    if(res == 0) elem.innerHTML = msg1; else elem.innerHTML = msg2;
  }

}

function toggleAllBoxes() {
  if (document.getElementsByTagName) {
    d = document.getElementsByTagName('div');
    for (i = 0; i < d.length; i++) {
      if (d[i].className == 'log') {
        flip(d[i]);
      }
    }
  }
}

// -->
</script>

</head>
<body>
<h2 align='center'>pulseRegressionTest</h2><table border='1' align="center">
<tr>
<td>Tests passed/Failed/Skipped:</td><td>33/29/21</td>
</tr><tr>
<td>Started on:</td><td>Wed Mar 21 19:45:07 PDT 2018</td>
</tr>
<tr><td>Total time:</td><td>3139 seconds (3139439 ms)</td>
</tr><tr>
<td>Included groups:</td><td></td>
</tr><tr>
<td>Excluded groups:</td><td></td>
</tr>
</table><p/>
<small><i>(Hover the method name to see the test class name)</i></small><p/>
<table width='100%' border='1' class='invocation-failed'>
<tr><td colspan='4' align='center'><b>FAILED CONFIGURATIONS</b></td></tr>
<tr><td><b>Test method</b></td>
<td width="30%"><b>Exception</b></td>
<td width="10%"><b>Time (seconds)</b></td>
<td><b>Instance</b></td>
</tr>
<tr>
<td title='com.rf.test.website.LSD.LSDCustomerTests.beforeClass()'><b>beforeClass</b><br>Test class: com.rf.test.website.LSD.LSDCustomerTests</td>
<td><div><pre>org.openqa.selenium.NoSuchElementException: no such element: Unable to locate element: {&quot;method&quot;:&quot;id&quot;,&quot;selector&quot;:&quot;username&quot;}
  (Session info: chrome=64.0.3282.186)
  (Driver info: chromedriver=2.36.540470 (e522d04694c7ebea4ba8821272dbef4f9b818c91),platform=Windows NT 10.0.10586 x86_64) (WARNING: The server did not provide any stacktrace information)
Command duration or timeout: 0 milliseconds
For documentation on this error, please visit: http://seleniumhq.org/exceptions/no_such_element.html
Build info: version: &apos;3.7.1&apos;, revision: &apos;8a0099a&apos;, time: &apos;2017-11-06T21:01:39.354Z&apos;
System info: host: &apos;LD-4V2P3G2&apos;, ip: &apos;192.168.121.186&apos;, os.name: &apos;Windows 10&apos;, os.arch: &apos;amd64&apos;, os.version: &apos;10.0&apos;, java.version: &apos;1.8.0_161&apos;
Driver info: org.openqa.selenium.chrome.ChromeDriver
Capabilities {acceptInsecureCerts: false, acceptSslCerts: false, applicationCacheEnabled: false, browserConnectionEnabled: false, browserName: chrome, chrome: {chromedriverVersion: 2.36.540470 (e522d04694c7eb..., userDataDir: C:\Users\BPKOTA~1\AppData\L...}, cssSelectorsEnabled: true, databaseEnabled: false, handlesAlerts: true, hasTouchScreen: false, javascriptEnabled: true, locationContextEnabled: true, mobileEmulationEnabled: false, nativeEvents: true, networkConnectionEnabled: false, pageLoadStrategy: normal, platform: XP, platformName: XP, rotatable: false, setWindowRect: true, takesHeapSnapshot: true, takesScreenshot: true, unexpectedAlertBehaviour: , unhandledPromptBehavior: , version: 64.0.3282.186, webStorageEnabled: true}
Session ID: 2db2bf570d2ec00627462e349eaa6df9
*** Element info: {Using=id, value=username}
	at org.openqa.selenium.remote.ErrorHandler.createThrowable(ErrorHandler.java:214)
	at org.openqa.selenium.remote.ErrorHandler.throwIfResponseFailed(ErrorHandler.java:166)
	at org.openqa.selenium.remote.http.JsonHttpResponseCodec.reconstructValue(JsonHttpResponseCodec.java:40)
	at org.openqa.selenium.remote.http.AbstractHttpResponseCodec.decode(AbstractHttpResponseCodec.java:80)
	at org.openqa.selenium.remote.http.AbstractHttpResponseCodec.decode(AbstractHttpResponseCodec.java:44)
	at org.openqa.selenium.remote.HttpCommandExecutor.execute(HttpCommandExecutor.java:164)
	at org.openqa.selenium.remote.service.DriverCommandExecutor.execute(DriverCommandExecutor.java:83)
	at org.openqa.selenium.remote.RemoteWebDriver.execute(RemoteWebDriver.java:600)
	at org.openqa.selenium.remote.RemoteWebDriver.findElement(RemoteWebDriver.java:370)
	at org.openqa.selenium.remote.RemoteWebDriver.findElementById(RemoteWebDriver.java:416)
	at org.openqa.selenium.By$ById.findElement(By.java:218)
	at org.openqa.selenium.remote.RemoteWebDriver.findElement(RemoteWebDriver.java:362)
	at com.rf.core.driver.website.RFWebsiteDriver.findElement(RFWebsiteDriver.java:860)
	at com.rf.core.driver.website.RFWebsiteDriver.type(RFWebsiteDriver.java:834)
	at com.rf.core.driver.website.RFWebsiteDriver.type(RFWebsiteDriver.java:808)
	at com.rf.pages.website.LSD.LSDLoginPage.enterUsername(LSDLoginPage.java:44)
	at com.rf.test.website.RFLSDWebsiteBaseTest.beforeClass(RFLSDWebsiteBaseTest.java:111)
... Removed 28 stack frames</pre></div><a href='#' onClick='toggleBox("stack-trace2082524624", this, "Click to show all stack frames", "Click to hide stack frames")'>Click to show all stack frames</a>
<div class='stack-trace' id='stack-trace2082524624'><pre>org.openqa.selenium.NoSuchElementException: no such element: Unable to locate element: {&quot;method&quot;:&quot;id&quot;,&quot;selector&quot;:&quot;username&quot;}
  (Session info: chrome=64.0.3282.186)
  (Driver info: chromedriver=2.36.540470 (e522d04694c7ebea4ba8821272dbef4f9b818c91),platform=Windows NT 10.0.10586 x86_64) (WARNING: The server did not provide any stacktrace information)
Command duration or timeout: 0 milliseconds
For documentation on this error, please visit: http://seleniumhq.org/exceptions/no_such_element.html
Build info: version: &apos;3.7.1&apos;, revision: &apos;8a0099a&apos;, time: &apos;2017-11-06T21:01:39.354Z&apos;
System info: host: &apos;LD-4V2P3G2&apos;, ip: &apos;192.168.121.186&apos;, os.name: &apos;Windows 10&apos;, os.arch: &apos;amd64&apos;, os.version: &apos;10.0&apos;, java.version: &apos;1.8.0_161&apos;
Driver info: org.openqa.selenium.chrome.ChromeDriver
Capabilities {acceptInsecureCerts: false, acceptSslCerts: false, applicationCacheEnabled: false, browserConnectionEnabled: false, browserName: chrome, chrome: {chromedriverVersion: 2.36.540470 (e522d04694c7eb..., userDataDir: C:\Users\BPKOTA~1\AppData\L...}, cssSelectorsEnabled: true, databaseEnabled: false, handlesAlerts: true, hasTouchScreen: false, javascriptEnabled: true, locationContextEnabled: true, mobileEmulationEnabled: false, nativeEvents: true, networkConnectionEnabled: false, pageLoadStrategy: normal, platform: XP, platformName: XP, rotatable: false, setWindowRect: true, takesHeapSnapshot: true, takesScreenshot: true, unexpectedAlertBehaviour: , unhandledPromptBehavior: , version: 64.0.3282.186, webStorageEnabled: true}
Session ID: 2db2bf570d2ec00627462e349eaa6df9
*** Element info: {Using=id, value=username}
	at sun.reflect.NativeConstructorAccessorImpl.newInstance0(Native Method)
	at sun.reflect.NativeConstructorAccessorImpl.newInstance(Unknown Source)
	at sun.reflect.DelegatingConstructorAccessorImpl.newInstance(Unknown Source)
	at java.lang.reflect.Constructor.newInstance(Unknown Source)
	at org.openqa.selenium.remote.ErrorHandler.createThrowable(ErrorHandler.java:214)
	at org.openqa.selenium.remote.ErrorHandler.throwIfResponseFailed(ErrorHandler.java:166)
	at org.openqa.selenium.remote.http.JsonHttpResponseCodec.reconstructValue(JsonHttpResponseCodec.java:40)
	at org.openqa.selenium.remote.http.AbstractHttpResponseCodec.decode(AbstractHttpResponseCodec.java:80)
	at org.openqa.selenium.remote.http.AbstractHttpResponseCodec.decode(AbstractHttpResponseCodec.java:44)
	at org.openqa.selenium.remote.HttpCommandExecutor.execute(HttpCommandExecutor.java:164)
	at org.openqa.selenium.remote.service.DriverCommandExecutor.execute(DriverCommandExecutor.java:83)
	at org.openqa.selenium.remote.RemoteWebDriver.execute(RemoteWebDriver.java:600)
	at org.openqa.selenium.remote.RemoteWebDriver.findElement(RemoteWebDriver.java:370)
	at org.openqa.selenium.remote.RemoteWebDriver.findElementById(RemoteWebDriver.java:416)
	at org.openqa.selenium.By$ById.findElement(By.java:218)
	at org.openqa.selenium.remote.RemoteWebDriver.findElement(RemoteWebDriver.java:362)
	at com.rf.core.driver.website.RFWebsiteDriver.findElement(RFWebsiteDriver.java:860)
	at com.rf.core.driver.website.RFWebsiteDriver.type(RFWebsiteDriver.java:834)
	at com.rf.core.driver.website.RFWebsiteDriver.type(RFWebsiteDriver.java:808)
	at com.rf.pages.website.LSD.LSDLoginPage.enterUsername(LSDLoginPage.java:44)
	at com.rf.test.website.RFLSDWebsiteBaseTest.beforeClass(RFLSDWebsiteBaseTest.java:111)
	at sun.reflect.NativeMethodAccessorImpl.invoke0(Native Method)
	at sun.reflect.NativeMethodAccessorImpl.invoke(Unknown Source)
	at sun.reflect.DelegatingMethodAccessorImpl.invoke(Unknown Source)
	at java.lang.reflect.Method.invoke(Unknown Source)
	at org.testng.internal.MethodInvocationHelper.invokeMethod(MethodInvocationHelper.java:84)
	at org.testng.internal.Invoker.invokeConfigurationMethod(Invoker.java:564)
	at org.testng.internal.Invoker.invokeConfigurations(Invoker.java:213)
	at org.testng.internal.Invoker.invokeConfigurations(Invoker.java:138)
	at org.testng.internal.TestMethodWorker.invokeBeforeClassMethods(TestMethodWorker.java:175)
	at org.testng.internal.TestMethodWorker.run(TestMethodWorker.java:107)
	at org.testng.TestRunner.privateRun(TestRunner.java:767)
	at org.testng.TestRunner.run(TestRunner.java:617)
	at org.testng.SuiteRunner.runTest(SuiteRunner.java:348)
	at org.testng.SuiteRunner.runSequentially(SuiteRunner.java:343)
	at org.testng.SuiteRunner.privateRun(SuiteRunner.java:305)
	at org.testng.SuiteRunner.run(SuiteRunner.java:254)
	at org.testng.SuiteRunnerWorker.runSuite(SuiteRunnerWorker.java:52)
	at org.testng.SuiteRunnerWorker.run(SuiteRunnerWorker.java:86)
	at org.testng.TestNG.runSuitesSequentially(TestNG.java:1224)
	at org.testng.TestNG.runSuitesLocally(TestNG.java:1149)
	at org.testng.TestNG.run(TestNG.java:1057)
	at org.testng.remote.AbstractRemoteTestNG.run(AbstractRemoteTestNG.java:114)
	at org.testng.remote.RemoteTestNG.initAndRun(RemoteTestNG.java:251)
	at org.testng.remote.RemoteTestNG.main(RemoteTestNG.java:77)
</pre></div></td>
<td>0</td>
<td>com.rf.test.website.LSD.LSDCustomerTests@644c78d4</td></tr>
</table><p>
<table width='100%' border='1' class='invocation-skipped'>
<tr><td colspan='4' align='center'><b>SKIPPED CONFIGURATIONS</b></td></tr>
<tr><td><b>Test method</b></td>
<td width="30%"><b>Exception</b></td>
<td width="10%"><b>Time (seconds)</b></td>
<td><b>Instance</b></td>
</tr>
<tr>
<td title='com.rf.test.website.LSD.LSDOrdersTests.beforeClass()'><b>beforeClass</b><br>Test class: com.rf.test.website.LSD.LSDOrdersTests</td>
<td></td>
<td>0</td>
<td>com.rf.test.website.LSD.LSDOrdersTests@76a82f33</td></tr>
<tr>
<td title='com.rf.test.website.LSD.LSDTeamTests.beforeClass()'><b>beforeClass</b><br>Test class: com.rf.test.website.LSD.LSDTeamTests</td>
<td></td>
<td>0</td>
<td>com.rf.test.website.LSD.LSDTeamTests@5db4c359</td></tr>
<tr>
<td title='com.rf.test.website.LSD.LSDCustomerTests.initiateSoftAssertObject()'><b>initiateSoftAssertObject</b><br>Test class: com.rf.test.website.LSD.LSDCustomerTests</td>
<td></td>
<td>0</td>
<td>com.rf.test.website.LSD.LSDCustomerTests@644c78d4</td></tr>
<tr>
<td title='com.rf.test.website.LSD.LSDCustomerTests.initiateSoftAssertObject()'><b>initiateSoftAssertObject</b><br>Test class: com.rf.test.website.LSD.LSDCustomerTests</td>
<td></td>
<td>0</td>
<td>com.rf.test.website.LSD.LSDCustomerTests@644c78d4</td></tr>
<tr>
<td title='com.rf.test.website.LSD.LSDCustomerTests.initiateSoftAssertObject()'><b>initiateSoftAssertObject</b><br>Test class: com.rf.test.website.LSD.LSDCustomerTests</td>
<td></td>
<td>0</td>
<td>com.rf.test.website.LSD.LSDCustomerTests@644c78d4</td></tr>
<tr>
<td title='com.rf.test.website.LSD.LSDCustomerTests.initiateSoftAssertObject()'><b>initiateSoftAssertObject</b><br>Test class: com.rf.test.website.LSD.LSDCustomerTests</td>
<td></td>
<td>0</td>
<td>com.rf.test.website.LSD.LSDCustomerTests@644c78d4</td></tr>
<tr>
<td title='com.rf.test.website.LSD.LSDCustomerTests.initiateSoftAssertObject()'><b>initiateSoftAssertObject</b><br>Test class: com.rf.test.website.LSD.LSDCustomerTests</td>
<td></td>
<td>0</td>
<td>com.rf.test.website.LSD.LSDCustomerTests@644c78d4</td></tr>
<tr>
<td title='com.rf.test.website.LSD.LSDCustomerTests.initiateSoftAssertObject()'><b>initiateSoftAssertObject</b><br>Test class: com.rf.test.website.LSD.LSDCustomerTests</td>
<td></td>
<td>0</td>
<td>com.rf.test.website.LSD.LSDCustomerTests@644c78d4</td></tr>
<tr>
<td title='com.rf.test.website.LSD.LSDCustomerTests.initiateSoftAssertObject()'><b>initiateSoftAssertObject</b><br>Test class: com.rf.test.website.LSD.LSDCustomerTests</td>
<td></td>
<td>0</td>
<td>com.rf.test.website.LSD.LSDCustomerTests@644c78d4</td></tr>
<tr>
<td title='com.rf.test.website.LSD.LSDCustomerTests.initiateSoftAssertObject()'><b>initiateSoftAssertObject</b><br>Test class: com.rf.test.website.LSD.LSDCustomerTests</td>
<td></td>
<td>0</td>
<td>com.rf.test.website.LSD.LSDCustomerTests@644c78d4</td></tr>
<tr>
<td title='com.rf.test.website.LSD.LSDCustomerTests.initiateSoftAssertObject()'><b>initiateSoftAssertObject</b><br>Test class: com.rf.test.website.LSD.LSDCustomerTests</td>
<td></td>
<td>0</td>
<td>com.rf.test.website.LSD.LSDCustomerTests@644c78d4</td></tr>
<tr>
<td title='com.rf.test.website.LSD.LSDOrdersTests.initiateSoftAssertObject()'><b>initiateSoftAssertObject</b><br>Test class: com.rf.test.website.LSD.LSDOrdersTests</td>
<td></td>
<td>0</td>
<td>com.rf.test.website.LSD.LSDOrdersTests@76a82f33</td></tr>
<tr>
<td title='com.rf.test.website.LSD.LSDOrdersTests.initiateSoftAssertObject()'><b>initiateSoftAssertObject</b><br>Test class: com.rf.test.website.LSD.LSDOrdersTests</td>
<td></td>
<td>0</td>
<td>com.rf.test.website.LSD.LSDOrdersTests@76a82f33</td></tr>
<tr>
<td title='com.rf.test.website.LSD.LSDOrdersTests.initiateSoftAssertObject()'><b>initiateSoftAssertObject</b><br>Test class: com.rf.test.website.LSD.LSDOrdersTests</td>
<td></td>
<td>0</td>
<td>com.rf.test.website.LSD.LSDOrdersTests@76a82f33</td></tr>
<tr>
<td title='com.rf.test.website.LSD.LSDOrdersTests.initiateSoftAssertObject()'><b>initiateSoftAssertObject</b><br>Test class: com.rf.test.website.LSD.LSDOrdersTests</td>
<td></td>
<td>0</td>
<td>com.rf.test.website.LSD.LSDOrdersTests@76a82f33</td></tr>
<tr>
<td title='com.rf.test.website.LSD.LSDOrdersTests.initiateSoftAssertObject()'><b>initiateSoftAssertObject</b><br>Test class: com.rf.test.website.LSD.LSDOrdersTests</td>
<td></td>
<td>0</td>
<td>com.rf.test.website.LSD.LSDOrdersTests@76a82f33</td></tr>
<tr>
<td title='com.rf.test.website.LSD.LSDOrdersTests.initiateSoftAssertObject()'><b>initiateSoftAssertObject</b><br>Test class: com.rf.test.website.LSD.LSDOrdersTests</td>
<td></td>
<td>0</td>
<td>com.rf.test.website.LSD.LSDOrdersTests@76a82f33</td></tr>
<tr>
<td title='com.rf.test.website.LSD.LSDOrdersTests.initiateSoftAssertObject()'><b>initiateSoftAssertObject</b><br>Test class: com.rf.test.website.LSD.LSDOrdersTests</td>
<td></td>
<td>0</td>
<td>com.rf.test.website.LSD.LSDOrdersTests@76a82f33</td></tr>
<tr>
<td title='com.rf.test.website.LSD.LSDOrdersTests.initiateSoftAssertObject()'><b>initiateSoftAssertObject</b><br>Test class: com.rf.test.website.LSD.LSDOrdersTests</td>
<td></td>
<td>0</td>
<td>com.rf.test.website.LSD.LSDOrdersTests@76a82f33</td></tr>
<tr>
<td title='com.rf.test.website.LSD.LSDOrdersTests.initiateSoftAssertObject()'><b>initiateSoftAssertObject</b><br>Test class: com.rf.test.website.LSD.LSDOrdersTests</td>
<td></td>
<td>0</td>
<td>com.rf.test.website.LSD.LSDOrdersTests@76a82f33</td></tr>
<tr>
<td title='com.rf.test.website.LSD.LSDOrdersTests.initiateSoftAssertObject()'><b>initiateSoftAssertObject</b><br>Test class: com.rf.test.website.LSD.LSDOrdersTests</td>
<td></td>
<td>0</td>
<td>com.rf.test.website.LSD.LSDOrdersTests@76a82f33</td></tr>
<tr>
<td title='com.rf.test.website.LSD.LSDOrdersTests.initiateSoftAssertObject()'><b>initiateSoftAssertObject</b><br>Test class: com.rf.test.website.LSD.LSDOrdersTests</td>
<td></td>
<td>0</td>
<td>com.rf.test.website.LSD.LSDOrdersTests@76a82f33</td></tr>
<tr>
<td title='com.rf.test.website.LSD.LSDTeamTests.initiateSoftAssertObject()'><b>initiateSoftAssertObject</b><br>Test class: com.rf.test.website.LSD.LSDTeamTests</td>
<td></td>
<td>0</td>
<td>com.rf.test.website.LSD.LSDTeamTests@5db4c359</td></tr>
<tr>
<td title='com.rf.test.website.LSD.LSDCustomerTests.tearDownAfterMethod()'><b>tearDownAfterMethod</b><br>Test class: com.rf.test.website.LSD.LSDCustomerTests</td>
<td></td>
<td>0</td>
<td>com.rf.test.website.LSD.LSDCustomerTests@644c78d4</td></tr>
<tr>
<td title='com.rf.test.website.LSD.LSDCustomerTests.tearDownAfterMethod()'><b>tearDownAfterMethod</b><br>Test class: com.rf.test.website.LSD.LSDCustomerTests</td>
<td></td>
<td>0</td>
<td>com.rf.test.website.LSD.LSDCustomerTests@644c78d4</td></tr>
<tr>
<td title='com.rf.test.website.LSD.LSDCustomerTests.tearDownAfterMethod()'><b>tearDownAfterMethod</b><br>Test class: com.rf.test.website.LSD.LSDCustomerTests</td>
<td></td>
<td>0</td>
<td>com.rf.test.website.LSD.LSDCustomerTests@644c78d4</td></tr>
<tr>
<td title='com.rf.test.website.LSD.LSDCustomerTests.tearDownAfterMethod()'><b>tearDownAfterMethod</b><br>Test class: com.rf.test.website.LSD.LSDCustomerTests</td>
<td></td>
<td>0</td>
<td>com.rf.test.website.LSD.LSDCustomerTests@644c78d4</td></tr>
<tr>
<td title='com.rf.test.website.LSD.LSDCustomerTests.tearDownAfterMethod()'><b>tearDownAfterMethod</b><br>Test class: com.rf.test.website.LSD.LSDCustomerTests</td>
<td></td>
<td>0</td>
<td>com.rf.test.website.LSD.LSDCustomerTests@644c78d4</td></tr>
<tr>
<td title='com.rf.test.website.LSD.LSDCustomerTests.tearDownAfterMethod()'><b>tearDownAfterMethod</b><br>Test class: com.rf.test.website.LSD.LSDCustomerTests</td>
<td></td>
<td>0</td>
<td>com.rf.test.website.LSD.LSDCustomerTests@644c78d4</td></tr>
<tr>
<td title='com.rf.test.website.LSD.LSDCustomerTests.tearDownAfterMethod()'><b>tearDownAfterMethod</b><br>Test class: com.rf.test.website.LSD.LSDCustomerTests</td>
<td></td>
<td>0</td>
<td>com.rf.test.website.LSD.LSDCustomerTests@644c78d4</td></tr>
<tr>
<td title='com.rf.test.website.LSD.LSDCustomerTests.tearDownAfterMethod()'><b>tearDownAfterMethod</b><br>Test class: com.rf.test.website.LSD.LSDCustomerTests</td>
<td></td>
<td>0</td>
<td>com.rf.test.website.LSD.LSDCustomerTests@644c78d4</td></tr>
<tr>
<td title='com.rf.test.website.LSD.LSDCustomerTests.tearDownAfterMethod()'><b>tearDownAfterMethod</b><br>Test class: com.rf.test.website.LSD.LSDCustomerTests</td>
<td></td>
<td>0</td>
<td>com.rf.test.website.LSD.LSDCustomerTests@644c78d4</td></tr>
<tr>
<td title='com.rf.test.website.LSD.LSDOrdersTests.tearDownAfterMethod()'><b>tearDownAfterMethod</b><br>Test class: com.rf.test.website.LSD.LSDOrdersTests</td>
<td></td>
<td>0</td>
<td>com.rf.test.website.LSD.LSDOrdersTests@76a82f33</td></tr>
<tr>
<td title='com.rf.test.website.LSD.LSDOrdersTests.tearDownAfterMethod()'><b>tearDownAfterMethod</b><br>Test class: com.rf.test.website.LSD.LSDOrdersTests</td>
<td></td>
<td>0</td>
<td>com.rf.test.website.LSD.LSDOrdersTests@76a82f33</td></tr>
<tr>
<td title='com.rf.test.website.LSD.LSDOrdersTests.tearDownAfterMethod()'><b>tearDownAfterMethod</b><br>Test class: com.rf.test.website.LSD.LSDOrdersTests</td>
<td></td>
<td>0</td>
<td>com.rf.test.website.LSD.LSDOrdersTests@76a82f33</td></tr>
<tr>
<td title='com.rf.test.website.LSD.LSDOrdersTests.tearDownAfterMethod()'><b>tearDownAfterMethod</b><br>Test class: com.rf.test.website.LSD.LSDOrdersTests</td>
<td></td>
<td>0</td>
<td>com.rf.test.website.LSD.LSDOrdersTests@76a82f33</td></tr>
<tr>
<td title='com.rf.test.website.LSD.LSDOrdersTests.tearDownAfterMethod()'><b>tearDownAfterMethod</b><br>Test class: com.rf.test.website.LSD.LSDOrdersTests</td>
<td></td>
<td>0</td>
<td>com.rf.test.website.LSD.LSDOrdersTests@76a82f33</td></tr>
<tr>
<td title='com.rf.test.website.LSD.LSDOrdersTests.tearDownAfterMethod()'><b>tearDownAfterMethod</b><br>Test class: com.rf.test.website.LSD.LSDOrdersTests</td>
<td></td>
<td>0</td>
<td>com.rf.test.website.LSD.LSDOrdersTests@76a82f33</td></tr>
<tr>
<td title='com.rf.test.website.LSD.LSDOrdersTests.tearDownAfterMethod()'><b>tearDownAfterMethod</b><br>Test class: com.rf.test.website.LSD.LSDOrdersTests</td>
<td></td>
<td>0</td>
<td>com.rf.test.website.LSD.LSDOrdersTests@76a82f33</td></tr>
<tr>
<td title='com.rf.test.website.LSD.LSDOrdersTests.tearDownAfterMethod()'><b>tearDownAfterMethod</b><br>Test class: com.rf.test.website.LSD.LSDOrdersTests</td>
<td></td>
<td>0</td>
<td>com.rf.test.website.LSD.LSDOrdersTests@76a82f33</td></tr>
<tr>
<td title='com.rf.test.website.LSD.LSDOrdersTests.tearDownAfterMethod()'><b>tearDownAfterMethod</b><br>Test class: com.rf.test.website.LSD.LSDOrdersTests</td>
<td></td>
<td>0</td>
<td>com.rf.test.website.LSD.LSDOrdersTests@76a82f33</td></tr>
<tr>
<td title='com.rf.test.website.LSD.LSDOrdersTests.tearDownAfterMethod()'><b>tearDownAfterMethod</b><br>Test class: com.rf.test.website.LSD.LSDOrdersTests</td>
<td></td>
<td>0</td>
<td>com.rf.test.website.LSD.LSDOrdersTests@76a82f33</td></tr>
<tr>
<td title='com.rf.test.website.LSD.LSDOrdersTests.tearDownAfterMethod()'><b>tearDownAfterMethod</b><br>Test class: com.rf.test.website.LSD.LSDOrdersTests</td>
<td></td>
<td>0</td>
<td>com.rf.test.website.LSD.LSDOrdersTests@76a82f33</td></tr>
<tr>
<td title='com.rf.test.website.LSD.LSDTeamTests.tearDownAfterMethod()'><b>tearDownAfterMethod</b><br>Test class: com.rf.test.website.LSD.LSDTeamTests</td>
<td></td>
<td>0</td>
<td>com.rf.test.website.LSD.LSDTeamTests@5db4c359</td></tr>
<tr>
<td title='com.rf.test.website.LSD.LSDCustomerTests.afterClass()'><b>afterClass</b><br>Test class: com.rf.test.website.LSD.LSDCustomerTests</td>
<td></td>
<td>0</td>
<td>com.rf.test.website.LSD.LSDCustomerTests@644c78d4</td></tr>
<tr>
<td title='com.rf.test.website.LSD.LSDOrdersTests.afterLSDOrderLogout()'><b>afterLSDOrderLogout</b><br>Test class: com.rf.test.website.LSD.LSDOrdersTests</td>
<td></td>
<td>0</td>
<td>com.rf.test.website.LSD.LSDOrdersTests@76a82f33</td></tr>
<tr>
<td title='com.rf.test.website.LSD.LSDOrdersTests.afterClass()'><b>afterClass</b><br>Test class: com.rf.test.website.LSD.LSDOrdersTests</td>
<td></td>
<td>0</td>
<td>com.rf.test.website.LSD.LSDOrdersTests@76a82f33</td></tr>
<tr>
<td title='com.rf.test.website.LSD.LSDTeamTests.afterLSDTeamLogout()'><b>afterLSDTeamLogout</b><br>Test class: com.rf.test.website.LSD.LSDTeamTests</td>
<td></td>
<td>0</td>
<td>com.rf.test.website.LSD.LSDTeamTests@5db4c359</td></tr>
<tr>
<td title='com.rf.test.website.LSD.LSDTeamTests.afterClass()'><b>afterClass</b><br>Test class: com.rf.test.website.LSD.LSDTeamTests</td>
<td></td>
<td>0</td>
<td>com.rf.test.website.LSD.LSDTeamTests@5db4c359</td></tr>
</table><p>
<table width='100%' border='1' class='invocation-failed'>
<tr><td colspan='4' align='center'><b>FAILED TESTS</b></td></tr>
<tr><td><b>Test method</b></td>
<td width="30%"><b>Exception</b></td>
<td width="10%"><b>Time (seconds)</b></td>
<td><b>Instance</b></td>
</tr>
<tr>
<td title='com.rf.test.website.LSD.LSDTests.test2InitialIcon_2547q()'><b>test2InitialIcon_2547q</b><br>Test class: com.rf.test.website.LSD.LSDTests</td>
<td><div><pre>java.lang.NullPointerException
	at com.rf.pages.website.LSD.LSDHomePage.getFirstLetterFromString(LSDHomePage.java:621)
	at com.rf.test.website.LSD.LSDTests.test2InitialIcon_2547q(LSDTests.java:60)
... Removed 24 stack frames</pre></div><a href='#' onClick='toggleBox("stack-trace1052658892", this, "Click to show all stack frames", "Click to hide stack frames")'>Click to show all stack frames</a>
<div class='stack-trace' id='stack-trace1052658892'><pre>java.lang.NullPointerException
	at com.rf.pages.website.LSD.LSDHomePage.getFirstLetterFromString(LSDHomePage.java:621)
	at com.rf.test.website.LSD.LSDTests.test2InitialIcon_2547q(LSDTests.java:60)
	at sun.reflect.NativeMethodAccessorImpl.invoke0(Native Method)
	at sun.reflect.NativeMethodAccessorImpl.invoke(Unknown Source)
	at sun.reflect.DelegatingMethodAccessorImpl.invoke(Unknown Source)
	at java.lang.reflect.Method.invoke(Unknown Source)
	at org.testng.internal.MethodInvocationHelper.invokeMethod(MethodInvocationHelper.java:84)
	at org.testng.internal.Invoker.invokeMethod(Invoker.java:714)
	at org.testng.internal.Invoker.invokeTestMethod(Invoker.java:901)
	at org.testng.internal.Invoker.invokeTestMethods(Invoker.java:1231)
	at org.testng.internal.TestMethodWorker.invokeTestMethods(TestMethodWorker.java:127)
	at org.testng.internal.TestMethodWorker.run(TestMethodWorker.java:111)
	at org.testng.TestRunner.privateRun(TestRunner.java:767)
	at org.testng.TestRunner.run(TestRunner.java:617)
	at org.testng.SuiteRunner.runTest(SuiteRunner.java:348)
	at org.testng.SuiteRunner.runSequentially(SuiteRunner.java:343)
	at org.testng.SuiteRunner.privateRun(SuiteRunner.java:305)
	at org.testng.SuiteRunner.run(SuiteRunner.java:254)
	at org.testng.SuiteRunnerWorker.runSuite(SuiteRunnerWorker.java:52)
	at org.testng.SuiteRunnerWorker.run(SuiteRunnerWorker.java:86)
	at org.testng.TestNG.runSuitesSequentially(TestNG.java:1224)
	at org.testng.TestNG.runSuitesLocally(TestNG.java:1149)
	at org.testng.TestNG.run(TestNG.java:1057)
	at org.testng.remote.AbstractRemoteTestNG.run(AbstractRemoteTestNG.java:114)
	at org.testng.remote.RemoteTestNG.initAndRun(RemoteTestNG.java:251)
	at org.testng.remote.RemoteTestNG.main(RemoteTestNG.java:77)
</pre></div></td>
<td>4</td>
<td>com.rf.test.website.LSD.LSDTests@f19c9d2</td></tr>
<tr>
<td title='com.rf.test.website.LSD.LSDTests.testColorOfSVValueAndSVRingForEqualsTo0_2469q()'><b>testColorOfSVValueAndSVRingForEqualsTo0_2469q</b><br>Test class: com.rf.test.website.LSD.LSDTests</td>
<td><div><pre>org.openqa.selenium.NoSuchElementException: no such element: Unable to locate element: {&quot;method&quot;:&quot;xpath&quot;,&quot;selector&quot;:&quot;//div[@id=&apos;rf-nav-wrapper&apos;]/descendant::span[text()=&apos;Pulse&apos;][1]&quot;}
  (Session info: chrome=64.0.3282.186)
  (Driver info: chromedriver=2.36.540470 (e522d04694c7ebea4ba8821272dbef4f9b818c91),platform=Windows NT 10.0.10586 x86_64) (WARNING: The server did not provide any stacktrace information)
Command duration or timeout: 0 milliseconds
For documentation on this error, please visit: http://seleniumhq.org/exceptions/no_such_element.html
Build info: version: &apos;3.7.1&apos;, revision: &apos;8a0099a&apos;, time: &apos;2017-11-06T21:01:39.354Z&apos;
System info: host: &apos;LD-4V2P3G2&apos;, ip: &apos;192.168.121.186&apos;, os.name: &apos;Windows 10&apos;, os.arch: &apos;amd64&apos;, os.version: &apos;10.0&apos;, java.version: &apos;1.8.0_161&apos;
Driver info: org.openqa.selenium.chrome.ChromeDriver
Capabilities {acceptInsecureCerts: false, acceptSslCerts: false, applicationCacheEnabled: false, browserConnectionEnabled: false, browserName: chrome, chrome: {chromedriverVersion: 2.36.540470 (e522d04694c7eb..., userDataDir: C:\Users\BPKOTA~1\AppData\L...}, cssSelectorsEnabled: true, databaseEnabled: false, handlesAlerts: true, hasTouchScreen: false, javascriptEnabled: true, locationContextEnabled: true, mobileEmulationEnabled: false, nativeEvents: true, networkConnectionEnabled: false, pageLoadStrategy: normal, platform: XP, platformName: XP, rotatable: false, setWindowRect: true, takesHeapSnapshot: true, takesScreenshot: true, unexpectedAlertBehaviour: , unhandledPromptBehavior: , version: 64.0.3282.186, webStorageEnabled: true}
Session ID: 2db2bf570d2ec00627462e349eaa6df9
*** Element info: {Using=xpath, value=//div[@id=&apos;rf-nav-wrapper&apos;]/descendant::span[text()=&apos;Pulse&apos;][1]}
	at org.openqa.selenium.remote.ErrorHandler.createThrowable(ErrorHandler.java:214)
	at org.openqa.selenium.remote.ErrorHandler.throwIfResponseFailed(ErrorHandler.java:166)
	at org.openqa.selenium.remote.http.JsonHttpResponseCodec.reconstructValue(JsonHttpResponseCodec.java:40)
	at org.openqa.selenium.remote.http.AbstractHttpResponseCodec.decode(AbstractHttpResponseCodec.java:80)
	at org.openqa.selenium.remote.http.AbstractHttpResponseCodec.decode(AbstractHttpResponseCodec.java:44)
	at org.openqa.selenium.remote.HttpCommandExecutor.execute(HttpCommandExecutor.java:164)
	at org.openqa.selenium.remote.service.DriverCommandExecutor.execute(DriverCommandExecutor.java:83)
	at org.openqa.selenium.remote.RemoteWebDriver.execute(RemoteWebDriver.java:600)
	at org.openqa.selenium.remote.RemoteWebDriver.findElement(RemoteWebDriver.java:370)
	at org.openqa.selenium.remote.RemoteWebDriver.findElementByXPath(RemoteWebDriver.java:472)
	at org.openqa.selenium.By$ByXPath.findElement(By.java:361)
	at org.openqa.selenium.remote.RemoteWebDriver.findElement(RemoteWebDriver.java:362)
	at com.rf.core.driver.website.RFWebsiteDriver.findElement(RFWebsiteDriver.java:860)
	at com.rf.core.driver.website.RFWebsiteDriver.click(RFWebsiteDriver.java:764)
	at com.rf.pages.website.LSD.LSDRFWebsiteBasePage.clickLogout(LSDRFWebsiteBasePage.java:161)
	at com.rf.pages.website.LSD.LSDLoginPage.loginToPulse(LSDLoginPage.java:89)
	at com.rf.test.website.LSD.LSDTests.testColorOfSVValueAndSVRingForEqualsTo0_2469q(LSDTests.java:1328)
... Removed 28 stack frames</pre></div><a href='#' onClick='toggleBox("stack-trace111819772", this, "Click to show all stack frames", "Click to hide stack frames")'>Click to show all stack frames</a>
<div class='stack-trace' id='stack-trace111819772'><pre>org.openqa.selenium.NoSuchElementException: no such element: Unable to locate element: {&quot;method&quot;:&quot;xpath&quot;,&quot;selector&quot;:&quot;//div[@id=&apos;rf-nav-wrapper&apos;]/descendant::span[text()=&apos;Pulse&apos;][1]&quot;}
  (Session info: chrome=64.0.3282.186)
  (Driver info: chromedriver=2.36.540470 (e522d04694c7ebea4ba8821272dbef4f9b818c91),platform=Windows NT 10.0.10586 x86_64) (WARNING: The server did not provide any stacktrace information)
Command duration or timeout: 0 milliseconds
For documentation on this error, please visit: http://seleniumhq.org/exceptions/no_such_element.html
Build info: version: &apos;3.7.1&apos;, revision: &apos;8a0099a&apos;, time: &apos;2017-11-06T21:01:39.354Z&apos;
System info: host: &apos;LD-4V2P3G2&apos;, ip: &apos;192.168.121.186&apos;, os.name: &apos;Windows 10&apos;, os.arch: &apos;amd64&apos;, os.version: &apos;10.0&apos;, java.version: &apos;1.8.0_161&apos;
Driver info: org.openqa.selenium.chrome.ChromeDriver
Capabilities {acceptInsecureCerts: false, acceptSslCerts: false, applicationCacheEnabled: false, browserConnectionEnabled: false, browserName: chrome, chrome: {chromedriverVersion: 2.36.540470 (e522d04694c7eb..., userDataDir: C:\Users\BPKOTA~1\AppData\L...}, cssSelectorsEnabled: true, databaseEnabled: false, handlesAlerts: true, hasTouchScreen: false, javascriptEnabled: true, locationContextEnabled: true, mobileEmulationEnabled: false, nativeEvents: true, networkConnectionEnabled: false, pageLoadStrategy: normal, platform: XP, platformName: XP, rotatable: false, setWindowRect: true, takesHeapSnapshot: true, takesScreenshot: true, unexpectedAlertBehaviour: , unhandledPromptBehavior: , version: 64.0.3282.186, webStorageEnabled: true}
Session ID: 2db2bf570d2ec00627462e349eaa6df9
*** Element info: {Using=xpath, value=//div[@id=&apos;rf-nav-wrapper&apos;]/descendant::span[text()=&apos;Pulse&apos;][1]}
	at sun.reflect.NativeConstructorAccessorImpl.newInstance0(Native Method)
	at sun.reflect.NativeConstructorAccessorImpl.newInstance(Unknown Source)
	at sun.reflect.DelegatingConstructorAccessorImpl.newInstance(Unknown Source)
	at java.lang.reflect.Constructor.newInstance(Unknown Source)
	at org.openqa.selenium.remote.ErrorHandler.createThrowable(ErrorHandler.java:214)
	at org.openqa.selenium.remote.ErrorHandler.throwIfResponseFailed(ErrorHandler.java:166)
	at org.openqa.selenium.remote.http.JsonHttpResponseCodec.reconstructValue(JsonHttpResponseCodec.java:40)
	at org.openqa.selenium.remote.http.AbstractHttpResponseCodec.decode(AbstractHttpResponseCodec.java:80)
	at org.openqa.selenium.remote.http.AbstractHttpResponseCodec.decode(AbstractHttpResponseCodec.java:44)
	at org.openqa.selenium.remote.HttpCommandExecutor.execute(HttpCommandExecutor.java:164)
	at org.openqa.selenium.remote.service.DriverCommandExecutor.execute(DriverCommandExecutor.java:83)
	at org.openqa.selenium.remote.RemoteWebDriver.execute(RemoteWebDriver.java:600)
	at org.openqa.selenium.remote.RemoteWebDriver.findElement(RemoteWebDriver.java:370)
	at org.openqa.selenium.remote.RemoteWebDriver.findElementByXPath(RemoteWebDriver.java:472)
	at org.openqa.selenium.By$ByXPath.findElement(By.java:361)
	at org.openqa.selenium.remote.RemoteWebDriver.findElement(RemoteWebDriver.java:362)
	at com.rf.core.driver.website.RFWebsiteDriver.findElement(RFWebsiteDriver.java:860)
	at com.rf.core.driver.website.RFWebsiteDriver.click(RFWebsiteDriver.java:764)
	at com.rf.pages.website.LSD.LSDRFWebsiteBasePage.clickLogout(LSDRFWebsiteBasePage.java:161)
	at com.rf.pages.website.LSD.LSDLoginPage.loginToPulse(LSDLoginPage.java:89)
	at com.rf.test.website.LSD.LSDTests.testColorOfSVValueAndSVRingForEqualsTo0_2469q(LSDTests.java:1328)
	at sun.reflect.NativeMethodAccessorImpl.invoke0(Native Method)
	at sun.reflect.NativeMethodAccessorImpl.invoke(Unknown Source)
	at sun.reflect.DelegatingMethodAccessorImpl.invoke(Unknown Source)
	at java.lang.reflect.Method.invoke(Unknown Source)
	at org.testng.internal.MethodInvocationHelper.invokeMethod(MethodInvocationHelper.java:84)
	at org.testng.internal.Invoker.invokeMethod(Invoker.java:714)
	at org.testng.internal.Invoker.invokeTestMethod(Invoker.java:901)
	at org.testng.internal.Invoker.invokeTestMethods(Invoker.java:1231)
	at org.testng.internal.TestMethodWorker.invokeTestMethods(TestMethodWorker.java:127)
	at org.testng.internal.TestMethodWorker.run(TestMethodWorker.java:111)
	at org.testng.TestRunner.privateRun(TestRunner.java:767)
	at org.testng.TestRunner.run(TestRunner.java:617)
	at org.testng.SuiteRunner.runTest(SuiteRunner.java:348)
	at org.testng.SuiteRunner.runSequentially(SuiteRunner.java:343)
	at org.testng.SuiteRunner.privateRun(SuiteRunner.java:305)
	at org.testng.SuiteRunner.run(SuiteRunner.java:254)
	at org.testng.SuiteRunnerWorker.runSuite(SuiteRunnerWorker.java:52)
	at org.testng.SuiteRunnerWorker.run(SuiteRunnerWorker.java:86)
	at org.testng.TestNG.runSuitesSequentially(TestNG.java:1224)
	at org.testng.TestNG.runSuitesLocally(TestNG.java:1149)
	at org.testng.TestNG.run(TestNG.java:1057)
	at org.testng.remote.AbstractRemoteTestNG.run(AbstractRemoteTestNG.java:114)
	at org.testng.remote.RemoteTestNG.initAndRun(RemoteTestNG.java:251)
	at org.testng.remote.RemoteTestNG.main(RemoteTestNG.java:77)
</pre></div></td>
<td>100</td>
<td>com.rf.test.website.LSD.LSDTests@f19c9d2</td></tr>
<tr>
<td title='com.rf.test.website.LSD.LSDLinkTests.testConsultantCardComponents_2876q()'><b>testConsultantCardComponents_2876q</b><br>Test class: com.rf.test.website.LSD.LSDLinkTests</td>
<td><div><pre>org.openqa.selenium.NoSuchElementException: no such element: Unable to locate element: {&quot;method&quot;:&quot;xpath&quot;,&quot;selector&quot;:&quot;//div[@class=&apos;consultants row&apos;]/descendant::section[contains(@id,&apos;team-card&apos;)][1]//a//div[1]//span[1]&quot;}
  (Session info: chrome=64.0.3282.186)
  (Driver info: chromedriver=2.36.540470 (e522d04694c7ebea4ba8821272dbef4f9b818c91),platform=Windows NT 10.0.10586 x86_64) (WARNING: The server did not provide any stacktrace information)
Command duration or timeout: 0 milliseconds
For documentation on this error, please visit: http://seleniumhq.org/exceptions/no_such_element.html
Build info: version: &apos;3.7.1&apos;, revision: &apos;8a0099a&apos;, time: &apos;2017-11-06T21:01:39.354Z&apos;
System info: host: &apos;LD-4V2P3G2&apos;, ip: &apos;192.168.121.186&apos;, os.name: &apos;Windows 10&apos;, os.arch: &apos;amd64&apos;, os.version: &apos;10.0&apos;, java.version: &apos;1.8.0_161&apos;
Driver info: org.openqa.selenium.chrome.ChromeDriver
Capabilities {acceptInsecureCerts: false, acceptSslCerts: false, applicationCacheEnabled: false, browserConnectionEnabled: false, browserName: chrome, chrome: {chromedriverVersion: 2.36.540470 (e522d04694c7eb..., userDataDir: C:\Users\BPKOTA~1\AppData\L...}, cssSelectorsEnabled: true, databaseEnabled: false, handlesAlerts: true, hasTouchScreen: false, javascriptEnabled: true, locationContextEnabled: true, mobileEmulationEnabled: false, nativeEvents: true, networkConnectionEnabled: false, pageLoadStrategy: normal, platform: XP, platformName: XP, rotatable: false, setWindowRect: true, takesHeapSnapshot: true, takesScreenshot: true, unexpectedAlertBehaviour: , unhandledPromptBehavior: , version: 64.0.3282.186, webStorageEnabled: true}
Session ID: 2db2bf570d2ec00627462e349eaa6df9
*** Element info: {Using=xpath, value=//div[@class=&apos;consultants row&apos;]/descendant::section[contains(@id,&apos;team-card&apos;)][1]//a//div[1]//span[1]}
	at org.openqa.selenium.remote.ErrorHandler.createThrowable(ErrorHandler.java:214)
	at org.openqa.selenium.remote.ErrorHandler.throwIfResponseFailed(ErrorHandler.java:166)
	at org.openqa.selenium.remote.http.JsonHttpResponseCodec.reconstructValue(JsonHttpResponseCodec.java:40)
	at org.openqa.selenium.remote.http.AbstractHttpResponseCodec.decode(AbstractHttpResponseCodec.java:80)
	at org.openqa.selenium.remote.http.AbstractHttpResponseCodec.decode(AbstractHttpResponseCodec.java:44)
	at org.openqa.selenium.remote.HttpCommandExecutor.execute(HttpCommandExecutor.java:164)
	at org.openqa.selenium.remote.service.DriverCommandExecutor.execute(DriverCommandExecutor.java:83)
	at org.openqa.selenium.remote.RemoteWebDriver.execute(RemoteWebDriver.java:600)
	at org.openqa.selenium.remote.RemoteWebDriver.findElement(RemoteWebDriver.java:370)
	at org.openqa.selenium.remote.RemoteWebDriver.findElementByXPath(RemoteWebDriver.java:472)
	at org.openqa.selenium.By$ByXPath.findElement(By.java:361)
	at org.openqa.selenium.remote.RemoteWebDriver.findElement(RemoteWebDriver.java:362)
	at com.rf.core.driver.website.RFWebsiteDriver.findElement(RFWebsiteDriver.java:860)
	at com.rf.core.driver.website.RFWebsiteDriver.getText(RFWebsiteDriver.java:935)
	at com.rf.pages.website.LSD.LSDHomePage.isFirstAndLastNamePresentAtConsultantCardUnderTeam(LSDHomePage.java:724)
	at com.rf.test.website.LSD.LSDLinkTests.testConsultantCardComponents_2876q(LSDLinkTests.java:224)
... Removed 28 stack frames</pre></div><a href='#' onClick='toggleBox("stack-trace141154428", this, "Click to show all stack frames", "Click to hide stack frames")'>Click to show all stack frames</a>
<div class='stack-trace' id='stack-trace141154428'><pre>org.openqa.selenium.NoSuchElementException: no such element: Unable to locate element: {&quot;method&quot;:&quot;xpath&quot;,&quot;selector&quot;:&quot;//div[@class=&apos;consultants row&apos;]/descendant::section[contains(@id,&apos;team-card&apos;)][1]//a//div[1]//span[1]&quot;}
  (Session info: chrome=64.0.3282.186)
  (Driver info: chromedriver=2.36.540470 (e522d04694c7ebea4ba8821272dbef4f9b818c91),platform=Windows NT 10.0.10586 x86_64) (WARNING: The server did not provide any stacktrace information)
Command duration or timeout: 0 milliseconds
For documentation on this error, please visit: http://seleniumhq.org/exceptions/no_such_element.html
Build info: version: &apos;3.7.1&apos;, revision: &apos;8a0099a&apos;, time: &apos;2017-11-06T21:01:39.354Z&apos;
System info: host: &apos;LD-4V2P3G2&apos;, ip: &apos;192.168.121.186&apos;, os.name: &apos;Windows 10&apos;, os.arch: &apos;amd64&apos;, os.version: &apos;10.0&apos;, java.version: &apos;1.8.0_161&apos;
Driver info: org.openqa.selenium.chrome.ChromeDriver
Capabilities {acceptInsecureCerts: false, acceptSslCerts: false, applicationCacheEnabled: false, browserConnectionEnabled: false, browserName: chrome, chrome: {chromedriverVersion: 2.36.540470 (e522d04694c7eb..., userDataDir: C:\Users\BPKOTA~1\AppData\L...}, cssSelectorsEnabled: true, databaseEnabled: false, handlesAlerts: true, hasTouchScreen: false, javascriptEnabled: true, locationContextEnabled: true, mobileEmulationEnabled: false, nativeEvents: true, networkConnectionEnabled: false, pageLoadStrategy: normal, platform: XP, platformName: XP, rotatable: false, setWindowRect: true, takesHeapSnapshot: true, takesScreenshot: true, unexpectedAlertBehaviour: , unhandledPromptBehavior: , version: 64.0.3282.186, webStorageEnabled: true}
Session ID: 2db2bf570d2ec00627462e349eaa6df9
*** Element info: {Using=xpath, value=//div[@class=&apos;consultants row&apos;]/descendant::section[contains(@id,&apos;team-card&apos;)][1]//a//div[1]//span[1]}
	at sun.reflect.NativeConstructorAccessorImpl.newInstance0(Native Method)
	at sun.reflect.NativeConstructorAccessorImpl.newInstance(Unknown Source)
	at sun.reflect.DelegatingConstructorAccessorImpl.newInstance(Unknown Source)
	at java.lang.reflect.Constructor.newInstance(Unknown Source)
	at org.openqa.selenium.remote.ErrorHandler.createThrowable(ErrorHandler.java:214)
	at org.openqa.selenium.remote.ErrorHandler.throwIfResponseFailed(ErrorHandler.java:166)
	at org.openqa.selenium.remote.http.JsonHttpResponseCodec.reconstructValue(JsonHttpResponseCodec.java:40)
	at org.openqa.selenium.remote.http.AbstractHttpResponseCodec.decode(AbstractHttpResponseCodec.java:80)
	at org.openqa.selenium.remote.http.AbstractHttpResponseCodec.decode(AbstractHttpResponseCodec.java:44)
	at org.openqa.selenium.remote.HttpCommandExecutor.execute(HttpCommandExecutor.java:164)
	at org.openqa.selenium.remote.service.DriverCommandExecutor.execute(DriverCommandExecutor.java:83)
	at org.openqa.selenium.remote.RemoteWebDriver.execute(RemoteWebDriver.java:600)
	at org.openqa.selenium.remote.RemoteWebDriver.findElement(RemoteWebDriver.java:370)
	at org.openqa.selenium.remote.RemoteWebDriver.findElementByXPath(RemoteWebDriver.java:472)
	at org.openqa.selenium.By$ByXPath.findElement(By.java:361)
	at org.openqa.selenium.remote.RemoteWebDriver.findElement(RemoteWebDriver.java:362)
	at com.rf.core.driver.website.RFWebsiteDriver.findElement(RFWebsiteDriver.java:860)
	at com.rf.core.driver.website.RFWebsiteDriver.getText(RFWebsiteDriver.java:935)
	at com.rf.pages.website.LSD.LSDHomePage.isFirstAndLastNamePresentAtConsultantCardUnderTeam(LSDHomePage.java:724)
	at com.rf.test.website.LSD.LSDLinkTests.testConsultantCardComponents_2876q(LSDLinkTests.java:224)
	at sun.reflect.NativeMethodAccessorImpl.invoke0(Native Method)
	at sun.reflect.NativeMethodAccessorImpl.invoke(Unknown Source)
	at sun.reflect.DelegatingMethodAccessorImpl.invoke(Unknown Source)
	at java.lang.reflect.Method.invoke(Unknown Source)
	at org.testng.internal.MethodInvocationHelper.invokeMethod(MethodInvocationHelper.java:84)
	at org.testng.internal.Invoker.invokeMethod(Invoker.java:714)
	at org.testng.internal.Invoker.invokeTestMethod(Invoker.java:901)
	at org.testng.internal.Invoker.invokeTestMethods(Invoker.java:1231)
	at org.testng.internal.TestMethodWorker.invokeTestMethods(TestMethodWorker.java:127)
	at org.testng.internal.TestMethodWorker.run(TestMethodWorker.java:111)
	at org.testng.TestRunner.privateRun(TestRunner.java:767)
	at org.testng.TestRunner.run(TestRunner.java:617)
	at org.testng.SuiteRunner.runTest(SuiteRunner.java:348)
	at org.testng.SuiteRunner.runSequentially(SuiteRunner.java:343)
	at org.testng.SuiteRunner.privateRun(SuiteRunner.java:305)
	at org.testng.SuiteRunner.run(SuiteRunner.java:254)
	at org.testng.SuiteRunnerWorker.runSuite(SuiteRunnerWorker.java:52)
	at org.testng.SuiteRunnerWorker.run(SuiteRunnerWorker.java:86)
	at org.testng.TestNG.runSuitesSequentially(TestNG.java:1224)
	at org.testng.TestNG.runSuitesLocally(TestNG.java:1149)
	at org.testng.TestNG.run(TestNG.java:1057)
	at org.testng.remote.AbstractRemoteTestNG.run(AbstractRemoteTestNG.java:114)
	at org.testng.remote.RemoteTestNG.initAndRun(RemoteTestNG.java:251)
	at org.testng.remote.RemoteTestNG.main(RemoteTestNG.java:77)
</pre></div></td>
<td>46</td>
<td>com.rf.test.website.LSD.LSDLinkTests@62923ee6</td></tr>
<tr>
<td title='com.rf.test.website.LSD.LSDTests.testConsultantOverviewDetails_2420q()'><b>testConsultantOverviewDetails_2420q</b><br>Test class: com.rf.test.website.LSD.LSDTests</td>
<td><div><pre>java.lang.NullPointerException
	at com.rf.pages.website.LSD.LSDHomePage.getFirstLetterFromString(LSDHomePage.java:621)
	at com.rf.test.website.LSD.LSDTests.testConsultantOverviewDetails_2420q(LSDTests.java:1577)
... Removed 24 stack frames</pre></div><a href='#' onClick='toggleBox("stack-trace1328705686", this, "Click to show all stack frames", "Click to hide stack frames")'>Click to show all stack frames</a>
<div class='stack-trace' id='stack-trace1328705686'><pre>java.lang.NullPointerException
	at com.rf.pages.website.LSD.LSDHomePage.getFirstLetterFromString(LSDHomePage.java:621)
	at com.rf.test.website.LSD.LSDTests.testConsultantOverviewDetails_2420q(LSDTests.java:1577)
	at sun.reflect.NativeMethodAccessorImpl.invoke0(Native Method)
	at sun.reflect.NativeMethodAccessorImpl.invoke(Unknown Source)
	at sun.reflect.DelegatingMethodAccessorImpl.invoke(Unknown Source)
	at java.lang.reflect.Method.invoke(Unknown Source)
	at org.testng.internal.MethodInvocationHelper.invokeMethod(MethodInvocationHelper.java:84)
	at org.testng.internal.Invoker.invokeMethod(Invoker.java:714)
	at org.testng.internal.Invoker.invokeTestMethod(Invoker.java:901)
	at org.testng.internal.Invoker.invokeTestMethods(Invoker.java:1231)
	at org.testng.internal.TestMethodWorker.invokeTestMethods(TestMethodWorker.java:127)
	at org.testng.internal.TestMethodWorker.run(TestMethodWorker.java:111)
	at org.testng.TestRunner.privateRun(TestRunner.java:767)
	at org.testng.TestRunner.run(TestRunner.java:617)
	at org.testng.SuiteRunner.runTest(SuiteRunner.java:348)
	at org.testng.SuiteRunner.runSequentially(SuiteRunner.java:343)
	at org.testng.SuiteRunner.privateRun(SuiteRunner.java:305)
	at org.testng.SuiteRunner.run(SuiteRunner.java:254)
	at org.testng.SuiteRunnerWorker.runSuite(SuiteRunnerWorker.java:52)
	at org.testng.SuiteRunnerWorker.run(SuiteRunnerWorker.java:86)
	at org.testng.TestNG.runSuitesSequentially(TestNG.java:1224)
	at org.testng.TestNG.runSuitesLocally(TestNG.java:1149)
	at org.testng.TestNG.run(TestNG.java:1057)
	at org.testng.remote.AbstractRemoteTestNG.run(AbstractRemoteTestNG.java:114)
	at org.testng.remote.RemoteTestNG.initAndRun(RemoteTestNG.java:251)
	at org.testng.remote.RemoteTestNG.main(RemoteTestNG.java:77)
</pre></div></td>
<td>0</td>
<td>com.rf.test.website.LSD.LSDTests@f19c9d2</td></tr>
<tr>
<td title='com.rf.test.website.LSD.LSDTests.testConsultantsOnMyLevel1Value_2539q()'><b>testConsultantsOnMyLevel1Value_2539q</b><br>Test class: com.rf.test.website.LSD.LSDTests</td>
<td><div><pre>java.lang.AssertionError: 1.Expected count of consultant is 2 but actual on UI is 0

 1.Expected count of consultant at team page is 2 but actual on UI is 

	at com.rf.core.utils.SoftAssert.assertAll(SoftAssert.java:56)
	at com.rf.test.website.LSD.LSDTests.testConsultantsOnMyLevel1Value_2539q(LSDTests.java:1000)
... Removed 24 stack frames</pre></div><a href='#' onClick='toggleBox("stack-trace147623131", this, "Click to show all stack frames", "Click to hide stack frames")'>Click to show all stack frames</a>
<div class='stack-trace' id='stack-trace147623131'><pre>java.lang.AssertionError: 1.Expected count of consultant is 2 but actual on UI is 0

 1.Expected count of consultant at team page is 2 but actual on UI is 

	at com.rf.core.utils.SoftAssert.assertAll(SoftAssert.java:56)
	at com.rf.test.website.LSD.LSDTests.testConsultantsOnMyLevel1Value_2539q(LSDTests.java:1000)
	at sun.reflect.NativeMethodAccessorImpl.invoke0(Native Method)
	at sun.reflect.NativeMethodAccessorImpl.invoke(Unknown Source)
	at sun.reflect.DelegatingMethodAccessorImpl.invoke(Unknown Source)
	at java.lang.reflect.Method.invoke(Unknown Source)
	at org.testng.internal.MethodInvocationHelper.invokeMethod(MethodInvocationHelper.java:84)
	at org.testng.internal.Invoker.invokeMethod(Invoker.java:714)
	at org.testng.internal.Invoker.invokeTestMethod(Invoker.java:901)
	at org.testng.internal.Invoker.invokeTestMethods(Invoker.java:1231)
	at org.testng.internal.TestMethodWorker.invokeTestMethods(TestMethodWorker.java:127)
	at org.testng.internal.TestMethodWorker.run(TestMethodWorker.java:111)
	at org.testng.TestRunner.privateRun(TestRunner.java:767)
	at org.testng.TestRunner.run(TestRunner.java:617)
	at org.testng.SuiteRunner.runTest(SuiteRunner.java:348)
	at org.testng.SuiteRunner.runSequentially(SuiteRunner.java:343)
	at org.testng.SuiteRunner.privateRun(SuiteRunner.java:305)
	at org.testng.SuiteRunner.run(SuiteRunner.java:254)
	at org.testng.SuiteRunnerWorker.runSuite(SuiteRunnerWorker.java:52)
	at org.testng.SuiteRunnerWorker.run(SuiteRunnerWorker.java:86)
	at org.testng.TestNG.runSuitesSequentially(TestNG.java:1224)
	at org.testng.TestNG.runSuitesLocally(TestNG.java:1149)
	at org.testng.TestNG.run(TestNG.java:1057)
	at org.testng.remote.AbstractRemoteTestNG.run(AbstractRemoteTestNG.java:114)
	at org.testng.remote.RemoteTestNG.initAndRun(RemoteTestNG.java:251)
	at org.testng.remote.RemoteTestNG.main(RemoteTestNG.java:77)
</pre></div></td>
<td>1</td>
<td>com.rf.test.website.LSD.LSDTests@f19c9d2</td></tr>
<tr>
<td title='com.rf.test.website.LSD.LSDTests.testDeactivatedPCCardDetails_2988q()'><b>testDeactivatedPCCardDetails_2988q</b><br>Test class: com.rf.test.website.LSD.LSDTests</td>
<td><div><pre>java.lang.AssertionError: 1.Expected first name is gloria but actual on UI is 

 1.Expected last name is widmont but actual on UI is 

	at com.rf.core.utils.SoftAssert.assertAll(SoftAssert.java:56)
	at com.rf.test.website.LSD.LSDTests.testDeactivatedPCCardDetails_2988q(LSDTests.java:1524)
... Removed 24 stack frames</pre></div><a href='#' onClick='toggleBox("stack-trace1250956357", this, "Click to show all stack frames", "Click to hide stack frames")'>Click to show all stack frames</a>
<div class='stack-trace' id='stack-trace1250956357'><pre>java.lang.AssertionError: 1.Expected first name is gloria but actual on UI is 

 1.Expected last name is widmont but actual on UI is 

	at com.rf.core.utils.SoftAssert.assertAll(SoftAssert.java:56)
	at com.rf.test.website.LSD.LSDTests.testDeactivatedPCCardDetails_2988q(LSDTests.java:1524)
	at sun.reflect.NativeMethodAccessorImpl.invoke0(Native Method)
	at sun.reflect.NativeMethodAccessorImpl.invoke(Unknown Source)
	at sun.reflect.DelegatingMethodAccessorImpl.invoke(Unknown Source)
	at java.lang.reflect.Method.invoke(Unknown Source)
	at org.testng.internal.MethodInvocationHelper.invokeMethod(MethodInvocationHelper.java:84)
	at org.testng.internal.Invoker.invokeMethod(Invoker.java:714)
	at org.testng.internal.Invoker.invokeTestMethod(Invoker.java:901)
	at org.testng.internal.Invoker.invokeTestMethods(Invoker.java:1231)
	at org.testng.internal.TestMethodWorker.invokeTestMethods(TestMethodWorker.java:127)
	at org.testng.internal.TestMethodWorker.run(TestMethodWorker.java:111)
	at org.testng.TestRunner.privateRun(TestRunner.java:767)
	at org.testng.TestRunner.run(TestRunner.java:617)
	at org.testng.SuiteRunner.runTest(SuiteRunner.java:348)
	at org.testng.SuiteRunner.runSequentially(SuiteRunner.java:343)
	at org.testng.SuiteRunner.privateRun(SuiteRunner.java:305)
	at org.testng.SuiteRunner.run(SuiteRunner.java:254)
	at org.testng.SuiteRunnerWorker.runSuite(SuiteRunnerWorker.java:52)
	at org.testng.SuiteRunnerWorker.run(SuiteRunnerWorker.java:86)
	at org.testng.TestNG.runSuitesSequentially(TestNG.java:1224)
	at org.testng.TestNG.runSuitesLocally(TestNG.java:1149)
	at org.testng.TestNG.run(TestNG.java:1057)
	at org.testng.remote.AbstractRemoteTestNG.run(AbstractRemoteTestNG.java:114)
	at org.testng.remote.RemoteTestNG.initAndRun(RemoteTestNG.java:251)
	at org.testng.remote.RemoteTestNG.main(RemoteTestNG.java:77)
</pre></div></td>
<td>24</td>
<td>com.rf.test.website.LSD.LSDTests@f19c9d2</td></tr>
<tr>
<td title='com.rf.test.website.LSD.LSDTests.testECLegsValue_2476q()'><b>testECLegsValue_2476q</b><br>Test class: com.rf.test.website.LSD.LSDTests</td>
<td><div><pre>java.lang.NullPointerException
	at com.rf.test.website.RFLSDWebsiteBaseTest.getValueFromQueryResult(RFLSDWebsiteBaseTest.java:376)
	at com.rf.test.website.LSD.LSDTests.testECLegsValue_2476q(LSDTests.java:113)
... Removed 24 stack frames</pre></div><a href='#' onClick='toggleBox("stack-trace1755811644", this, "Click to show all stack frames", "Click to hide stack frames")'>Click to show all stack frames</a>
<div class='stack-trace' id='stack-trace1755811644'><pre>java.lang.NullPointerException
	at com.rf.test.website.RFLSDWebsiteBaseTest.getValueFromQueryResult(RFLSDWebsiteBaseTest.java:376)
	at com.rf.test.website.LSD.LSDTests.testECLegsValue_2476q(LSDTests.java:113)
	at sun.reflect.NativeMethodAccessorImpl.invoke0(Native Method)
	at sun.reflect.NativeMethodAccessorImpl.invoke(Unknown Source)
	at sun.reflect.DelegatingMethodAccessorImpl.invoke(Unknown Source)
	at java.lang.reflect.Method.invoke(Unknown Source)
	at org.testng.internal.MethodInvocationHelper.invokeMethod(MethodInvocationHelper.java:84)
	at org.testng.internal.Invoker.invokeMethod(Invoker.java:714)
	at org.testng.internal.Invoker.invokeTestMethod(Invoker.java:901)
	at org.testng.internal.Invoker.invokeTestMethods(Invoker.java:1231)
	at org.testng.internal.TestMethodWorker.invokeTestMethods(TestMethodWorker.java:127)
	at org.testng.internal.TestMethodWorker.run(TestMethodWorker.java:111)
	at org.testng.TestRunner.privateRun(TestRunner.java:767)
	at org.testng.TestRunner.run(TestRunner.java:617)
	at org.testng.SuiteRunner.runTest(SuiteRunner.java:348)
	at org.testng.SuiteRunner.runSequentially(SuiteRunner.java:343)
	at org.testng.SuiteRunner.privateRun(SuiteRunner.java:305)
	at org.testng.SuiteRunner.run(SuiteRunner.java:254)
	at org.testng.SuiteRunnerWorker.runSuite(SuiteRunnerWorker.java:52)
	at org.testng.SuiteRunnerWorker.run(SuiteRunnerWorker.java:86)
	at org.testng.TestNG.runSuitesSequentially(TestNG.java:1224)
	at org.testng.TestNG.runSuitesLocally(TestNG.java:1149)
	at org.testng.TestNG.run(TestNG.java:1057)
	at org.testng.remote.AbstractRemoteTestNG.run(AbstractRemoteTestNG.java:114)
	at org.testng.remote.RemoteTestNG.initAndRun(RemoteTestNG.java:251)
	at org.testng.remote.RemoteTestNG.main(RemoteTestNG.java:77)
</pre></div></td>
<td>0</td>
<td>com.rf.test.website.LSD.LSDTests@f19c9d2</td></tr>
<tr>
<td title='com.rf.test.website.LSD.LSDTests.testEnrollmentDate_2545q_2626q()'><b>testEnrollmentDate_2545q_2626q</b><br>Test class: com.rf.test.website.LSD.LSDTests</td>
<td><div><pre>java.lang.AssertionError: 1.Expected Qualification title is2016-01-30 07:02:35.0 but actual on UI is 2016-07-24

	at com.rf.core.utils.SoftAssert.assertAll(SoftAssert.java:56)
	at com.rf.test.website.LSD.LSDTests.testEnrollmentDate_2545q_2626q(LSDTests.java:33)
... Removed 24 stack frames</pre></div><a href='#' onClick='toggleBox("stack-trace818209618", this, "Click to show all stack frames", "Click to hide stack frames")'>Click to show all stack frames</a>
<div class='stack-trace' id='stack-trace818209618'><pre>java.lang.AssertionError: 1.Expected Qualification title is2016-01-30 07:02:35.0 but actual on UI is 2016-07-24

	at com.rf.core.utils.SoftAssert.assertAll(SoftAssert.java:56)
	at com.rf.test.website.LSD.LSDTests.testEnrollmentDate_2545q_2626q(LSDTests.java:33)
	at sun.reflect.NativeMethodAccessorImpl.invoke0(Native Method)
	at sun.reflect.NativeMethodAccessorImpl.invoke(Unknown Source)
	at sun.reflect.DelegatingMethodAccessorImpl.invoke(Unknown Source)
	at java.lang.reflect.Method.invoke(Unknown Source)
	at org.testng.internal.MethodInvocationHelper.invokeMethod(MethodInvocationHelper.java:84)
	at org.testng.internal.Invoker.invokeMethod(Invoker.java:714)
	at org.testng.internal.Invoker.invokeTestMethod(Invoker.java:901)
	at org.testng.internal.Invoker.invokeTestMethods(Invoker.java:1231)
	at org.testng.internal.TestMethodWorker.invokeTestMethods(TestMethodWorker.java:127)
	at org.testng.internal.TestMethodWorker.run(TestMethodWorker.java:111)
	at org.testng.TestRunner.privateRun(TestRunner.java:767)
	at org.testng.TestRunner.run(TestRunner.java:617)
	at org.testng.SuiteRunner.runTest(SuiteRunner.java:348)
	at org.testng.SuiteRunner.runSequentially(SuiteRunner.java:343)
	at org.testng.SuiteRunner.privateRun(SuiteRunner.java:305)
	at org.testng.SuiteRunner.run(SuiteRunner.java:254)
	at org.testng.SuiteRunnerWorker.runSuite(SuiteRunnerWorker.java:52)
	at org.testng.SuiteRunnerWorker.run(SuiteRunnerWorker.java:86)
	at org.testng.TestNG.runSuitesSequentially(TestNG.java:1224)
	at org.testng.TestNG.runSuitesLocally(TestNG.java:1149)
	at org.testng.TestNG.run(TestNG.java:1057)
	at org.testng.remote.AbstractRemoteTestNG.run(AbstractRemoteTestNG.java:114)
	at org.testng.remote.RemoteTestNG.initAndRun(RemoteTestNG.java:251)
	at org.testng.remote.RemoteTestNG.main(RemoteTestNG.java:77)
</pre></div></td>
<td>0</td>
<td>com.rf.test.website.LSD.LSDTests@f19c9d2</td></tr>
<tr>
<td title='com.rf.test.website.LSD.LSDTests.testFullNameFromCard_2634q()'><b>testFullNameFromCard_2634q</b><br>Test class: com.rf.test.website.LSD.LSDTests</td>
<td><div><pre>java.lang.AssertionError: 1.Expected Full name isnull null actual on UI is Nanette French

	at com.rf.core.utils.SoftAssert.assertAll(SoftAssert.java:56)
	at com.rf.test.website.LSD.LSDTests.testFullNameFromCard_2634q(LSDTests.java:1560)
... Removed 24 stack frames</pre></div><a href='#' onClick='toggleBox("stack-trace1223360538", this, "Click to show all stack frames", "Click to hide stack frames")'>Click to show all stack frames</a>
<div class='stack-trace' id='stack-trace1223360538'><pre>java.lang.AssertionError: 1.Expected Full name isnull null actual on UI is Nanette French

	at com.rf.core.utils.SoftAssert.assertAll(SoftAssert.java:56)
	at com.rf.test.website.LSD.LSDTests.testFullNameFromCard_2634q(LSDTests.java:1560)
	at sun.reflect.NativeMethodAccessorImpl.invoke0(Native Method)
	at sun.reflect.NativeMethodAccessorImpl.invoke(Unknown Source)
	at sun.reflect.DelegatingMethodAccessorImpl.invoke(Unknown Source)
	at java.lang.reflect.Method.invoke(Unknown Source)
	at org.testng.internal.MethodInvocationHelper.invokeMethod(MethodInvocationHelper.java:84)
	at org.testng.internal.Invoker.invokeMethod(Invoker.java:714)
	at org.testng.internal.Invoker.invokeTestMethod(Invoker.java:901)
	at org.testng.internal.Invoker.invokeTestMethods(Invoker.java:1231)
	at org.testng.internal.TestMethodWorker.invokeTestMethods(TestMethodWorker.java:127)
	at org.testng.internal.TestMethodWorker.run(TestMethodWorker.java:111)
	at org.testng.TestRunner.privateRun(TestRunner.java:767)
	at org.testng.TestRunner.run(TestRunner.java:617)
	at org.testng.SuiteRunner.runTest(SuiteRunner.java:348)
	at org.testng.SuiteRunner.runSequentially(SuiteRunner.java:343)
	at org.testng.SuiteRunner.privateRun(SuiteRunner.java:305)
	at org.testng.SuiteRunner.run(SuiteRunner.java:254)
	at org.testng.SuiteRunnerWorker.runSuite(SuiteRunnerWorker.java:52)
	at org.testng.SuiteRunnerWorker.run(SuiteRunnerWorker.java:86)
	at org.testng.TestNG.runSuitesSequentially(TestNG.java:1224)
	at org.testng.TestNG.runSuitesLocally(TestNG.java:1149)
	at org.testng.TestNG.run(TestNG.java:1057)
	at org.testng.remote.AbstractRemoteTestNG.run(AbstractRemoteTestNG.java:114)
	at org.testng.remote.RemoteTestNG.initAndRun(RemoteTestNG.java:251)
	at org.testng.remote.RemoteTestNG.main(RemoteTestNG.java:77)
</pre></div></td>
<td>0</td>
<td>com.rf.test.website.LSD.LSDTests@f19c9d2</td></tr>
<tr>
<td title='com.rf.test.website.LSD.LSDTests.testGreetingAndFirstName_2546q()'><b>testGreetingAndFirstName_2546q</b><br>Test class: com.rf.test.website.LSD.LSDTests</td>
<td><div><pre>java.lang.NullPointerException
	at com.rf.test.website.LSD.LSDTests.testGreetingAndFirstName_2546q(LSDTests.java:44)
... Removed 24 stack frames</pre></div><a href='#' onClick='toggleBox("stack-trace2146540595", this, "Click to show all stack frames", "Click to hide stack frames")'>Click to show all stack frames</a>
<div class='stack-trace' id='stack-trace2146540595'><pre>java.lang.NullPointerException
	at com.rf.test.website.LSD.LSDTests.testGreetingAndFirstName_2546q(LSDTests.java:44)
	at sun.reflect.NativeMethodAccessorImpl.invoke0(Native Method)
	at sun.reflect.NativeMethodAccessorImpl.invoke(Unknown Source)
	at sun.reflect.DelegatingMethodAccessorImpl.invoke(Unknown Source)
	at java.lang.reflect.Method.invoke(Unknown Source)
	at org.testng.internal.MethodInvocationHelper.invokeMethod(MethodInvocationHelper.java:84)
	at org.testng.internal.Invoker.invokeMethod(Invoker.java:714)
	at org.testng.internal.Invoker.invokeTestMethod(Invoker.java:901)
	at org.testng.internal.Invoker.invokeTestMethods(Invoker.java:1231)
	at org.testng.internal.TestMethodWorker.invokeTestMethods(TestMethodWorker.java:127)
	at org.testng.internal.TestMethodWorker.run(TestMethodWorker.java:111)
	at org.testng.TestRunner.privateRun(TestRunner.java:767)
	at org.testng.TestRunner.run(TestRunner.java:617)
	at org.testng.SuiteRunner.runTest(SuiteRunner.java:348)
	at org.testng.SuiteRunner.runSequentially(SuiteRunner.java:343)
	at org.testng.SuiteRunner.privateRun(SuiteRunner.java:305)
	at org.testng.SuiteRunner.run(SuiteRunner.java:254)
	at org.testng.SuiteRunnerWorker.runSuite(SuiteRunnerWorker.java:52)
	at org.testng.SuiteRunnerWorker.run(SuiteRunnerWorker.java:86)
	at org.testng.TestNG.runSuitesSequentially(TestNG.java:1224)
	at org.testng.TestNG.runSuitesLocally(TestNG.java:1149)
	at org.testng.TestNG.run(TestNG.java:1057)
	at org.testng.remote.AbstractRemoteTestNG.run(AbstractRemoteTestNG.java:114)
	at org.testng.remote.RemoteTestNG.initAndRun(RemoteTestNG.java:251)
	at org.testng.remote.RemoteTestNG.main(RemoteTestNG.java:77)
</pre></div></td>
<td>0</td>
<td>com.rf.test.website.LSD.LSDTests@f19c9d2</td></tr>
<tr>
<td title='com.rf.test.website.LSD.LSDTests.testL1L2QualifyingVolumeValue_2418q()'><b>testL1L2QualifyingVolumeValue_2418q</b><br>Test class: com.rf.test.website.LSD.LSDTests</td>
<td><div><pre>java.lang.NullPointerException
	at com.rf.test.website.RFLSDWebsiteBaseTest.getValueFromQueryResult(RFLSDWebsiteBaseTest.java:376)
	at com.rf.test.website.LSD.LSDTests.testL1L2QualifyingVolumeValue_2418q(LSDTests.java:1308)
... Removed 24 stack frames</pre></div><a href='#' onClick='toggleBox("stack-trace902406705", this, "Click to show all stack frames", "Click to hide stack frames")'>Click to show all stack frames</a>
<div class='stack-trace' id='stack-trace902406705'><pre>java.lang.NullPointerException
	at com.rf.test.website.RFLSDWebsiteBaseTest.getValueFromQueryResult(RFLSDWebsiteBaseTest.java:376)
	at com.rf.test.website.LSD.LSDTests.testL1L2QualifyingVolumeValue_2418q(LSDTests.java:1308)
	at sun.reflect.NativeMethodAccessorImpl.invoke0(Native Method)
	at sun.reflect.NativeMethodAccessorImpl.invoke(Unknown Source)
	at sun.reflect.DelegatingMethodAccessorImpl.invoke(Unknown Source)
	at java.lang.reflect.Method.invoke(Unknown Source)
	at org.testng.internal.MethodInvocationHelper.invokeMethod(MethodInvocationHelper.java:84)
	at org.testng.internal.Invoker.invokeMethod(Invoker.java:714)
	at org.testng.internal.Invoker.invokeTestMethod(Invoker.java:901)
	at org.testng.internal.Invoker.invokeTestMethods(Invoker.java:1231)
	at org.testng.internal.TestMethodWorker.invokeTestMethods(TestMethodWorker.java:127)
	at org.testng.internal.TestMethodWorker.run(TestMethodWorker.java:111)
	at org.testng.TestRunner.privateRun(TestRunner.java:767)
	at org.testng.TestRunner.run(TestRunner.java:617)
	at org.testng.SuiteRunner.runTest(SuiteRunner.java:348)
	at org.testng.SuiteRunner.runSequentially(SuiteRunner.java:343)
	at org.testng.SuiteRunner.privateRun(SuiteRunner.java:305)
	at org.testng.SuiteRunner.run(SuiteRunner.java:254)
	at org.testng.SuiteRunnerWorker.runSuite(SuiteRunnerWorker.java:52)
	at org.testng.SuiteRunnerWorker.run(SuiteRunnerWorker.java:86)
	at org.testng.TestNG.runSuitesSequentially(TestNG.java:1224)
	at org.testng.TestNG.runSuitesLocally(TestNG.java:1149)
	at org.testng.TestNG.run(TestNG.java:1057)
	at org.testng.remote.AbstractRemoteTestNG.run(AbstractRemoteTestNG.java:114)
	at org.testng.remote.RemoteTestNG.initAndRun(RemoteTestNG.java:251)
	at org.testng.remote.RemoteTestNG.main(RemoteTestNG.java:77)
</pre></div></td>
<td>0</td>
<td>com.rf.test.website.LSD.LSDTests@f19c9d2</td></tr>
<tr>
<td title='com.rf.test.website.LSD.LSDTests.testL1L2QualifyingVolumeValue_2541q()'><b>testL1L2QualifyingVolumeValue_2541q</b><br>Test class: com.rf.test.website.LSD.LSDTests</td>
<td><div><pre>java.lang.NullPointerException
	at com.rf.test.website.RFLSDWebsiteBaseTest.getValueFromQueryResult(RFLSDWebsiteBaseTest.java:376)
	at com.rf.test.website.LSD.LSDTests.testL1L2QualifyingVolumeValue_2541q(LSDTests.java:1364)
... Removed 24 stack frames</pre></div><a href='#' onClick='toggleBox("stack-trace1036606347", this, "Click to show all stack frames", "Click to hide stack frames")'>Click to show all stack frames</a>
<div class='stack-trace' id='stack-trace1036606347'><pre>java.lang.NullPointerException
	at com.rf.test.website.RFLSDWebsiteBaseTest.getValueFromQueryResult(RFLSDWebsiteBaseTest.java:376)
	at com.rf.test.website.LSD.LSDTests.testL1L2QualifyingVolumeValue_2541q(LSDTests.java:1364)
	at sun.reflect.NativeMethodAccessorImpl.invoke0(Native Method)
	at sun.reflect.NativeMethodAccessorImpl.invoke(Unknown Source)
	at sun.reflect.DelegatingMethodAccessorImpl.invoke(Unknown Source)
	at java.lang.reflect.Method.invoke(Unknown Source)
	at org.testng.internal.MethodInvocationHelper.invokeMethod(MethodInvocationHelper.java:84)
	at org.testng.internal.Invoker.invokeMethod(Invoker.java:714)
	at org.testng.internal.Invoker.invokeTestMethod(Invoker.java:901)
	at org.testng.internal.Invoker.invokeTestMethods(Invoker.java:1231)
	at org.testng.internal.TestMethodWorker.invokeTestMethods(TestMethodWorker.java:127)
	at org.testng.internal.TestMethodWorker.run(TestMethodWorker.java:111)
	at org.testng.TestRunner.privateRun(TestRunner.java:767)
	at org.testng.TestRunner.run(TestRunner.java:617)
	at org.testng.SuiteRunner.runTest(SuiteRunner.java:348)
	at org.testng.SuiteRunner.runSequentially(SuiteRunner.java:343)
	at org.testng.SuiteRunner.privateRun(SuiteRunner.java:305)
	at org.testng.SuiteRunner.run(SuiteRunner.java:254)
	at org.testng.SuiteRunnerWorker.runSuite(SuiteRunnerWorker.java:52)
	at org.testng.SuiteRunnerWorker.run(SuiteRunnerWorker.java:86)
	at org.testng.TestNG.runSuitesSequentially(TestNG.java:1224)
	at org.testng.TestNG.runSuitesLocally(TestNG.java:1149)
	at org.testng.TestNG.run(TestNG.java:1057)
	at org.testng.remote.AbstractRemoteTestNG.run(AbstractRemoteTestNG.java:114)
	at org.testng.remote.RemoteTestNG.initAndRun(RemoteTestNG.java:251)
	at org.testng.remote.RemoteTestNG.main(RemoteTestNG.java:77)
</pre></div></td>
<td>0</td>
<td>com.rf.test.website.LSD.LSDTests@f19c9d2</td></tr>
<tr>
<td title='com.rf.test.website.LSD.LSDTests.testL1L6QualifyingVolumeValue_2419q()'><b>testL1L6QualifyingVolumeValue_2419q</b><br>Test class: com.rf.test.website.LSD.LSDTests</td>
<td><div><pre>java.lang.NullPointerException
	at com.rf.test.website.RFLSDWebsiteBaseTest.getValueFromQueryResult(RFLSDWebsiteBaseTest.java:376)
	at com.rf.test.website.LSD.LSDTests.testL1L6QualifyingVolumeValue_2419q(LSDTests.java:1297)
... Removed 24 stack frames</pre></div><a href='#' onClick='toggleBox("stack-trace848644304", this, "Click to show all stack frames", "Click to hide stack frames")'>Click to show all stack frames</a>
<div class='stack-trace' id='stack-trace848644304'><pre>java.lang.NullPointerException
	at com.rf.test.website.RFLSDWebsiteBaseTest.getValueFromQueryResult(RFLSDWebsiteBaseTest.java:376)
	at com.rf.test.website.LSD.LSDTests.testL1L6QualifyingVolumeValue_2419q(LSDTests.java:1297)
	at sun.reflect.NativeMethodAccessorImpl.invoke0(Native Method)
	at sun.reflect.NativeMethodAccessorImpl.invoke(Unknown Source)
	at sun.reflect.DelegatingMethodAccessorImpl.invoke(Unknown Source)
	at java.lang.reflect.Method.invoke(Unknown Source)
	at org.testng.internal.MethodInvocationHelper.invokeMethod(MethodInvocationHelper.java:84)
	at org.testng.internal.Invoker.invokeMethod(Invoker.java:714)
	at org.testng.internal.Invoker.invokeTestMethod(Invoker.java:901)
	at org.testng.internal.Invoker.invokeTestMethods(Invoker.java:1231)
	at org.testng.internal.TestMethodWorker.invokeTestMethods(TestMethodWorker.java:127)
	at org.testng.internal.TestMethodWorker.run(TestMethodWorker.java:111)
	at org.testng.TestRunner.privateRun(TestRunner.java:767)
	at org.testng.TestRunner.run(TestRunner.java:617)
	at org.testng.SuiteRunner.runTest(SuiteRunner.java:348)
	at org.testng.SuiteRunner.runSequentially(SuiteRunner.java:343)
	at org.testng.SuiteRunner.privateRun(SuiteRunner.java:305)
	at org.testng.SuiteRunner.run(SuiteRunner.java:254)
	at org.testng.SuiteRunnerWorker.runSuite(SuiteRunnerWorker.java:52)
	at org.testng.SuiteRunnerWorker.run(SuiteRunnerWorker.java:86)
	at org.testng.TestNG.runSuitesSequentially(TestNG.java:1224)
	at org.testng.TestNG.runSuitesLocally(TestNG.java:1149)
	at org.testng.TestNG.run(TestNG.java:1057)
	at org.testng.remote.AbstractRemoteTestNG.run(AbstractRemoteTestNG.java:114)
	at org.testng.remote.RemoteTestNG.initAndRun(RemoteTestNG.java:251)
	at org.testng.remote.RemoteTestNG.main(RemoteTestNG.java:77)
</pre></div></td>
<td>0</td>
<td>com.rf.test.website.LSD.LSDTests@f19c9d2</td></tr>
<tr>
<td title='com.rf.test.website.LSD.LSDTests.testL1L6QualifyingVolumeValue_2542q()'><b>testL1L6QualifyingVolumeValue_2542q</b><br>Test class: com.rf.test.website.LSD.LSDTests</td>
<td><div><pre>java.lang.NullPointerException
	at com.rf.test.website.RFLSDWebsiteBaseTest.getValueFromQueryResult(RFLSDWebsiteBaseTest.java:376)
	at com.rf.test.website.LSD.LSDTests.testL1L6QualifyingVolumeValue_2542q(LSDTests.java:1066)
... Removed 24 stack frames</pre></div><a href='#' onClick='toggleBox("stack-trace1701798620", this, "Click to show all stack frames", "Click to hide stack frames")'>Click to show all stack frames</a>
<div class='stack-trace' id='stack-trace1701798620'><pre>java.lang.NullPointerException
	at com.rf.test.website.RFLSDWebsiteBaseTest.getValueFromQueryResult(RFLSDWebsiteBaseTest.java:376)
	at com.rf.test.website.LSD.LSDTests.testL1L6QualifyingVolumeValue_2542q(LSDTests.java:1066)
	at sun.reflect.NativeMethodAccessorImpl.invoke0(Native Method)
	at sun.reflect.NativeMethodAccessorImpl.invoke(Unknown Source)
	at sun.reflect.DelegatingMethodAccessorImpl.invoke(Unknown Source)
	at java.lang.reflect.Method.invoke(Unknown Source)
	at org.testng.internal.MethodInvocationHelper.invokeMethod(MethodInvocationHelper.java:84)
	at org.testng.internal.Invoker.invokeMethod(Invoker.java:714)
	at org.testng.internal.Invoker.invokeTestMethod(Invoker.java:901)
	at org.testng.internal.Invoker.invokeTestMethods(Invoker.java:1231)
	at org.testng.internal.TestMethodWorker.invokeTestMethods(TestMethodWorker.java:127)
	at org.testng.internal.TestMethodWorker.run(TestMethodWorker.java:111)
	at org.testng.TestRunner.privateRun(TestRunner.java:767)
	at org.testng.TestRunner.run(TestRunner.java:617)
	at org.testng.SuiteRunner.runTest(SuiteRunner.java:348)
	at org.testng.SuiteRunner.runSequentially(SuiteRunner.java:343)
	at org.testng.SuiteRunner.privateRun(SuiteRunner.java:305)
	at org.testng.SuiteRunner.run(SuiteRunner.java:254)
	at org.testng.SuiteRunnerWorker.runSuite(SuiteRunnerWorker.java:52)
	at org.testng.SuiteRunnerWorker.run(SuiteRunnerWorker.java:86)
	at org.testng.TestNG.runSuitesSequentially(TestNG.java:1224)
	at org.testng.TestNG.runSuitesLocally(TestNG.java:1149)
	at org.testng.TestNG.run(TestNG.java:1057)
	at org.testng.remote.AbstractRemoteTestNG.run(AbstractRemoteTestNG.java:114)
	at org.testng.remote.RemoteTestNG.initAndRun(RemoteTestNG.java:251)
	at org.testng.remote.RemoteTestNG.main(RemoteTestNG.java:77)
</pre></div></td>
<td>0</td>
<td>com.rf.test.website.LSD.LSDTests@f19c9d2</td></tr>
<tr>
<td title='com.rf.test.website.LSD.LoginTests.testLoginFailed_2628q()'><b>testLoginFailed_2628q</b><br>Test class: com.rf.test.website.LSD.LoginTests</td>
<td><div><pre>org.openqa.selenium.WebDriverException: unknown error: keys should be a string
  (Session info: chrome=64.0.3282.186)
  (Driver info: chromedriver=2.36.540470 (e522d04694c7ebea4ba8821272dbef4f9b818c91),platform=Windows NT 10.0.10586 x86_64) (WARNING: The server did not provide any stacktrace information)
Command duration or timeout: 0 milliseconds
Build info: version: &apos;3.7.1&apos;, revision: &apos;8a0099a&apos;, time: &apos;2017-11-06T21:01:39.354Z&apos;
System info: host: &apos;LD-4V2P3G2&apos;, ip: &apos;192.168.121.186&apos;, os.name: &apos;Windows 10&apos;, os.arch: &apos;amd64&apos;, os.version: &apos;10.0&apos;, java.version: &apos;1.8.0_161&apos;
Driver info: org.openqa.selenium.chrome.ChromeDriver
Capabilities {acceptInsecureCerts: false, acceptSslCerts: false, applicationCacheEnabled: false, browserConnectionEnabled: false, browserName: chrome, chrome: {chromedriverVersion: 2.36.540470 (e522d04694c7eb..., userDataDir: C:\Users\BPKOTA~1\AppData\L...}, cssSelectorsEnabled: true, databaseEnabled: false, handlesAlerts: true, hasTouchScreen: false, javascriptEnabled: true, locationContextEnabled: true, mobileEmulationEnabled: false, nativeEvents: true, networkConnectionEnabled: false, pageLoadStrategy: normal, platform: XP, platformName: XP, rotatable: false, setWindowRect: true, takesHeapSnapshot: true, takesScreenshot: true, unexpectedAlertBehaviour: , unhandledPromptBehavior: , version: 64.0.3282.186, webStorageEnabled: true}
Session ID: 2db2bf570d2ec00627462e349eaa6df9
	at org.openqa.selenium.remote.ErrorHandler.createThrowable(ErrorHandler.java:214)
	at org.openqa.selenium.remote.ErrorHandler.throwIfResponseFailed(ErrorHandler.java:166)
	at org.openqa.selenium.remote.http.JsonHttpResponseCodec.reconstructValue(JsonHttpResponseCodec.java:40)
	at org.openqa.selenium.remote.http.AbstractHttpResponseCodec.decode(AbstractHttpResponseCodec.java:80)
	at org.openqa.selenium.remote.http.AbstractHttpResponseCodec.decode(AbstractHttpResponseCodec.java:44)
	at org.openqa.selenium.remote.HttpCommandExecutor.execute(HttpCommandExecutor.java:164)
	at org.openqa.selenium.remote.service.DriverCommandExecutor.execute(DriverCommandExecutor.java:83)
	at org.openqa.selenium.remote.RemoteWebDriver.execute(RemoteWebDriver.java:600)
	at org.openqa.selenium.remote.RemoteWebElement.execute(RemoteWebElement.java:279)
	at org.openqa.selenium.remote.RemoteWebElement.sendKeys(RemoteWebElement.java:100)
	at com.rf.core.driver.website.RFWebsiteDriver.type(RFWebsiteDriver.java:834)
	at com.rf.core.driver.website.RFWebsiteDriver.type(RFWebsiteDriver.java:808)
	at com.rf.pages.website.LSD.LSDLoginPage.enterUsername(LSDLoginPage.java:44)
	at com.rf.pages.website.LSD.LSDLoginPage.pulseLogin(LSDLoginPage.java:111)
	at com.rf.test.website.LSD.LoginTests.testLoginFailed_2628q(LoginTests.java:51)
... Removed 28 stack frames</pre></div><a href='#' onClick='toggleBox("stack-trace2121443020", this, "Click to show all stack frames", "Click to hide stack frames")'>Click to show all stack frames</a>
<div class='stack-trace' id='stack-trace2121443020'><pre>org.openqa.selenium.WebDriverException: unknown error: keys should be a string
  (Session info: chrome=64.0.3282.186)
  (Driver info: chromedriver=2.36.540470 (e522d04694c7ebea4ba8821272dbef4f9b818c91),platform=Windows NT 10.0.10586 x86_64) (WARNING: The server did not provide any stacktrace information)
Command duration or timeout: 0 milliseconds
Build info: version: &apos;3.7.1&apos;, revision: &apos;8a0099a&apos;, time: &apos;2017-11-06T21:01:39.354Z&apos;
System info: host: &apos;LD-4V2P3G2&apos;, ip: &apos;192.168.121.186&apos;, os.name: &apos;Windows 10&apos;, os.arch: &apos;amd64&apos;, os.version: &apos;10.0&apos;, java.version: &apos;1.8.0_161&apos;
Driver info: org.openqa.selenium.chrome.ChromeDriver
Capabilities {acceptInsecureCerts: false, acceptSslCerts: false, applicationCacheEnabled: false, browserConnectionEnabled: false, browserName: chrome, chrome: {chromedriverVersion: 2.36.540470 (e522d04694c7eb..., userDataDir: C:\Users\BPKOTA~1\AppData\L...}, cssSelectorsEnabled: true, databaseEnabled: false, handlesAlerts: true, hasTouchScreen: false, javascriptEnabled: true, locationContextEnabled: true, mobileEmulationEnabled: false, nativeEvents: true, networkConnectionEnabled: false, pageLoadStrategy: normal, platform: XP, platformName: XP, rotatable: false, setWindowRect: true, takesHeapSnapshot: true, takesScreenshot: true, unexpectedAlertBehaviour: , unhandledPromptBehavior: , version: 64.0.3282.186, webStorageEnabled: true}
Session ID: 2db2bf570d2ec00627462e349eaa6df9
	at sun.reflect.NativeConstructorAccessorImpl.newInstance0(Native Method)
	at sun.reflect.NativeConstructorAccessorImpl.newInstance(Unknown Source)
	at sun.reflect.DelegatingConstructorAccessorImpl.newInstance(Unknown Source)
	at java.lang.reflect.Constructor.newInstance(Unknown Source)
	at org.openqa.selenium.remote.ErrorHandler.createThrowable(ErrorHandler.java:214)
	at org.openqa.selenium.remote.ErrorHandler.throwIfResponseFailed(ErrorHandler.java:166)
	at org.openqa.selenium.remote.http.JsonHttpResponseCodec.reconstructValue(JsonHttpResponseCodec.java:40)
	at org.openqa.selenium.remote.http.AbstractHttpResponseCodec.decode(AbstractHttpResponseCodec.java:80)
	at org.openqa.selenium.remote.http.AbstractHttpResponseCodec.decode(AbstractHttpResponseCodec.java:44)
	at org.openqa.selenium.remote.HttpCommandExecutor.execute(HttpCommandExecutor.java:164)
	at org.openqa.selenium.remote.service.DriverCommandExecutor.execute(DriverCommandExecutor.java:83)
	at org.openqa.selenium.remote.RemoteWebDriver.execute(RemoteWebDriver.java:600)
	at org.openqa.selenium.remote.RemoteWebElement.execute(RemoteWebElement.java:279)
	at org.openqa.selenium.remote.RemoteWebElement.sendKeys(RemoteWebElement.java:100)
	at com.rf.core.driver.website.RFWebsiteDriver.type(RFWebsiteDriver.java:834)
	at com.rf.core.driver.website.RFWebsiteDriver.type(RFWebsiteDriver.java:808)
	at com.rf.pages.website.LSD.LSDLoginPage.enterUsername(LSDLoginPage.java:44)
	at com.rf.pages.website.LSD.LSDLoginPage.pulseLogin(LSDLoginPage.java:111)
	at com.rf.test.website.LSD.LoginTests.testLoginFailed_2628q(LoginTests.java:51)
	at sun.reflect.NativeMethodAccessorImpl.invoke0(Native Method)
	at sun.reflect.NativeMethodAccessorImpl.invoke(Unknown Source)
	at sun.reflect.DelegatingMethodAccessorImpl.invoke(Unknown Source)
	at java.lang.reflect.Method.invoke(Unknown Source)
	at org.testng.internal.MethodInvocationHelper.invokeMethod(MethodInvocationHelper.java:84)
	at org.testng.internal.Invoker.invokeMethod(Invoker.java:714)
	at org.testng.internal.Invoker.invokeTestMethod(Invoker.java:901)
	at org.testng.internal.Invoker.invokeTestMethods(Invoker.java:1231)
	at org.testng.internal.TestMethodWorker.invokeTestMethods(TestMethodWorker.java:127)
	at org.testng.internal.TestMethodWorker.run(TestMethodWorker.java:111)
	at org.testng.TestRunner.privateRun(TestRunner.java:767)
	at org.testng.TestRunner.run(TestRunner.java:617)
	at org.testng.SuiteRunner.runTest(SuiteRunner.java:348)
	at org.testng.SuiteRunner.runSequentially(SuiteRunner.java:343)
	at org.testng.SuiteRunner.privateRun(SuiteRunner.java:305)
	at org.testng.SuiteRunner.run(SuiteRunner.java:254)
	at org.testng.SuiteRunnerWorker.runSuite(SuiteRunnerWorker.java:52)
	at org.testng.SuiteRunnerWorker.run(SuiteRunnerWorker.java:86)
	at org.testng.TestNG.runSuitesSequentially(TestNG.java:1224)
	at org.testng.TestNG.runSuitesLocally(TestNG.java:1149)
	at org.testng.TestNG.run(TestNG.java:1057)
	at org.testng.remote.AbstractRemoteTestNG.run(AbstractRemoteTestNG.java:114)
	at org.testng.remote.RemoteTestNG.initAndRun(RemoteTestNG.java:251)
	at org.testng.remote.RemoteTestNG.main(RemoteTestNG.java:77)
</pre></div></td>
<td>142</td>
<td>com.rf.test.website.LSD.LoginTests@7bb3a9fe</td></tr>
<tr>
<td title='com.rf.test.website.LSD.LSDTests.testPCAutoshipsThisMonthValue_2537q()'><b>testPCAutoshipsThisMonthValue_2537q</b><br>Test class: com.rf.test.website.LSD.LSDTests</td>
<td><div><pre>java.lang.AssertionError: 1.Expected count of PC is 14 but actual on UI is 0

 1.Expected count of consultant at team page is 14 but actual on UI is 0

	at com.rf.core.utils.SoftAssert.assertAll(SoftAssert.java:56)
	at com.rf.test.website.LSD.LSDTests.testPCAutoshipsThisMonthValue_2537q(LSDTests.java:1019)
... Removed 24 stack frames</pre></div><a href='#' onClick='toggleBox("stack-trace295372946", this, "Click to show all stack frames", "Click to hide stack frames")'>Click to show all stack frames</a>
<div class='stack-trace' id='stack-trace295372946'><pre>java.lang.AssertionError: 1.Expected count of PC is 14 but actual on UI is 0

 1.Expected count of consultant at team page is 14 but actual on UI is 0

	at com.rf.core.utils.SoftAssert.assertAll(SoftAssert.java:56)
	at com.rf.test.website.LSD.LSDTests.testPCAutoshipsThisMonthValue_2537q(LSDTests.java:1019)
	at sun.reflect.NativeMethodAccessorImpl.invoke0(Native Method)
	at sun.reflect.NativeMethodAccessorImpl.invoke(Unknown Source)
	at sun.reflect.DelegatingMethodAccessorImpl.invoke(Unknown Source)
	at java.lang.reflect.Method.invoke(Unknown Source)
	at org.testng.internal.MethodInvocationHelper.invokeMethod(MethodInvocationHelper.java:84)
	at org.testng.internal.Invoker.invokeMethod(Invoker.java:714)
	at org.testng.internal.Invoker.invokeTestMethod(Invoker.java:901)
	at org.testng.internal.Invoker.invokeTestMethods(Invoker.java:1231)
	at org.testng.internal.TestMethodWorker.invokeTestMethods(TestMethodWorker.java:127)
	at org.testng.internal.TestMethodWorker.run(TestMethodWorker.java:111)
	at org.testng.TestRunner.privateRun(TestRunner.java:767)
	at org.testng.TestRunner.run(TestRunner.java:617)
	at org.testng.SuiteRunner.runTest(SuiteRunner.java:348)
	at org.testng.SuiteRunner.runSequentially(SuiteRunner.java:343)
	at org.testng.SuiteRunner.privateRun(SuiteRunner.java:305)
	at org.testng.SuiteRunner.run(SuiteRunner.java:254)
	at org.testng.SuiteRunnerWorker.runSuite(SuiteRunnerWorker.java:52)
	at org.testng.SuiteRunnerWorker.run(SuiteRunnerWorker.java:86)
	at org.testng.TestNG.runSuitesSequentially(TestNG.java:1224)
	at org.testng.TestNG.runSuitesLocally(TestNG.java:1149)
	at org.testng.TestNG.run(TestNG.java:1057)
	at org.testng.remote.AbstractRemoteTestNG.run(AbstractRemoteTestNG.java:114)
	at org.testng.remote.RemoteTestNG.initAndRun(RemoteTestNG.java:251)
	at org.testng.remote.RemoteTestNG.main(RemoteTestNG.java:77)
</pre></div></td>
<td>2</td>
<td>com.rf.test.website.LSD.LSDTests@f19c9d2</td></tr>
<tr>
<td title='com.rf.test.website.LSD.LSDTests.testPSQVValueFromCard_2635q()'><b>testPSQVValueFromCard_2635q</b><br>Test class: com.rf.test.website.LSD.LSDTests</td>
<td><div><pre>java.lang.NullPointerException
	at com.rf.test.website.RFLSDWebsiteBaseTest.getValueFromQueryResult(RFLSDWebsiteBaseTest.java:376)
	at com.rf.test.website.LSD.LSDTests.testPSQVValueFromCard_2635q(LSDTests.java:1430)
... Removed 24 stack frames</pre></div><a href='#' onClick='toggleBox("stack-trace722321959", this, "Click to show all stack frames", "Click to hide stack frames")'>Click to show all stack frames</a>
<div class='stack-trace' id='stack-trace722321959'><pre>java.lang.NullPointerException
	at com.rf.test.website.RFLSDWebsiteBaseTest.getValueFromQueryResult(RFLSDWebsiteBaseTest.java:376)
	at com.rf.test.website.LSD.LSDTests.testPSQVValueFromCard_2635q(LSDTests.java:1430)
	at sun.reflect.NativeMethodAccessorImpl.invoke0(Native Method)
	at sun.reflect.NativeMethodAccessorImpl.invoke(Unknown Source)
	at sun.reflect.DelegatingMethodAccessorImpl.invoke(Unknown Source)
	at java.lang.reflect.Method.invoke(Unknown Source)
	at org.testng.internal.MethodInvocationHelper.invokeMethod(MethodInvocationHelper.java:84)
	at org.testng.internal.Invoker.invokeMethod(Invoker.java:714)
	at org.testng.internal.Invoker.invokeTestMethod(Invoker.java:901)
	at org.testng.internal.Invoker.invokeTestMethods(Invoker.java:1231)
	at org.testng.internal.TestMethodWorker.invokeTestMethods(TestMethodWorker.java:127)
	at org.testng.internal.TestMethodWorker.run(TestMethodWorker.java:111)
	at org.testng.TestRunner.privateRun(TestRunner.java:767)
	at org.testng.TestRunner.run(TestRunner.java:617)
	at org.testng.SuiteRunner.runTest(SuiteRunner.java:348)
	at org.testng.SuiteRunner.runSequentially(SuiteRunner.java:343)
	at org.testng.SuiteRunner.privateRun(SuiteRunner.java:305)
	at org.testng.SuiteRunner.run(SuiteRunner.java:254)
	at org.testng.SuiteRunnerWorker.runSuite(SuiteRunnerWorker.java:52)
	at org.testng.SuiteRunnerWorker.run(SuiteRunnerWorker.java:86)
	at org.testng.TestNG.runSuitesSequentially(TestNG.java:1224)
	at org.testng.TestNG.runSuitesLocally(TestNG.java:1149)
	at org.testng.TestNG.run(TestNG.java:1057)
	at org.testng.remote.AbstractRemoteTestNG.run(AbstractRemoteTestNG.java:114)
	at org.testng.remote.RemoteTestNG.initAndRun(RemoteTestNG.java:251)
	at org.testng.remote.RemoteTestNG.main(RemoteTestNG.java:77)
</pre></div></td>
<td>0</td>
<td>com.rf.test.website.LSD.LSDTests@f19c9d2</td></tr>
<tr>
<td title='com.rf.test.website.LSD.LSDTests.testPSQVValue_2395q()'><b>testPSQVValue_2395q</b><br>Test class: com.rf.test.website.LSD.LSDTests</td>
<td><div><pre>java.lang.NullPointerException
	at com.rf.test.website.RFLSDWebsiteBaseTest.getValueFromQueryResult(RFLSDWebsiteBaseTest.java:376)
	at com.rf.test.website.LSD.LSDTests.testPSQVValue_2395q(LSDTests.java:1275)
... Removed 24 stack frames</pre></div><a href='#' onClick='toggleBox("stack-trace1977652583", this, "Click to show all stack frames", "Click to hide stack frames")'>Click to show all stack frames</a>
<div class='stack-trace' id='stack-trace1977652583'><pre>java.lang.NullPointerException
	at com.rf.test.website.RFLSDWebsiteBaseTest.getValueFromQueryResult(RFLSDWebsiteBaseTest.java:376)
	at com.rf.test.website.LSD.LSDTests.testPSQVValue_2395q(LSDTests.java:1275)
	at sun.reflect.NativeMethodAccessorImpl.invoke0(Native Method)
	at sun.reflect.NativeMethodAccessorImpl.invoke(Unknown Source)
	at sun.reflect.DelegatingMethodAccessorImpl.invoke(Unknown Source)
	at java.lang.reflect.Method.invoke(Unknown Source)
	at org.testng.internal.MethodInvocationHelper.invokeMethod(MethodInvocationHelper.java:84)
	at org.testng.internal.Invoker.invokeMethod(Invoker.java:714)
	at org.testng.internal.Invoker.invokeTestMethod(Invoker.java:901)
	at org.testng.internal.Invoker.invokeTestMethods(Invoker.java:1231)
	at org.testng.internal.TestMethodWorker.invokeTestMethods(TestMethodWorker.java:127)
	at org.testng.internal.TestMethodWorker.run(TestMethodWorker.java:111)
	at org.testng.TestRunner.privateRun(TestRunner.java:767)
	at org.testng.TestRunner.run(TestRunner.java:617)
	at org.testng.SuiteRunner.runTest(SuiteRunner.java:348)
	at org.testng.SuiteRunner.runSequentially(SuiteRunner.java:343)
	at org.testng.SuiteRunner.privateRun(SuiteRunner.java:305)
	at org.testng.SuiteRunner.run(SuiteRunner.java:254)
	at org.testng.SuiteRunnerWorker.runSuite(SuiteRunnerWorker.java:52)
	at org.testng.SuiteRunnerWorker.run(SuiteRunnerWorker.java:86)
	at org.testng.TestNG.runSuitesSequentially(TestNG.java:1224)
	at org.testng.TestNG.runSuitesLocally(TestNG.java:1149)
	at org.testng.TestNG.run(TestNG.java:1057)
	at org.testng.remote.AbstractRemoteTestNG.run(AbstractRemoteTestNG.java:114)
	at org.testng.remote.RemoteTestNG.initAndRun(RemoteTestNG.java:251)
	at org.testng.remote.RemoteTestNG.main(RemoteTestNG.java:77)
</pre></div></td>
<td>0</td>
<td>com.rf.test.website.LSD.LSDTests@f19c9d2</td></tr>
<tr>
<td title='com.rf.test.website.LSD.LSDTests.testPendingPCAutoships_3017q()'><b>testPendingPCAutoships_3017q</b><br>Test class: com.rf.test.website.LSD.LSDTests</td>
<td><div><pre>java.lang.AssertionError: 1.Expected count of orders pcs arenullbut actual on UI is 0

	at com.rf.core.utils.SoftAssert.assertAll(SoftAssert.java:56)
	at com.rf.test.website.LSD.LSDTests.testPendingPCAutoships_3017q(LSDTests.java:1478)
... Removed 24 stack frames</pre></div><a href='#' onClick='toggleBox("stack-trace1015367506", this, "Click to show all stack frames", "Click to hide stack frames")'>Click to show all stack frames</a>
<div class='stack-trace' id='stack-trace1015367506'><pre>java.lang.AssertionError: 1.Expected count of orders pcs arenullbut actual on UI is 0

	at com.rf.core.utils.SoftAssert.assertAll(SoftAssert.java:56)
	at com.rf.test.website.LSD.LSDTests.testPendingPCAutoships_3017q(LSDTests.java:1478)
	at sun.reflect.NativeMethodAccessorImpl.invoke0(Native Method)
	at sun.reflect.NativeMethodAccessorImpl.invoke(Unknown Source)
	at sun.reflect.DelegatingMethodAccessorImpl.invoke(Unknown Source)
	at java.lang.reflect.Method.invoke(Unknown Source)
	at org.testng.internal.MethodInvocationHelper.invokeMethod(MethodInvocationHelper.java:84)
	at org.testng.internal.Invoker.invokeMethod(Invoker.java:714)
	at org.testng.internal.Invoker.invokeTestMethod(Invoker.java:901)
	at org.testng.internal.Invoker.invokeTestMethods(Invoker.java:1231)
	at org.testng.internal.TestMethodWorker.invokeTestMethods(TestMethodWorker.java:127)
	at org.testng.internal.TestMethodWorker.run(TestMethodWorker.java:111)
	at org.testng.TestRunner.privateRun(TestRunner.java:767)
	at org.testng.TestRunner.run(TestRunner.java:617)
	at org.testng.SuiteRunner.runTest(SuiteRunner.java:348)
	at org.testng.SuiteRunner.runSequentially(SuiteRunner.java:343)
	at org.testng.SuiteRunner.privateRun(SuiteRunner.java:305)
	at org.testng.SuiteRunner.run(SuiteRunner.java:254)
	at org.testng.SuiteRunnerWorker.runSuite(SuiteRunnerWorker.java:52)
	at org.testng.SuiteRunnerWorker.run(SuiteRunnerWorker.java:86)
	at org.testng.TestNG.runSuitesSequentially(TestNG.java:1224)
	at org.testng.TestNG.runSuitesLocally(TestNG.java:1149)
	at org.testng.TestNG.run(TestNG.java:1057)
	at org.testng.remote.AbstractRemoteTestNG.run(AbstractRemoteTestNG.java:114)
	at org.testng.remote.RemoteTestNG.initAndRun(RemoteTestNG.java:251)
	at org.testng.remote.RemoteTestNG.main(RemoteTestNG.java:77)
</pre></div></td>
<td>35</td>
<td>com.rf.test.website.LSD.LSDTests@f19c9d2</td></tr>
<tr>
<td title='com.rf.test.website.LSD.LSDTests.testPendingPCAutoships_3017q_3353q()'><b>testPendingPCAutoships_3017q_3353q</b><br>Test class: com.rf.test.website.LSD.LSDTests</td>
<td><div><pre>java.lang.AssertionError: 1.Expected count of orders pcs arenullbut actual on UI is 0

	at com.rf.core.utils.SoftAssert.assertAll(SoftAssert.java:56)
	at com.rf.test.website.LSD.LSDTests.testPendingPCAutoships_3017q_3353q(LSDTests.java:1546)
... Removed 24 stack frames</pre></div><a href='#' onClick='toggleBox("stack-trace1005344801", this, "Click to show all stack frames", "Click to hide stack frames")'>Click to show all stack frames</a>
<div class='stack-trace' id='stack-trace1005344801'><pre>java.lang.AssertionError: 1.Expected count of orders pcs arenullbut actual on UI is 0

	at com.rf.core.utils.SoftAssert.assertAll(SoftAssert.java:56)
	at com.rf.test.website.LSD.LSDTests.testPendingPCAutoships_3017q_3353q(LSDTests.java:1546)
	at sun.reflect.NativeMethodAccessorImpl.invoke0(Native Method)
	at sun.reflect.NativeMethodAccessorImpl.invoke(Unknown Source)
	at sun.reflect.DelegatingMethodAccessorImpl.invoke(Unknown Source)
	at java.lang.reflect.Method.invoke(Unknown Source)
	at org.testng.internal.MethodInvocationHelper.invokeMethod(MethodInvocationHelper.java:84)
	at org.testng.internal.Invoker.invokeMethod(Invoker.java:714)
	at org.testng.internal.Invoker.invokeTestMethod(Invoker.java:901)
	at org.testng.internal.Invoker.invokeTestMethods(Invoker.java:1231)
	at org.testng.internal.TestMethodWorker.invokeTestMethods(TestMethodWorker.java:127)
	at org.testng.internal.TestMethodWorker.run(TestMethodWorker.java:111)
	at org.testng.TestRunner.privateRun(TestRunner.java:767)
	at org.testng.TestRunner.run(TestRunner.java:617)
	at org.testng.SuiteRunner.runTest(SuiteRunner.java:348)
	at org.testng.SuiteRunner.runSequentially(SuiteRunner.java:343)
	at org.testng.SuiteRunner.privateRun(SuiteRunner.java:305)
	at org.testng.SuiteRunner.run(SuiteRunner.java:254)
	at org.testng.SuiteRunnerWorker.runSuite(SuiteRunnerWorker.java:52)
	at org.testng.SuiteRunnerWorker.run(SuiteRunnerWorker.java:86)
	at org.testng.TestNG.runSuitesSequentially(TestNG.java:1224)
	at org.testng.TestNG.runSuitesLocally(TestNG.java:1149)
	at org.testng.TestNG.run(TestNG.java:1057)
	at org.testng.remote.AbstractRemoteTestNG.run(AbstractRemoteTestNG.java:114)
	at org.testng.remote.RemoteTestNG.initAndRun(RemoteTestNG.java:251)
	at org.testng.remote.RemoteTestNG.main(RemoteTestNG.java:77)
</pre></div></td>
<td>26</td>
<td>com.rf.test.website.LSD.LSDTests@f19c9d2</td></tr>
<tr>
<td title='com.rf.test.website.LSD.LSDTests.testPerformanceSponsorDetails_2534q()'><b>testPerformanceSponsorDetails_2534q</b><br>Test class: com.rf.test.website.LSD.LSDTests</td>
<td><div><pre>java.lang.AssertionError: 1.Expected locale is Fredericksburg actual on UI is Lake Angelus, MI, USA

 1.Expected region is VA actual on UI is Lake Angelus, MI, USA

 1.Expected sponsor name is Megan Leigh McDaniel actual on UI is Sarah Robbins

	at com.rf.core.utils.SoftAssert.assertAll(SoftAssert.java:56)
	at com.rf.test.website.LSD.LSDTests.testPerformanceSponsorDetails_2534q(LSDTests.java:937)
... Removed 24 stack frames</pre></div><a href='#' onClick='toggleBox("stack-trace104070545", this, "Click to show all stack frames", "Click to hide stack frames")'>Click to show all stack frames</a>
<div class='stack-trace' id='stack-trace104070545'><pre>java.lang.AssertionError: 1.Expected locale is Fredericksburg actual on UI is Lake Angelus, MI, USA

 1.Expected region is VA actual on UI is Lake Angelus, MI, USA

 1.Expected sponsor name is Megan Leigh McDaniel actual on UI is Sarah Robbins

	at com.rf.core.utils.SoftAssert.assertAll(SoftAssert.java:56)
	at com.rf.test.website.LSD.LSDTests.testPerformanceSponsorDetails_2534q(LSDTests.java:937)
	at sun.reflect.NativeMethodAccessorImpl.invoke0(Native Method)
	at sun.reflect.NativeMethodAccessorImpl.invoke(Unknown Source)
	at sun.reflect.DelegatingMethodAccessorImpl.invoke(Unknown Source)
	at java.lang.reflect.Method.invoke(Unknown Source)
	at org.testng.internal.MethodInvocationHelper.invokeMethod(MethodInvocationHelper.java:84)
	at org.testng.internal.Invoker.invokeMethod(Invoker.java:714)
	at org.testng.internal.Invoker.invokeTestMethod(Invoker.java:901)
	at org.testng.internal.Invoker.invokeTestMethods(Invoker.java:1231)
	at org.testng.internal.TestMethodWorker.invokeTestMethods(TestMethodWorker.java:127)
	at org.testng.internal.TestMethodWorker.run(TestMethodWorker.java:111)
	at org.testng.TestRunner.privateRun(TestRunner.java:767)
	at org.testng.TestRunner.run(TestRunner.java:617)
	at org.testng.SuiteRunner.runTest(SuiteRunner.java:348)
	at org.testng.SuiteRunner.runSequentially(SuiteRunner.java:343)
	at org.testng.SuiteRunner.privateRun(SuiteRunner.java:305)
	at org.testng.SuiteRunner.run(SuiteRunner.java:254)
	at org.testng.SuiteRunnerWorker.runSuite(SuiteRunnerWorker.java:52)
	at org.testng.SuiteRunnerWorker.run(SuiteRunnerWorker.java:86)
	at org.testng.TestNG.runSuitesSequentially(TestNG.java:1224)
	at org.testng.TestNG.runSuitesLocally(TestNG.java:1149)
	at org.testng.TestNG.run(TestNG.java:1057)
	at org.testng.remote.AbstractRemoteTestNG.run(AbstractRemoteTestNG.java:114)
	at org.testng.remote.RemoteTestNG.initAndRun(RemoteTestNG.java:251)
	at org.testng.remote.RemoteTestNG.main(RemoteTestNG.java:77)
</pre></div></td>
<td>1</td>
<td>com.rf.test.website.LSD.LSDTests@f19c9d2</td></tr>
<tr>
<td title='com.rf.test.website.LSD.LSDTests.testSVValueFromCard_2634q()'><b>testSVValueFromCard_2634q</b><br>Test class: com.rf.test.website.LSD.LSDTests</td>
<td><div><pre>java.lang.NullPointerException
	at com.rf.test.website.RFLSDWebsiteBaseTest.getValueFromQueryResult(RFLSDWebsiteBaseTest.java:376)
	at com.rf.test.website.LSD.LSDTests.testSVValueFromCard_2634q(LSDTests.java:1419)
... Removed 24 stack frames</pre></div><a href='#' onClick='toggleBox("stack-trace1021592569", this, "Click to show all stack frames", "Click to hide stack frames")'>Click to show all stack frames</a>
<div class='stack-trace' id='stack-trace1021592569'><pre>java.lang.NullPointerException
	at com.rf.test.website.RFLSDWebsiteBaseTest.getValueFromQueryResult(RFLSDWebsiteBaseTest.java:376)
	at com.rf.test.website.LSD.LSDTests.testSVValueFromCard_2634q(LSDTests.java:1419)
	at sun.reflect.NativeMethodAccessorImpl.invoke0(Native Method)
	at sun.reflect.NativeMethodAccessorImpl.invoke(Unknown Source)
	at sun.reflect.DelegatingMethodAccessorImpl.invoke(Unknown Source)
	at java.lang.reflect.Method.invoke(Unknown Source)
	at org.testng.internal.MethodInvocationHelper.invokeMethod(MethodInvocationHelper.java:84)
	at org.testng.internal.Invoker.invokeMethod(Invoker.java:714)
	at org.testng.internal.Invoker.invokeTestMethod(Invoker.java:901)
	at org.testng.internal.Invoker.invokeTestMethods(Invoker.java:1231)
	at org.testng.internal.TestMethodWorker.invokeTestMethods(TestMethodWorker.java:127)
	at org.testng.internal.TestMethodWorker.run(TestMethodWorker.java:111)
	at org.testng.TestRunner.privateRun(TestRunner.java:767)
	at org.testng.TestRunner.run(TestRunner.java:617)
	at org.testng.SuiteRunner.runTest(SuiteRunner.java:348)
	at org.testng.SuiteRunner.runSequentially(SuiteRunner.java:343)
	at org.testng.SuiteRunner.privateRun(SuiteRunner.java:305)
	at org.testng.SuiteRunner.run(SuiteRunner.java:254)
	at org.testng.SuiteRunnerWorker.runSuite(SuiteRunnerWorker.java:52)
	at org.testng.SuiteRunnerWorker.run(SuiteRunnerWorker.java:86)
	at org.testng.TestNG.runSuitesSequentially(TestNG.java:1224)
	at org.testng.TestNG.runSuitesLocally(TestNG.java:1149)
	at org.testng.TestNG.run(TestNG.java:1057)
	at org.testng.remote.AbstractRemoteTestNG.run(AbstractRemoteTestNG.java:114)
	at org.testng.remote.RemoteTestNG.initAndRun(RemoteTestNG.java:251)
	at org.testng.remote.RemoteTestNG.main(RemoteTestNG.java:77)
</pre></div></td>
<td>0</td>
<td>com.rf.test.website.LSD.LSDTests@f19c9d2</td></tr>
<tr>
<td title='com.rf.test.website.LSD.LSDTests.testSVValue_2394q()'><b>testSVValue_2394q</b><br>Test class: com.rf.test.website.LSD.LSDTests</td>
<td><div><pre>java.lang.NullPointerException
	at com.rf.test.website.RFLSDWebsiteBaseTest.getValueFromQueryResult(RFLSDWebsiteBaseTest.java:376)
	at com.rf.test.website.LSD.LSDTests.testSVValue_2394q(LSDTests.java:1286)
... Removed 24 stack frames</pre></div><a href='#' onClick='toggleBox("stack-trace2085813377", this, "Click to show all stack frames", "Click to hide stack frames")'>Click to show all stack frames</a>
<div class='stack-trace' id='stack-trace2085813377'><pre>java.lang.NullPointerException
	at com.rf.test.website.RFLSDWebsiteBaseTest.getValueFromQueryResult(RFLSDWebsiteBaseTest.java:376)
	at com.rf.test.website.LSD.LSDTests.testSVValue_2394q(LSDTests.java:1286)
	at sun.reflect.NativeMethodAccessorImpl.invoke0(Native Method)
	at sun.reflect.NativeMethodAccessorImpl.invoke(Unknown Source)
	at sun.reflect.DelegatingMethodAccessorImpl.invoke(Unknown Source)
	at java.lang.reflect.Method.invoke(Unknown Source)
	at org.testng.internal.MethodInvocationHelper.invokeMethod(MethodInvocationHelper.java:84)
	at org.testng.internal.Invoker.invokeMethod(Invoker.java:714)
	at org.testng.internal.Invoker.invokeTestMethod(Invoker.java:901)
	at org.testng.internal.Invoker.invokeTestMethods(Invoker.java:1231)
	at org.testng.internal.TestMethodWorker.invokeTestMethods(TestMethodWorker.java:127)
	at org.testng.internal.TestMethodWorker.run(TestMethodWorker.java:111)
	at org.testng.TestRunner.privateRun(TestRunner.java:767)
	at org.testng.TestRunner.run(TestRunner.java:617)
	at org.testng.SuiteRunner.runTest(SuiteRunner.java:348)
	at org.testng.SuiteRunner.runSequentially(SuiteRunner.java:343)
	at org.testng.SuiteRunner.privateRun(SuiteRunner.java:305)
	at org.testng.SuiteRunner.run(SuiteRunner.java:254)
	at org.testng.SuiteRunnerWorker.runSuite(SuiteRunnerWorker.java:52)
	at org.testng.SuiteRunnerWorker.run(SuiteRunnerWorker.java:86)
	at org.testng.TestNG.runSuitesSequentially(TestNG.java:1224)
	at org.testng.TestNG.runSuitesLocally(TestNG.java:1149)
	at org.testng.TestNG.run(TestNG.java:1057)
	at org.testng.remote.AbstractRemoteTestNG.run(AbstractRemoteTestNG.java:114)
	at org.testng.remote.RemoteTestNG.initAndRun(RemoteTestNG.java:251)
	at org.testng.remote.RemoteTestNG.main(RemoteTestNG.java:77)
</pre></div></td>
<td>0</td>
<td>com.rf.test.website.LSD.LSDTests@f19c9d2</td></tr>
<tr>
<td title='com.rf.test.website.LSD.LSDLinkTests.testSortingMenuForAreGettingThere_3331q()'><b>testSortingMenuForAreGettingThere_3331q</b><br>Test class: com.rf.test.website.LSD.LSDLinkTests</td>
<td><div><pre>java.lang.AssertionError: 1.Physical level: Low to High is not visible at filters page

 1.Physical level: High to Low is not visible at filters page

	at com.rf.core.utils.SoftAssert.assertAll(SoftAssert.java:56)
	at com.rf.test.website.LSD.LSDLinkTests.testSortingMenuForAreGettingThere_3331q(LSDLinkTests.java:390)
... Removed 24 stack frames</pre></div><a href='#' onClick='toggleBox("stack-trace445509811", this, "Click to show all stack frames", "Click to hide stack frames")'>Click to show all stack frames</a>
<div class='stack-trace' id='stack-trace445509811'><pre>java.lang.AssertionError: 1.Physical level: Low to High is not visible at filters page

 1.Physical level: High to Low is not visible at filters page

	at com.rf.core.utils.SoftAssert.assertAll(SoftAssert.java:56)
	at com.rf.test.website.LSD.LSDLinkTests.testSortingMenuForAreGettingThere_3331q(LSDLinkTests.java:390)
	at sun.reflect.NativeMethodAccessorImpl.invoke0(Native Method)
	at sun.reflect.NativeMethodAccessorImpl.invoke(Unknown Source)
	at sun.reflect.DelegatingMethodAccessorImpl.invoke(Unknown Source)
	at java.lang.reflect.Method.invoke(Unknown Source)
	at org.testng.internal.MethodInvocationHelper.invokeMethod(MethodInvocationHelper.java:84)
	at org.testng.internal.Invoker.invokeMethod(Invoker.java:714)
	at org.testng.internal.Invoker.invokeTestMethod(Invoker.java:901)
	at org.testng.internal.Invoker.invokeTestMethods(Invoker.java:1231)
	at org.testng.internal.TestMethodWorker.invokeTestMethods(TestMethodWorker.java:127)
	at org.testng.internal.TestMethodWorker.run(TestMethodWorker.java:111)
	at org.testng.TestRunner.privateRun(TestRunner.java:767)
	at org.testng.TestRunner.run(TestRunner.java:617)
	at org.testng.SuiteRunner.runTest(SuiteRunner.java:348)
	at org.testng.SuiteRunner.runSequentially(SuiteRunner.java:343)
	at org.testng.SuiteRunner.privateRun(SuiteRunner.java:305)
	at org.testng.SuiteRunner.run(SuiteRunner.java:254)
	at org.testng.SuiteRunnerWorker.runSuite(SuiteRunnerWorker.java:52)
	at org.testng.SuiteRunnerWorker.run(SuiteRunnerWorker.java:86)
	at org.testng.TestNG.runSuitesSequentially(TestNG.java:1224)
	at org.testng.TestNG.runSuitesLocally(TestNG.java:1149)
	at org.testng.TestNG.run(TestNG.java:1057)
	at org.testng.remote.AbstractRemoteTestNG.run(AbstractRemoteTestNG.java:114)
	at org.testng.remote.RemoteTestNG.initAndRun(RemoteTestNG.java:251)
	at org.testng.remote.RemoteTestNG.main(RemoteTestNG.java:77)
</pre></div></td>
<td>19</td>
<td>com.rf.test.website.LSD.LSDLinkTests@62923ee6</td></tr>
<tr>
<td title='com.rf.test.website.LSD.LSDLinkTests.testSortingMenuForMayNotPromote_3332q()'><b>testSortingMenuForMayNotPromote_3332q</b><br>Test class: com.rf.test.website.LSD.LSDLinkTests</td>
<td><div><pre>java.lang.AssertionError: 1.Physical level: High to Low is not visible at filters page

 1.Physical level: Low to High is not visible at filters page

	at com.rf.core.utils.SoftAssert.assertAll(SoftAssert.java:56)
	at com.rf.test.website.LSD.LSDLinkTests.testSortingMenuForMayNotPromote_3332q(LSDLinkTests.java:436)
... Removed 24 stack frames</pre></div><a href='#' onClick='toggleBox("stack-trace424489630", this, "Click to show all stack frames", "Click to hide stack frames")'>Click to show all stack frames</a>
<div class='stack-trace' id='stack-trace424489630'><pre>java.lang.AssertionError: 1.Physical level: High to Low is not visible at filters page

 1.Physical level: Low to High is not visible at filters page

	at com.rf.core.utils.SoftAssert.assertAll(SoftAssert.java:56)
	at com.rf.test.website.LSD.LSDLinkTests.testSortingMenuForMayNotPromote_3332q(LSDLinkTests.java:436)
	at sun.reflect.NativeMethodAccessorImpl.invoke0(Native Method)
	at sun.reflect.NativeMethodAccessorImpl.invoke(Unknown Source)
	at sun.reflect.DelegatingMethodAccessorImpl.invoke(Unknown Source)
	at java.lang.reflect.Method.invoke(Unknown Source)
	at org.testng.internal.MethodInvocationHelper.invokeMethod(MethodInvocationHelper.java:84)
	at org.testng.internal.Invoker.invokeMethod(Invoker.java:714)
	at org.testng.internal.Invoker.invokeTestMethod(Invoker.java:901)
	at org.testng.internal.Invoker.invokeTestMethods(Invoker.java:1231)
	at org.testng.internal.TestMethodWorker.invokeTestMethods(TestMethodWorker.java:127)
	at org.testng.internal.TestMethodWorker.run(TestMethodWorker.java:111)
	at org.testng.TestRunner.privateRun(TestRunner.java:767)
	at org.testng.TestRunner.run(TestRunner.java:617)
	at org.testng.SuiteRunner.runTest(SuiteRunner.java:348)
	at org.testng.SuiteRunner.runSequentially(SuiteRunner.java:343)
	at org.testng.SuiteRunner.privateRun(SuiteRunner.java:305)
	at org.testng.SuiteRunner.run(SuiteRunner.java:254)
	at org.testng.SuiteRunnerWorker.runSuite(SuiteRunnerWorker.java:52)
	at org.testng.SuiteRunnerWorker.run(SuiteRunnerWorker.java:86)
	at org.testng.TestNG.runSuitesSequentially(TestNG.java:1224)
	at org.testng.TestNG.runSuitesLocally(TestNG.java:1149)
	at org.testng.TestNG.run(TestNG.java:1057)
	at org.testng.remote.AbstractRemoteTestNG.run(AbstractRemoteTestNG.java:114)
	at org.testng.remote.RemoteTestNG.initAndRun(RemoteTestNG.java:251)
	at org.testng.remote.RemoteTestNG.main(RemoteTestNG.java:77)
</pre></div></td>
<td>24</td>
<td>com.rf.test.website.LSD.LSDLinkTests@62923ee6</td></tr>
<tr>
<td title='com.rf.test.website.LSD.LSDLinkTests.testSortingMenuForViewAllConsultants_3328q()'><b>testSortingMenuForViewAllConsultants_3328q</b><br>Test class: com.rf.test.website.LSD.LSDLinkTests</td>
<td><div><pre>java.lang.AssertionError: 1.Physical level: High to Low is not visible at filters page

 1.Physical level: Low to High is not visible at filters page

	at com.rf.core.utils.SoftAssert.assertAll(SoftAssert.java:56)
	at com.rf.test.website.LSD.LSDLinkTests.testSortingMenuForViewAllConsultants_3328q(LSDLinkTests.java:481)
... Removed 24 stack frames</pre></div><a href='#' onClick='toggleBox("stack-trace1134443700", this, "Click to show all stack frames", "Click to hide stack frames")'>Click to show all stack frames</a>
<div class='stack-trace' id='stack-trace1134443700'><pre>java.lang.AssertionError: 1.Physical level: High to Low is not visible at filters page

 1.Physical level: Low to High is not visible at filters page

	at com.rf.core.utils.SoftAssert.assertAll(SoftAssert.java:56)
	at com.rf.test.website.LSD.LSDLinkTests.testSortingMenuForViewAllConsultants_3328q(LSDLinkTests.java:481)
	at sun.reflect.NativeMethodAccessorImpl.invoke0(Native Method)
	at sun.reflect.NativeMethodAccessorImpl.invoke(Unknown Source)
	at sun.reflect.DelegatingMethodAccessorImpl.invoke(Unknown Source)
	at java.lang.reflect.Method.invoke(Unknown Source)
	at org.testng.internal.MethodInvocationHelper.invokeMethod(MethodInvocationHelper.java:84)
	at org.testng.internal.Invoker.invokeMethod(Invoker.java:714)
	at org.testng.internal.Invoker.invokeTestMethod(Invoker.java:901)
	at org.testng.internal.Invoker.invokeTestMethods(Invoker.java:1231)
	at org.testng.internal.TestMethodWorker.invokeTestMethods(TestMethodWorker.java:127)
	at org.testng.internal.TestMethodWorker.run(TestMethodWorker.java:111)
	at org.testng.TestRunner.privateRun(TestRunner.java:767)
	at org.testng.TestRunner.run(TestRunner.java:617)
	at org.testng.SuiteRunner.runTest(SuiteRunner.java:348)
	at org.testng.SuiteRunner.runSequentially(SuiteRunner.java:343)
	at org.testng.SuiteRunner.privateRun(SuiteRunner.java:305)
	at org.testng.SuiteRunner.run(SuiteRunner.java:254)
	at org.testng.SuiteRunnerWorker.runSuite(SuiteRunnerWorker.java:52)
	at org.testng.SuiteRunnerWorker.run(SuiteRunnerWorker.java:86)
	at org.testng.TestNG.runSuitesSequentially(TestNG.java:1224)
	at org.testng.TestNG.runSuitesLocally(TestNG.java:1149)
	at org.testng.TestNG.run(TestNG.java:1057)
	at org.testng.remote.AbstractRemoteTestNG.run(AbstractRemoteTestNG.java:114)
	at org.testng.remote.RemoteTestNG.initAndRun(RemoteTestNG.java:251)
	at org.testng.remote.RemoteTestNG.main(RemoteTestNG.java:77)
</pre></div></td>
<td>97</td>
<td>com.rf.test.website.LSD.LSDLinkTests@62923ee6</td></tr>
<tr>
<td title='com.rf.test.website.LSD.LSDLinkTests.testVerifyLeadTheWayLink_1455q()'><b>testVerifyLeadTheWayLink_1455q</b><br>Test class: com.rf.test.website.LSD.LSDLinkTests</td>
<td><div><pre>java.lang.AssertionError: 1.Current URL : https://safe.menlosecurity.com/safeview-auth-server/saml does not contains randfjourney

	at com.rf.core.utils.SoftAssert.assertAll(SoftAssert.java:56)
	at com.rf.test.website.LSD.LSDLinkTests.testVerifyLeadTheWayLink_1455q(LSDLinkTests.java:28)
... Removed 24 stack frames</pre></div><a href='#' onClick='toggleBox("stack-trace1189496672", this, "Click to show all stack frames", "Click to hide stack frames")'>Click to show all stack frames</a>
<div class='stack-trace' id='stack-trace1189496672'><pre>java.lang.AssertionError: 1.Current URL : https://safe.menlosecurity.com/safeview-auth-server/saml does not contains randfjourney

	at com.rf.core.utils.SoftAssert.assertAll(SoftAssert.java:56)
	at com.rf.test.website.LSD.LSDLinkTests.testVerifyLeadTheWayLink_1455q(LSDLinkTests.java:28)
	at sun.reflect.NativeMethodAccessorImpl.invoke0(Native Method)
	at sun.reflect.NativeMethodAccessorImpl.invoke(Unknown Source)
	at sun.reflect.DelegatingMethodAccessorImpl.invoke(Unknown Source)
	at java.lang.reflect.Method.invoke(Unknown Source)
	at org.testng.internal.MethodInvocationHelper.invokeMethod(MethodInvocationHelper.java:84)
	at org.testng.internal.Invoker.invokeMethod(Invoker.java:714)
	at org.testng.internal.Invoker.invokeTestMethod(Invoker.java:901)
	at org.testng.internal.Invoker.invokeTestMethods(Invoker.java:1231)
	at org.testng.internal.TestMethodWorker.invokeTestMethods(TestMethodWorker.java:127)
	at org.testng.internal.TestMethodWorker.run(TestMethodWorker.java:111)
	at org.testng.TestRunner.privateRun(TestRunner.java:767)
	at org.testng.TestRunner.run(TestRunner.java:617)
	at org.testng.SuiteRunner.runTest(SuiteRunner.java:348)
	at org.testng.SuiteRunner.runSequentially(SuiteRunner.java:343)
	at org.testng.SuiteRunner.privateRun(SuiteRunner.java:305)
	at org.testng.SuiteRunner.run(SuiteRunner.java:254)
	at org.testng.SuiteRunnerWorker.runSuite(SuiteRunnerWorker.java:52)
	at org.testng.SuiteRunnerWorker.run(SuiteRunnerWorker.java:86)
	at org.testng.TestNG.runSuitesSequentially(TestNG.java:1224)
	at org.testng.TestNG.runSuitesLocally(TestNG.java:1149)
	at org.testng.TestNG.run(TestNG.java:1057)
	at org.testng.remote.AbstractRemoteTestNG.run(AbstractRemoteTestNG.java:114)
	at org.testng.remote.RemoteTestNG.initAndRun(RemoteTestNG.java:251)
	at org.testng.remote.RemoteTestNG.main(RemoteTestNG.java:77)
</pre></div></td>
<td>12</td>
<td>com.rf.test.website.LSD.LSDLinkTests@62923ee6</td></tr>
<tr>
<td title='com.rf.test.website.LSD.LSDTests.testVerifyRFLinkForLevelECIVOrMore_2956q()'><b>testVerifyRFLinkForLevelECIVOrMore_2956q</b><br>Test class: com.rf.test.website.LSD.LSDTests</td>
<td><div><pre>org.springframework.dao.DataIntegrityViolationException: StatementCallback; SQL [select EmailAddress from RFO_Accounts.AccountContacts acTB INNER JOIN RFO_Accounts.AccountEmails aeTB  on acTB.AccountContactId=aeTB.AccountContactId INNER JOIN RFO_Accounts.EmailAddresses aEMTB on aeTB.EmailAddressID=aEMTB.EmailAddressID WHERE acTB.AccountID=&apos;null&apos; and aEMTB.EmailAddressTypeID=1 ]; Error converting data type varchar to bigint.; nested exception is com.microsoft.sqlserver.jdbc.SQLServerException: Error converting data type varchar to bigint.
Caused by: com.microsoft.sqlserver.jdbc.SQLServerException: Error converting data type varchar to bigint.
	at com.microsoft.sqlserver.jdbc.SQLServerException.makeFromDatabaseError(SQLServerException.java:196)
	at com.microsoft.sqlserver.jdbc.SQLServerResultSet$FetchBuffer.nextRow(SQLServerResultSet.java:4700)
	at com.microsoft.sqlserver.jdbc.SQLServerResultSet.fetchBufferNext(SQLServerResultSet.java:1683)
	at com.microsoft.sqlserver.jdbc.SQLServerResultSet.next(SQLServerResultSet.java:956)
	at org.springframework.jdbc.core.RowMapperResultSetExtractor.extractData(RowMapperResultSetExtractor.java:91)
	at org.springframework.jdbc.core.JdbcTemplate$1QueryStatementCallback.doInStatement(JdbcTemplate.java:394)
	at org.springframework.jdbc.core.JdbcTemplate.execute(JdbcTemplate.java:342)
	at org.springframework.jdbc.core.JdbcTemplate.query(JdbcTemplate.java:404)
	at org.springframework.jdbc.core.JdbcTemplate.query(JdbcTemplate.java:412)
	at com.rf.core.utils.DBUtil.performDatabaseQuery(DBUtil.java:80)
	at com.rf.test.website.LSD.LSDTests.testVerifyRFLinkForLevelECIVOrMore_2956q(LSDTests.java:1181)
... Removed 24 stack frames</pre></div><a href='#' onClick='toggleBox("stack-trace1768471788", this, "Click to show all stack frames", "Click to hide stack frames")'>Click to show all stack frames</a>
<div class='stack-trace' id='stack-trace1768471788'><pre>org.springframework.dao.DataIntegrityViolationException: StatementCallback; SQL [select EmailAddress from RFO_Accounts.AccountContacts acTB INNER JOIN RFO_Accounts.AccountEmails aeTB  on acTB.AccountContactId=aeTB.AccountContactId INNER JOIN RFO_Accounts.EmailAddresses aEMTB on aeTB.EmailAddressID=aEMTB.EmailAddressID WHERE acTB.AccountID=&apos;null&apos; and aEMTB.EmailAddressTypeID=1 ]; Error converting data type varchar to bigint.; nested exception is com.microsoft.sqlserver.jdbc.SQLServerException: Error converting data type varchar to bigint.
Caused by: com.microsoft.sqlserver.jdbc.SQLServerException: Error converting data type varchar to bigint.
	at com.microsoft.sqlserver.jdbc.SQLServerException.makeFromDatabaseError(SQLServerException.java:196)
	at com.microsoft.sqlserver.jdbc.SQLServerResultSet$FetchBuffer.nextRow(SQLServerResultSet.java:4700)
	at com.microsoft.sqlserver.jdbc.SQLServerResultSet.fetchBufferNext(SQLServerResultSet.java:1683)
	at com.microsoft.sqlserver.jdbc.SQLServerResultSet.next(SQLServerResultSet.java:956)
	at org.springframework.jdbc.core.RowMapperResultSetExtractor.extractData(RowMapperResultSetExtractor.java:91)
	at org.springframework.jdbc.core.JdbcTemplate$1QueryStatementCallback.doInStatement(JdbcTemplate.java:394)
	at org.springframework.jdbc.core.JdbcTemplate.execute(JdbcTemplate.java:342)
	at org.springframework.jdbc.core.JdbcTemplate.query(JdbcTemplate.java:404)
	at org.springframework.jdbc.core.JdbcTemplate.query(JdbcTemplate.java:412)
	at com.rf.core.utils.DBUtil.performDatabaseQuery(DBUtil.java:80)
	at com.rf.test.website.LSD.LSDTests.testVerifyRFLinkForLevelECIVOrMore_2956q(LSDTests.java:1181)
	at sun.reflect.NativeMethodAccessorImpl.invoke0(Native Method)
	at sun.reflect.NativeMethodAccessorImpl.invoke(Unknown Source)
	at sun.reflect.DelegatingMethodAccessorImpl.invoke(Unknown Source)
	at java.lang.reflect.Method.invoke(Unknown Source)
	at org.testng.internal.MethodInvocationHelper.invokeMethod(MethodInvocationHelper.java:84)
	at org.testng.internal.Invoker.invokeMethod(Invoker.java:714)
	at org.testng.internal.Invoker.invokeTestMethod(Invoker.java:901)
	at org.testng.internal.Invoker.invokeTestMethods(Invoker.java:1231)
	at org.testng.internal.TestMethodWorker.invokeTestMethods(TestMethodWorker.java:127)
	at org.testng.internal.TestMethodWorker.run(TestMethodWorker.java:111)
	at org.testng.TestRunner.privateRun(TestRunner.java:767)
	at org.testng.TestRunner.run(TestRunner.java:617)
	at org.testng.SuiteRunner.runTest(SuiteRunner.java:348)
	at org.testng.SuiteRunner.runSequentially(SuiteRunner.java:343)
	at org.testng.SuiteRunner.privateRun(SuiteRunner.java:305)
	at org.testng.SuiteRunner.run(SuiteRunner.java:254)
	at org.testng.SuiteRunnerWorker.runSuite(SuiteRunnerWorker.java:52)
	at org.testng.SuiteRunnerWorker.run(SuiteRunnerWorker.java:86)
	at org.testng.TestNG.runSuitesSequentially(TestNG.java:1224)
	at org.testng.TestNG.runSuitesLocally(TestNG.java:1149)
	at org.testng.TestNG.run(TestNG.java:1057)
	at org.testng.remote.AbstractRemoteTestNG.run(AbstractRemoteTestNG.java:114)
	at org.testng.remote.RemoteTestNG.initAndRun(RemoteTestNG.java:251)
	at org.testng.remote.RemoteTestNG.main(RemoteTestNG.java:77)
</pre></div></td>
<td>89</td>
<td>com.rf.test.website.LSD.LSDTests@f19c9d2</td></tr>
<tr>
<td title='com.rf.test.website.LSD.LSDTests.testVerifyRFLinkForPaidAsTitleLevelECIIIOrLess_3103q()'><b>testVerifyRFLinkForPaidAsTitleLevelECIIIOrLess_3103q</b><br>Test class: com.rf.test.website.LSD.LSDTests</td>
<td><div><pre>java.lang.AssertionError: 1.Track my progress link is present for title type LI EC

 1.Track my progress link is present for title type LIII EC

 1.Track my progress link is present for title type C

	at com.rf.core.utils.SoftAssert.assertAll(SoftAssert.java:56)
	at com.rf.test.website.LSD.LSDTests.testVerifyRFLinkForPaidAsTitleLevelECIIIOrLess_3103q(LSDTests.java:1137)
... Removed 24 stack frames</pre></div><a href='#' onClick='toggleBox("stack-trace1037793103", this, "Click to show all stack frames", "Click to hide stack frames")'>Click to show all stack frames</a>
<div class='stack-trace' id='stack-trace1037793103'><pre>java.lang.AssertionError: 1.Track my progress link is present for title type LI EC

 1.Track my progress link is present for title type LIII EC

 1.Track my progress link is present for title type C

	at com.rf.core.utils.SoftAssert.assertAll(SoftAssert.java:56)
	at com.rf.test.website.LSD.LSDTests.testVerifyRFLinkForPaidAsTitleLevelECIIIOrLess_3103q(LSDTests.java:1137)
	at sun.reflect.NativeMethodAccessorImpl.invoke0(Native Method)
	at sun.reflect.NativeMethodAccessorImpl.invoke(Unknown Source)
	at sun.reflect.DelegatingMethodAccessorImpl.invoke(Unknown Source)
	at java.lang.reflect.Method.invoke(Unknown Source)
	at org.testng.internal.MethodInvocationHelper.invokeMethod(MethodInvocationHelper.java:84)
	at org.testng.internal.Invoker.invokeMethod(Invoker.java:714)
	at org.testng.internal.Invoker.invokeTestMethod(Invoker.java:901)
	at org.testng.internal.Invoker.invokeTestMethods(Invoker.java:1231)
	at org.testng.internal.TestMethodWorker.invokeTestMethods(TestMethodWorker.java:127)
	at org.testng.internal.TestMethodWorker.run(TestMethodWorker.java:111)
	at org.testng.TestRunner.privateRun(TestRunner.java:767)
	at org.testng.TestRunner.run(TestRunner.java:617)
	at org.testng.SuiteRunner.runTest(SuiteRunner.java:348)
	at org.testng.SuiteRunner.runSequentially(SuiteRunner.java:343)
	at org.testng.SuiteRunner.privateRun(SuiteRunner.java:305)
	at org.testng.SuiteRunner.run(SuiteRunner.java:254)
	at org.testng.SuiteRunnerWorker.runSuite(SuiteRunnerWorker.java:52)
	at org.testng.SuiteRunnerWorker.run(SuiteRunnerWorker.java:86)
	at org.testng.TestNG.runSuitesSequentially(TestNG.java:1224)
	at org.testng.TestNG.runSuitesLocally(TestNG.java:1149)
	at org.testng.TestNG.run(TestNG.java:1057)
	at org.testng.remote.AbstractRemoteTestNG.run(AbstractRemoteTestNG.java:114)
	at org.testng.remote.RemoteTestNG.initAndRun(RemoteTestNG.java:251)
	at org.testng.remote.RemoteTestNG.main(RemoteTestNG.java:77)
</pre></div></td>
<td>67</td>
<td>com.rf.test.website.LSD.LSDTests@f19c9d2</td></tr>
</table><p>
<table width='100%' border='1' class='invocation-passed'>
<tr><td colspan='4' align='center'><b>PASSED TESTS</b></td></tr>
<tr><td><b>Test method</b></td>
<td width="30%"><b>Exception</b></td>
<td width="10%"><b>Time (seconds)</b></td>
<td><b>Instance</b></td>
</tr>
<tr>
<td title='com.rf.test.website.LSD.LSDTests.testCRPAutoshipProcessedInPastForThismonth_2522q()'><b>testCRPAutoshipProcessedInPastForThismonth_2522q</b><br>Test class: com.rf.test.website.LSD.LSDTests</td>
<td></td>
<td>110</td>
<td>com.rf.test.website.LSD.LSDTests@f19c9d2</td></tr>
<tr>
<td title='com.rf.test.website.LSD.LSDTests.testColorOfPSQVValueAndPSQVRingEqualsTo0_2470q()'><b>testColorOfPSQVValueAndPSQVRingEqualsTo0_2470q</b><br>Test class: com.rf.test.website.LSD.LSDTests</td>
<td></td>
<td>14</td>
<td>com.rf.test.website.LSD.LSDTests@f19c9d2</td></tr>
<tr>
<td title='com.rf.test.website.LSD.LSDTests.testColorOfPSQVValueAndPSQVRingGreaterThan600_3128q()'><b>testColorOfPSQVValueAndPSQVRingGreaterThan600_3128q</b><br>Test class: com.rf.test.website.LSD.LSDTests</td>
<td></td>
<td>9</td>
<td>com.rf.test.website.LSD.LSDTests@f19c9d2</td></tr>
<tr>
<td title='com.rf.test.website.LSD.LSDTests.testColorOfPSQVValueAndPSQVRingLessThan600_3127q()'><b>testColorOfPSQVValueAndPSQVRingLessThan600_3127q</b><br>Test class: com.rf.test.website.LSD.LSDTests</td>
<td></td>
<td>12</td>
<td>com.rf.test.website.LSD.LSDTests@f19c9d2</td></tr>
<tr>
<td title='com.rf.test.website.LSD.LSDTests.testColorOfSVValueAndSVRingGreaterThan100_3125q()'><b>testColorOfSVValueAndSVRingGreaterThan100_3125q</b><br>Test class: com.rf.test.website.LSD.LSDTests</td>
<td></td>
<td>19</td>
<td>com.rf.test.website.LSD.LSDTests@f19c9d2</td></tr>
<tr>
<td title='com.rf.test.website.LSD.LSDTests.testColorOfSVValueAndSVRingLessThan100_3126q()'><b>testColorOfSVValueAndSVRingLessThan100_3126q</b><br>Test class: com.rf.test.website.LSD.LSDTests</td>
<td></td>
<td>37</td>
<td>com.rf.test.website.LSD.LSDTests@f19c9d2</td></tr>
<tr>
<td title='com.rf.test.website.LSD.LSDTests.testCurrentProgressEstSVValue_2467q()'><b>testCurrentProgressEstSVValue_2467q</b><br>Test class: com.rf.test.website.LSD.LSDTests</td>
<td></td>
<td>1</td>
<td>com.rf.test.website.LSD.LSDTests@f19c9d2</td></tr>
<tr>
<td title='com.rf.test.website.LSD.LSDTests.testDownlineReportLink_2561q()'><b>testDownlineReportLink_2561q</b><br>Test class: com.rf.test.website.LSD.LSDTests</td>
<td></td>
<td>8</td>
<td>com.rf.test.website.LSD.LSDTests@f19c9d2</td></tr>
<tr>
<td title='com.rf.test.website.LSD.LSDTests.testEarningsStatementsReportLink_2562q()'><b>testEarningsStatementsReportLink_2562q</b><br>Test class: com.rf.test.website.LSD.LSDTests</td>
<td></td>
<td>2</td>
<td>com.rf.test.website.LSD.LSDTests@f19c9d2</td></tr>
<tr>
<td title='com.rf.test.website.LSD.LSDTests.testEnrollmentSponsor_2535q()'><b>testEnrollmentSponsor_2535q</b><br>Test class: com.rf.test.website.LSD.LSDTests</td>
<td></td>
<td>9</td>
<td>com.rf.test.website.LSD.LSDTests@f19c9d2</td></tr>
<tr>
<td title='com.rf.test.website.LSD.LSDTests.testEstPSQVValue_2468q()'><b>testEstPSQVValue_2468q</b><br>Test class: com.rf.test.website.LSD.LSDTests</td>
<td></td>
<td>0</td>
<td>com.rf.test.website.LSD.LSDTests@f19c9d2</td></tr>
<tr>
<td title='com.rf.test.website.LSD.LSDLinkTests.testFAQNavigation_2953q()'><b>testFAQNavigation_2953q</b><br>Test class: com.rf.test.website.LSD.LSDLinkTests</td>
<td></td>
<td>17</td>
<td>com.rf.test.website.LSD.LSDLinkTests@62923ee6</td></tr>
<tr>
<td title='com.rf.test.website.LSD.LSDLinkTests.testMainMenuLinks_2631q()'><b>testMainMenuLinks_2631q</b><br>Test class: com.rf.test.website.LSD.LSDLinkTests</td>
<td></td>
<td>48</td>
<td>com.rf.test.website.LSD.LSDLinkTests@62923ee6</td></tr>
<tr>
<td title='com.rf.test.website.LSD.LSDTests.testPCWithOrdersValue_2536q()'><b>testPCWithOrdersValue_2536q</b><br>Test class: com.rf.test.website.LSD.LSDTests</td>
<td></td>
<td>0</td>
<td>com.rf.test.website.LSD.LSDTests@f19c9d2</td></tr>
<tr>
<td title='com.rf.test.website.LSD.LSDTests.testProcessedPCAutoships_3015q_3351q()'><b>testProcessedPCAutoships_3015q_3351q</b><br>Test class: com.rf.test.website.LSD.LSDTests</td>
<td></td>
<td>40</td>
<td>com.rf.test.website.LSD.LSDTests@f19c9d2</td></tr>
<tr>
<td title='com.rf.test.website.LSD.LSDTests.testPulseProAutoshipProcessedInPastForThisMonth_2530q_2529q()'><b>testPulseProAutoshipProcessedInPastForThisMonth_2530q_2529q</b><br>Test class: com.rf.test.website.LSD.LSDTests</td>
<td></td>
<td>8</td>
<td>com.rf.test.website.LSD.LSDTests@f19c9d2</td></tr>
<tr>
<td title='com.rf.test.website.LSD.LSDTests.testQualificationTitleC_3217q()'><b>testQualificationTitleC_3217q</b><br>Test class: com.rf.test.website.LSD.LSDTests</td>
<td></td>
<td>14</td>
<td>com.rf.test.website.LSD.LSDTests@f19c9d2</td></tr>
<tr>
<td title='com.rf.test.website.LSD.LSDTests.testQualificationTitleEC_3218q()'><b>testQualificationTitleEC_3218q</b><br>Test class: com.rf.test.website.LSD.LSDTests</td>
<td></td>
<td>14</td>
<td>com.rf.test.website.LSD.LSDTests@f19c9d2</td></tr>
<tr>
<td title='com.rf.test.website.LSD.LSDTests.testSolutionToolReportLink_2563q()'><b>testSolutionToolReportLink_2563q</b><br>Test class: com.rf.test.website.LSD.LSDTests</td>
<td></td>
<td>8</td>
<td>com.rf.test.website.LSD.LSDTests@f19c9d2</td></tr>
<tr>
<td title='com.rf.test.website.LSD.LoginTests.testTextAboveUsernameAndPassword_3412q()'><b>testTextAboveUsernameAndPassword_3412q</b><br>Test class: com.rf.test.website.LSD.LoginTests</td>
<td></td>
<td>26</td>
<td>com.rf.test.website.LSD.LoginTests@7bb3a9fe</td></tr>
<tr>
<td title='com.rf.test.website.LSD.LSDTests.testTitleHistoryPage_2479q()'><b>testTitleHistoryPage_2479q</b><br>Test class: com.rf.test.website.LSD.LSDTests</td>
<td></td>
<td>7</td>
<td>com.rf.test.website.LSD.LSDTests@f19c9d2</td></tr>
<tr>
<td title='com.rf.test.website.LSD.LSDTests.testUpcomingOrdersPendingAutoships_2531q()'><b>testUpcomingOrdersPendingAutoships_2531q</b><br>Test class: com.rf.test.website.LSD.LSDTests</td>
<td></td>
<td>0</td>
<td>com.rf.test.website.LSD.LSDTests@f19c9d2</td></tr>
<tr>
<td title='com.rf.test.website.LSD.LSDLinkTests.testVerifyLinkCommsCorner_1447q()'><b>testVerifyLinkCommsCorner_1447q</b><br>Test class: com.rf.test.website.LSD.LSDLinkTests</td>
<td></td>
<td>93</td>
<td>com.rf.test.website.LSD.LSDLinkTests@62923ee6</td></tr>
<tr>
<td title='com.rf.test.website.LSD.LSDLinkTests.testVerifyLinkConsultantLEDEvents_1448()'><b>testVerifyLinkConsultantLEDEvents_1448</b><br>Test class: com.rf.test.website.LSD.LSDLinkTests</td>
<td></td>
<td>13</td>
<td>com.rf.test.website.LSD.LSDLinkTests@62923ee6</td></tr>
<tr>
<td title='com.rf.test.website.LSD.LSDLinkTests.testVerifyLinkCorporateEvents_1449q()'><b>testVerifyLinkCorporateEvents_1449q</b><br>Test class: com.rf.test.website.LSD.LSDLinkTests</td>
<td></td>
<td>16</td>
<td>com.rf.test.website.LSD.LSDLinkTests@62923ee6</td></tr>
<tr>
<td title='com.rf.test.website.LSD.LSDLinkTests.testVerifyLinkGettingStarted_1450q()'><b>testVerifyLinkGettingStarted_1450q</b><br>Test class: com.rf.test.website.LSD.LSDLinkTests</td>
<td></td>
<td>7</td>
<td>com.rf.test.website.LSD.LSDLinkTests@62923ee6</td></tr>
<tr>
<td title='com.rf.test.website.LSD.LSDLinkTests.testVerifyRFConnectionLink_1456q()'><b>testVerifyRFConnectionLink_1456q</b><br>Test class: com.rf.test.website.LSD.LSDLinkTests</td>
<td></td>
<td>25</td>
<td>com.rf.test.website.LSD.LSDLinkTests@62923ee6</td></tr>
<tr>
<td title='com.rf.test.website.LSD.LSDLinkTests.testVerifyRFJourneyLink_1457q()'><b>testVerifyRFJourneyLink_1457q</b><br>Test class: com.rf.test.website.LSD.LSDLinkTests</td>
<td></td>
<td>9</td>
<td>com.rf.test.website.LSD.LSDLinkTests@62923ee6</td></tr>
<tr>
<td title='com.rf.test.website.LSD.LSDLinkTests.testVerifyRFMallLink_1458q()'><b>testVerifyRFMallLink_1458q</b><br>Test class: com.rf.test.website.LSD.LSDLinkTests</td>
<td></td>
<td>7</td>
<td>com.rf.test.website.LSD.LSDLinkTests@62923ee6</td></tr>
<tr>
<td title='com.rf.test.website.LSD.LSDLinkTests.testVerifyRFPaydayLink_1459q()'><b>testVerifyRFPaydayLink_1459q</b><br>Test class: com.rf.test.website.LSD.LSDLinkTests</td>
<td></td>
<td>8</td>
<td>com.rf.test.website.LSD.LSDLinkTests@62923ee6</td></tr>
<tr>
<td title='com.rf.test.website.LSD.LSDLinkTests.testVerifyTabsWith6Level_3238q()'><b>testVerifyTabsWith6Level_3238q</b><br>Test class: com.rf.test.website.LSD.LSDLinkTests</td>
<td></td>
<td>83</td>
<td>com.rf.test.website.LSD.LSDLinkTests@62923ee6</td></tr>
<tr>
<td title='com.rf.test.website.LSD.LSDTests.testViewPastOrderDetails_2895q()'><b>testViewPastOrderDetails_2895q</b><br>Test class: com.rf.test.website.LSD.LSDTests</td>
<td></td>
<td>1</td>
<td>com.rf.test.website.LSD.LSDTests@f19c9d2</td></tr>
<tr>
<td title='com.rf.test.website.LSD.LSDTests.testVitalSignsPageNavigation_2560q()'><b>testVitalSignsPageNavigation_2560q</b><br>Test class: com.rf.test.website.LSD.LSDTests</td>
<td></td>
<td>7</td>
<td>com.rf.test.website.LSD.LSDTests@f19c9d2</td></tr>
</table><p>
<table width='100%' border='1' class='invocation-skipped'>
<tr><td colspan='4' align='center'><b>SKIPPED TESTS</b></td></tr>
<tr><td><b>Test method</b></td>
<td width="30%"><b>Exception</b></td>
<td width="10%"><b>Time (seconds)</b></td>
<td><b>Instance</b></td>
</tr>
<tr>
<td title='com.rf.test.website.LSD.LSDCustomerTests.TotalNumberOfAllPCs_3349q()'><b>TotalNumberOfAllPCs_3349q</b><br>Test class: com.rf.test.website.LSD.LSDCustomerTests</td>
<td></td>
<td>0</td>
<td>com.rf.test.website.LSD.LSDCustomerTests@644c78d4</td></tr>
<tr>
<td title='com.rf.test.website.LSD.LSDOrdersTests.testConsultantAdhocOrderDetailsOnOrderCards_2848q()'><b>testConsultantAdhocOrderDetailsOnOrderCards_2848q</b><br>Test class: com.rf.test.website.LSD.LSDOrdersTests</td>
<td></td>
<td>0</td>
<td>com.rf.test.website.LSD.LSDOrdersTests@76a82f33</td></tr>
<tr>
<td title='com.rf.test.website.LSD.LSDOrdersTests.testLoadingOrdersScreen_2821q_2820q()'><b>testLoadingOrdersScreen_2821q_2820q</b><br>Test class: com.rf.test.website.LSD.LSDOrdersTests</td>
<td></td>
<td>0</td>
<td>com.rf.test.website.LSD.LSDOrdersTests@76a82f33</td></tr>
<tr>
<td title='com.rf.test.website.LSD.LSDOrdersTests.testOrderStatusOrderResultsBasedOnOrderFilter_2835q()'><b>testOrderStatusOrderResultsBasedOnOrderFilter_2835q</b><br>Test class: com.rf.test.website.LSD.LSDOrdersTests</td>
<td></td>
<td>0</td>
<td>com.rf.test.website.LSD.LSDOrdersTests@76a82f33</td></tr>
<tr>
<td title='com.rf.test.website.LSD.LSDOrdersTests.testOrderTypeOrderResultsBasedOnOrderFilter_2834q()'><b>testOrderTypeOrderResultsBasedOnOrderFilter_2834q</b><br>Test class: com.rf.test.website.LSD.LSDOrdersTests</td>
<td></td>
<td>0</td>
<td>com.rf.test.website.LSD.LSDOrdersTests@76a82f33</td></tr>
<tr>
<td title='com.rf.test.website.LSD.LSDOrdersTests.testPCAdhocOrderDetailsOnOrderCards_2844q()'><b>testPCAdhocOrderDetailsOnOrderCards_2844q</b><br>Test class: com.rf.test.website.LSD.LSDOrdersTests</td>
<td></td>
<td>0</td>
<td>com.rf.test.website.LSD.LSDOrdersTests@76a82f33</td></tr>
<tr>
<td title='com.rf.test.website.LSD.LSDCustomerTests.testPCCardComponents_3240q()'><b>testPCCardComponents_3240q</b><br>Test class: com.rf.test.website.LSD.LSDCustomerTests</td>
<td></td>
<td>0</td>
<td>com.rf.test.website.LSD.LSDCustomerTests@644c78d4</td></tr>
<tr>
<td title='com.rf.test.website.LSD.LSDOrdersTests.testPulseSubscriptionOrderDetailsOnOrderCards_2843q()'><b>testPulseSubscriptionOrderDetailsOnOrderCards_2843q</b><br>Test class: com.rf.test.website.LSD.LSDOrdersTests</td>
<td></td>
<td>0</td>
<td>com.rf.test.website.LSD.LSDOrdersTests@76a82f33</td></tr>
<tr>
<td title='com.rf.test.website.LSD.LSDOrdersTests.testRetailAdhocOrderDetailsOnOrderCards_2841q()'><b>testRetailAdhocOrderDetailsOnOrderCards_2841q</b><br>Test class: com.rf.test.website.LSD.LSDOrdersTests</td>
<td></td>
<td>0</td>
<td>com.rf.test.website.LSD.LSDOrdersTests@76a82f33</td></tr>
<tr>
<td title='com.rf.test.website.LSD.LSDCustomerTests.testSortingByQVLowTohigh_3011q()'><b>testSortingByQVLowTohigh_3011q</b><br>Test class: com.rf.test.website.LSD.LSDCustomerTests</td>
<td></td>
<td>0</td>
<td>com.rf.test.website.LSD.LSDCustomerTests@644c78d4</td></tr>
<tr>
<td title='com.rf.test.website.LSD.LSDTeamTests.testSortingMenuForNewConsultant_3329q()'><b>testSortingMenuForNewConsultant_3329q</b><br>Test class: com.rf.test.website.LSD.LSDTeamTests</td>
<td></td>
<td>0</td>
<td>com.rf.test.website.LSD.LSDTeamTests@5db4c359</td></tr>
<tr>
<td title='com.rf.test.website.LSD.LSDCustomerTests.testSortingMenuForNextMonth_2999q()'><b>testSortingMenuForNextMonth_2999q</b><br>Test class: com.rf.test.website.LSD.LSDCustomerTests</td>
<td></td>
<td>0</td>
<td>com.rf.test.website.LSD.LSDCustomerTests@644c78d4</td></tr>
<tr>
<td title='com.rf.test.website.LSD.LSDCustomerTests.testSortingMenuForThisMonth_3000q()'><b>testSortingMenuForThisMonth_3000q</b><br>Test class: com.rf.test.website.LSD.LSDCustomerTests</td>
<td></td>
<td>0</td>
<td>com.rf.test.website.LSD.LSDCustomerTests@644c78d4</td></tr>
<tr>
<td title='com.rf.test.website.LSD.LSDCustomerTests.testTotalNumberOfDeactivatedPCs_2985q()'><b>testTotalNumberOfDeactivatedPCs_2985q</b><br>Test class: com.rf.test.website.LSD.LSDCustomerTests</td>
<td></td>
<td>0</td>
<td>com.rf.test.website.LSD.LSDCustomerTests@644c78d4</td></tr>
<tr>
<td title='com.rf.test.website.LSD.LSDCustomerTests.testTotalNumberOfNewPCs_3306q()'><b>testTotalNumberOfNewPCs_3306q</b><br>Test class: com.rf.test.website.LSD.LSDCustomerTests</td>
<td></td>
<td>0</td>
<td>com.rf.test.website.LSD.LSDCustomerTests@644c78d4</td></tr>
<tr>
<td title='com.rf.test.website.LSD.LSDCustomerTests.testTotalNumberOfPCsNextMonth_3021q()'><b>testTotalNumberOfPCsNextMonth_3021q</b><br>Test class: com.rf.test.website.LSD.LSDCustomerTests</td>
<td></td>
<td>0</td>
<td>com.rf.test.website.LSD.LSDCustomerTests@644c78d4</td></tr>
<tr>
<td title='com.rf.test.website.LSD.LSDCustomerTests.testTotalNumberOfPCsThisMonth_3013q()'><b>testTotalNumberOfPCsThisMonth_3013q</b><br>Test class: com.rf.test.website.LSD.LSDCustomerTests</td>
<td></td>
<td>0</td>
<td>com.rf.test.website.LSD.LSDCustomerTests@644c78d4</td></tr>
<tr>
<td title='com.rf.test.website.LSD.LSDOrdersTests.testVerifyCRPOrderDetailsOnOrderCards_2838q()'><b>testVerifyCRPOrderDetailsOnOrderCards_2838q</b><br>Test class: com.rf.test.website.LSD.LSDOrdersTests</td>
<td></td>
<td>0</td>
<td>com.rf.test.website.LSD.LSDOrdersTests@76a82f33</td></tr>
<tr>
<td title='com.rf.test.website.LSD.LSDOrdersTests.testVerifyCRPOrderDetailsWithConsultantPersonalOnOrderCards_2855q()'><b>testVerifyCRPOrderDetailsWithConsultantPersonalOnOrderCards_2855q</b><br>Test class: com.rf.test.website.LSD.LSDOrdersTests</td>
<td></td>
<td>0</td>
<td>com.rf.test.website.LSD.LSDOrdersTests@76a82f33</td></tr>
<tr>
<td title='com.rf.test.website.LSD.LSDOrdersTests.testVerifyOrderReceiptForFailedPCOrders_3430q()'><b>testVerifyOrderReceiptForFailedPCOrders_3430q</b><br>Test class: com.rf.test.website.LSD.LSDOrdersTests</td>
<td></td>
<td>0</td>
<td>com.rf.test.website.LSD.LSDOrdersTests@76a82f33</td></tr>
<tr>
<td title='com.rf.test.website.LSD.LSDOrdersTests.testVerifyOrderReceiptForProcessedPersonalAdhocOrders_3425q()'><b>testVerifyOrderReceiptForProcessedPersonalAdhocOrders_3425q</b><br>Test class: com.rf.test.website.LSD.LSDOrdersTests</td>
<td></td>
<td>0</td>
<td>com.rf.test.website.LSD.LSDOrdersTests@76a82f33</td></tr>
</table><p>
</body>
</html>