<?xml version="1.0" encoding="UTF-8"?>
<!-- Generated by org.testng.reporters.JUnitXMLReporter -->
<testsuite hostname="LD-4V2P3G2" name="Default test" tests="7" failures="2" timestamp="6 Mar 2018 00:35:27 GMT" time="265.919" errors="0">
  <testcase name="TotalNumberOfAllPCs_3349q" time="12.861" classname="com.rf.test.website.LSD.LSDCustomerTests"/>
  <testcase name="testPCCardComponents_3240q" time="28.344" classname="com.rf.test.website.LSD.LSDCustomerTests"/>
  <testcase name="testSortingByQVLowTohigh_3011q" time="44.439" classname="com.rf.test.website.LSD.LSDCustomerTests"/>
  <testcase name="testSortingMenuForNextMonth_2999q" time="26.977" classname="com.rf.test.website.LSD.LSDCustomerTests"/>
  <testcase name="testSortingMenuForThisMonth_3000q" time="23.595" classname="com.rf.test.website.LSD.LSDCustomerTests"/>
  <testcase name="testTotalNumberOfDeactivatedPCs_2985q" time="28.019" classname="com.rf.test.website.LSD.LSDCustomerTests">
    <failure type="java.lang.AssertionError" message="1.Expected count of deactivate PCs are1but actual on header is 0

 1.Expected count of deactivate PCs are1but actual on UI is 0
">
      <![CDATA[java.lang.AssertionError: 1.Expected count of deactivate PCs are1but actual on header is 0

 1.Expected count of deactivate PCs are1but actual on UI is 0

	at com.rf.core.utils.SoftAssert.assertAll(SoftAssert.java:56)
	at com.rf.test.website.LSD.LSDCustomerTests.testTotalNumberOfDeactivatedPCs_2985q(LSDCustomerTests.java:193)
	at sun.reflect.NativeMethodAccessorImpl.invoke0(Native Method)
	at sun.reflect.NativeMethodAccessorImpl.invoke(Unknown Source)
	at sun.reflect.DelegatingMethodAccessorImpl.invoke(Unknown Source)
	at java.lang.reflect.Method.invoke(Unknown Source)
	at org.testng.internal.MethodInvocationHelper.invokeMethod(MethodInvocationHelper.java:84)
	at org.testng.internal.Invoker.invokeMethod(Invoker.java:714)
	at org.testng.internal.Invoker.invokeTestMethod(Invoker.java:901)
	at org.testng.internal.Invoker.invokeTestMethods(Invoker.java:1231)
	at org.testng.internal.TestMethodWorker.invokeTestMethods(TestMethodWorker.java:127)
	at org.testng.internal.TestMethodWorker.run(TestMethodWorker.java:111)
	at org.testng.TestRunner.privateRun(TestRunner.java:767)
	at org.testng.TestRunner.run(TestRunner.java:617)
	at org.testng.SuiteRunner.runTest(SuiteRunner.java:348)
	at org.testng.SuiteRunner.runSequentially(SuiteRunner.java:343)
	at org.testng.SuiteRunner.privateRun(SuiteRunner.java:305)
	at org.testng.SuiteRunner.run(SuiteRunner.java:254)
	at org.testng.SuiteRunnerWorker.runSuite(SuiteRunnerWorker.java:52)
	at org.testng.SuiteRunnerWorker.run(SuiteRunnerWorker.java:86)
	at org.testng.TestNG.runSuitesSequentially(TestNG.java:1224)
	at org.testng.TestNG.runSuitesLocally(TestNG.java:1149)
	at org.testng.TestNG.run(TestNG.java:1057)
	at org.testng.remote.AbstractRemoteTestNG.run(AbstractRemoteTestNG.java:114)
	at org.testng.remote.RemoteTestNG.initAndRun(RemoteTestNG.java:251)
	at org.testng.remote.RemoteTestNG.main(RemoteTestNG.java:77)
]]>
    </failure>
  </testcase> <!-- testTotalNumberOfDeactivatedPCs_2985q -->
  <testcase name="testTotalNumberOfPCsThisMonth_3013q" time="19.54" classname="com.rf.test.website.LSD.LSDCustomerTests">
    <failure type="java.lang.AssertionError" message="1.Expected count of order at header is null actual on UI is 5

 1.Expected count of order is null actual on UI is 5
">
      <![CDATA[java.lang.AssertionError: 1.Expected count of order at header is null actual on UI is 5

 1.Expected count of order is null actual on UI is 5

	at com.rf.core.utils.SoftAssert.assertAll(SoftAssert.java:56)
	at com.rf.test.website.LSD.LSDCustomerTests.testTotalNumberOfPCsThisMonth_3013q(LSDCustomerTests.java:50)
	at sun.reflect.NativeMethodAccessorImpl.invoke0(Native Method)
	at sun.reflect.NativeMethodAccessorImpl.invoke(Unknown Source)
	at sun.reflect.DelegatingMethodAccessorImpl.invoke(Unknown Source)
	at java.lang.reflect.Method.invoke(Unknown Source)
	at org.testng.internal.MethodInvocationHelper.invokeMethod(MethodInvocationHelper.java:84)
	at org.testng.internal.Invoker.invokeMethod(Invoker.java:714)
	at org.testng.internal.Invoker.invokeTestMethod(Invoker.java:901)
	at org.testng.internal.Invoker.invokeTestMethods(Invoker.java:1231)
	at org.testng.internal.TestMethodWorker.invokeTestMethods(TestMethodWorker.java:127)
	at org.testng.internal.TestMethodWorker.run(TestMethodWorker.java:111)
	at org.testng.TestRunner.privateRun(TestRunner.java:767)
	at org.testng.TestRunner.run(TestRunner.java:617)
	at org.testng.SuiteRunner.runTest(SuiteRunner.java:348)
	at org.testng.SuiteRunner.runSequentially(SuiteRunner.java:343)
	at org.testng.SuiteRunner.privateRun(SuiteRunner.java:305)
	at org.testng.SuiteRunner.run(SuiteRunner.java:254)
	at org.testng.SuiteRunnerWorker.runSuite(SuiteRunnerWorker.java:52)
	at org.testng.SuiteRunnerWorker.run(SuiteRunnerWorker.java:86)
	at org.testng.TestNG.runSuitesSequentially(TestNG.java:1224)
	at org.testng.TestNG.runSuitesLocally(TestNG.java:1149)
	at org.testng.TestNG.run(TestNG.java:1057)
	at org.testng.remote.AbstractRemoteTestNG.run(AbstractRemoteTestNG.java:114)
	at org.testng.remote.RemoteTestNG.initAndRun(RemoteTestNG.java:251)
	at org.testng.remote.RemoteTestNG.main(RemoteTestNG.java:77)
]]>
    </failure>
  </testcase> <!-- testTotalNumberOfPCsThisMonth_3013q -->
</testsuite> <!-- Default test -->
