<?xml version="1.0" encoding="UTF-8"?>
<!-- Generated by org.testng.reporters.JUnitXMLReporter -->
<testsuite hostname="LD-4V2P3G2" name="Default test" tests="11" failures="0" timestamp="3 Apr 2018 21:43:39 GMT" time="0.353" errors="0">
  <testcase name="@BeforeSuite setUp" time="0.0" classname="com.rf.test.website.LSD.LSDOrdersTests">
    <failure type="org.openqa.selenium.WebDriverException" message="MobileLabs.AirStream.Protocol.AirStreamPeerException: Device &amp;apos;samsung_Galaxy S8+&amp;apos; is disabled.
  at System.Runtime.ExceptionServices.ExceptionDispatchInfo.Throw () [0x0000b] in /Users/eiz/code/mono/mcs/class/corlib/System.Runtime.ExceptionServices/ExceptionDispatchInfo.cs:62 
  at System.Runtime.CompilerServices.TaskAwaiter`1[MobileLabs.AirStream.Hub.Protocol.IDeviceAccessTicket].GetResult () [0x00034] in /Users/eiz/code/mono/mcs/class/corlib/System.Runtime.CompilerServices/TaskAwaiter_T.cs:59 
  at MobileLabs.AirStream.Framework.Async.IO.Appium.AppiumSession+&amp;lt;AcquireDevice&amp;gt;d__101.MoveNext () [0x00000] in &amp;lt;filename unknown&amp;gt;:0 
--- End of stack trace from previous location where exception was thrown ---
  at System.Runtime.ExceptionServices.ExceptionDispatchInfo.Throw () [0x0000b] in /Users/eiz/code/mono/mcs/class/corlib/System.Runtime.ExceptionServices/ExceptionDispatchInfo.cs:62 
  at System.Runtime.CompilerServices.TaskAwaiter`1[MobileLabs.AirStream.Hub.Protocol.IDeviceAccessTicket].GetResult () [0x00034] in /Users/eiz/code/mono/mcs/class/corlib/System.Runtime.CompilerServices/TaskAwaiter_T.cs:59 
  at MobileLabs.AirStream.Framework.Async.IO.Appium.AppiumSession+&amp;lt;Initialize&amp;gt;d__92.MoveNext () [0x00000] in &amp;lt;filename unknown&amp;gt;:0 
--- End of stack trace from previous location where exception was thrown ---
  at System.Runtime.ExceptionServices.ExceptionDispatchInfo.Throw () [0x0000b] in /Users/eiz/code/mono/mcs/class/corlib/System.Runtime.ExceptionServices/ExceptionDispatchInfo.cs:62 
  at MobileLabs.AirStream.Framework.Async.IO.Appium.AppiumSession+&amp;lt;Initialize&amp;gt;d__92.MoveNext () [0x00000] in &amp;lt;filename unknown&amp;gt;:0 
--- End of stack trace from previous location where exception was thrown ---
  at System.Runtime.ExceptionServices.ExceptionDispatchInfo.Throw () [0x0000b] in /Users/eiz/code/mono/mcs/class/corlib/System.Runtime.ExceptionServices/ExceptionDispatchInfo.cs:62 
  at System.Runtime.CompilerServices.TaskAwaiter.GetResult () [0x00034] in /Users/eiz/code/mono/mcs/class/corlib/System.Runtime.CompilerServices/TaskAwaiter.cs:60 
  at MobileLabs.AirStream.Framework.Async.IO.Appium.AppiumSession+&amp;lt;Create&amp;gt;d__90.MoveNext () [0x00000] in &amp;lt;filename unknown&amp;gt;:0 
--- End of stack trace from previous location where exception was thrown ---
  at System.Runtime.ExceptionServices.ExceptionDispatchInfo.Throw () [0x0000b] in /Users/eiz/code/mono/mcs/class/corlib/System.Runtime.ExceptionServices/ExceptionDispatchInfo.cs:62 
  at System.Runtime.CompilerServices.TaskAwaiter`1[MobileLabs.AirStream.Framework.Async.IO.Appium.AppiumSession].GetResult () [0x00034] in /Users/eiz/code/mono/mcs/class/corlib/System.Runtime.CompilerServices/TaskAwaiter_T.cs:59 
  at MobileLabs.AirStream.Web.Controllers.AppiumController+&amp;lt;CreateSession&amp;gt;d__13.MoveNext () [0x00000] in &amp;lt;filename unknown&amp;gt;:0 
--- End of stack trace from previous location where exception was thrown ---
  at System.Runtime.ExceptionServices.ExceptionDispatchInfo.Throw () [0x0000b] in /Users/eiz/code/mono/mcs/class/corlib/System.Runtime.ExceptionServices/ExceptionDispatchInfo.cs:62 
  at System.Runtime.CompilerServices.TaskAwaiter`1[MobileLabs.AirStream.Framework.IO.Mvc.MvcJsonResult].GetResult () [0x00034] in /Users/eiz/code/mono/mcs/class/corlib/System.Runtime.CompilerServices/TaskAwaiter_T.cs:59 
  at MobileLabs.AirStream.Web.Controllers.AppiumController+&amp;lt;HandleRequestAsync&amp;gt;d__10.MoveNext () [0x00000] in &amp;lt;filename unknown&amp;gt;:0 
Fault information: MobileLabs.AirStream.Domain.Security.SecurityViolationException, MobileLabs.AirStream.Domain, Version=1.0.0.0, Culture=neutral, PublicKeyToken=null: Device &amp;apos;samsung_Galaxy S8+&amp;apos; is disabled.
  at MobileLabs.DeviceConnect.Services.Hub.AirStreamHubService+HubSession.DemandEnabled (MobileLabs.AirStream.Domain.Devices.Device device, MobileLabs.DeviceConnect.Services.Hub.DeviceState state) [0x00000] in &amp;lt;filename unknown&amp;gt;:0 
  at MobileLabs.DeviceConnect.Services.Hub.AirStreamHubService+HubSession.DemandOnline (MobileLabs.AirStream.Domain.Devices.Device device, MobileLabs.DeviceConnect.Services.Hub.DeviceState state) [0x00000] in &amp;lt;filename unknown&amp;gt;:0 
  at MobileLabs.DeviceConnect.Services.Hub.AirStreamHubService+HubSession.DemandAvailable (MobileLabs.AirStream.Domain.Devices.Device device, MobileLabs.DeviceConnect.Services.Hub.DeviceState state, Boolean demandOnline) [0x00000] in &amp;lt;filename unknown&amp;gt;:0 
  at MobileLabs.DeviceConnect.Services.Hub.AirStreamHubService+HubSession.DemandRetain (MobileLabs.AirStream.Domain.Devices.Device device, MobileLabs.DeviceConnect.Services.Hub.DeviceState state, MobileLabs.AirStream.Domain.Devices.DeviceStatusSummary status) [0x00000] in &amp;lt;filename unknown&amp;gt;:0 
  at MobileLabs.DeviceConnect.Services.Hub.AirStreamHubService.RetainDeviceCore (MobileLabs.AirStream.Domain.Persistence.AirStreamContext ctx, MobileLabs.DeviceConnect.Services.Hub.HubSession session, MobileLabs.DeviceConnect.Services.Hub.HubLog log, MobileLabs.DeviceConnect.Services.Hub.DeviceState state, Guid deviceId, RetainFlags flags, System.String clientId) [0x00000] in &amp;lt;filename unknown&amp;gt;:0 
  at MobileLabs.DeviceConnect.Services.Hub.AirStreamHubService.RetainDevice (MobileLabs.DeviceConnect.Services.Hub.HubSession session, MobileLabs.DeviceConnect.Services.Hub.HubLog log, Guid deviceId, RetainFlags flags, System.String clientId) [0x00000] in &amp;lt;filename unknown&amp;gt;:0 

 (WARNING: The server did not provide any stacktrace information)
Command duration or timeout: 166 milliseconds
Build info: version: &amp;apos;3.7.1&amp;apos;, revision: &amp;apos;8a0099a&amp;apos;, time: &amp;apos;2017-11-06T21:01:39.354Z&amp;apos;
System info: host: &amp;apos;LD-4V2P3G2&amp;apos;, ip: &amp;apos;10.6.200.212&amp;apos;, os.name: &amp;apos;Windows 10&amp;apos;, os.arch: &amp;apos;amd64&amp;apos;, os.version: &amp;apos;10.0&amp;apos;, java.version: &amp;apos;1.8.0_161&amp;apos;
Driver info: driver.version: RFWebsiteDriver">
      <![CDATA[org.openqa.selenium.WebDriverException: MobileLabs.AirStream.Protocol.AirStreamPeerException: Device 'samsung_Galaxy S8+' is disabled.
  at System.Runtime.ExceptionServices.ExceptionDispatchInfo.Throw () [0x0000b] in /Users/eiz/code/mono/mcs/class/corlib/System.Runtime.ExceptionServices/ExceptionDispatchInfo.cs:62 
  at System.Runtime.CompilerServices.TaskAwaiter`1[MobileLabs.AirStream.Hub.Protocol.IDeviceAccessTicket].GetResult () [0x00034] in /Users/eiz/code/mono/mcs/class/corlib/System.Runtime.CompilerServices/TaskAwaiter_T.cs:59 
  at MobileLabs.AirStream.Framework.Async.IO.Appium.AppiumSession+<AcquireDevice>d__101.MoveNext () [0x00000] in <filename unknown>:0 
--- End of stack trace from previous location where exception was thrown ---
  at System.Runtime.ExceptionServices.ExceptionDispatchInfo.Throw () [0x0000b] in /Users/eiz/code/mono/mcs/class/corlib/System.Runtime.ExceptionServices/ExceptionDispatchInfo.cs:62 
  at System.Runtime.CompilerServices.TaskAwaiter`1[MobileLabs.AirStream.Hub.Protocol.IDeviceAccessTicket].GetResult () [0x00034] in /Users/eiz/code/mono/mcs/class/corlib/System.Runtime.CompilerServices/TaskAwaiter_T.cs:59 
  at MobileLabs.AirStream.Framework.Async.IO.Appium.AppiumSession+<Initialize>d__92.MoveNext () [0x00000] in <filename unknown>:0 
--- End of stack trace from previous location where exception was thrown ---
  at System.Runtime.ExceptionServices.ExceptionDispatchInfo.Throw () [0x0000b] in /Users/eiz/code/mono/mcs/class/corlib/System.Runtime.ExceptionServices/ExceptionDispatchInfo.cs:62 
  at MobileLabs.AirStream.Framework.Async.IO.Appium.AppiumSession+<Initialize>d__92.MoveNext () [0x00000] in <filename unknown>:0 
--- End of stack trace from previous location where exception was thrown ---
  at System.Runtime.ExceptionServices.ExceptionDispatchInfo.Throw () [0x0000b] in /Users/eiz/code/mono/mcs/class/corlib/System.Runtime.ExceptionServices/ExceptionDispatchInfo.cs:62 
  at System.Runtime.CompilerServices.TaskAwaiter.GetResult () [0x00034] in /Users/eiz/code/mono/mcs/class/corlib/System.Runtime.CompilerServices/TaskAwaiter.cs:60 
  at MobileLabs.AirStream.Framework.Async.IO.Appium.AppiumSession+<Create>d__90.MoveNext () [0x00000] in <filename unknown>:0 
--- End of stack trace from previous location where exception was thrown ---
  at System.Runtime.ExceptionServices.ExceptionDispatchInfo.Throw () [0x0000b] in /Users/eiz/code/mono/mcs/class/corlib/System.Runtime.ExceptionServices/ExceptionDispatchInfo.cs:62 
  at System.Runtime.CompilerServices.TaskAwaiter`1[MobileLabs.AirStream.Framework.Async.IO.Appium.AppiumSession].GetResult () [0x00034] in /Users/eiz/code/mono/mcs/class/corlib/System.Runtime.CompilerServices/TaskAwaiter_T.cs:59 
  at MobileLabs.AirStream.Web.Controllers.AppiumController+<CreateSession>d__13.MoveNext () [0x00000] in <filename unknown>:0 
--- End of stack trace from previous location where exception was thrown ---
  at System.Runtime.ExceptionServices.ExceptionDispatchInfo.Throw () [0x0000b] in /Users/eiz/code/mono/mcs/class/corlib/System.Runtime.ExceptionServices/ExceptionDispatchInfo.cs:62 
  at System.Runtime.CompilerServices.TaskAwaiter`1[MobileLabs.AirStream.Framework.IO.Mvc.MvcJsonResult].GetResult () [0x00034] in /Users/eiz/code/mono/mcs/class/corlib/System.Runtime.CompilerServices/TaskAwaiter_T.cs:59 
  at MobileLabs.AirStream.Web.Controllers.AppiumController+<HandleRequestAsync>d__10.MoveNext () [0x00000] in <filename unknown>:0 
Fault information: MobileLabs.AirStream.Domain.Security.SecurityViolationException, MobileLabs.AirStream.Domain, Version=1.0.0.0, Culture=neutral, PublicKeyToken=null: Device 'samsung_Galaxy S8+' is disabled.
  at MobileLabs.DeviceConnect.Services.Hub.AirStreamHubService+HubSession.DemandEnabled (MobileLabs.AirStream.Domain.Devices.Device device, MobileLabs.DeviceConnect.Services.Hub.DeviceState state) [0x00000] in <filename unknown>:0 
  at MobileLabs.DeviceConnect.Services.Hub.AirStreamHubService+HubSession.DemandOnline (MobileLabs.AirStream.Domain.Devices.Device device, MobileLabs.DeviceConnect.Services.Hub.DeviceState state) [0x00000] in <filename unknown>:0 
  at MobileLabs.DeviceConnect.Services.Hub.AirStreamHubService+HubSession.DemandAvailable (MobileLabs.AirStream.Domain.Devices.Device device, MobileLabs.DeviceConnect.Services.Hub.DeviceState state, Boolean demandOnline) [0x00000] in <filename unknown>:0 
  at MobileLabs.DeviceConnect.Services.Hub.AirStreamHubService+HubSession.DemandRetain (MobileLabs.AirStream.Domain.Devices.Device device, MobileLabs.DeviceConnect.Services.Hub.DeviceState state, MobileLabs.AirStream.Domain.Devices.DeviceStatusSummary status) [0x00000] in <filename unknown>:0 
  at MobileLabs.DeviceConnect.Services.Hub.AirStreamHubService.RetainDeviceCore (MobileLabs.AirStream.Domain.Persistence.AirStreamContext ctx, MobileLabs.DeviceConnect.Services.Hub.HubSession session, MobileLabs.DeviceConnect.Services.Hub.HubLog log, MobileLabs.DeviceConnect.Services.Hub.DeviceState state, Guid deviceId, RetainFlags flags, System.String clientId) [0x00000] in <filename unknown>:0 
  at MobileLabs.DeviceConnect.Services.Hub.AirStreamHubService.RetainDevice (MobileLabs.DeviceConnect.Services.Hub.HubSession session, MobileLabs.DeviceConnect.Services.Hub.HubLog log, Guid deviceId, RetainFlags flags, System.String clientId) [0x00000] in <filename unknown>:0 

 (WARNING: The server did not provide any stacktrace information)
Command duration or timeout: 166 milliseconds
Build info: version: '3.7.1', revision: '8a0099a', time: '2017-11-06T21:01:39.354Z'
System info: host: 'LD-4V2P3G2', ip: '10.6.200.212', os.name: 'Windows 10', os.arch: 'amd64', os.version: '10.0', java.version: '1.8.0_161'
Driver info: driver.version: RFWebsiteDriver
	at sun.reflect.NativeConstructorAccessorImpl.newInstance0(Native Method)
	at sun.reflect.NativeConstructorAccessorImpl.newInstance(Unknown Source)
	at sun.reflect.DelegatingConstructorAccessorImpl.newInstance(Unknown Source)
	at java.lang.reflect.Constructor.newInstance(Unknown Source)
	at org.openqa.selenium.remote.ErrorHandler.createThrowable(ErrorHandler.java:214)
	at org.openqa.selenium.remote.ErrorHandler.throwIfResponseFailed(ErrorHandler.java:166)
	at org.openqa.selenium.remote.JsonWireProtocolResponse.lambda$new$0(JsonWireProtocolResponse.java:53)
	at org.openqa.selenium.remote.JsonWireProtocolResponse.lambda$getResponseFunction$2(JsonWireProtocolResponse.java:91)
	at org.openqa.selenium.remote.ProtocolHandshake.lambda$createSession$0(ProtocolHandshake.java:123)
	at java.util.stream.ReferencePipeline$3$1.accept(Unknown Source)
	at java.util.Spliterators$ArraySpliterator.tryAdvance(Unknown Source)
	at java.util.stream.ReferencePipeline.forEachWithCancel(Unknown Source)
	at java.util.stream.AbstractPipeline.copyIntoWithCancel(Unknown Source)
	at java.util.stream.AbstractPipeline.copyInto(Unknown Source)
	at java.util.stream.AbstractPipeline.wrapAndCopyInto(Unknown Source)
	at java.util.stream.FindOps$FindOp.evaluateSequential(Unknown Source)
	at java.util.stream.AbstractPipeline.evaluate(Unknown Source)
	at java.util.stream.ReferencePipeline.findFirst(Unknown Source)
	at org.openqa.selenium.remote.ProtocolHandshake.createSession(ProtocolHandshake.java:126)
	at org.openqa.selenium.remote.ProtocolHandshake.createSession(ProtocolHandshake.java:73)
	at org.openqa.selenium.remote.HttpCommandExecutor.execute(HttpCommandExecutor.java:142)
	at io.appium.java_client.remote.AppiumCommandExecutor.execute(AppiumCommandExecutor.java:89)
	at org.openqa.selenium.remote.RemoteWebDriver.execute(RemoteWebDriver.java:600)
	at io.appium.java_client.DefaultGenericMobileDriver.execute(DefaultGenericMobileDriver.java:42)
	at io.appium.java_client.AppiumDriver.execute(AppiumDriver.java:1)
	at io.appium.java_client.android.AndroidDriver.execute(AndroidDriver.java:1)
	at org.openqa.selenium.remote.RemoteWebDriver.startSession(RemoteWebDriver.java:219)
	at org.openqa.selenium.remote.RemoteWebDriver.<init>(RemoteWebDriver.java:142)
	at io.appium.java_client.DefaultGenericMobileDriver.<init>(DefaultGenericMobileDriver.java:38)
	at io.appium.java_client.AppiumDriver.<init>(AppiumDriver.java:83)
	at io.appium.java_client.AppiumDriver.<init>(AppiumDriver.java:93)
	at io.appium.java_client.android.AndroidDriver.<init>(AndroidDriver.java:72)
	at com.rf.core.driver.website.RFWebsiteDriver.loadApplication(RFWebsiteDriver.java:111)
	at com.rf.test.website.RFLSDWebsiteBaseTest.setUp(RFLSDWebsiteBaseTest.java:146)
	at sun.reflect.NativeMethodAccessorImpl.invoke0(Native Method)
	at sun.reflect.NativeMethodAccessorImpl.invoke(Unknown Source)
	at sun.reflect.DelegatingMethodAccessorImpl.invoke(Unknown Source)
	at java.lang.reflect.Method.invoke(Unknown Source)
	at org.testng.internal.MethodInvocationHelper.invokeMethod(MethodInvocationHelper.java:84)
	at org.testng.internal.Invoker.invokeConfigurationMethod(Invoker.java:564)
	at org.testng.internal.Invoker.invokeConfigurations(Invoker.java:213)
	at org.testng.internal.Invoker.invokeConfigurations(Invoker.java:138)
	at org.testng.SuiteRunner.privateRun(SuiteRunner.java:291)
	at org.testng.SuiteRunner.run(SuiteRunner.java:254)
	at org.testng.SuiteRunnerWorker.runSuite(SuiteRunnerWorker.java:52)
	at org.testng.SuiteRunnerWorker.run(SuiteRunnerWorker.java:86)
	at org.testng.TestNG.runSuitesSequentially(TestNG.java:1224)
	at org.testng.TestNG.runSuitesLocally(TestNG.java:1149)
	at org.testng.TestNG.run(TestNG.java:1057)
	at org.testng.remote.AbstractRemoteTestNG.run(AbstractRemoteTestNG.java:114)
	at org.testng.remote.RemoteTestNG.initAndRun(RemoteTestNG.java:251)
	at org.testng.remote.RemoteTestNG.main(RemoteTestNG.java:77)
]]>
    </failure>
  </testcase> <!-- @BeforeSuite setUp -->
  <testcase name="@BeforeClass beforeClass" time="0.0" classname="com.rf.test.website.LSD.LSDOrdersTests">
    <skipped/>
  </testcase> <!-- @BeforeClass beforeClass -->
  <testcase name="@BeforeMethod initiateSoftAssertObject" time="0.0" classname="com.rf.test.website.LSD.LSDOrdersTests">
    <skipped/>
  </testcase> <!-- @BeforeMethod initiateSoftAssertObject -->
  <testcase name="@AfterMethod tearDownAfterMethod" time="0.0" classname="com.rf.test.website.LSD.LSDOrdersTests">
    <skipped/>
  </testcase> <!-- @AfterMethod tearDownAfterMethod -->
  <testcase name="@BeforeMethod initiateSoftAssertObject" time="0.0" classname="com.rf.test.website.LSD.LSDOrdersTests">
    <skipped/>
  </testcase> <!-- @BeforeMethod initiateSoftAssertObject -->
  <testcase name="@AfterMethod tearDownAfterMethod" time="0.0" classname="com.rf.test.website.LSD.LSDOrdersTests">
    <skipped/>
  </testcase> <!-- @AfterMethod tearDownAfterMethod -->
  <testcase name="@BeforeMethod initiateSoftAssertObject" time="0.0" classname="com.rf.test.website.LSD.LSDOrdersTests">
    <skipped/>
  </testcase> <!-- @BeforeMethod initiateSoftAssertObject -->
  <testcase name="@AfterMethod tearDownAfterMethod" time="0.0" classname="com.rf.test.website.LSD.LSDOrdersTests">
    <skipped/>
  </testcase> <!-- @AfterMethod tearDownAfterMethod -->
  <testcase name="@BeforeMethod initiateSoftAssertObject" time="0.0" classname="com.rf.test.website.LSD.LSDOrdersTests">
    <skipped/>
  </testcase> <!-- @BeforeMethod initiateSoftAssertObject -->
  <testcase name="@AfterMethod tearDownAfterMethod" time="0.0" classname="com.rf.test.website.LSD.LSDOrdersTests">
    <skipped/>
  </testcase> <!-- @AfterMethod tearDownAfterMethod -->
  <testcase name="@BeforeMethod initiateSoftAssertObject" time="0.0" classname="com.rf.test.website.LSD.LSDOrdersTests">
    <skipped/>
  </testcase> <!-- @BeforeMethod initiateSoftAssertObject -->
  <testcase name="@AfterMethod tearDownAfterMethod" time="0.0" classname="com.rf.test.website.LSD.LSDOrdersTests">
    <skipped/>
  </testcase> <!-- @AfterMethod tearDownAfterMethod -->
  <testcase name="@BeforeMethod initiateSoftAssertObject" time="0.0" classname="com.rf.test.website.LSD.LSDOrdersTests">
    <skipped/>
  </testcase> <!-- @BeforeMethod initiateSoftAssertObject -->
  <testcase name="@AfterMethod tearDownAfterMethod" time="0.0" classname="com.rf.test.website.LSD.LSDOrdersTests">
    <skipped/>
  </testcase> <!-- @AfterMethod tearDownAfterMethod -->
  <testcase name="@BeforeMethod initiateSoftAssertObject" time="0.0" classname="com.rf.test.website.LSD.LSDOrdersTests">
    <skipped/>
  </testcase> <!-- @BeforeMethod initiateSoftAssertObject -->
  <testcase name="@AfterMethod tearDownAfterMethod" time="0.0" classname="com.rf.test.website.LSD.LSDOrdersTests">
    <skipped/>
  </testcase> <!-- @AfterMethod tearDownAfterMethod -->
  <testcase name="@BeforeMethod initiateSoftAssertObject" time="0.0" classname="com.rf.test.website.LSD.LSDOrdersTests">
    <skipped/>
  </testcase> <!-- @BeforeMethod initiateSoftAssertObject -->
  <testcase name="@AfterMethod tearDownAfterMethod" time="0.0" classname="com.rf.test.website.LSD.LSDOrdersTests">
    <skipped/>
  </testcase> <!-- @AfterMethod tearDownAfterMethod -->
  <testcase name="@BeforeMethod initiateSoftAssertObject" time="0.0" classname="com.rf.test.website.LSD.LSDOrdersTests">
    <skipped/>
  </testcase> <!-- @BeforeMethod initiateSoftAssertObject -->
  <testcase name="@AfterMethod tearDownAfterMethod" time="0.0" classname="com.rf.test.website.LSD.LSDOrdersTests">
    <skipped/>
  </testcase> <!-- @AfterMethod tearDownAfterMethod -->
  <testcase name="@BeforeMethod initiateSoftAssertObject" time="0.0" classname="com.rf.test.website.LSD.LSDOrdersTests">
    <skipped/>
  </testcase> <!-- @BeforeMethod initiateSoftAssertObject -->
  <testcase name="@AfterMethod tearDownAfterMethod" time="0.0" classname="com.rf.test.website.LSD.LSDOrdersTests">
    <skipped/>
  </testcase> <!-- @AfterMethod tearDownAfterMethod -->
  <testcase name="@BeforeMethod initiateSoftAssertObject" time="0.0" classname="com.rf.test.website.LSD.LSDOrdersTests">
    <skipped/>
  </testcase> <!-- @BeforeMethod initiateSoftAssertObject -->
  <testcase name="@AfterMethod tearDownAfterMethod" time="0.0" classname="com.rf.test.website.LSD.LSDOrdersTests">
    <skipped/>
  </testcase> <!-- @AfterMethod tearDownAfterMethod -->
  <testcase name="@AfterClass afterClass" time="0.0" classname="com.rf.test.website.LSD.LSDOrdersTests">
    <skipped/>
  </testcase> <!-- @AfterClass afterClass -->
  <testcase name="testConsultantAdhocOrderDetailsOnOrderCards_2848q" time="0.057" classname="com.rf.test.website.LSD.LSDOrdersTests">
    <skipped/>
  </testcase> <!-- testConsultantAdhocOrderDetailsOnOrderCards_2848q -->
  <testcase name="testLoadingOrdersScreen_2821q_2820q" time="0.004" classname="com.rf.test.website.LSD.LSDOrdersTests">
    <skipped/>
  </testcase> <!-- testLoadingOrdersScreen_2821q_2820q -->
  <testcase name="testOrderStatusOrderResultsBasedOnOrderFilter_2835q" time="0.003" classname="com.rf.test.website.LSD.LSDOrdersTests">
    <skipped/>
  </testcase> <!-- testOrderStatusOrderResultsBasedOnOrderFilter_2835q -->
  <testcase name="testOrderTypeOrderResultsBasedOnOrderFilter_2834q" time="0.005" classname="com.rf.test.website.LSD.LSDOrdersTests">
    <skipped/>
  </testcase> <!-- testOrderTypeOrderResultsBasedOnOrderFilter_2834q -->
  <testcase name="testPCAdhocOrderDetailsOnOrderCards_2844q" time="0.005" classname="com.rf.test.website.LSD.LSDOrdersTests">
    <skipped/>
  </testcase> <!-- testPCAdhocOrderDetailsOnOrderCards_2844q -->
  <testcase name="testPulseSubscriptionOrderDetailsOnOrderCards_2843q" time="0.003" classname="com.rf.test.website.LSD.LSDOrdersTests">
    <skipped/>
  </testcase> <!-- testPulseSubscriptionOrderDetailsOnOrderCards_2843q -->
  <testcase name="testRetailAdhocOrderDetailsOnOrderCards_2841q" time="0.006" classname="com.rf.test.website.LSD.LSDOrdersTests">
    <skipped/>
  </testcase> <!-- testRetailAdhocOrderDetailsOnOrderCards_2841q -->
  <testcase name="testVerifyCRPOrderDetailsOnOrderCards_2838q" time="0.006" classname="com.rf.test.website.LSD.LSDOrdersTests">
    <skipped/>
  </testcase> <!-- testVerifyCRPOrderDetailsOnOrderCards_2838q -->
  <testcase name="testVerifyCRPOrderDetailsWithConsultantPersonalOnOrderCards_2855q" time="0.005" classname="com.rf.test.website.LSD.LSDOrdersTests">
    <skipped/>
  </testcase> <!-- testVerifyCRPOrderDetailsWithConsultantPersonalOnOrderCards_2855q -->
  <testcase name="testVerifyOrderReceiptForFailedPCOrders_3430q" time="0.008" classname="com.rf.test.website.LSD.LSDOrdersTests">
    <skipped/>
  </testcase> <!-- testVerifyOrderReceiptForFailedPCOrders_3430q -->
  <testcase name="testVerifyOrderReceiptForProcessedPersonalAdhocOrders_3425q" time="0.004" classname="com.rf.test.website.LSD.LSDOrdersTests">
    <skipped/>
  </testcase> <!-- testVerifyOrderReceiptForProcessedPersonalAdhocOrders_3425q -->
</testsuite> <!-- Default test -->
