<?xml version="1.0" encoding="UTF-8"?>
<!-- Generated by org.testng.reporters.JUnitXMLReporter -->
<testsuite hostname="LD-4V2P3G2" name="Default test" tests="9" failures="1" timestamp="26 Mar 2018 00:40:38 GMT" time="243.097" errors="0">
  <testcase name="TotalNumberOfAllPCs_3349q" time="31.41" classname="com.rf.test.website.LSD.LSDCustomerTests_New">
    <failure type="java.lang.AssertionError" message="1.Expected count of PC users are 36 actual on UI are 7
">
      <![CDATA[java.lang.AssertionError: 1.Expected count of PC users are 36 actual on UI are 7

	at com.rf.core.utils.SoftAssert.assertAll(SoftAssert.java:56)
	at com.rf.test.website.LSD.LSDCustomerTests_New.TotalNumberOfAllPCs_3349q(LSDCustomerTests_New.java:30)
	at sun.reflect.NativeMethodAccessorImpl.invoke0(Native Method)
	at sun.reflect.NativeMethodAccessorImpl.invoke(Unknown Source)
	at sun.reflect.DelegatingMethodAccessorImpl.invoke(Unknown Source)
	at java.lang.reflect.Method.invoke(Unknown Source)
	at org.testng.internal.MethodInvocationHelper.invokeMethod(MethodInvocationHelper.java:84)
	at org.testng.internal.Invoker.invokeMethod(Invoker.java:714)
	at org.testng.internal.Invoker.invokeTestMethod(Invoker.java:901)
	at org.testng.internal.Invoker.invokeTestMethods(Invoker.java:1231)
	at org.testng.internal.TestMethodWorker.invokeTestMethods(TestMethodWorker.java:127)
	at org.testng.internal.TestMethodWorker.run(TestMethodWorker.java:111)
	at org.testng.TestRunner.privateRun(TestRunner.java:767)
	at org.testng.TestRunner.run(TestRunner.java:617)
	at org.testng.SuiteRunner.runTest(SuiteRunner.java:348)
	at org.testng.SuiteRunner.runSequentially(SuiteRunner.java:343)
	at org.testng.SuiteRunner.privateRun(SuiteRunner.java:305)
	at org.testng.SuiteRunner.run(SuiteRunner.java:254)
	at org.testng.SuiteRunnerWorker.runSuite(SuiteRunnerWorker.java:52)
	at org.testng.SuiteRunnerWorker.run(SuiteRunnerWorker.java:86)
	at org.testng.TestNG.runSuitesSequentially(TestNG.java:1224)
	at org.testng.TestNG.runSuitesLocally(TestNG.java:1149)
	at org.testng.TestNG.run(TestNG.java:1057)
	at org.testng.remote.AbstractRemoteTestNG.run(AbstractRemoteTestNG.java:114)
	at org.testng.remote.RemoteTestNG.initAndRun(RemoteTestNG.java:251)
	at org.testng.remote.RemoteTestNG.main(RemoteTestNG.java:77)
]]>
    </failure>
  </testcase> <!-- TotalNumberOfAllPCs_3349q -->
  <testcase name="customerViewSubCategories_2448q" time="7.258" classname="com.rf.test.website.LSD.LSDCustomerTests_New"/>
  <testcase name="testPCCardComponents_3240q" time="5.389" classname="com.rf.test.website.LSD.LSDCustomerTests_New"/>
  <testcase name="testSortingByQVLowTohigh_3011q" time="27.406" classname="com.rf.test.website.LSD.LSDCustomerTests_New"/>
  <testcase name="testSortingMenuForNextMonth_2999q" time="26.32" classname="com.rf.test.website.LSD.LSDCustomerTests_New"/>
  <testcase name="testSortingMenuForThisMonth_3000q" time="18.217" classname="com.rf.test.website.LSD.LSDCustomerTests_New"/>
  <testcase name="testTotalNumberOfDeactivatedPCs_2985q" time="9.585" classname="com.rf.test.website.LSD.LSDCustomerTests_New"/>
  <testcase name="testTotalNumberOfPCsNextMonth_3021q" time="26.057" classname="com.rf.test.website.LSD.LSDCustomerTests_New"/>
  <testcase name="testTotalNumberOfPCsThisMonth_3013q" time="17.84" classname="com.rf.test.website.LSD.LSDCustomerTests_New"/>
</testsuite> <!-- Default test -->
